[2025-09-18 17:03:24] SEARCH DB=IBIS EXPR="HIN=304DB75F1960002100159844"
[2025-09-18 17:03:24] SEARCH DB=IBIS EXPR="HIN=304DB75F1960002100159844"
[2025-09-18 17:03:40] SEARCH DB=IBIS EXPR="HIN=304DB75F1960002100159844"
[2025-09-18 17:03:40] SEARCH DB=IBIS EXPR="HIN=304DB75F1960002100159844"
[2025-09-18 17:03:55] SEARCH DB=IBIS EXPR="HIN=304DB75F1960002100159844"
[2025-09-18 17:03:55] SEARCH DB=IBIS EXPR="HIN=304DB75F1960002100159844"
[2025-09-19 00:46:41] SEARCH DB=IBIS EXPR="HIN=304DB75F1960002100159843"
[2025-09-19 00:46:41] SEARCH DB=IBIS EXPR="HIN=304DB75F1960002100159843"
[2025-09-19 00:46:55] SEARCH DB=IBIS EXPR="HIN=304DB75F1960002100159843"
[2025-09-19 00:46:55] SEARCH DB=IBIS EXPR="HIN=304DB75F1960002100159843"
[2025-09-19 01:04:30] SEARCH DB=IBIS EXPR="HIN=304DB75F1960002100159843"
[2025-09-19 01:04:51] SEARCH DB=IBIS EXPR="HIN=304DB75F1960002100159843"
[2025-09-19 01:05:51] SEARCH DB=IBIS EXPR="HIN=304DB75F1960002100159843"
[2025-09-19 01:17:58] SEARCH DB=IBIS EXPR="H=304DB75F1960002100159843"
[2025-09-19 01:18:50] SEARCH DB=IBIS EXPR="H=304DB75F1960002100159843"
[2025-09-19 01:18:56] SEARCH DB=IBIS EXPR="H=304DB75F1960002100159843"
[2025-09-19 01:57:06] SEARCH DB=IBIS EXPR="H=304DB75F1960002100159843"
[2025-09-19 01:57:06] TRY DB=IBIS EXPR="H=304DB75F1960002100159843" -> NULL
[2025-09-19 01:57:06] SEARCH DB=IBIS EXPR="H=304DB75F1960002100159843"
[2025-09-19 01:57:06] TRY DB=IBIS EXPR="H=304DB75F1960002100159843" -> NULL
[2025-09-19 01:57:06] SEARCH DB=IBIS EXPR="HI=304DB75F1960002100159843"
[2025-09-19 01:57:06] TRY DB=IBIS EXPR="HI=304DB75F1960002100159843" -> NULL
[2025-09-19 01:57:06] SEARCH DB=IBIS EXPR="HIN=304DB75F1960002100159843"
[2025-09-19 01:57:06] TRY DB=IBIS EXPR="HIN=304DB75F1960002100159843" -> NULL
[2025-09-19 01:57:06] SEARCH DB=IBIS EXPR="RF=304DB75F1960002100159843"
[2025-09-19 01:57:06] TRY DB=IBIS EXPR="RF=304DB75F1960002100159843" -> NULL
[2025-09-19 01:57:06] SEARCH DB=IBIS EXPR="RFID=304DB75F1960002100159843"
[2025-09-19 01:57:06] TRY DB=IBIS EXPR="RFID=304DB75F1960002100159843" -> NULL
[2025-09-19 01:57:06] NOT FOUND in DB=IBIS for RFID=304DB75F1960002100159843
[2025-09-19 01:57:16] SEARCH DB=IBIS EXPR="H=304DB75F1960002100159843"
[2025-09-19 01:57:16] TRY DB=IBIS EXPR="H=304DB75F1960002100159843" -> NULL
[2025-09-19 01:57:16] SEARCH DB=IBIS EXPR="H=304DB75F1960002100159843"
[2025-09-19 01:57:16] TRY DB=IBIS EXPR="H=304DB75F1960002100159843" -> NULL
[2025-09-19 01:57:16] SEARCH DB=IBIS EXPR="HI=304DB75F1960002100159843"
[2025-09-19 01:57:16] TRY DB=IBIS EXPR="HI=304DB75F1960002100159843" -> NULL
[2025-09-19 01:57:16] SEARCH DB=IBIS EXPR="HIN=304DB75F1960002100159843"
[2025-09-19 01:57:16] TRY DB=IBIS EXPR="HIN=304DB75F1960002100159843" -> NULL
[2025-09-19 01:57:16] SEARCH DB=IBIS EXPR="RF=304DB75F1960002100159843"
[2025-09-19 01:57:16] TRY DB=IBIS EXPR="RF=304DB75F1960002100159843" -> NULL
[2025-09-19 01:57:16] SEARCH DB=IBIS EXPR="RFID=304DB75F1960002100159843"
[2025-09-19 01:57:16] TRY DB=IBIS EXPR="RFID=304DB75F1960002100159843" -> NULL
[2025-09-19 01:57:16] NOT FOUND in DB=IBIS for RFID=304DB75F1960002100159843
[2025-09-19 02:41:05] SEARCH DB=IBIS EXPR="H=304DB75F1960002100159843"
[2025-09-19 02:41:05] TRY DB=IBIS EXPR="H=304DB75F1960002100159843" -> NULL
[2025-09-19 02:41:05] SEARCH DB=IBIS EXPR="H=304DB75F1960002100159843"
[2025-09-19 02:41:05] TRY DB=IBIS EXPR="H=304DB75F1960002100159843" -> NULL
[2025-09-19 02:41:05] SEARCH DB=IBIS EXPR="HI=304DB75F1960002100159843"
[2025-09-19 02:41:05] TRY DB=IBIS EXPR="HI=304DB75F1960002100159843" -> NULL
[2025-09-19 02:41:05] SEARCH DB=IBIS EXPR="HIN=304DB75F1960002100159843"
[2025-09-19 02:41:05] TRY DB=IBIS EXPR="HIN=304DB75F1960002100159843" -> NULL
[2025-09-19 02:41:05] SEARCH DB=IBIS EXPR="RF=304DB75F1960002100159843"
[2025-09-19 02:41:05] TRY DB=IBIS EXPR="RF=304DB75F1960002100159843" -> NULL
[2025-09-19 02:41:05] SEARCH DB=IBIS EXPR="RFID=304DB75F1960002100159843"
[2025-09-19 02:41:05] TRY DB=IBIS EXPR="RFID=304DB75F1960002100159843" -> NULL
[2025-09-19 02:41:05] NOT FOUND in DB=IBIS for RFID=304DB75F1960002100159843
[2025-09-19 15:06:13] SEARCH DB=RDR EXPR="RI=04239092F17380"
[2025-09-19 15:06:57] SEARCH DB=IBIS EXPR="H=304DB75F1960002100159843"
[2025-09-19 15:06:57] TRY DB=IBIS EXPR="H=304DB75F1960002100159843" -> NULL
[2025-09-19 15:06:57] SEARCH DB=IBIS EXPR="H=304DB75F1960002100159843"
[2025-09-19 15:06:57] TRY DB=IBIS EXPR="H=304DB75F1960002100159843" -> NULL
[2025-09-19 15:06:57] SEARCH DB=IBIS EXPR="HI=304DB75F1960002100159843"
[2025-09-19 15:06:57] TRY DB=IBIS EXPR="HI=304DB75F1960002100159843" -> NULL
[2025-09-19 15:06:57] SEARCH DB=IBIS EXPR="HIN=304DB75F1960002100159843"
[2025-09-19 15:06:57] TRY DB=IBIS EXPR="HIN=304DB75F1960002100159843" -> NULL
[2025-09-19 15:06:57] SEARCH DB=IBIS EXPR="RF=304DB75F1960002100159843"
[2025-09-19 15:06:57] TRY DB=IBIS EXPR="RF=304DB75F1960002100159843" -> NULL
[2025-09-19 15:06:57] SEARCH DB=IBIS EXPR="RFID=304DB75F1960002100159843"
[2025-09-19 15:06:57] TRY DB=IBIS EXPR="RFID=304DB75F1960002100159843" -> NULL
[2025-09-19 15:06:57] NOT FOUND in DB=IBIS for RFID=304DB75F1960002100159843
[2025-09-19 15:08:20] SEARCH DB=IBIS EXPR="H=304DB75F1960002100159843"
[2025-09-19 15:08:20] TRY DB=IBIS EXPR="H=304DB75F1960002100159843" -> NULL
[2025-09-19 15:08:20] SEARCH DB=IBIS EXPR="H=304DB75F1960002100159843"
[2025-09-19 15:08:20] TRY DB=IBIS EXPR="H=304DB75F1960002100159843" -> NULL
[2025-09-19 15:08:20] SEARCH DB=IBIS EXPR="HI=304DB75F1960002100159843"
[2025-09-19 15:08:20] TRY DB=IBIS EXPR="HI=304DB75F1960002100159843" -> NULL
[2025-09-19 15:08:20] SEARCH DB=IBIS EXPR="HIN=304DB75F1960002100159843"
[2025-09-19 15:08:20] TRY DB=IBIS EXPR="HIN=304DB75F1960002100159843" -> NULL
[2025-09-19 15:08:20] SEARCH DB=IBIS EXPR="RF=304DB75F1960002100159843"
[2025-09-19 15:08:20] TRY DB=IBIS EXPR="RF=304DB75F1960002100159843" -> NULL
[2025-09-19 15:08:20] SEARCH DB=IBIS EXPR="RFID=304DB75F1960002100159843"
[2025-09-19 15:08:20] TRY DB=IBIS EXPR="RFID=304DB75F1960002100159843" -> NULL
[2025-09-19 15:08:20] NOT FOUND in DB=IBIS for RFID=304DB75F1960002100159843
[2025-09-19 15:08:32] SEARCH DB=IBIS EXPR="H=304DB75F1960002100159843"
[2025-09-19 15:08:32] TRY DB=IBIS EXPR="H=304DB75F1960002100159843" -> NULL
[2025-09-19 15:08:32] SEARCH DB=IBIS EXPR="H=304DB75F1960002100159843"
[2025-09-19 15:08:32] TRY DB=IBIS EXPR="H=304DB75F1960002100159843" -> NULL
[2025-09-19 15:08:32] SEARCH DB=IBIS EXPR="HI=304DB75F1960002100159843"
[2025-09-19 15:08:32] TRY DB=IBIS EXPR="HI=304DB75F1960002100159843" -> NULL
[2025-09-19 15:08:32] SEARCH DB=IBIS EXPR="HIN=304DB75F1960002100159843"
[2025-09-19 15:08:32] TRY DB=IBIS EXPR="HIN=304DB75F1960002100159843" -> NULL
[2025-09-19 15:08:32] SEARCH DB=IBIS EXPR="RF=304DB75F1960002100159843"
[2025-09-19 15:08:32] TRY DB=IBIS EXPR="RF=304DB75F1960002100159843" -> NULL
[2025-09-19 15:08:32] SEARCH DB=IBIS EXPR="RFID=304DB75F1960002100159843"
[2025-09-19 15:08:32] TRY DB=IBIS EXPR="RFID=304DB75F1960002100159843" -> NULL
[2025-09-19 15:08:32] NOT FOUND in DB=IBIS for RFID=304DB75F1960002100159843
[2025-09-19 15:13:07] BAD RFID KEY: 331415235
[2025-09-19 18:59:58] SEARCH DB=RDR EXPR="RI=USINGSYSTEM;"
[2025-09-19 18:59:58] SEARCH DB=RDR EXPR="RFID=USINGSYSTEM;"
[2025-09-19 18:59:58] SEARCH DB=RDR EXPR="CCUID=USINGSYSTEM;"
[2025-09-19 19:00:18] SEARCH DB=RDR EXPR="RI=USINGSYSTEM;04239092F17380"
[2025-09-19 19:00:18] SEARCH DB=RDR EXPR="RFID=USINGSYSTEM;04239092F17380"
[2025-09-19 19:00:18] SEARCH DB=RDR EXPR="CCUID=USINGSYSTEM;04239092F17380"
[2025-09-19 19:00:26] SEARCH DB=RDR EXPR="RI=04239092F17380"
[2025-09-19 19:00:56] BAD RFID KEY: 331415235
[2025-09-19 19:01:05] BAD RFID KEY: 331415235
[2025-09-19 19:08:40] SEARCH DB=IBIS EXPR="IN=304DB75F1960002100159843"
[2025-09-19 19:08:40] TRY DB=IBIS EXPR="IN=304DB75F1960002100159843" -> MFN 376
[2025-09-19 19:08:46] SEARCH DB=IBIS EXPR="IN=304DB75F1960002100159843"
[2025-09-19 19:08:46] TRY DB=IBIS EXPR="IN=304DB75F1960002100159843" -> MFN 376
[2025-09-19 19:08:46] SEARCH DB=RDR EXPR="H=304DB75F1960002100159843"
[2025-09-20 04:13:52] SEARCH DB=IBIS EXPR="IN=304DB75F1960002100159847"
[2025-09-20 04:13:52] TRY DB=IBIS EXPR="IN=304DB75F1960002100159847" -> MFN 377
[2025-09-20 04:14:00] SEARCH DB=IBIS EXPR="IN=304DB75F1960002100159847"
[2025-09-20 04:14:00] TRY DB=IBIS EXPR="IN=304DB75F1960002100159847" -> MFN 377
[2025-09-20 04:14:00] SEARCH DB=RDR EXPR="H=304DB75F1960002100159847"
[2025-09-20 04:14:54] SEARCH DB=IBIS EXPR="H=304DB75F1960002100159847"
[2025-09-20 04:14:54] TRY DB=IBIS EXPR="H=304DB75F1960002100159847" -> NULL
[2025-09-20 04:14:54] SEARCH DB=IBIS EXPR="IN=304DB75F1960002100159847"
[2025-09-20 04:14:54] TRY DB=IBIS EXPR="IN=304DB75F1960002100159847" -> MFN 377
[2025-09-20 04:14:54] SEARCH DB=RDR EXPR="H=304DB75F1960002100159847"
[2025-09-20 04:15:35] SEARCH DB=IBIS EXPR="H=304DB75F1960002100159847"
[2025-09-20 04:15:35] TRY DB=IBIS EXPR="H=304DB75F1960002100159847" -> NULL
[2025-09-20 04:15:35] SEARCH DB=IBIS EXPR="IN=304DB75F1960002100159847"
[2025-09-20 04:15:35] TRY DB=IBIS EXPR="IN=304DB75F1960002100159847" -> MFN 377
[2025-09-20 04:16:27] SEARCH DB=IBIS EXPR="H=304DB75F1960002100159847"
[2025-09-20 04:16:27] TRY DB=IBIS EXPR="H=304DB75F1960002100159847" -> NULL
[2025-09-20 04:16:27] SEARCH DB=IBIS EXPR="IN=304DB75F1960002100159847"
[2025-09-20 04:16:27] TRY DB=IBIS EXPR="IN=304DB75F1960002100159847" -> MFN 377
[2025-09-20 04:26:52] SEARCH DB=IBIS EXPR="H=304DB75F1960002100159847"
[2025-09-20 04:26:52] TRY DB=IBIS EXPR="H=304DB75F1960002100159847" -> NULL
[2025-09-20 04:26:52] SEARCH DB=IBIS EXPR="IN=304DB75F1960002100159847"
[2025-09-20 04:26:52] TRY DB=IBIS EXPR="IN=304DB75F1960002100159847" -> MFN 377
[2025-09-20 04:27:13] SEARCH DB=IBIS EXPR="H=304DB75F1960002100159847"
[2025-09-20 04:27:13] TRY DB=IBIS EXPR="H=304DB75F1960002100159847" -> NULL
[2025-09-20 04:27:13] SEARCH DB=IBIS EXPR="IN=304DB75F1960002100159847"
[2025-09-20 04:27:13] TRY DB=IBIS EXPR="IN=304DB75F1960002100159847" -> MFN 377
[2025-09-20 04:38:58] SEARCH DB=IBIS EXPR="IN=304DB75F1960002100159847"
[2025-09-20 04:38:58] TRY DB=IBIS EXPR="IN=304DB75F1960002100159847" -> MFN 377
[2025-09-20 05:02:04] SEARCH DB=IBIS EXPR="IN=304DB75F1960002100159847"
[2025-09-20 05:02:04] TRY DB=IBIS EXPR="IN=304DB75F1960002100159847" -> MFN 377
[2025-09-20 05:02:04] MFN=377 key=304DB75F1960002100159847 910^h=[304DB75F1960002100159847]
[2025-09-20 05:03:37] SEARCH DB=IBIS EXPR="IN=304DB75F1960002100159847"
[2025-09-20 05:03:37] TRY DB=IBIS EXPR="IN=304DB75F1960002100159847" -> MFN 377
[2025-09-20 05:03:37] MFN=377 key=304DB75F1960002100159847 910^h=[304DB75F1960002100159847]
[2025-09-20 05:05:33] TAKE: no reader (LastReaderMfn=0)
