[2025-10-03 08:56:45] INIT: enable=False — working in NULL mode (only logging)
[2025-10-03 09:10:56] INIT: enable=False — working in NULL mode (only logging)
[2025-10-03 09:13:52] INIT: enable=False — working in NULL mode (only logging)
[2025-10-03 09:15:31] INIT: enable=False — working in NULL mode (only logging)
[2025-10-03 09:23:16] INIT: enable=False — working in NULL mode (only logging)
[2025-10-03 09:25:24] INIT: enable=False — working in NULL mode (only logging)
[2025-10-03 09:28:55] INIT: enable=False — working in NULL mode (only logging)
[2025-10-03 09:29:15] INIT: enable=False — working in NULL mode (only logging)
[2025-10-03 09:30:27] INIT: enable=False — working in NULL mode (only logging)
[2025-10-03 09:32:13] INIT: enable=False — working in NULL mode (only logging)
[2025-10-03 09:32:32] INIT: enable=False — working in NULL mode (only logging)
[2025-10-03 09:51:15] INIT: enable=False — working in NULL mode (only logging)
[2025-10-03 10:33:02] INIT: enable=False — working in NULL mode (only logging)
[2025-10-03 10:41:41] INIT: enable=False — working in NULL mode (only logging)
[2025-10-03 11:00:55] INIT: enable=False — working in NULL mode (only logging)
[2025-10-03 11:01:34] INIT: enable=False — working in NULL mode (only logging)
[2025-10-03 13:51:52] INIT: enable=False — working in NULL mode (only logging)
[2025-10-03 13:53:17] CMD: OPEN_BIN
[2025-10-03 13:53:17] TX: OK
[2025-10-03 13:53:17] TX: BEEP:120
[2025-10-03 13:53:56] CMD: HAS_SPACE?
[2025-10-03 13:53:56] HAS_SPACE: assume TRUE (no hardware)
[2025-10-03 13:53:56] CMD: OPEN_BIN
[2025-10-03 13:53:56] TX: OK
[2025-10-03 13:53:56] TX: BEEP:120
[2025-10-03 14:53:35] INIT: enable=False — working in NULL mode (only logging)
[2025-10-03 14:54:04] INIT: enable=False — working in NULL mode (only logging)
[2025-10-03 14:54:33] INIT: enable=False — working in NULL mode (only logging)
[2025-10-03 14:59:10] INIT: enable=False — working in NULL mode (only logging)
[2025-10-03 14:59:50] INIT: enable=False — working in NULL mode (only logging)
[2025-10-03 18:15:23] INIT: enable=False — working in NULL mode (only logging)
[2025-10-03 18:16:23] TX: ERR
[2025-10-03 18:16:49] CMD: OPEN_BIN
[2025-10-03 18:16:49] TX: OK
[2025-10-03 18:16:49] TX: BEEP:120
[2025-10-04 10:14:27] INIT: enable=False — working in NULL mode (only logging)
[2025-10-04 10:15:04] CMD: OPEN_BIN
[2025-10-04 10:15:04] TX: OK
[2025-10-04 10:15:04] TX: BEEP:120
[2025-10-04 10:17:46] CMD: HAS_SPACE?
[2025-10-04 10:17:46] HAS_SPACE: assume TRUE (no hardware)
[2025-10-04 10:17:47] CMD: OPEN_BIN
[2025-10-04 10:17:47] TX: OK
[2025-10-04 10:17:47] TX: BEEP:120
[2025-10-04 21:20:15] INIT: enable=False — working in NULL mode (only logging)
[2025-10-04 21:21:29] INIT: enable=False — working in NULL mode (only logging)
[2025-10-04 21:21:50] CMD: OPEN_BIN
[2025-10-04 21:21:50] TX: OK
[2025-10-04 21:21:50] TX: BEEP:120
[2025-10-04 22:48:33] INIT: enable=False — working in NULL mode (only logging)
[2025-10-04 22:49:00] TX: ERR
[2025-10-04 22:49:29] CMD: HAS_SPACE?
[2025-10-04 22:49:29] HAS_SPACE: assume TRUE (no hardware)
[2025-10-04 22:49:30] CMD: OPEN_BIN
[2025-10-04 22:49:30] TX: OK
[2025-10-04 22:49:30] TX: BEEP:120
[2025-10-05 12:41:53] INIT: enable=False — working in NULL mode (only logging)
[2025-10-05 12:54:25] INIT: enable=False — working in NULL mode (only logging)
[2025-10-05 12:56:00] INIT: enable=False — working in NULL mode (only logging)
[2025-10-05 12:56:53] INIT: enable=False — working in NULL mode (only logging)
[2025-10-05 12:57:57] INIT: enable=False — working in NULL mode (only logging)
[2025-10-05 12:59:01] INIT: enable=False — working in NULL mode (only logging)
[2025-10-05 12:59:44] INIT: enable=False — working in NULL mode (only logging)
[2025-10-05 13:01:43] INIT: enable=False — working in NULL mode (only logging)
[2025-10-05 13:06:08] INIT: enable=False — working in NULL mode (only logging)
[2025-10-05 13:08:06] INIT: enable=False — working in NULL mode (only logging)
[2025-10-05 13:09:57] INIT: enable=False — working in NULL mode (only logging)
[2025-10-05 13:11:02] INIT: enable=False — working in NULL mode (only logging)
[2025-10-05 16:06:40] INIT: enable=False — working in NULL mode (only logging)
[2025-10-05 19:20:03] INIT: enable=False — working in NULL mode (only logging)
[2025-10-06 11:27:46] INIT: enable=False — working in NULL mode (only logging)
[2025-10-06 15:08:23] INIT: enable=False — working in NULL mode (only logging)
[2025-10-06 15:12:35] INIT: enable=False — working in NULL mode (only logging)
[2025-10-06 15:19:09] INIT: enable=False — working in NULL mode (only logging)
[2025-10-07 19:17:40] INIT: enable=False — working in NULL mode (only logging)
[2025-10-07 19:22:42] INIT: enable=False — working in NULL mode (only logging)
[2025-10-07 19:25:17] INIT: enable=False — working in NULL mode (only logging)
[2025-10-07 19:27:36] INIT: enable=False — working in NULL mode (only logging)
[2025-10-07 19:29:40] INIT: enable=False — working in NULL mode (only logging)
[2025-10-07 19:30:03] INIT: enable=False — working in NULL mode (only logging)
[2025-10-07 19:51:05] INIT: enable=False — working in NULL mode (only logging)
[2025-10-07 19:52:15] INIT: enable=False — working in NULL mode (only logging)
[2025-10-07 19:54:36] INIT: enable=False — working in NULL mode (only logging)
[2025-10-07 19:57:48] INIT: enable=False — working in NULL mode (only logging)
[2025-10-07 20:27:32] INIT: enable=False — working in NULL mode (only logging)
[2025-10-07 22:59:00] INIT: enable=False — working in NULL mode (only logging)
[2025-10-08 09:57:55] INIT: enable=False — working in NULL mode (only logging)
[2025-10-08 09:59:38] CMD: OPEN_BIN
[2025-10-08 09:59:38] TX: OK
[2025-10-08 09:59:38] TX: BEEP:120
[2025-10-08 10:08:04] INIT: enable=False — working in NULL mode (only logging)
[2025-10-08 10:10:58] INIT: enable=False — working in NULL mode (only logging)
[2025-10-08 15:29:23] INIT: enable=False — working in NULL mode (only logging)
[2025-10-08 15:33:07] TX: ERR
[2025-10-08 15:33:24] CMD: OPEN_BIN
[2025-10-08 15:33:24] TX: OK
[2025-10-08 15:33:24] TX: BEEP:120
[2025-10-08 15:34:10] CMD: HAS_SPACE?
[2025-10-08 15:34:10] HAS_SPACE: assume TRUE (no hardware)
[2025-10-08 15:34:11] CMD: OPEN_BIN
[2025-10-08 15:34:11] TX: OK
[2025-10-08 15:34:11] TX: BEEP:120
[2025-10-08 23:36:24] INIT: enable=False — working in NULL mode (only logging)
[2025-10-09 08:00:36] INIT: enable=False — working in NULL mode (only logging)
[2025-10-09 10:02:26] INIT: enable=False — working in NULL mode (only logging)
[2025-10-09 10:06:22] INIT: enable=False — working in NULL mode (only logging)
[2025-10-09 10:21:06] INIT: enable=False — working in NULL mode (only logging)
[2025-10-09 10:22:03] INIT: enable=False — working in NULL mode (only logging)
[2025-10-09 12:39:14] INIT: enable=False — working in NULL mode (only logging)
[2025-10-09 12:39:29] CMD: OPEN_BIN
[2025-10-09 12:39:29] TX: OK
[2025-10-09 12:39:29] TX: BEEP:120
[2025-10-09 20:12:26] INIT: enable=False — working in NULL mode (only logging)
[2025-10-09 20:12:55] INIT: enable=False — working in NULL mode (only logging)
[2025-10-09 20:13:39] INIT: enable=False — working in NULL mode (only logging)
[2025-10-09 20:18:17] INIT: enable=False — working in NULL mode (only logging)
[2025-10-09 20:18:31] CMD: OPEN_BIN
[2025-10-09 20:18:31] TX: OK
[2025-10-09 20:18:31] TX: BEEP:120
[2025-10-10 16:45:35] INIT: enable=False — working in NULL mode (only logging)
[2025-10-10 16:45:52] CMD: OPEN_BIN
[2025-10-10 16:45:52] TX: OK
[2025-10-10 16:45:52] TX: BEEP:120
[2025-10-10 16:46:36] CMD: HAS_SPACE?
[2025-10-10 16:46:36] HAS_SPACE: assume TRUE (no hardware)
[2025-10-10 16:46:36] CMD: OPEN_BIN
[2025-10-10 16:46:36] TX: OK
[2025-10-10 16:46:36] TX: BEEP:120
[2025-10-10 16:48:28] CMD: OPEN_BIN
[2025-10-10 16:48:28] TX: OK
[2025-10-10 16:48:28] TX: BEEP:120
[2025-10-10 20:32:30] INIT: enable=False — working in NULL mode (only logging)
[2025-10-10 20:32:50] INIT: enable=False — working in NULL mode (only logging)
[2025-10-10 20:33:13] INIT: enable=False — working in NULL mode (only logging)
[2025-10-10 20:33:19] CMD: OPEN_BIN
[2025-10-10 20:33:19] TX: OK
[2025-10-10 20:33:19] TX: BEEP:120
[2025-10-14 14:49:41] INIT: enable=False — working in NULL mode (only logging)
[2025-10-14 14:58:11] INIT: enable=False — working in NULL mode (only logging)
[2025-10-14 14:58:22] CMD: HAS_SPACE?
[2025-10-14 14:58:22] HAS_SPACE: assume TRUE (no hardware)
[2025-10-14 14:58:22] CMD: OPEN_BIN
[2025-10-14 14:58:22] TX: OK
[2025-10-14 14:58:22] TX: BEEP:120
[2025-10-14 14:58:30] INIT: enable=False — working in NULL mode (only logging)
[2025-10-14 15:07:19] INIT: enable=False — working in NULL mode (only logging)
[2025-10-14 15:07:28] INIT: enable=False — working in NULL mode (only logging)
[2025-10-14 15:07:46] INIT: enable=False — working in NULL mode (only logging)
[2025-10-14 15:08:05] INIT: enable=False — working in NULL mode (only logging)
[2025-10-14 15:08:40] INIT: enable=False — working in NULL mode (only logging)
[2025-10-14 15:10:38] INIT: enable=False — working in NULL mode (only logging)
[2025-10-14 15:19:58] INIT: enable=False — working in NULL mode (only logging)
[2025-10-14 15:20:11] CMD: OPEN_BIN
[2025-10-14 15:20:11] TX: OK
[2025-10-14 15:20:11] TX: BEEP:120
[2025-10-14 16:32:18] INIT: enable=False — working in NULL mode (only logging)
[2025-10-14 16:32:37] CMD: OPEN_BIN
[2025-10-14 16:32:37] TX: OK
[2025-10-14 16:32:37] TX: BEEP:120
[2025-10-30 22:38:47] INIT: enable=False — working in NULL mode (only logging)
[2025-10-30 22:40:06] INIT: enable=False — working in NULL mode (only logging)
[2025-10-30 22:40:33] INIT: enable=False — working in NULL mode (only logging)
[2025-10-30 22:40:42] TX: ERR
[2025-10-30 22:40:58] TX: ERR
[2025-10-30 22:43:52] TX: ERR
[2025-10-30 22:44:44] INIT: enable=False — working in NULL mode (only logging)
[2025-10-30 22:44:52] TX: ERR
[2025-10-30 22:46:22] INIT: enable=False — working in NULL mode (only logging)
[2025-10-30 22:46:28] CMD: OPEN_BIN
[2025-10-30 22:46:28] TX: OK
[2025-10-30 22:46:28] TX: BEEP:120
[2025-10-31 12:55:15] INIT: enable=False — working in NULL mode (only logging)
[2025-10-31 12:57:27] TX: ERR
[2025-10-31 12:57:40] INIT: enable=False — working in NULL mode (only logging)
[2025-10-31 12:57:55] CMD: OPEN_BIN
[2025-10-31 12:57:55] TX: OK
[2025-10-31 12:57:55] TX: BEEP:120
[2025-10-31 13:00:53] INIT: enable=False — working in NULL mode (only logging)
[2025-10-31 13:04:38] INIT: enable=False — working in NULL mode (only logging)
[2025-10-31 13:04:56] CMD: OPEN_BIN
[2025-10-31 13:04:56] TX: OK
[2025-10-31 13:04:56] TX: BEEP:120
[2025-10-31 13:06:07] CMD: OPEN_BIN
[2025-10-31 13:06:07] TX: OK
[2025-10-31 13:06:07] TX: BEEP:120
[2025-11-10 11:08:22] INIT: enable=False — working in NULL mode (only logging)
[2025-11-10 11:08:52] INIT: enable=False — working in NULL mode (only logging)
[2025-11-10 11:23:09] INIT: enable=False — working in NULL mode (only logging)
[2025-11-10 11:40:52] INIT: enable=False — working in NULL mode (only logging)
[2025-11-10 11:42:53] INIT: enable=False — working in NULL mode (only logging)
[2025-11-10 11:43:31] INIT: enable=False — working in NULL mode (only logging)
[2025-11-10 11:44:03] INIT: enable=False — working in NULL mode (only logging)
[2025-11-10 11:45:32] INIT: enable=False — working in NULL mode (only logging)
[2025-11-10 11:54:22] INIT: enable=False — working in NULL mode (only logging)
[2025-12-10 11:00:44] INIT: enable=False — working in NULL mode (only logging)
[2025-12-10 11:01:32] TX: ERR
[2025-12-10 11:02:04] INIT: enable=False — working in NULL mode (only logging)
[2025-12-10 11:02:27] TX: ERR
[2025-12-10 11:07:44] CMD: HAS_SPACE?
[2025-12-10 11:07:44] HAS_SPACE: assume TRUE (no hardware)
[2025-12-10 11:07:45] CMD: OPEN_BIN
[2025-12-10 11:07:45] TX: OK
[2025-12-10 11:07:45] TX: BEEP:120
[2025-12-10 11:11:37] CMD: OPEN_BIN
[2025-12-10 11:11:37] TX: OK
[2025-12-10 11:11:37] TX: BEEP:120
[2025-12-10 11:11:55] CMD: HAS_SPACE?
[2025-12-10 11:11:55] HAS_SPACE: assume TRUE (no hardware)
[2025-12-10 11:11:56] CMD: OPEN_BIN
[2025-12-10 11:11:56] TX: OK
[2025-12-10 11:11:56] TX: BEEP:120
[2025-12-10 11:22:28] INIT: enable=False — working in NULL mode (only logging)
[2025-12-23 12:41:09] INIT: enable=False — working in NULL mode (only logging)
[2025-12-23 12:43:37] INIT: enable=True, port=COM10, baud=115200, nl=\n
[2025-12-23 12:43:37] OPENED
[2025-12-23 12:44:01] TX: ERR
[2025-12-23 12:46:03] INIT: enable=True, port=COM10, baud=115200, nl=\n
[2025-12-23 12:46:03] OPENED
[2025-12-23 12:46:28] TX: ERR
[2025-12-23 12:47:10] CMD: HAS_SPACE?
[2025-12-23 12:47:10] >> SPACE?
[2025-12-23 12:47:15] HAS_SPACE_ERR: No response for SPACE?
[2025-12-23 12:47:15] TX: ERR
[2025-12-23 16:42:15] INIT: enable=True, port=COM10, baud=115200, nl=\n
[2025-12-23 16:42:15] OPENED
