[2025-10-06 15:19:09] IQRFID CLOSED: Access to the port 'COM7' is denied.
[2025-10-06 15:19:11] IQRFID CLOSED: Access to the port 'COM7' is denied.
[2025-10-06 15:19:12] IQRFID CLOSED: Access to the port 'COM7' is denied.
[2025-10-06 15:19:14] IQRFID OPENED
[2025-10-06 15:19:15] IQRFID CLOSED: The operation has timed out.
[2025-10-06 15:19:16] IQRFID OPENED
[2025-10-06 15:19:17] IQRFID CLOSED: The operation has timed out.
[2025-10-06 15:19:19] IQRFID OPENED
[2025-10-06 15:19:20] IQRFID CLOSED: The operation has timed out.
[2025-10-06 15:19:22] IQRFID OPENED
[2025-10-06 15:19:22] IQRFID CLOSED: The I/O operation has been aborted because of either a thread exit or an application request.

[2025-10-07 19:17:43] IQRFID OPENED
[2025-10-07 19:17:44] IQRFID CLOSED: The operation has timed out.
[2025-10-07 19:17:45] IQRFID OPENED
[2025-10-07 19:17:46] IQRFID CLOSED: The operation has timed out.
[2025-10-07 19:17:48] IQRFID OPENED
[2025-10-07 19:17:49] IQRFID CLOSED: The operation has timed out.
[2025-10-07 19:17:50] IQRFID OPENED
[2025-10-07 19:17:51] IQRFID CLOSED: The operation has timed out.
[2025-10-07 19:17:53] IQRFID OPENED
[2025-10-07 19:17:54] IQRFID CLOSED: The operation has timed out.
[2025-10-07 19:17:56] IQRFID OPENED
[2025-10-07 19:17:57] IQRFID CLOSED: The operation has timed out.
[2025-10-07 19:17:58] IQRFID OPENED
[2025-10-07 19:17:59] IQRFID CLOSED: The operation has timed out.
[2025-10-07 19:18:01] IQRFID OPENED
[2025-10-07 19:18:02] IQRFID CLOSED: The operation has timed out.
[2025-10-07 19:18:03] IQRFID OPENED
[2025-10-07 19:18:04] IQRFID CLOSED: The operation has timed out.
[2025-10-07 19:18:06] IQRFID OPENED
[2025-10-07 19:18:07] IQRFID CLOSED: The operation has timed out.
[2025-10-07 19:18:09] IQRFID OPENED
[2025-10-07 19:18:10] IQRFID CLOSED: The operation has timed out.
[2025-10-07 19:18:11] IQRFID OPENED
[2025-10-07 19:18:12] IQRFID CLOSED: The operation has timed out.
[2025-10-07 19:18:14] IQRFID OPENED
[2025-10-07 19:18:15] IQRFID CLOSED: The operation has timed out.
[2025-10-07 19:18:16] IQRFID OPENED
[2025-10-07 19:18:17] IQRFID CLOSED: The operation has timed out.
[2025-10-07 19:18:19] IQRFID OPENED
[2025-10-07 19:18:20] IQRFID CLOSED: The operation has timed out.
[2025-10-07 19:18:22] IQRFID OPENED
[2025-10-07 19:18:23] IQRFID CLOSED: The operation has timed out.
[2025-10-07 19:18:24] IQRFID OPENED
[2025-10-07 19:18:25] IQRFID CLOSED: The operation has timed out.
[2025-10-07 19:18:27] IQRFID OPENED
[2025-10-07 19:18:28] IQRFID CLOSED: The operation has timed out.
[2025-10-07 19:18:29] IQRFID OPENED
[2025-10-07 19:18:30] IQRFID CLOSED: The operation has timed out.
[2025-10-07 19:18:32] IQRFID OPENED
[2025-10-07 19:18:33] IQRFID CLOSED: The I/O operation has been aborted because of either a thread exit or an application request.

[2025-10-07 19:22:43] IQRFID CLOSED: Access to the port 'COM7' is denied.
[2025-10-07 19:22:46] IQRFID CLOSED: Access to the port 'COM7' is denied.
[2025-10-07 19:22:49] IQRFID OPENED
[2025-10-07 19:22:54] IQRFID CLOSED: The operation has timed out.
[2025-10-07 19:22:57] IQRFID OPENED
[2025-10-07 19:23:02] IQRFID CLOSED: The operation has timed out.
[2025-10-07 19:23:05] IQRFID OPENED
[2025-10-07 19:23:10] IQRFID CLOSED: The operation has timed out.
[2025-10-07 19:23:13] IQRFID OPENED
[2025-10-07 19:23:18] IQRFID CLOSED: The operation has timed out.
[2025-10-07 19:23:21] IQRFID OPENED
[2025-10-07 19:23:26] IQRFID CLOSED: The operation has timed out.
[2025-10-07 19:23:29] IQRFID OPENED
[2025-10-07 19:23:35] IQRFID CLOSED: The operation has timed out.
[2025-10-07 19:23:38] IQRFID OPENED
[2025-10-07 19:23:43] IQRFID CLOSED: The operation has timed out.
[2025-10-07 19:23:46] IQRFID OPENED
[2025-10-07 19:23:51] IQRFID CLOSED: The operation has timed out.
[2025-10-07 19:23:54] IQRFID OPENED
[2025-10-07 19:25:18] IQRFID OPENED
[2025-10-07 19:25:23] IQRFID CLOSED: The operation has timed out.
[2025-10-07 19:25:26] IQRFID OPENED
[2025-10-07 19:25:31] IQRFID CLOSED: The operation has timed out.
[2025-10-07 19:27:37] IQRFID CLOSED: Access to the port 'COM7' is denied.
[2025-10-07 19:27:40] IQRFID CLOSED: Access to the port 'COM7' is denied.
[2025-10-07 19:29:41] IQRFID CLOSED: Access to the port 'COM7' is denied.
[2025-10-07 19:29:44] IQRFID CLOSED: Access to the port 'COM7' is denied.
[2025-10-07 19:30:03] IQRFID CLOSED: Access to the port 'COM7' is denied.
[2025-10-07 19:30:06] IQRFID CLOSED: Access to the port 'COM7' is denied.
[2025-10-07 19:51:05] IQRFID CLOSED: Access to the port 'COM7' is denied.
[2025-10-07 19:51:08] IQRFID CLOSED: Access to the port 'COM7' is denied.
[2025-10-07 19:52:16] IQRFID CLOSED: Access to the port 'COM7' is denied.
[2025-10-07 19:52:19] IQRFID CLOSED: Access to the port 'COM7' is denied.
[2025-10-07 19:54:37] IQRFID CLOSED: Access to the port 'COM7' is denied.
[2025-10-07 19:54:40] IQRFID CLOSED: Access to the port 'COM7' is denied.
[2025-10-07 19:54:43] IQRFID OPENED
[2025-10-07 19:54:43] IQRFID CLOSED: The I/O operation has been aborted because of either a thread exit or an application request.

[2025-10-07 19:57:49] IQRFID OPENED
[2025-10-07 20:27:33] IQRFID OPENED
[2025-10-07 22:59:02] IQRFID CLOSED: The port 'COM7' does not exist.
[2025-10-08 09:57:58] IQRFID OPENED
[2025-10-08 10:08:04] IQRFID OPENED
[2025-10-08 10:10:58] IQRFID OPENED
[2025-10-08 15:29:26] IQRFID OPENED
[2025-10-08 23:36:25] IQRFID OPENED
[2025-10-09 08:00:37] IQRFID CLOSED: Access to the port 'COM9' is denied.
[2025-10-09 08:00:40] IQRFID CLOSED: Access to the port 'COM9' is denied.
[2025-10-09 10:02:27] IQRFID OPENED
[2025-10-09 10:06:23] IQRFID OPENED
[2025-10-09 10:21:07] IQRFID CLOSED: Access to the port 'COM9' is denied.
[2025-10-09 10:22:04] IQRFID CLOSED: Access to the port 'COM9' is denied.
[2025-10-09 10:22:07] IQRFID CLOSED: Access to the port 'COM9' is denied.
[2025-10-09 10:22:10] IQRFID CLOSED: Access to the port 'COM9' is denied.
[2025-10-09 10:22:13] IQRFID CLOSED: Access to the port 'COM9' is denied.
[2025-10-09 10:22:16] IQRFID CLOSED: Access to the port 'COM9' is denied.
[2025-10-09 10:22:19] IQRFID CLOSED: Access to the port 'COM9' is denied.
[2025-10-09 10:22:22] IQRFID CLOSED: Access to the port 'COM9' is denied.
[2025-10-09 10:22:25] IQRFID CLOSED: Access to the port 'COM9' is denied.
[2025-10-09 10:22:28] IQRFID CLOSED: Access to the port 'COM9' is denied.
[2025-10-09 10:22:31] IQRFID CLOSED: Access to the port 'COM9' is denied.
[2025-10-09 10:22:34] IQRFID CLOSED: Access to the port 'COM9' is denied.
[2025-10-09 10:22:37] IQRFID CLOSED: Access to the port 'COM9' is denied.
[2025-10-09 10:22:40] IQRFID CLOSED: Access to the port 'COM9' is denied.
[2025-10-09 10:22:43] IQRFID CLOSED: Access to the port 'COM9' is denied.
[2025-10-09 10:22:46] IQRFID CLOSED: Access to the port 'COM9' is denied.
[2025-10-09 10:22:49] IQRFID CLOSED: Access to the port 'COM9' is denied.
[2025-10-09 10:22:52] IQRFID CLOSED: Access to the port 'COM9' is denied.
[2025-10-09 10:22:55] IQRFID CLOSED: Access to the port 'COM9' is denied.
[2025-10-09 10:22:58] IQRFID CLOSED: Access to the port 'COM9' is denied.
[2025-10-09 10:23:01] IQRFID CLOSED: Access to the port 'COM9' is denied.
[2025-10-09 10:23:04] IQRFID CLOSED: Access to the port 'COM9' is denied.
[2025-10-09 10:23:07] IQRFID CLOSED: Access to the port 'COM9' is denied.
[2025-10-09 10:23:10] IQRFID CLOSED: Access to the port 'COM9' is denied.
[2025-10-09 10:23:13] IQRFID CLOSED: Access to the port 'COM9' is denied.
[2025-10-09 10:23:16] IQRFID CLOSED: Access to the port 'COM9' is denied.
[2025-10-09 10:23:19] IQRFID CLOSED: Access to the port 'COM9' is denied.
[2025-10-09 10:23:22] IQRFID CLOSED: Access to the port 'COM9' is denied.
[2025-10-09 10:23:25] IQRFID CLOSED: Access to the port 'COM9' is denied.
[2025-10-09 10:23:28] IQRFID CLOSED: Access to the port 'COM9' is denied.
[2025-10-09 10:23:31] IQRFID CLOSED: Access to the port 'COM9' is denied.
[2025-10-09 10:23:34] IQRFID CLOSED: Access to the port 'COM9' is denied.
[2025-10-09 10:23:37] IQRFID CLOSED: Access to the port 'COM9' is denied.
[2025-10-09 10:23:40] IQRFID CLOSED: Access to the port 'COM9' is denied.
[2025-10-09 10:23:43] IQRFID CLOSED: Access to the port 'COM9' is denied.
[2025-10-09 10:23:46] IQRFID CLOSED: Access to the port 'COM9' is denied.
[2025-10-09 12:39:15] IQRFID CLOSED: Access to the port 'COM9' is denied.
[2025-10-09 12:39:18] IQRFID CLOSED: Access to the port 'COM9' is denied.
[2025-10-09 12:39:21] IQRFID CLOSED: Access to the port 'COM9' is denied.
[2025-10-09 12:39:24] IQRFID CLOSED: Access to the port 'COM9' is denied.
[2025-10-09 12:39:27] IQRFID CLOSED: Access to the port 'COM9' is denied.
[2025-10-09 12:39:30] IQRFID CLOSED: Access to the port 'COM9' is denied.
[2025-10-09 12:39:33] IQRFID CLOSED: Access to the port 'COM9' is denied.
[2025-10-09 20:12:30] IQRFID CLOSED: The port 'COM9' does not exist.
[2025-10-09 20:12:33] IQRFID CLOSED: The port 'COM9' does not exist.
[2025-10-09 20:12:55] IQRFID CLOSED: Access to the port 'COM9' is denied.
[2025-10-09 20:12:58] IQRFID CLOSED: Access to the port 'COM9' is denied.
[2025-10-09 20:13:01] IQRFID CLOSED: Access to the port 'COM9' is denied.
[2025-10-09 20:13:04] IQRFID CLOSED: Access to the port 'COM9' is denied.
[2025-10-09 20:13:07] IQRFID CLOSED: Access to the port 'COM9' is denied.
[2025-10-09 20:13:10] IQRFID CLOSED: Access to the port 'COM9' is denied.
[2025-10-09 20:13:13] IQRFID CLOSED: Access to the port 'COM9' is denied.
[2025-10-09 20:13:16] IQRFID CLOSED: Access to the port 'COM9' is denied.
[2025-10-09 20:13:19] IQRFID CLOSED: Access to the port 'COM9' is denied.
[2025-10-09 20:13:22] IQRFID CLOSED: Access to the port 'COM9' is denied.
[2025-10-09 20:13:25] IQRFID CLOSED: Access to the port 'COM9' is denied.
[2025-10-09 20:13:28] IQRFID CLOSED: Access to the port 'COM9' is denied.
[2025-10-09 20:13:31] IQRFID CLOSED: Access to the port 'COM9' is denied.
[2025-10-09 20:13:34] IQRFID CLOSED: Access to the port 'COM9' is denied.
[2025-10-09 20:13:40] IQRFID CLOSED: Access to the port 'COM9' is denied.
[2025-10-09 20:13:43] IQRFID CLOSED: Access to the port 'COM9' is denied.
[2025-10-09 20:13:46] IQRFID CLOSED: Access to the port 'COM9' is denied.
[2025-10-09 20:13:49] IQRFID CLOSED: Access to the port 'COM9' is denied.
[2025-10-09 20:18:20] IQRFID CLOSED: Access to the port 'COM9' is denied.
[2025-10-09 20:18:23] IQRFID CLOSED: Access to the port 'COM9' is denied.
[2025-10-09 20:18:26] IQRFID CLOSED: Access to the port 'COM9' is denied.
[2025-10-09 20:18:29] IQRFID CLOSED: Access to the port 'COM9' is denied.
[2025-10-09 20:18:32] IQRFID CLOSED: Access to the port 'COM9' is denied.
[2025-10-09 20:18:35] IQRFID CLOSED: Access to the port 'COM9' is denied.
[2025-10-09 20:18:38] IQRFID CLOSED: Access to the port 'COM9' is denied.
[2025-10-09 20:18:41] IQRFID CLOSED: Access to the port 'COM9' is denied.
[2025-10-09 20:18:44] IQRFID CLOSED: Access to the port 'COM9' is denied.
[2025-10-09 20:18:47] IQRFID CLOSED: Access to the port 'COM9' is denied.
[2025-10-09 20:18:50] IQRFID CLOSED: Access to the port 'COM9' is denied.
[2025-10-09 20:18:53] IQRFID CLOSED: Access to the port 'COM9' is denied.
[2025-10-09 20:18:56] IQRFID CLOSED: Access to the port 'COM9' is denied.
[2025-10-10 16:45:38] IQRFID CLOSED: Access to the port 'COM9' is denied.
[2025-10-10 16:45:41] IQRFID CLOSED: Access to the port 'COM9' is denied.
[2025-10-10 16:45:44] IQRFID CLOSED: Access to the port 'COM9' is denied.
[2025-10-10 16:45:47] IQRFID CLOSED: Access to the port 'COM9' is denied.
[2025-10-10 16:45:50] IQRFID CLOSED: Access to the port 'COM9' is denied.
[2025-10-10 16:45:53] IQRFID CLOSED: Access to the port 'COM9' is denied.
[2025-10-10 16:45:56] IQRFID CLOSED: Access to the port 'COM9' is denied.
[2025-10-10 16:45:59] IQRFID CLOSED: Access to the port 'COM9' is denied.
[2025-10-10 16:46:02] IQRFID CLOSED: Access to the port 'COM9' is denied.
[2025-10-10 16:46:05] IQRFID CLOSED: Access to the port 'COM9' is denied.
[2025-10-10 16:46:08] IQRFID CLOSED: Access to the port 'COM9' is denied.
[2025-10-10 16:46:11] IQRFID CLOSED: Access to the port 'COM9' is denied.
[2025-10-10 16:46:14] IQRFID CLOSED: Access to the port 'COM9' is denied.
[2025-10-10 16:46:17] IQRFID CLOSED: Access to the port 'COM9' is denied.
[2025-10-10 16:46:20] IQRFID CLOSED: Access to the port 'COM9' is denied.
[2025-10-10 16:46:23] IQRFID CLOSED: Access to the port 'COM9' is denied.
[2025-10-10 16:46:26] IQRFID CLOSED: Access to the port 'COM9' is denied.
[2025-10-10 16:46:29] IQRFID CLOSED: Access to the port 'COM9' is denied.
[2025-10-10 16:46:32] IQRFID CLOSED: Access to the port 'COM9' is denied.
[2025-10-10 16:46:35] IQRFID CLOSED: Access to the port 'COM9' is denied.
[2025-10-10 16:46:38] IQRFID CLOSED: Access to the port 'COM9' is denied.
[2025-10-10 16:46:41] IQRFID CLOSED: Access to the port 'COM9' is denied.
[2025-10-10 16:46:44] IQRFID CLOSED: Access to the port 'COM9' is denied.
[2025-10-10 16:46:47] IQRFID CLOSED: Access to the port 'COM9' is denied.
[2025-10-10 16:46:50] IQRFID CLOSED: Access to the port 'COM9' is denied.
[2025-10-10 16:46:53] IQRFID CLOSED: Access to the port 'COM9' is denied.
[2025-10-10 16:46:56] IQRFID CLOSED: Access to the port 'COM9' is denied.
[2025-10-10 16:46:59] IQRFID CLOSED: Access to the port 'COM9' is denied.
[2025-10-10 16:47:02] IQRFID CLOSED: Access to the port 'COM9' is denied.
[2025-10-10 16:47:05] IQRFID CLOSED: Access to the port 'COM9' is denied.
[2025-10-10 16:47:08] IQRFID CLOSED: Access to the port 'COM9' is denied.
[2025-10-10 16:47:11] IQRFID CLOSED: Access to the port 'COM9' is denied.
[2025-10-10 16:47:14] IQRFID CLOSED: Access to the port 'COM9' is denied.
[2025-10-10 16:47:17] IQRFID CLOSED: Access to the port 'COM9' is denied.
[2025-10-10 16:47:20] IQRFID CLOSED: Access to the port 'COM9' is denied.
[2025-10-10 16:47:23] IQRFID CLOSED: Access to the port 'COM9' is denied.
[2025-10-10 16:47:26] IQRFID CLOSED: Access to the port 'COM9' is denied.
[2025-10-10 16:47:29] IQRFID CLOSED: Access to the port 'COM9' is denied.
[2025-10-10 16:47:32] IQRFID CLOSED: Access to the port 'COM9' is denied.
[2025-10-10 16:47:35] IQRFID CLOSED: Access to the port 'COM9' is denied.
[2025-10-10 16:47:38] IQRFID CLOSED: Access to the port 'COM9' is denied.
[2025-10-10 16:47:41] IQRFID CLOSED: Access to the port 'COM9' is denied.
[2025-10-10 16:47:44] IQRFID CLOSED: Access to the port 'COM9' is denied.
[2025-10-10 16:47:48] IQRFID CLOSED: Access to the port 'COM9' is denied.
[2025-10-10 16:47:51] IQRFID CLOSED: Access to the port 'COM9' is denied.
[2025-10-10 16:47:54] IQRFID CLOSED: Access to the port 'COM9' is denied.
[2025-10-10 16:47:57] IQRFID CLOSED: Access to the port 'COM9' is denied.
[2025-10-10 16:48:00] IQRFID CLOSED: Access to the port 'COM9' is denied.
[2025-10-10 16:48:03] IQRFID CLOSED: Access to the port 'COM9' is denied.
[2025-10-10 16:48:06] IQRFID CLOSED: Access to the port 'COM9' is denied.
[2025-10-10 16:48:09] IQRFID CLOSED: Access to the port 'COM9' is denied.
[2025-10-10 16:48:12] IQRFID CLOSED: Access to the port 'COM9' is denied.
[2025-10-10 16:48:15] IQRFID CLOSED: Access to the port 'COM9' is denied.
[2025-10-10 16:48:18] IQRFID CLOSED: Access to the port 'COM9' is denied.
[2025-10-10 16:48:21] IQRFID CLOSED: Access to the port 'COM9' is denied.
[2025-10-10 16:48:24] IQRFID CLOSED: Access to the port 'COM9' is denied.
[2025-10-10 16:48:27] IQRFID CLOSED: Access to the port 'COM9' is denied.
[2025-10-10 16:48:30] IQRFID CLOSED: Access to the port 'COM9' is denied.
[2025-10-10 16:48:33] IQRFID CLOSED: Access to the port 'COM9' is denied.
[2025-10-10 16:48:36] IQRFID CLOSED: Access to the port 'COM9' is denied.
[2025-10-10 16:48:39] IQRFID CLOSED: Access to the port 'COM9' is denied.
[2025-10-10 16:48:42] IQRFID CLOSED: Access to the port 'COM9' is denied.
[2025-10-10 16:48:45] IQRFID CLOSED: Access to the port 'COM9' is denied.
[2025-10-10 16:48:48] IQRFID CLOSED: Access to the port 'COM9' is denied.
[2025-10-10 16:48:51] IQRFID CLOSED: Access to the port 'COM9' is denied.
[2025-10-10 16:48:54] IQRFID CLOSED: Access to the port 'COM9' is denied.
[2025-10-10 16:48:57] IQRFID CLOSED: Access to the port 'COM9' is denied.
[2025-10-10 16:49:00] IQRFID CLOSED: Access to the port 'COM9' is denied.
[2025-10-10 16:49:03] IQRFID CLOSED: Access to the port 'COM9' is denied.
[2025-10-10 16:49:06] IQRFID CLOSED: Access to the port 'COM9' is denied.
[2025-10-10 16:49:09] IQRFID CLOSED: Access to the port 'COM9' is denied.
[2025-10-10 16:49:12] IQRFID CLOSED: Access to the port 'COM9' is denied.
[2025-10-10 16:49:15] IQRFID CLOSED: Access to the port 'COM9' is denied.
[2025-10-10 16:49:18] IQRFID CLOSED: Access to the port 'COM9' is denied.
[2025-10-10 16:49:21] IQRFID CLOSED: Access to the port 'COM9' is denied.
[2025-10-10 16:49:24] IQRFID CLOSED: Access to the port 'COM9' is denied.
[2025-10-10 16:49:27] IQRFID CLOSED: Access to the port 'COM9' is denied.
[2025-10-10 16:49:30] IQRFID CLOSED: Access to the port 'COM9' is denied.
[2025-10-10 16:49:33] IQRFID CLOSED: Access to the port 'COM9' is denied.
[2025-10-10 16:49:36] IQRFID CLOSED: Access to the port 'COM9' is denied.
[2025-10-10 16:49:39] IQRFID CLOSED: Access to the port 'COM9' is denied.
[2025-10-10 16:49:42] IQRFID CLOSED: Access to the port 'COM9' is denied.
[2025-10-10 16:49:45] IQRFID CLOSED: Access to the port 'COM9' is denied.
[2025-10-10 16:49:48] IQRFID CLOSED: Access to the port 'COM9' is denied.
[2025-10-10 16:49:51] IQRFID CLOSED: Access to the port 'COM9' is denied.
[2025-10-10 16:49:54] IQRFID CLOSED: Access to the port 'COM9' is denied.
[2025-10-10 16:49:57] IQRFID CLOSED: Access to the port 'COM9' is denied.
[2025-10-10 16:50:00] IQRFID CLOSED: Access to the port 'COM9' is denied.
[2025-10-10 16:50:03] IQRFID CLOSED: Access to the port 'COM9' is denied.
[2025-10-10 16:50:06] IQRFID CLOSED: Access to the port 'COM9' is denied.
[2025-10-10 16:50:09] IQRFID CLOSED: Access to the port 'COM9' is denied.
[2025-10-10 16:50:12] IQRFID CLOSED: Access to the port 'COM9' is denied.
[2025-10-10 16:50:15] IQRFID CLOSED: Access to the port 'COM9' is denied.
[2025-10-10 16:50:18] IQRFID CLOSED: Access to the port 'COM9' is denied.
[2025-10-10 16:50:21] IQRFID CLOSED: Access to the port 'COM9' is denied.
[2025-10-10 16:50:24] IQRFID CLOSED: Access to the port 'COM9' is denied.
[2025-10-10 16:50:27] IQRFID CLOSED: Access to the port 'COM9' is denied.
[2025-10-10 16:50:30] IQRFID CLOSED: Access to the port 'COM9' is denied.
[2025-10-10 16:50:33] IQRFID CLOSED: Access to the port 'COM9' is denied.
[2025-10-10 16:50:36] IQRFID CLOSED: Access to the port 'COM9' is denied.
[2025-10-10 16:50:39] IQRFID CLOSED: Access to the port 'COM9' is denied.
[2025-10-10 16:50:42] IQRFID CLOSED: Access to the port 'COM9' is denied.
[2025-10-10 16:50:45] IQRFID CLOSED: Access to the port 'COM9' is denied.
[2025-10-10 16:50:48] IQRFID CLOSED: Access to the port 'COM9' is denied.
[2025-10-10 16:50:51] IQRFID CLOSED: Access to the port 'COM9' is denied.
[2025-10-10 16:50:54] IQRFID CLOSED: Access to the port 'COM9' is denied.
[2025-10-10 16:50:57] IQRFID CLOSED: Access to the port 'COM9' is denied.
[2025-10-10 16:51:00] IQRFID CLOSED: Access to the port 'COM9' is denied.
[2025-10-10 16:51:03] IQRFID CLOSED: Access to the port 'COM9' is denied.
[2025-10-10 16:51:06] IQRFID CLOSED: Access to the port 'COM9' is denied.
[2025-10-10 16:51:09] IQRFID CLOSED: Access to the port 'COM9' is denied.
[2025-10-10 16:51:12] IQRFID CLOSED: Access to the port 'COM9' is denied.
[2025-10-10 16:51:15] IQRFID CLOSED: Access to the port 'COM9' is denied.
[2025-10-10 16:51:18] IQRFID CLOSED: Access to the port 'COM9' is denied.
[2025-10-10 16:51:21] IQRFID CLOSED: Access to the port 'COM9' is denied.
[2025-10-10 16:51:24] IQRFID CLOSED: Access to the port 'COM9' is denied.
[2025-10-10 16:51:27] IQRFID CLOSED: Access to the port 'COM9' is denied.
[2025-10-10 16:51:30] IQRFID CLOSED: Access to the port 'COM9' is denied.
[2025-10-10 16:51:33] IQRFID CLOSED: Access to the port 'COM9' is denied.
[2025-10-10 16:51:36] IQRFID CLOSED: Access to the port 'COM9' is denied.
[2025-10-10 16:51:39] IQRFID CLOSED: Access to the port 'COM9' is denied.
[2025-10-10 16:51:42] IQRFID CLOSED: Access to the port 'COM9' is denied.
[2025-10-10 16:51:45] IQRFID CLOSED: Access to the port 'COM9' is denied.
[2025-10-10 16:51:48] IQRFID CLOSED: Access to the port 'COM9' is denied.
[2025-10-10 16:51:51] IQRFID CLOSED: Access to the port 'COM9' is denied.
[2025-10-10 16:51:54] IQRFID CLOSED: Access to the port 'COM9' is denied.
[2025-10-10 16:51:58] IQRFID CLOSED: Access to the port 'COM9' is denied.
[2025-10-10 16:52:01] IQRFID CLOSED: Access to the port 'COM9' is denied.
[2025-10-10 16:52:04] IQRFID CLOSED: Access to the port 'COM9' is denied.
[2025-10-10 16:52:07] IQRFID CLOSED: Access to the port 'COM9' is denied.
[2025-10-10 16:52:10] IQRFID CLOSED: Access to the port 'COM9' is denied.
[2025-10-10 16:52:13] IQRFID CLOSED: Access to the port 'COM9' is denied.
[2025-10-10 16:52:16] IQRFID CLOSED: Access to the port 'COM9' is denied.
[2025-10-10 20:32:33] IQRFID CLOSED: Access to the port 'COM9' is denied.
[2025-10-10 20:32:36] IQRFID CLOSED: Access to the port 'COM9' is denied.
[2025-10-10 20:32:39] IQRFID CLOSED: Access to the port 'COM9' is denied.
[2025-10-10 20:32:42] IQRFID CLOSED: Access to the port 'COM9' is denied.
[2025-10-10 20:32:50] IQRFID CLOSED: Access to the port 'COM9' is denied.
[2025-10-10 20:32:53] IQRFID CLOSED: Access to the port 'COM9' is denied.
[2025-10-10 20:32:56] IQRFID CLOSED: Access to the port 'COM9' is denied.
[2025-10-10 20:32:59] IQRFID CLOSED: Access to the port 'COM9' is denied.
[2025-10-10 20:33:13] IQRFID CLOSED: Access to the port 'COM9' is denied.
[2025-10-10 20:33:16] IQRFID CLOSED: Access to the port 'COM9' is denied.
[2025-10-10 20:33:19] IQRFID CLOSED: Access to the port 'COM9' is denied.
[2025-10-10 20:33:22] IQRFID CLOSED: Access to the port 'COM9' is denied.
[2025-10-10 20:33:25] IQRFID CLOSED: Access to the port 'COM9' is denied.
[2025-10-10 20:33:28] IQRFID CLOSED: Access to the port 'COM9' is denied.
[2025-10-14 14:49:44] IQRFID CLOSED: The port 'COM9' does not exist.
[2025-10-14 14:49:47] IQRFID CLOSED: The port 'COM9' does not exist.
[2025-10-14 14:58:12] IQRFID CLOSED: Access to the port 'COM9' is denied.
[2025-10-14 14:58:15] IQRFID CLOSED: Access to the port 'COM9' is denied.
[2025-10-14 14:58:18] IQRFID CLOSED: Access to the port 'COM9' is denied.
[2025-10-14 14:58:21] IQRFID CLOSED: Access to the port 'COM9' is denied.
[2025-10-14 14:58:24] IQRFID CLOSED: Access to the port 'COM9' is denied.
[2025-10-14 14:58:31] IQRFID CLOSED: Access to the port 'COM9' is denied.
[2025-10-14 14:58:34] IQRFID CLOSED: Access to the port 'COM9' is denied.
[2025-10-14 14:58:37] IQRFID CLOSED: Access to the port 'COM9' is denied.
[2025-10-14 14:58:40] IQRFID CLOSED: Access to the port 'COM9' is denied.
[2025-10-14 14:58:43] IQRFID CLOSED: Access to the port 'COM9' is denied.
[2025-10-14 14:58:46] IQRFID CLOSED: Access to the port 'COM9' is denied.
[2025-10-14 14:58:49] IQRFID CLOSED: Access to the port 'COM9' is denied.
[2025-10-14 14:58:52] IQRFID CLOSED: Access to the port 'COM9' is denied.
[2025-10-14 14:58:55] IQRFID CLOSED: Access to the port 'COM9' is denied.
[2025-10-14 14:58:58] IQRFID CLOSED: Access to the port 'COM9' is denied.
[2025-10-14 14:59:01] IQRFID CLOSED: Access to the port 'COM9' is denied.
[2025-10-14 14:59:04] IQRFID CLOSED: Access to the port 'COM9' is denied.
[2025-10-14 14:59:07] IQRFID CLOSED: Access to the port 'COM9' is denied.
[2025-10-14 14:59:10] IQRFID CLOSED: Access to the port 'COM9' is denied.
[2025-10-14 14:59:13] IQRFID CLOSED: Access to the port 'COM9' is denied.
[2025-10-14 14:59:16] IQRFID CLOSED: Access to the port 'COM9' is denied.
[2025-10-14 14:59:19] IQRFID CLOSED: Access to the port 'COM9' is denied.
[2025-10-14 14:59:22] IQRFID CLOSED: Access to the port 'COM9' is denied.
[2025-10-14 14:59:25] IQRFID CLOSED: Access to the port 'COM9' is denied.
[2025-10-14 14:59:28] IQRFID CLOSED: Access to the port 'COM9' is denied.
[2025-10-14 14:59:31] IQRFID CLOSED: Access to the port 'COM9' is denied.
[2025-10-14 14:59:34] IQRFID CLOSED: Access to the port 'COM9' is denied.
[2025-10-14 14:59:37] IQRFID CLOSED: Access to the port 'COM9' is denied.
[2025-10-14 14:59:40] IQRFID CLOSED: Access to the port 'COM9' is denied.
[2025-10-14 14:59:43] IQRFID CLOSED: Access to the port 'COM9' is denied.
[2025-10-14 14:59:46] IQRFID CLOSED: Access to the port 'COM9' is denied.
[2025-10-14 14:59:49] IQRFID CLOSED: Access to the port 'COM9' is denied.
[2025-10-14 14:59:52] IQRFID CLOSED: Access to the port 'COM9' is denied.
[2025-10-14 14:59:55] IQRFID CLOSED: Access to the port 'COM9' is denied.
[2025-10-14 14:59:58] IQRFID CLOSED: Access to the port 'COM9' is denied.
[2025-10-14 15:00:01] IQRFID CLOSED: Access to the port 'COM9' is denied.
[2025-10-14 15:00:04] IQRFID CLOSED: Access to the port 'COM9' is denied.
[2025-10-14 15:00:07] IQRFID CLOSED: Access to the port 'COM9' is denied.
[2025-10-14 15:00:10] IQRFID CLOSED: Access to the port 'COM9' is denied.
[2025-10-14 15:00:13] IQRFID CLOSED: Access to the port 'COM9' is denied.
[2025-10-14 15:00:16] IQRFID CLOSED: Access to the port 'COM9' is denied.
[2025-10-14 15:00:19] IQRFID CLOSED: Access to the port 'COM9' is denied.
[2025-10-14 15:00:22] IQRFID CLOSED: Access to the port 'COM9' is denied.
[2025-10-14 15:00:25] IQRFID CLOSED: Access to the port 'COM9' is denied.
[2025-10-14 15:00:28] IQRFID CLOSED: Access to the port 'COM9' is denied.
[2025-10-14 15:00:31] IQRFID CLOSED: Access to the port 'COM9' is denied.
[2025-10-14 15:00:34] IQRFID CLOSED: Access to the port 'COM9' is denied.
[2025-10-14 15:00:37] IQRFID CLOSED: Access to the port 'COM9' is denied.
[2025-10-14 15:00:40] IQRFID CLOSED: Access to the port 'COM9' is denied.
[2025-10-14 15:00:43] IQRFID CLOSED: Access to the port 'COM9' is denied.
[2025-10-14 15:00:46] IQRFID CLOSED: Access to the port 'COM9' is denied.
[2025-10-14 15:00:49] IQRFID CLOSED: Access to the port 'COM9' is denied.
[2025-10-14 15:00:52] IQRFID CLOSED: Access to the port 'COM9' is denied.
[2025-10-14 15:00:55] IQRFID CLOSED: Access to the port 'COM9' is denied.
[2025-10-14 15:00:58] IQRFID CLOSED: Access to the port 'COM9' is denied.
[2025-10-14 15:01:01] IQRFID CLOSED: Access to the port 'COM9' is denied.
[2025-10-14 15:01:04] IQRFID CLOSED: Access to the port 'COM9' is denied.
[2025-10-14 15:01:07] IQRFID CLOSED: Access to the port 'COM9' is denied.
[2025-10-14 15:01:10] IQRFID CLOSED: Access to the port 'COM9' is denied.
[2025-10-14 15:01:13] IQRFID CLOSED: Access to the port 'COM9' is denied.
[2025-10-14 15:01:16] IQRFID CLOSED: Access to the port 'COM9' is denied.
[2025-10-14 15:01:19] IQRFID CLOSED: Access to the port 'COM9' is denied.
[2025-10-14 15:01:22] IQRFID CLOSED: Access to the port 'COM9' is denied.
[2025-10-14 15:01:25] IQRFID CLOSED: Access to the port 'COM9' is denied.
[2025-10-14 15:01:28] IQRFID CLOSED: Access to the port 'COM9' is denied.
[2025-10-14 15:01:31] IQRFID CLOSED: Access to the port 'COM9' is denied.
[2025-10-14 15:01:34] IQRFID CLOSED: Access to the port 'COM9' is denied.
[2025-10-14 15:01:37] IQRFID CLOSED: Access to the port 'COM9' is denied.
[2025-10-14 15:01:40] IQRFID CLOSED: Access to the port 'COM9' is denied.
[2025-10-14 15:01:43] IQRFID CLOSED: Access to the port 'COM9' is denied.
[2025-10-14 15:01:46] IQRFID CLOSED: Access to the port 'COM9' is denied.
[2025-10-14 15:01:49] IQRFID CLOSED: Access to the port 'COM9' is denied.
[2025-10-14 15:01:52] IQRFID CLOSED: Access to the port 'COM9' is denied.
[2025-10-14 15:01:56] IQRFID CLOSED: Access to the port 'COM9' is denied.
[2025-10-14 15:01:59] IQRFID CLOSED: Access to the port 'COM9' is denied.
[2025-10-14 15:02:02] IQRFID CLOSED: Access to the port 'COM9' is denied.
[2025-10-14 15:02:05] IQRFID CLOSED: Access to the port 'COM9' is denied.
[2025-10-14 15:02:08] IQRFID CLOSED: Access to the port 'COM9' is denied.
[2025-10-14 15:02:11] IQRFID CLOSED: Access to the port 'COM9' is denied.
[2025-10-14 15:02:14] IQRFID CLOSED: Access to the port 'COM9' is denied.
[2025-10-14 15:02:17] IQRFID CLOSED: Access to the port 'COM9' is denied.
[2025-10-14 15:02:20] IQRFID CLOSED: Access to the port 'COM9' is denied.
[2025-10-14 15:02:23] IQRFID CLOSED: Access to the port 'COM9' is denied.
[2025-10-14 15:02:26] IQRFID CLOSED: Access to the port 'COM9' is denied.
[2025-10-14 15:02:29] IQRFID CLOSED: Access to the port 'COM9' is denied.
[2025-10-14 15:02:32] IQRFID CLOSED: Access to the port 'COM9' is denied.
[2025-10-14 15:02:35] IQRFID CLOSED: Access to the port 'COM9' is denied.
[2025-10-14 15:02:38] IQRFID CLOSED: Access to the port 'COM9' is denied.
[2025-10-14 15:02:41] IQRFID CLOSED: Access to the port 'COM9' is denied.
[2025-10-14 15:02:44] IQRFID CLOSED: Access to the port 'COM9' is denied.
[2025-10-14 15:02:47] IQRFID CLOSED: Access to the port 'COM9' is denied.
[2025-10-14 15:02:50] IQRFID CLOSED: Access to the port 'COM9' is denied.
[2025-10-14 15:02:53] IQRFID CLOSED: Access to the port 'COM9' is denied.
[2025-10-14 15:02:56] IQRFID CLOSED: Access to the port 'COM9' is denied.
[2025-10-14 15:02:59] IQRFID CLOSED: Access to the port 'COM9' is denied.
[2025-10-14 15:03:02] IQRFID CLOSED: Access to the port 'COM9' is denied.
[2025-10-14 15:03:05] IQRFID CLOSED: Access to the port 'COM9' is denied.
[2025-10-14 15:03:08] IQRFID CLOSED: Access to the port 'COM9' is denied.
[2025-10-14 15:03:11] IQRFID CLOSED: Access to the port 'COM9' is denied.
[2025-10-14 15:03:14] IQRFID CLOSED: Access to the port 'COM9' is denied.
[2025-10-14 15:03:17] IQRFID CLOSED: Access to the port 'COM9' is denied.
[2025-10-14 15:03:20] IQRFID CLOSED: Access to the port 'COM9' is denied.
[2025-10-14 15:03:23] IQRFID CLOSED: Access to the port 'COM9' is denied.
[2025-10-14 15:03:26] IQRFID CLOSED: Access to the port 'COM9' is denied.
[2025-10-14 15:03:29] IQRFID CLOSED: Access to the port 'COM9' is denied.
[2025-10-14 15:03:32] IQRFID CLOSED: Access to the port 'COM9' is denied.
[2025-10-14 15:03:35] IQRFID CLOSED: Access to the port 'COM9' is denied.
[2025-10-14 15:03:38] IQRFID CLOSED: Access to the port 'COM9' is denied.
[2025-10-14 15:03:41] IQRFID CLOSED: Access to the port 'COM9' is denied.
[2025-10-14 15:03:44] IQRFID CLOSED: Access to the port 'COM9' is denied.
[2025-10-14 15:03:47] IQRFID CLOSED: Access to the port 'COM9' is denied.
[2025-10-14 15:03:50] IQRFID CLOSED: Access to the port 'COM9' is denied.
[2025-10-14 15:03:53] IQRFID CLOSED: Access to the port 'COM9' is denied.
[2025-10-14 15:03:56] IQRFID CLOSED: Access to the port 'COM9' is denied.
[2025-10-14 15:03:59] IQRFID CLOSED: Access to the port 'COM9' is denied.
[2025-10-14 15:04:02] IQRFID CLOSED: Access to the port 'COM9' is denied.
[2025-10-14 15:04:05] IQRFID CLOSED: Access to the port 'COM9' is denied.
[2025-10-14 15:04:08] IQRFID CLOSED: Access to the port 'COM9' is denied.
[2025-10-14 15:04:11] IQRFID CLOSED: Access to the port 'COM9' is denied.
[2025-10-14 15:04:14] IQRFID CLOSED: Access to the port 'COM9' is denied.
[2025-10-14 15:04:17] IQRFID CLOSED: Access to the port 'COM9' is denied.
[2025-10-14 15:04:20] IQRFID CLOSED: Access to the port 'COM9' is denied.
[2025-10-14 15:04:23] IQRFID CLOSED: Access to the port 'COM9' is denied.
[2025-10-14 15:04:26] IQRFID CLOSED: Access to the port 'COM9' is denied.
[2025-10-14 15:04:29] IQRFID CLOSED: Access to the port 'COM9' is denied.
[2025-10-14 15:04:32] IQRFID CLOSED: Access to the port 'COM9' is denied.
[2025-10-14 15:04:35] IQRFID CLOSED: Access to the port 'COM9' is denied.
[2025-10-14 15:04:38] IQRFID CLOSED: Access to the port 'COM9' is denied.
[2025-10-14 15:04:41] IQRFID CLOSED: Access to the port 'COM9' is denied.
[2025-10-14 15:04:44] IQRFID CLOSED: Access to the port 'COM9' is denied.
[2025-10-14 15:04:47] IQRFID CLOSED: Access to the port 'COM9' is denied.
[2025-10-14 15:04:50] IQRFID CLOSED: Access to the port 'COM9' is denied.
[2025-10-14 15:04:53] IQRFID CLOSED: Access to the port 'COM9' is denied.
[2025-10-14 15:04:56] IQRFID CLOSED: Access to the port 'COM9' is denied.
[2025-10-14 15:04:59] IQRFID CLOSED: Access to the port 'COM9' is denied.
[2025-10-14 15:05:02] IQRFID CLOSED: Access to the port 'COM9' is denied.
[2025-10-14 15:05:05] IQRFID CLOSED: Access to the port 'COM9' is denied.
[2025-10-14 15:05:08] IQRFID CLOSED: Access to the port 'COM9' is denied.
[2025-10-14 15:05:11] IQRFID CLOSED: Access to the port 'COM9' is denied.
[2025-10-14 15:05:14] IQRFID CLOSED: Access to the port 'COM9' is denied.
[2025-10-14 15:05:17] IQRFID CLOSED: Access to the port 'COM9' is denied.
[2025-10-14 15:05:20] IQRFID CLOSED: Access to the port 'COM9' is denied.
[2025-10-14 15:05:23] IQRFID CLOSED: Access to the port 'COM9' is denied.
[2025-10-14 15:05:26] IQRFID CLOSED: Access to the port 'COM9' is denied.
[2025-10-14 15:05:29] IQRFID CLOSED: Access to the port 'COM9' is denied.
[2025-10-14 15:05:32] IQRFID CLOSED: Access to the port 'COM9' is denied.
[2025-10-14 15:05:35] IQRFID CLOSED: Access to the port 'COM9' is denied.
[2025-10-14 15:05:38] IQRFID CLOSED: Access to the port 'COM9' is denied.
[2025-10-14 15:05:41] IQRFID CLOSED: Access to the port 'COM9' is denied.
[2025-10-14 15:05:44] IQRFID CLOSED: Access to the port 'COM9' is denied.
[2025-10-14 15:07:19] IQRFID CLOSED: Access to the port 'COM9' is denied.
[2025-10-14 15:07:22] IQRFID CLOSED: Access to the port 'COM9' is denied.
[2025-10-14 15:07:29] IQRFID CLOSED: Access to the port 'COM9' is denied.
[2025-10-14 15:07:32] IQRFID CLOSED: Access to the port 'COM9' is denied.
[2025-10-14 15:07:35] IQRFID CLOSED: Access to the port 'COM9' is denied.
[2025-10-14 15:07:38] IQRFID CLOSED: Access to the port 'COM9' is denied.
[2025-10-14 15:07:41] IQRFID CLOSED: Access to the port 'COM9' is denied.
[2025-10-14 15:07:47] IQRFID CLOSED: Access to the port 'COM9' is denied.
[2025-10-14 15:07:50] IQRFID CLOSED: Access to the port 'COM9' is denied.
[2025-10-14 15:07:53] IQRFID CLOSED: Access to the port 'COM9' is denied.
[2025-10-14 15:08:06] IQRFID CLOSED: Access to the port 'COM9' is denied.
[2025-10-14 15:08:09] IQRFID CLOSED: Access to the port 'COM9' is denied.
[2025-10-14 15:08:12] IQRFID CLOSED: Access to the port 'COM9' is denied.
[2025-10-14 15:08:15] IQRFID CLOSED: Access to the port 'COM9' is denied.
[2025-10-14 15:08:41] IQRFID CLOSED: Access to the port 'COM9' is denied.
[2025-10-14 15:08:44] IQRFID CLOSED: Access to the port 'COM9' is denied.
[2025-10-14 15:10:39] IQRFID CLOSED: Access to the port 'COM9' is denied.
[2025-10-14 15:10:42] IQRFID CLOSED: Access to the port 'COM9' is denied.
[2025-10-14 15:10:45] IQRFID CLOSED: Access to the port 'COM9' is denied.
[2025-10-14 15:20:00] IQRFID CLOSED: Access to the port 'COM9' is denied.
[2025-10-14 15:20:03] IQRFID CLOSED: Access to the port 'COM9' is denied.
[2025-10-14 15:20:06] IQRFID CLOSED: Access to the port 'COM9' is denied.
[2025-10-14 15:20:09] IQRFID CLOSED: Access to the port 'COM9' is denied.
[2025-10-14 15:20:12] IQRFID CLOSED: Access to the port 'COM9' is denied.
[2025-10-14 15:20:15] IQRFID CLOSED: Access to the port 'COM9' is denied.
[2025-10-14 16:32:21] IQRFID CLOSED: Access to the port 'COM9' is denied.
[2025-10-14 16:32:24] IQRFID CLOSED: Access to the port 'COM9' is denied.
[2025-10-14 16:32:27] IQRFID CLOSED: Access to the port 'COM9' is denied.
[2025-10-14 16:32:30] IQRFID CLOSED: Access to the port 'COM9' is denied.
[2025-10-14 16:32:33] IQRFID CLOSED: Access to the port 'COM9' is denied.
[2025-10-14 16:32:36] IQRFID CLOSED: Access to the port 'COM9' is denied.
[2025-10-14 16:32:39] IQRFID CLOSED: Access to the port 'COM9' is denied.
[2025-10-14 16:32:42] IQRFID CLOSED: Access to the port 'COM9' is denied.
[2025-10-14 16:32:45] IQRFID CLOSED: Access to the port 'COM9' is denied.
[2025-10-14 16:32:48] IQRFID CLOSED: Access to the port 'COM9' is denied.
[2025-10-14 16:32:51] IQRFID CLOSED: Access to the port 'COM9' is denied.
[2025-10-14 16:32:54] IQRFID CLOSED: Access to the port 'COM9' is denied.
[2025-10-30 22:38:49] IQRFID CLOSED: Access to the port 'COM3' is denied.
[2025-10-30 22:38:52] IQRFID CLOSED: Access to the port 'COM3' is denied.
[2025-10-30 22:38:55] IQRFID CLOSED: Access to the port 'COM3' is denied.
[2025-10-30 22:38:58] IQRFID CLOSED: Access to the port 'COM3' is denied.
[2025-10-30 22:39:01] IQRFID CLOSED: Access to the port 'COM3' is denied.
[2025-10-30 22:39:04] IQRFID CLOSED: Access to the port 'COM3' is denied.
[2025-10-30 22:39:07] IQRFID CLOSED: Access to the port 'COM3' is denied.
[2025-10-30 22:39:10] IQRFID CLOSED: Access to the port 'COM3' is denied.
[2025-10-30 22:40:06] IQRFID CLOSED: Access to the port 'COM3' is denied.
[2025-10-30 22:40:09] IQRFID CLOSED: Access to the port 'COM3' is denied.
[2025-10-30 22:40:12] IQRFID OPENED
[2025-10-30 22:40:34] IQRFID CLOSED: Access to the port 'COM3' is denied.
[2025-10-30 22:40:37] IQRFID CLOSED: Access to the port 'COM3' is denied.
[2025-10-30 22:40:40] IQRFID CLOSED: Access to the port 'COM3' is denied.
[2025-10-30 22:40:43] IQRFID CLOSED: Access to the port 'COM3' is denied.
[2025-10-30 22:40:46] IQRFID CLOSED: Access to the port 'COM3' is denied.
[2025-10-30 22:40:49] IQRFID CLOSED: Access to the port 'COM3' is denied.
[2025-10-30 22:40:52] IQRFID CLOSED: Access to the port 'COM3' is denied.
[2025-10-30 22:40:55] IQRFID CLOSED: Access to the port 'COM3' is denied.
[2025-10-30 22:40:58] IQRFID CLOSED: Access to the port 'COM3' is denied.
[2025-10-30 22:41:01] IQRFID CLOSED: Access to the port 'COM3' is denied.
[2025-10-30 22:41:04] IQRFID CLOSED: Access to the port 'COM3' is denied.
[2025-10-30 22:41:07] IQRFID CLOSED: Access to the port 'COM3' is denied.
[2025-10-30 22:41:10] IQRFID CLOSED: Access to the port 'COM3' is denied.
[2025-10-30 22:41:13] IQRFID CLOSED: Access to the port 'COM3' is denied.
[2025-10-30 22:41:16] IQRFID CLOSED: Access to the port 'COM3' is denied.
[2025-10-30 22:41:19] IQRFID CLOSED: Access to the port 'COM3' is denied.
[2025-10-30 22:41:22] IQRFID CLOSED: Access to the port 'COM3' is denied.
[2025-10-30 22:41:25] IQRFID CLOSED: Access to the port 'COM3' is denied.
[2025-10-30 22:41:28] IQRFID CLOSED: Access to the port 'COM3' is denied.
[2025-10-30 22:41:31] IQRFID CLOSED: Access to the port 'COM3' is denied.
[2025-10-30 22:41:34] IQRFID CLOSED: Access to the port 'COM3' is denied.
[2025-10-30 22:41:37] IQRFID CLOSED: Access to the port 'COM3' is denied.
[2025-10-30 22:41:40] IQRFID CLOSED: Access to the port 'COM3' is denied.
[2025-10-30 22:41:43] IQRFID CLOSED: Access to the port 'COM3' is denied.
[2025-10-30 22:41:46] IQRFID CLOSED: Access to the port 'COM3' is denied.
[2025-10-30 22:41:49] IQRFID CLOSED: Access to the port 'COM3' is denied.
[2025-10-30 22:41:52] IQRFID CLOSED: Access to the port 'COM3' is denied.
[2025-10-30 22:41:55] IQRFID CLOSED: Access to the port 'COM3' is denied.
[2025-10-30 22:41:58] IQRFID CLOSED: Access to the port 'COM3' is denied.
[2025-10-30 22:42:01] IQRFID CLOSED: Access to the port 'COM3' is denied.
[2025-10-30 22:42:04] IQRFID CLOSED: Access to the port 'COM3' is denied.
[2025-10-30 22:42:07] IQRFID CLOSED: Access to the port 'COM3' is denied.
[2025-10-30 22:42:10] IQRFID CLOSED: Access to the port 'COM3' is denied.
[2025-10-30 22:42:13] IQRFID CLOSED: Access to the port 'COM3' is denied.
[2025-10-30 22:42:16] IQRFID CLOSED: Access to the port 'COM3' is denied.
[2025-10-30 22:42:19] IQRFID CLOSED: Access to the port 'COM3' is denied.
[2025-10-30 22:42:22] IQRFID CLOSED: Access to the port 'COM3' is denied.
[2025-10-30 22:42:25] IQRFID CLOSED: Access to the port 'COM3' is denied.
[2025-10-30 22:42:28] IQRFID CLOSED: Access to the port 'COM3' is denied.
[2025-10-30 22:42:31] IQRFID CLOSED: Access to the port 'COM3' is denied.
[2025-10-30 22:42:34] IQRFID CLOSED: Access to the port 'COM3' is denied.
[2025-10-30 22:42:37] IQRFID CLOSED: Access to the port 'COM3' is denied.
[2025-10-30 22:42:40] IQRFID CLOSED: Access to the port 'COM3' is denied.
[2025-10-30 22:42:43] IQRFID CLOSED: Access to the port 'COM3' is denied.
[2025-10-30 22:42:46] IQRFID CLOSED: Access to the port 'COM3' is denied.
[2025-10-30 22:42:49] IQRFID CLOSED: Access to the port 'COM3' is denied.
[2025-10-30 22:42:52] IQRFID CLOSED: Access to the port 'COM3' is denied.
[2025-10-30 22:42:55] IQRFID CLOSED: Access to the port 'COM3' is denied.
[2025-10-30 22:42:58] IQRFID CLOSED: Access to the port 'COM3' is denied.
[2025-10-30 22:43:01] IQRFID CLOSED: Access to the port 'COM3' is denied.
[2025-10-30 22:43:04] IQRFID CLOSED: Access to the port 'COM3' is denied.
[2025-10-30 22:43:07] IQRFID CLOSED: Access to the port 'COM3' is denied.
[2025-10-30 22:43:10] IQRFID CLOSED: Access to the port 'COM3' is denied.
[2025-10-30 22:43:13] IQRFID CLOSED: Access to the port 'COM3' is denied.
[2025-10-30 22:43:16] IQRFID CLOSED: Access to the port 'COM3' is denied.
[2025-10-30 22:43:19] IQRFID CLOSED: Access to the port 'COM3' is denied.
[2025-10-30 22:43:22] IQRFID CLOSED: Access to the port 'COM3' is denied.
[2025-10-30 22:43:25] IQRFID CLOSED: Access to the port 'COM3' is denied.
[2025-10-30 22:43:28] IQRFID CLOSED: Access to the port 'COM3' is denied.
[2025-10-30 22:43:31] IQRFID CLOSED: Access to the port 'COM3' is denied.
[2025-10-30 22:43:34] IQRFID CLOSED: Access to the port 'COM3' is denied.
[2025-10-30 22:43:37] IQRFID CLOSED: Access to the port 'COM3' is denied.
[2025-10-30 22:43:40] IQRFID CLOSED: Access to the port 'COM3' is denied.
[2025-10-30 22:43:43] IQRFID CLOSED: Access to the port 'COM3' is denied.
[2025-10-30 22:43:46] IQRFID CLOSED: Access to the port 'COM3' is denied.
[2025-10-30 22:43:49] IQRFID CLOSED: Access to the port 'COM3' is denied.
[2025-10-30 22:43:52] IQRFID CLOSED: Access to the port 'COM3' is denied.
[2025-10-30 22:43:55] IQRFID CLOSED: Access to the port 'COM3' is denied.
[2025-10-30 22:43:59] IQRFID CLOSED: Access to the port 'COM3' is denied.
[2025-10-30 22:44:45] IQRFID CLOSED: Access to the port 'COM3' is denied.
[2025-10-30 22:44:48] IQRFID CLOSED: Access to the port 'COM3' is denied.
[2025-10-30 22:44:51] IQRFID CLOSED: Access to the port 'COM3' is denied.
[2025-10-30 22:44:54] IQRFID CLOSED: Access to the port 'COM3' is denied.
[2025-10-30 22:44:57] IQRFID CLOSED: Access to the port 'COM3' is denied.
[2025-10-30 22:45:00] IQRFID CLOSED: Access to the port 'COM3' is denied.
[2025-10-30 22:45:03] IQRFID CLOSED: Access to the port 'COM3' is denied.
[2025-10-30 22:45:06] IQRFID CLOSED: Access to the port 'COM3' is denied.
[2025-10-30 22:45:09] IQRFID CLOSED: Access to the port 'COM3' is denied.
[2025-10-30 22:45:12] IQRFID CLOSED: Access to the port 'COM3' is denied.
[2025-10-30 22:45:15] IQRFID CLOSED: Access to the port 'COM3' is denied.
[2025-10-30 22:45:18] IQRFID CLOSED: Access to the port 'COM3' is denied.
[2025-10-30 22:45:21] IQRFID CLOSED: Access to the port 'COM3' is denied.
[2025-10-30 22:45:24] IQRFID CLOSED: Access to the port 'COM3' is denied.
[2025-10-30 22:45:27] IQRFID CLOSED: Access to the port 'COM3' is denied.
[2025-10-30 22:45:30] IQRFID CLOSED: Access to the port 'COM3' is denied.
[2025-10-30 22:45:33] IQRFID CLOSED: Access to the port 'COM3' is denied.
[2025-10-30 22:45:36] IQRFID CLOSED: Access to the port 'COM3' is denied.
[2025-10-30 22:45:39] IQRFID CLOSED: Access to the port 'COM3' is denied.
[2025-10-30 22:45:42] IQRFID CLOSED: Access to the port 'COM3' is denied.
[2025-10-30 22:45:45] IQRFID CLOSED: Access to the port 'COM3' is denied.
[2025-10-30 22:45:48] IQRFID CLOSED: Access to the port 'COM3' is denied.
[2025-10-30 22:45:51] IQRFID CLOSED: Access to the port 'COM3' is denied.
[2025-10-30 22:45:54] IQRFID CLOSED: Access to the port 'COM3' is denied.
[2025-10-30 22:45:57] IQRFID CLOSED: Access to the port 'COM3' is denied.
[2025-10-30 22:46:00] IQRFID CLOSED: Access to the port 'COM3' is denied.
[2025-10-30 22:46:03] IQRFID CLOSED: Access to the port 'COM3' is denied.
[2025-10-30 22:46:06] IQRFID CLOSED: Access to the port 'COM3' is denied.
[2025-10-30 22:46:09] IQRFID CLOSED: Access to the port 'COM3' is denied.
[2025-10-30 22:46:12] IQRFID CLOSED: Access to the port 'COM3' is denied.
[2025-10-30 22:46:15] IQRFID CLOSED: Access to the port 'COM3' is denied.
[2025-10-30 22:46:22] IQRFID CLOSED: Access to the port 'COM3' is denied.
[2025-10-30 22:46:25] IQRFID CLOSED: Access to the port 'COM3' is denied.
[2025-10-30 22:46:28] IQRFID CLOSED: Access to the port 'COM3' is denied.
[2025-10-30 22:46:31] IQRFID CLOSED: Access to the port 'COM3' is denied.
[2025-10-30 22:46:34] IQRFID CLOSED: Access to the port 'COM3' is denied.
[2025-10-30 22:46:37] IQRFID CLOSED: Access to the port 'COM3' is denied.
[2025-10-30 22:46:40] IQRFID CLOSED: Access to the port 'COM3' is denied.
[2025-10-30 22:46:43] IQRFID CLOSED: Access to the port 'COM3' is denied.
[2025-10-30 22:46:46] IQRFID CLOSED: Access to the port 'COM3' is denied.
[2025-10-30 22:46:49] IQRFID CLOSED: Access to the port 'COM3' is denied.
[2025-10-30 22:46:52] IQRFID CLOSED: Access to the port 'COM3' is denied.
[2025-10-30 22:46:55] IQRFID CLOSED: Access to the port 'COM3' is denied.
[2025-10-30 22:46:58] IQRFID CLOSED: Access to the port 'COM3' is denied.
[2025-10-30 22:47:01] IQRFID CLOSED: Access to the port 'COM3' is denied.
[2025-10-30 22:47:04] IQRFID CLOSED: Access to the port 'COM3' is denied.
[2025-10-30 22:47:07] IQRFID CLOSED: Access to the port 'COM3' is denied.
[2025-10-30 22:47:10] IQRFID CLOSED: Access to the port 'COM3' is denied.
[2025-10-30 22:47:13] IQRFID CLOSED: Access to the port 'COM3' is denied.
[2025-10-30 22:47:16] IQRFID CLOSED: Access to the port 'COM3' is denied.
[2025-10-30 22:47:19] IQRFID CLOSED: Access to the port 'COM3' is denied.
[2025-10-30 22:47:22] IQRFID CLOSED: Access to the port 'COM3' is denied.
[2025-10-30 22:47:25] IQRFID CLOSED: Access to the port 'COM3' is denied.
[2025-10-30 22:47:28] IQRFID CLOSED: Access to the port 'COM3' is denied.
[2025-10-30 22:47:31] IQRFID CLOSED: Access to the port 'COM3' is denied.
[2025-10-30 22:47:34] IQRFID CLOSED: Access to the port 'COM3' is denied.
[2025-10-30 22:47:37] IQRFID CLOSED: Access to the port 'COM3' is denied.
[2025-10-30 22:47:40] IQRFID CLOSED: Access to the port 'COM3' is denied.
[2025-10-30 22:47:43] IQRFID CLOSED: Access to the port 'COM3' is denied.
[2025-10-30 22:47:46] IQRFID CLOSED: Access to the port 'COM3' is denied.
[2025-10-30 22:47:49] IQRFID CLOSED: Access to the port 'COM3' is denied.
[2025-10-30 22:47:52] IQRFID CLOSED: Access to the port 'COM3' is denied.
[2025-10-30 22:47:55] IQRFID CLOSED: Access to the port 'COM3' is denied.
[2025-10-30 22:47:58] IQRFID CLOSED: Access to the port 'COM3' is denied.
[2025-10-30 22:48:01] IQRFID CLOSED: Access to the port 'COM3' is denied.
[2025-10-30 22:48:04] IQRFID CLOSED: Access to the port 'COM3' is denied.
[2025-10-30 22:48:07] IQRFID CLOSED: Access to the port 'COM3' is denied.
[2025-10-30 22:48:10] IQRFID CLOSED: Access to the port 'COM3' is denied.
[2025-10-30 22:48:13] IQRFID CLOSED: Access to the port 'COM3' is denied.
[2025-10-30 22:48:16] IQRFID CLOSED: Access to the port 'COM3' is denied.
[2025-10-30 22:48:19] IQRFID CLOSED: Access to the port 'COM3' is denied.
[2025-10-30 22:48:22] IQRFID CLOSED: Access to the port 'COM3' is denied.
[2025-10-30 22:48:25] IQRFID CLOSED: Access to the port 'COM3' is denied.
[2025-10-30 22:48:28] IQRFID CLOSED: Access to the port 'COM3' is denied.
[2025-10-30 22:48:31] IQRFID CLOSED: Access to the port 'COM3' is denied.
[2025-10-30 22:48:34] IQRFID CLOSED: Access to the port 'COM3' is denied.
[2025-10-30 22:48:37] IQRFID CLOSED: Access to the port 'COM3' is denied.
[2025-10-30 22:48:40] IQRFID CLOSED: Access to the port 'COM3' is denied.
[2025-10-30 22:48:43] IQRFID CLOSED: Access to the port 'COM3' is denied.
[2025-10-30 22:48:46] IQRFID CLOSED: Access to the port 'COM3' is denied.
[2025-10-30 22:48:50] IQRFID CLOSED: Access to the port 'COM3' is denied.
[2025-10-30 22:48:53] IQRFID CLOSED: Access to the port 'COM3' is denied.
[2025-10-30 22:48:56] IQRFID CLOSED: Access to the port 'COM3' is denied.
[2025-10-30 22:48:59] IQRFID CLOSED: Access to the port 'COM3' is denied.
[2025-10-30 22:49:02] IQRFID CLOSED: Access to the port 'COM3' is denied.
[2025-10-30 22:49:05] IQRFID CLOSED: Access to the port 'COM3' is denied.
[2025-10-30 22:49:08] IQRFID CLOSED: Access to the port 'COM3' is denied.
[2025-10-30 22:49:11] IQRFID CLOSED: Access to the port 'COM3' is denied.
[2025-10-30 22:49:14] IQRFID CLOSED: Access to the port 'COM3' is denied.
[2025-10-30 22:49:17] IQRFID CLOSED: Access to the port 'COM3' is denied.
[2025-10-30 22:49:20] IQRFID CLOSED: Access to the port 'COM3' is denied.
[2025-10-30 22:49:23] IQRFID CLOSED: Access to the port 'COM3' is denied.
[2025-10-30 22:49:26] IQRFID CLOSED: Access to the port 'COM3' is denied.
[2025-10-30 22:49:29] IQRFID CLOSED: Access to the port 'COM3' is denied.
[2025-10-30 22:49:32] IQRFID CLOSED: Access to the port 'COM3' is denied.
[2025-10-30 22:49:35] IQRFID CLOSED: Access to the port 'COM3' is denied.
[2025-10-30 22:49:38] IQRFID CLOSED: Access to the port 'COM3' is denied.
[2025-10-30 22:49:41] IQRFID CLOSED: Access to the port 'COM3' is denied.
[2025-10-30 22:49:44] IQRFID CLOSED: Access to the port 'COM3' is denied.
[2025-10-30 22:49:47] IQRFID CLOSED: Access to the port 'COM3' is denied.
[2025-10-30 22:49:50] IQRFID CLOSED: Access to the port 'COM3' is denied.
[2025-10-30 22:49:53] IQRFID CLOSED: Access to the port 'COM3' is denied.
[2025-10-30 22:49:56] IQRFID CLOSED: Access to the port 'COM3' is denied.
[2025-10-30 22:49:59] IQRFID CLOSED: Access to the port 'COM3' is denied.
[2025-10-30 22:50:02] IQRFID CLOSED: Access to the port 'COM3' is denied.
[2025-10-30 22:50:05] IQRFID CLOSED: Access to the port 'COM3' is denied.
[2025-10-30 22:50:08] IQRFID CLOSED: Access to the port 'COM3' is denied.
[2025-10-30 22:50:11] IQRFID CLOSED: Access to the port 'COM3' is denied.
[2025-10-30 22:50:14] IQRFID CLOSED: Access to the port 'COM3' is denied.
[2025-10-30 22:50:17] IQRFID CLOSED: Access to the port 'COM3' is denied.
[2025-10-30 22:50:20] IQRFID CLOSED: Access to the port 'COM3' is denied.
[2025-10-30 22:50:23] IQRFID CLOSED: Access to the port 'COM3' is denied.
[2025-10-30 22:50:26] IQRFID CLOSED: Access to the port 'COM3' is denied.
[2025-10-30 22:50:29] IQRFID CLOSED: Access to the port 'COM3' is denied.
[2025-10-30 22:50:32] IQRFID CLOSED: Access to the port 'COM3' is denied.
[2025-10-30 22:50:35] IQRFID CLOSED: Access to the port 'COM3' is denied.
[2025-10-30 22:50:38] IQRFID CLOSED: Access to the port 'COM3' is denied.
[2025-10-30 22:50:41] IQRFID CLOSED: Access to the port 'COM3' is denied.
[2025-10-30 22:50:44] IQRFID CLOSED: Access to the port 'COM3' is denied.
[2025-10-30 22:50:47] IQRFID CLOSED: Access to the port 'COM3' is denied.
[2025-10-30 22:50:50] IQRFID CLOSED: Access to the port 'COM3' is denied.
[2025-10-30 22:50:53] IQRFID CLOSED: Access to the port 'COM3' is denied.
[2025-10-30 22:50:56] IQRFID CLOSED: Access to the port 'COM3' is denied.
[2025-10-30 22:50:59] IQRFID CLOSED: Access to the port 'COM3' is denied.
[2025-10-30 22:51:02] IQRFID CLOSED: Access to the port 'COM3' is denied.
[2025-10-30 22:51:05] IQRFID CLOSED: Access to the port 'COM3' is denied.
[2025-10-30 22:51:08] IQRFID CLOSED: Access to the port 'COM3' is denied.
[2025-10-30 22:51:11] IQRFID CLOSED: Access to the port 'COM3' is denied.
[2025-10-30 22:51:14] IQRFID CLOSED: Access to the port 'COM3' is denied.
[2025-10-30 22:51:17] IQRFID CLOSED: Access to the port 'COM3' is denied.
[2025-10-30 22:51:20] IQRFID CLOSED: Access to the port 'COM3' is denied.
[2025-10-30 22:51:23] IQRFID CLOSED: Access to the port 'COM3' is denied.
[2025-10-30 22:51:26] IQRFID CLOSED: Access to the port 'COM3' is denied.
[2025-10-30 22:51:29] IQRFID CLOSED: Access to the port 'COM3' is denied.
[2025-10-30 22:51:32] IQRFID CLOSED: Access to the port 'COM3' is denied.
[2025-10-30 22:51:35] IQRFID CLOSED: Access to the port 'COM3' is denied.
[2025-10-30 22:51:38] IQRFID CLOSED: Access to the port 'COM3' is denied.
[2025-10-30 22:51:41] IQRFID CLOSED: Access to the port 'COM3' is denied.
[2025-10-30 22:51:44] IQRFID CLOSED: Access to the port 'COM3' is denied.
[2025-10-30 22:51:47] IQRFID CLOSED: Access to the port 'COM3' is denied.
[2025-10-30 22:51:50] IQRFID CLOSED: Access to the port 'COM3' is denied.
[2025-10-30 22:51:53] IQRFID CLOSED: Access to the port 'COM3' is denied.
[2025-10-30 22:51:56] IQRFID CLOSED: Access to the port 'COM3' is denied.
[2025-10-30 22:51:59] IQRFID CLOSED: Access to the port 'COM3' is denied.
[2025-10-30 22:52:02] IQRFID CLOSED: Access to the port 'COM3' is denied.
[2025-10-30 22:52:05] IQRFID CLOSED: Access to the port 'COM3' is denied.
[2025-10-30 22:52:08] IQRFID CLOSED: Access to the port 'COM3' is denied.
[2025-10-30 22:52:11] IQRFID CLOSED: Access to the port 'COM3' is denied.
[2025-10-30 22:52:14] IQRFID CLOSED: Access to the port 'COM3' is denied.
[2025-10-30 22:52:17] IQRFID CLOSED: Access to the port 'COM3' is denied.
[2025-10-30 22:52:20] IQRFID CLOSED: Access to the port 'COM3' is denied.
[2025-10-30 22:52:23] IQRFID CLOSED: Access to the port 'COM3' is denied.
[2025-10-30 22:52:26] IQRFID CLOSED: Access to the port 'COM3' is denied.
[2025-10-30 22:52:29] IQRFID CLOSED: Access to the port 'COM3' is denied.
[2025-10-30 22:52:32] IQRFID CLOSED: Access to the port 'COM3' is denied.
[2025-10-30 22:52:35] IQRFID CLOSED: Access to the port 'COM3' is denied.
[2025-10-30 22:52:38] IQRFID CLOSED: Access to the port 'COM3' is denied.
[2025-10-30 22:52:41] IQRFID CLOSED: Access to the port 'COM3' is denied.
[2025-10-30 22:52:44] IQRFID CLOSED: Access to the port 'COM3' is denied.
[2025-10-30 22:52:47] IQRFID CLOSED: Access to the port 'COM3' is denied.
[2025-10-30 22:52:50] IQRFID CLOSED: Access to the port 'COM3' is denied.
[2025-10-30 22:52:53] IQRFID CLOSED: Access to the port 'COM3' is denied.
[2025-10-30 22:52:56] IQRFID CLOSED: Access to the port 'COM3' is denied.
[2025-10-30 22:53:00] IQRFID CLOSED: Access to the port 'COM3' is denied.
[2025-10-30 22:53:03] IQRFID CLOSED: Access to the port 'COM3' is denied.
[2025-10-30 22:53:06] IQRFID CLOSED: Access to the port 'COM3' is denied.
[2025-10-30 22:53:09] IQRFID CLOSED: Access to the port 'COM3' is denied.
[2025-10-30 22:53:12] IQRFID CLOSED: Access to the port 'COM3' is denied.
[2025-10-30 22:53:15] IQRFID CLOSED: Access to the port 'COM3' is denied.
[2025-10-30 22:53:18] IQRFID CLOSED: Access to the port 'COM3' is denied.
[2025-10-30 22:53:21] IQRFID CLOSED: Access to the port 'COM3' is denied.
[2025-10-30 22:53:24] IQRFID CLOSED: Access to the port 'COM3' is denied.
[2025-10-30 22:53:27] IQRFID CLOSED: Access to the port 'COM3' is denied.
[2025-10-30 22:53:30] IQRFID CLOSED: Access to the port 'COM3' is denied.
[2025-10-30 22:53:33] IQRFID CLOSED: Access to the port 'COM3' is denied.
[2025-10-30 22:53:36] IQRFID CLOSED: Access to the port 'COM3' is denied.
[2025-10-30 22:53:39] IQRFID CLOSED: Access to the port 'COM3' is denied.
[2025-10-30 22:53:42] IQRFID CLOSED: Access to the port 'COM3' is denied.
[2025-10-30 22:53:45] IQRFID CLOSED: Access to the port 'COM3' is denied.
[2025-10-30 22:53:48] IQRFID CLOSED: Access to the port 'COM3' is denied.
[2025-10-30 22:53:51] IQRFID CLOSED: Access to the port 'COM3' is denied.
[2025-10-30 22:53:54] IQRFID CLOSED: Access to the port 'COM3' is denied.
[2025-10-30 22:53:57] IQRFID CLOSED: Access to the port 'COM3' is denied.
[2025-10-30 22:54:00] IQRFID CLOSED: Access to the port 'COM3' is denied.
[2025-10-30 22:54:03] IQRFID CLOSED: Access to the port 'COM3' is denied.
[2025-10-30 22:54:06] IQRFID CLOSED: Access to the port 'COM3' is denied.
[2025-10-30 22:54:09] IQRFID CLOSED: Access to the port 'COM3' is denied.
[2025-10-30 22:54:12] IQRFID CLOSED: Access to the port 'COM3' is denied.
[2025-10-30 22:54:15] IQRFID CLOSED: Access to the port 'COM3' is denied.
[2025-10-30 22:54:18] IQRFID CLOSED: Access to the port 'COM3' is denied.
[2025-10-30 22:54:21] IQRFID CLOSED: Access to the port 'COM3' is denied.
[2025-10-30 22:54:24] IQRFID CLOSED: Access to the port 'COM3' is denied.
[2025-10-30 22:54:27] IQRFID CLOSED: Access to the port 'COM3' is denied.
[2025-10-30 22:54:30] IQRFID CLOSED: Access to the port 'COM3' is denied.
[2025-10-30 22:54:33] IQRFID CLOSED: Access to the port 'COM3' is denied.
[2025-10-30 22:54:36] IQRFID CLOSED: Access to the port 'COM3' is denied.
[2025-10-30 22:54:39] IQRFID CLOSED: Access to the port 'COM3' is denied.
[2025-10-30 22:54:42] IQRFID CLOSED: Access to the port 'COM3' is denied.
[2025-10-30 22:54:45] IQRFID CLOSED: Access to the port 'COM3' is denied.
[2025-10-30 22:54:48] IQRFID CLOSED: Access to the port 'COM3' is denied.
[2025-10-30 22:54:51] IQRFID CLOSED: Access to the port 'COM3' is denied.
[2025-10-30 22:54:54] IQRFID CLOSED: Access to the port 'COM3' is denied.
[2025-10-30 22:54:57] IQRFID CLOSED: Access to the port 'COM3' is denied.
[2025-10-30 22:55:00] IQRFID CLOSED: Access to the port 'COM3' is denied.
[2025-10-30 22:55:03] IQRFID CLOSED: Access to the port 'COM3' is denied.
[2025-10-30 22:55:06] IQRFID CLOSED: Access to the port 'COM3' is denied.
[2025-10-30 22:55:09] IQRFID CLOSED: Access to the port 'COM3' is denied.
[2025-10-30 22:55:12] IQRFID CLOSED: Access to the port 'COM3' is denied.
[2025-10-30 22:55:15] IQRFID CLOSED: Access to the port 'COM3' is denied.
[2025-10-30 22:55:18] IQRFID CLOSED: Access to the port 'COM3' is denied.
[2025-10-30 22:55:21] IQRFID CLOSED: Access to the port 'COM3' is denied.
[2025-10-30 22:55:24] IQRFID CLOSED: Access to the port 'COM3' is denied.
[2025-10-30 22:55:27] IQRFID CLOSED: Access to the port 'COM3' is denied.
[2025-10-30 22:55:30] IQRFID CLOSED: Access to the port 'COM3' is denied.
[2025-10-30 22:55:33] IQRFID CLOSED: Access to the port 'COM3' is denied.
[2025-10-30 22:55:36] IQRFID CLOSED: Access to the port 'COM3' is denied.
[2025-10-30 22:55:39] IQRFID CLOSED: Access to the port 'COM3' is denied.
[2025-10-30 22:55:42] IQRFID CLOSED: Access to the port 'COM3' is denied.
[2025-10-30 22:55:45] IQRFID CLOSED: Access to the port 'COM3' is denied.
[2025-10-30 22:55:48] IQRFID CLOSED: Access to the port 'COM3' is denied.
[2025-10-30 22:55:51] IQRFID CLOSED: Access to the port 'COM3' is denied.
[2025-10-30 22:55:54] IQRFID CLOSED: Access to the port 'COM3' is denied.
[2025-10-30 22:55:57] IQRFID CLOSED: Access to the port 'COM3' is denied.
[2025-10-30 22:56:00] IQRFID CLOSED: Access to the port 'COM3' is denied.
[2025-10-30 22:56:03] IQRFID CLOSED: Access to the port 'COM3' is denied.
[2025-10-30 22:56:06] IQRFID CLOSED: Access to the port 'COM3' is denied.
[2025-10-30 22:56:09] IQRFID CLOSED: Access to the port 'COM3' is denied.
[2025-10-30 22:56:12] IQRFID CLOSED: Access to the port 'COM3' is denied.
[2025-10-30 22:56:15] IQRFID CLOSED: Access to the port 'COM3' is denied.
[2025-10-30 22:56:18] IQRFID CLOSED: Access to the port 'COM3' is denied.
[2025-10-30 22:56:21] IQRFID CLOSED: Access to the port 'COM3' is denied.
[2025-10-30 22:56:24] IQRFID CLOSED: Access to the port 'COM3' is denied.
[2025-10-30 22:56:27] IQRFID CLOSED: Access to the port 'COM3' is denied.
[2025-10-30 22:56:30] IQRFID CLOSED: Access to the port 'COM3' is denied.
[2025-10-30 22:56:33] IQRFID CLOSED: Access to the port 'COM3' is denied.
[2025-10-30 22:56:36] IQRFID CLOSED: Access to the port 'COM3' is denied.
[2025-10-30 22:56:39] IQRFID CLOSED: Access to the port 'COM3' is denied.
[2025-10-30 22:56:42] IQRFID CLOSED: Access to the port 'COM3' is denied.
[2025-10-30 22:56:45] IQRFID CLOSED: Access to the port 'COM3' is denied.
[2025-10-30 22:56:48] IQRFID CLOSED: Access to the port 'COM3' is denied.
[2025-10-30 22:56:51] IQRFID CLOSED: Access to the port 'COM3' is denied.
[2025-10-30 22:56:54] IQRFID CLOSED: Access to the port 'COM3' is denied.
[2025-10-30 22:56:57] IQRFID CLOSED: Access to the port 'COM3' is denied.
[2025-10-30 22:57:00] IQRFID CLOSED: Access to the port 'COM3' is denied.
[2025-10-30 22:57:03] IQRFID CLOSED: Access to the port 'COM3' is denied.
[2025-10-30 22:57:06] IQRFID CLOSED: Access to the port 'COM3' is denied.
[2025-10-30 22:57:09] IQRFID CLOSED: Access to the port 'COM3' is denied.
[2025-10-30 22:57:12] IQRFID CLOSED: Access to the port 'COM3' is denied.
[2025-10-30 22:57:16] IQRFID CLOSED: Access to the port 'COM3' is denied.
[2025-10-30 22:57:19] IQRFID CLOSED: Access to the port 'COM3' is denied.
[2025-10-30 22:57:22] IQRFID CLOSED: Access to the port 'COM3' is denied.
[2025-10-30 22:57:25] IQRFID CLOSED: Access to the port 'COM3' is denied.
[2025-10-30 22:57:28] IQRFID CLOSED: Access to the port 'COM3' is denied.
[2025-10-30 22:57:31] IQRFID CLOSED: Access to the port 'COM3' is denied.
[2025-10-30 22:57:34] IQRFID CLOSED: Access to the port 'COM3' is denied.
[2025-10-30 22:57:37] IQRFID CLOSED: Access to the port 'COM3' is denied.
[2025-10-30 22:57:40] IQRFID CLOSED: Access to the port 'COM3' is denied.
[2025-10-30 22:57:43] IQRFID CLOSED: Access to the port 'COM3' is denied.
[2025-10-30 22:57:46] IQRFID CLOSED: Access to the port 'COM3' is denied.
[2025-10-30 22:57:49] IQRFID CLOSED: Access to the port 'COM3' is denied.
[2025-10-30 22:57:52] IQRFID CLOSED: Access to the port 'COM3' is denied.
[2025-10-30 22:57:55] IQRFID CLOSED: Access to the port 'COM3' is denied.
[2025-10-30 22:57:58] IQRFID CLOSED: Access to the port 'COM3' is denied.
[2025-10-30 22:58:01] IQRFID CLOSED: Access to the port 'COM3' is denied.
[2025-10-30 22:58:04] IQRFID CLOSED: Access to the port 'COM3' is denied.
[2025-10-30 22:58:07] IQRFID CLOSED: Access to the port 'COM3' is denied.
[2025-10-30 22:58:10] IQRFID CLOSED: Access to the port 'COM3' is denied.
[2025-10-30 22:58:13] IQRFID CLOSED: Access to the port 'COM3' is denied.
[2025-10-30 22:58:16] IQRFID CLOSED: Access to the port 'COM3' is denied.
[2025-10-30 22:58:19] IQRFID CLOSED: Access to the port 'COM3' is denied.
[2025-10-30 22:58:22] IQRFID CLOSED: Access to the port 'COM3' is denied.
[2025-10-30 22:58:25] IQRFID CLOSED: Access to the port 'COM3' is denied.
[2025-10-30 22:58:28] IQRFID CLOSED: Access to the port 'COM3' is denied.
[2025-10-30 22:58:31] IQRFID CLOSED: Access to the port 'COM3' is denied.
[2025-10-30 22:58:34] IQRFID CLOSED: Access to the port 'COM3' is denied.
[2025-10-30 22:58:37] IQRFID CLOSED: Access to the port 'COM3' is denied.
[2025-10-30 22:58:40] IQRFID CLOSED: Access to the port 'COM3' is denied.
[2025-10-30 22:58:43] IQRFID CLOSED: Access to the port 'COM3' is denied.
[2025-10-30 22:58:46] IQRFID CLOSED: Access to the port 'COM3' is denied.
[2025-10-30 22:58:49] IQRFID CLOSED: Access to the port 'COM3' is denied.
[2025-10-30 22:58:52] IQRFID CLOSED: Access to the port 'COM3' is denied.
[2025-10-30 22:58:55] IQRFID CLOSED: Access to the port 'COM3' is denied.
[2025-10-30 22:58:58] IQRFID CLOSED: Access to the port 'COM3' is denied.
[2025-10-30 22:59:01] IQRFID CLOSED: Access to the port 'COM3' is denied.
[2025-10-30 22:59:04] IQRFID CLOSED: Access to the port 'COM3' is denied.
[2025-10-30 22:59:07] IQRFID CLOSED: Access to the port 'COM3' is denied.
[2025-10-30 22:59:10] IQRFID CLOSED: Access to the port 'COM3' is denied.
[2025-10-30 22:59:13] IQRFID CLOSED: Access to the port 'COM3' is denied.
[2025-10-30 22:59:16] IQRFID CLOSED: Access to the port 'COM3' is denied.
[2025-10-30 22:59:19] IQRFID CLOSED: Access to the port 'COM3' is denied.
[2025-10-30 22:59:22] IQRFID CLOSED: Access to the port 'COM3' is denied.
[2025-10-30 22:59:25] IQRFID CLOSED: Access to the port 'COM3' is denied.
[2025-10-30 22:59:28] IQRFID CLOSED: Access to the port 'COM3' is denied.
[2025-10-30 22:59:31] IQRFID CLOSED: Access to the port 'COM3' is denied.
[2025-10-30 22:59:34] IQRFID CLOSED: Access to the port 'COM3' is denied.
[2025-10-30 22:59:37] IQRFID CLOSED: Access to the port 'COM3' is denied.
[2025-10-30 22:59:40] IQRFID CLOSED: Access to the port 'COM3' is denied.
[2025-10-30 22:59:43] IQRFID CLOSED: Access to the port 'COM3' is denied.
[2025-10-30 22:59:46] IQRFID CLOSED: Access to the port 'COM3' is denied.
[2025-10-30 22:59:49] IQRFID CLOSED: Access to the port 'COM3' is denied.
[2025-10-30 22:59:52] IQRFID CLOSED: Access to the port 'COM3' is denied.
[2025-10-30 22:59:55] IQRFID CLOSED: Access to the port 'COM3' is denied.
[2025-10-30 22:59:58] IQRFID CLOSED: Access to the port 'COM3' is denied.
[2025-10-30 23:00:01] IQRFID CLOSED: Access to the port 'COM3' is denied.
[2025-10-30 23:00:04] IQRFID CLOSED: Access to the port 'COM3' is denied.
[2025-10-30 23:00:07] IQRFID CLOSED: Access to the port 'COM3' is denied.
[2025-10-30 23:00:10] IQRFID CLOSED: Access to the port 'COM3' is denied.
[2025-10-30 23:00:13] IQRFID CLOSED: Access to the port 'COM3' is denied.
[2025-10-30 23:00:16] IQRFID CLOSED: Access to the port 'COM3' is denied.
[2025-10-30 23:00:19] IQRFID CLOSED: Access to the port 'COM3' is denied.
[2025-10-30 23:00:22] IQRFID CLOSED: Access to the port 'COM3' is denied.
[2025-10-30 23:00:25] IQRFID CLOSED: Access to the port 'COM3' is denied.
[2025-10-30 23:00:28] IQRFID CLOSED: Access to the port 'COM3' is denied.
[2025-10-30 23:00:31] IQRFID CLOSED: Access to the port 'COM3' is denied.
[2025-10-30 23:00:34] IQRFID CLOSED: Access to the port 'COM3' is denied.
[2025-10-30 23:00:37] IQRFID CLOSED: Access to the port 'COM3' is denied.
[2025-10-30 23:00:40] IQRFID CLOSED: Access to the port 'COM3' is denied.
[2025-10-30 23:00:43] IQRFID CLOSED: Access to the port 'COM3' is denied.
[2025-10-30 23:00:46] IQRFID CLOSED: Access to the port 'COM3' is denied.
[2025-10-30 23:00:49] IQRFID CLOSED: Access to the port 'COM3' is denied.
[2025-10-30 23:00:52] IQRFID CLOSED: Access to the port 'COM3' is denied.
[2025-10-30 23:00:55] IQRFID CLOSED: Access to the port 'COM3' is denied.
[2025-10-30 23:00:58] IQRFID CLOSED: Access to the port 'COM3' is denied.
[2025-10-30 23:01:01] IQRFID CLOSED: Access to the port 'COM3' is denied.
[2025-10-30 23:01:04] IQRFID CLOSED: Access to the port 'COM3' is denied.
[2025-10-30 23:01:07] IQRFID CLOSED: Access to the port 'COM3' is denied.
[2025-10-30 23:01:11] IQRFID CLOSED: Access to the port 'COM3' is denied.
[2025-10-30 23:01:14] IQRFID CLOSED: Access to the port 'COM3' is denied.
[2025-10-30 23:01:17] IQRFID CLOSED: Access to the port 'COM3' is denied.
[2025-10-30 23:01:20] IQRFID CLOSED: Access to the port 'COM3' is denied.
[2025-10-30 23:01:23] IQRFID CLOSED: Access to the port 'COM3' is denied.
[2025-10-30 23:01:26] IQRFID CLOSED: Access to the port 'COM3' is denied.
[2025-10-30 23:01:29] IQRFID CLOSED: Access to the port 'COM3' is denied.
[2025-10-30 23:01:32] IQRFID CLOSED: Access to the port 'COM3' is denied.
[2025-10-30 23:01:35] IQRFID CLOSED: Access to the port 'COM3' is denied.
[2025-10-30 23:01:38] IQRFID CLOSED: Access to the port 'COM3' is denied.
[2025-10-30 23:01:41] IQRFID CLOSED: Access to the port 'COM3' is denied.
[2025-10-30 23:01:44] IQRFID CLOSED: Access to the port 'COM3' is denied.
[2025-10-30 23:01:47] IQRFID CLOSED: Access to the port 'COM3' is denied.
[2025-10-30 23:01:50] IQRFID CLOSED: Access to the port 'COM3' is denied.
[2025-10-30 23:01:53] IQRFID CLOSED: Access to the port 'COM3' is denied.
[2025-10-30 23:01:56] IQRFID CLOSED: Access to the port 'COM3' is denied.
[2025-10-30 23:01:59] IQRFID CLOSED: Access to the port 'COM3' is denied.
[2025-10-30 23:02:02] IQRFID CLOSED: Access to the port 'COM3' is denied.
[2025-10-30 23:02:05] IQRFID CLOSED: Access to the port 'COM3' is denied.
[2025-10-30 23:02:08] IQRFID CLOSED: Access to the port 'COM3' is denied.
[2025-10-30 23:02:11] IQRFID CLOSED: Access to the port 'COM3' is denied.
[2025-10-30 23:02:14] IQRFID CLOSED: Access to the port 'COM3' is denied.
[2025-10-30 23:02:17] IQRFID CLOSED: Access to the port 'COM3' is denied.
[2025-10-30 23:02:20] IQRFID CLOSED: Access to the port 'COM3' is denied.
[2025-10-30 23:02:23] IQRFID CLOSED: Access to the port 'COM3' is denied.
[2025-10-30 23:02:26] IQRFID CLOSED: Access to the port 'COM3' is denied.
[2025-10-30 23:02:29] IQRFID CLOSED: Access to the port 'COM3' is denied.
[2025-10-30 23:02:32] IQRFID CLOSED: Access to the port 'COM3' is denied.
[2025-10-30 23:02:35] IQRFID CLOSED: Access to the port 'COM3' is denied.
[2025-10-30 23:02:38] IQRFID CLOSED: Access to the port 'COM3' is denied.
[2025-10-30 23:02:41] IQRFID CLOSED: Access to the port 'COM3' is denied.
[2025-10-30 23:02:44] IQRFID CLOSED: Access to the port 'COM3' is denied.
[2025-10-30 23:02:47] IQRFID CLOSED: Access to the port 'COM3' is denied.
[2025-10-30 23:02:50] IQRFID CLOSED: Access to the port 'COM3' is denied.
[2025-10-30 23:02:53] IQRFID CLOSED: Access to the port 'COM3' is denied.
[2025-10-30 23:02:56] IQRFID CLOSED: Access to the port 'COM3' is denied.
[2025-10-30 23:02:59] IQRFID CLOSED: Access to the port 'COM3' is denied.
[2025-10-30 23:03:02] IQRFID CLOSED: Access to the port 'COM3' is denied.
[2025-10-30 23:03:05] IQRFID CLOSED: Access to the port 'COM3' is denied.
[2025-10-30 23:03:08] IQRFID CLOSED: Access to the port 'COM3' is denied.
[2025-10-30 23:03:11] IQRFID CLOSED: Access to the port 'COM3' is denied.
[2025-10-30 23:03:14] IQRFID CLOSED: Access to the port 'COM3' is denied.
[2025-10-30 23:03:17] IQRFID CLOSED: Access to the port 'COM3' is denied.
[2025-10-30 23:03:20] IQRFID CLOSED: Access to the port 'COM3' is denied.
[2025-10-30 23:03:23] IQRFID CLOSED: Access to the port 'COM3' is denied.
[2025-10-30 23:03:26] IQRFID CLOSED: Access to the port 'COM3' is denied.
[2025-10-30 23:03:29] IQRFID CLOSED: Access to the port 'COM3' is denied.
[2025-10-30 23:03:32] IQRFID CLOSED: Access to the port 'COM3' is denied.
[2025-10-30 23:03:35] IQRFID CLOSED: Access to the port 'COM3' is denied.
[2025-10-30 23:03:38] IQRFID CLOSED: Access to the port 'COM3' is denied.
[2025-10-30 23:03:41] IQRFID CLOSED: Access to the port 'COM3' is denied.
[2025-10-30 23:03:44] IQRFID CLOSED: Access to the port 'COM3' is denied.
[2025-10-30 23:03:47] IQRFID CLOSED: Access to the port 'COM3' is denied.
[2025-10-30 23:03:50] IQRFID CLOSED: Access to the port 'COM3' is denied.
[2025-10-30 23:03:53] IQRFID CLOSED: Access to the port 'COM3' is denied.
[2025-10-30 23:03:56] IQRFID CLOSED: Access to the port 'COM3' is denied.
[2025-10-30 23:03:59] IQRFID CLOSED: Access to the port 'COM3' is denied.
[2025-10-30 23:04:02] IQRFID CLOSED: Access to the port 'COM3' is denied.
[2025-10-30 23:04:05] IQRFID CLOSED: Access to the port 'COM3' is denied.
[2025-10-30 23:04:08] IQRFID CLOSED: Access to the port 'COM3' is denied.
[2025-10-30 23:04:11] IQRFID CLOSED: Access to the port 'COM3' is denied.
[2025-10-30 23:04:14] IQRFID CLOSED: Access to the port 'COM3' is denied.
[2025-10-30 23:04:17] IQRFID CLOSED: Access to the port 'COM3' is denied.
[2025-10-30 23:04:20] IQRFID CLOSED: Access to the port 'COM3' is denied.
[2025-10-30 23:04:23] IQRFID CLOSED: Access to the port 'COM3' is denied.
[2025-10-30 23:04:26] IQRFID CLOSED: Access to the port 'COM3' is denied.
[2025-10-30 23:04:29] IQRFID CLOSED: Access to the port 'COM3' is denied.
[2025-10-30 23:04:32] IQRFID CLOSED: Access to the port 'COM3' is denied.
[2025-10-30 23:04:35] IQRFID CLOSED: Access to the port 'COM3' is denied.
[2025-10-30 23:04:38] IQRFID CLOSED: Access to the port 'COM3' is denied.
[2025-10-30 23:04:41] IQRFID CLOSED: Access to the port 'COM3' is denied.
[2025-10-30 23:04:44] IQRFID CLOSED: Access to the port 'COM3' is denied.
[2025-10-30 23:04:47] IQRFID CLOSED: Access to the port 'COM3' is denied.
[2025-10-30 23:04:50] IQRFID CLOSED: Access to the port 'COM3' is denied.
[2025-10-30 23:04:53] IQRFID CLOSED: Access to the port 'COM3' is denied.
[2025-10-30 23:04:56] IQRFID CLOSED: Access to the port 'COM3' is denied.
[2025-10-30 23:04:59] IQRFID CLOSED: Access to the port 'COM3' is denied.
[2025-10-30 23:05:02] IQRFID CLOSED: Access to the port 'COM3' is denied.
[2025-10-30 23:05:05] IQRFID CLOSED: Access to the port 'COM3' is denied.
[2025-10-30 23:05:08] IQRFID CLOSED: Access to the port 'COM3' is denied.
[2025-10-30 23:05:11] IQRFID CLOSED: Access to the port 'COM3' is denied.
[2025-10-30 23:05:14] IQRFID CLOSED: Access to the port 'COM3' is denied.
[2025-10-30 23:05:18] IQRFID CLOSED: Access to the port 'COM3' is denied.
[2025-10-30 23:05:21] IQRFID CLOSED: Access to the port 'COM3' is denied.
[2025-10-30 23:05:24] IQRFID CLOSED: Access to the port 'COM3' is denied.
[2025-10-30 23:05:27] IQRFID CLOSED: Access to the port 'COM3' is denied.
[2025-10-30 23:05:30] IQRFID CLOSED: Access to the port 'COM3' is denied.
[2025-10-30 23:05:33] IQRFID CLOSED: Access to the port 'COM3' is denied.
[2025-10-30 23:05:36] IQRFID CLOSED: Access to the port 'COM3' is denied.
[2025-10-30 23:05:39] IQRFID CLOSED: Access to the port 'COM3' is denied.
[2025-10-30 23:05:42] IQRFID CLOSED: Access to the port 'COM3' is denied.
[2025-10-30 23:05:45] IQRFID CLOSED: Access to the port 'COM3' is denied.
[2025-10-30 23:05:48] IQRFID CLOSED: Access to the port 'COM3' is denied.
[2025-10-30 23:05:51] IQRFID CLOSED: Access to the port 'COM3' is denied.
[2025-10-30 23:05:54] IQRFID CLOSED: Access to the port 'COM3' is denied.
[2025-10-30 23:05:57] IQRFID CLOSED: Access to the port 'COM3' is denied.
[2025-10-30 23:06:00] IQRFID CLOSED: Access to the port 'COM3' is denied.
[2025-10-30 23:06:03] IQRFID CLOSED: Access to the port 'COM3' is denied.
[2025-10-30 23:06:06] IQRFID CLOSED: Access to the port 'COM3' is denied.
[2025-10-30 23:06:09] IQRFID CLOSED: Access to the port 'COM3' is denied.
[2025-10-30 23:06:12] IQRFID CLOSED: Access to the port 'COM3' is denied.
[2025-10-30 23:06:15] IQRFID CLOSED: Access to the port 'COM3' is denied.
[2025-10-30 23:06:18] IQRFID CLOSED: Access to the port 'COM3' is denied.
[2025-10-30 23:06:21] IQRFID CLOSED: Access to the port 'COM3' is denied.
[2025-10-30 23:06:24] IQRFID CLOSED: Access to the port 'COM3' is denied.
[2025-10-30 23:06:27] IQRFID CLOSED: Access to the port 'COM3' is denied.
[2025-10-30 23:06:30] IQRFID CLOSED: Access to the port 'COM3' is denied.
[2025-10-30 23:06:33] IQRFID CLOSED: Access to the port 'COM3' is denied.
[2025-10-30 23:06:37] IQRFID CLOSED: Access to the port 'COM3' is denied.
[2025-10-30 23:06:40] IQRFID CLOSED: Access to the port 'COM3' is denied.
[2025-10-30 23:06:43] IQRFID CLOSED: Access to the port 'COM3' is denied.
[2025-10-30 23:06:46] IQRFID CLOSED: Access to the port 'COM3' is denied.
[2025-10-30 23:06:49] IQRFID CLOSED: Access to the port 'COM3' is denied.
[2025-10-30 23:06:52] IQRFID CLOSED: Access to the port 'COM3' is denied.
[2025-10-30 23:06:55] IQRFID CLOSED: Access to the port 'COM3' is denied.
[2025-10-30 23:06:58] IQRFID CLOSED: Access to the port 'COM3' is denied.
[2025-10-30 23:07:01] IQRFID CLOSED: Access to the port 'COM3' is denied.
[2025-10-30 23:07:04] IQRFID CLOSED: Access to the port 'COM3' is denied.
[2025-10-30 23:07:07] IQRFID CLOSED: Access to the port 'COM3' is denied.
[2025-10-30 23:07:10] IQRFID CLOSED: Access to the port 'COM3' is denied.
[2025-10-30 23:07:13] IQRFID CLOSED: Access to the port 'COM3' is denied.
[2025-10-30 23:07:16] IQRFID CLOSED: Access to the port 'COM3' is denied.
[2025-10-30 23:07:19] IQRFID CLOSED: Access to the port 'COM3' is denied.
[2025-10-30 23:07:22] IQRFID CLOSED: Access to the port 'COM3' is denied.
                                                                                                                                                                                                                                                                                                                                                                                                                                                                                                                                                                                                                                                                                                                                                                                                                                                         