[2025-09-24 16:34:14] SEARCH DB=RDR EXPR="RI=04239092F17380"
[2025-09-24 16:35:35] SEARCH DB=IBIS EXPR="IN=304DB75F1960002100159847"
[2025-09-24 16:35:35] TRY DB=IBIS EXPR="IN=304DB75F1960002100159847" -> MFN 377
[2025-09-24 16:35:35] MFN=377 key=304DB75F1960002100159847 910^h=[304DB75F1960002100159847]
[2025-09-24 16:35:35] TAKE: already issued (a=E) MFN=377
[2025-09-24 16:36:31] SEARCH DB=IBIS EXPR="IN=304DB75F1960002100159847"
[2025-09-24 16:36:31] TRY DB=IBIS EXPR="IN=304DB75F1960002100159847" -> MFN 377
[2025-09-24 16:36:31] MFN=377 key=304DB75F1960002100159847 910^h=[304DB75F1960002100159847]
[2025-09-24 16:36:31] TAKE: already issued (a=E) MFN=377
[2025-09-25 18:50:56] SEARCH DB=IBIS EXPR="H=304DB75F1960002100159844"
[2025-09-25 18:50:56] SEARCH DB=IBIS EXPR="H=304DB75F1960002100159844"
[2025-09-25 18:50:56] SEARCH FAIL EXPR="H=304DB75F1960002100159844" ERR=Busy
[2025-09-25 18:50:56] SEARCH DB=IBIS EXPR="IN=304DB75F1960002100159844"
[2025-09-25 18:50:56] SEARCH FAIL EXPR="IN=304DB75F1960002100159844" ERR=Busy
[2025-09-25 18:50:56] SEARCH DB=IBIS EXPR="H=304DB75F1960002100159844"
[2025-09-25 18:50:56] SEARCH FAIL EXPR="H=304DB75F1960002100159844" ERR=Busy
[2025-09-25 18:50:56] SEARCH DB=IBIS EXPR="HI=304DB75F1960002100159844"
[2025-09-25 18:50:56] SEARCH FAIL EXPR="HI=304DB75F1960002100159844" ERR=Busy
[2025-09-25 18:50:56] SEARCH DB=IBIS EXPR="HIN=304DB75F1960002100159844"
[2025-09-25 18:50:56] SEARCH FAIL EXPR="HIN=304DB75F1960002100159844" ERR=Busy
[2025-09-25 18:50:56] SEARCH DB=IBIS EXPR="RF=304DB75F1960002100159844"
[2025-09-25 18:50:56] SEARCH FAIL EXPR="RF=304DB75F1960002100159844" ERR=Busy
[2025-09-25 18:50:56] SEARCH DB=IBIS EXPR="RFID=304DB75F1960002100159844"
[2025-09-25 18:50:56] SEARCH FAIL EXPR="RFID=304DB75F1960002100159844" ERR=Busy
[2025-09-25 18:50:56] NOT FOUND in DB=IBIS for RFID=304DB75F1960002100159844
[2025-09-25 18:50:56] TAKE: rec=null for tag=304DB75F1960002100159844
[2025-09-25 18:50:56] TRY DB=IBIS EXPR="H=304DB75F1960002100159844" -> NULL
[2025-09-25 18:50:56] SEARCH DB=IBIS EXPR="IN=304DB75F1960002100159844"
[2025-09-25 18:50:56] TRY DB=IBIS EXPR="IN=304DB75F1960002100159844" -> MFN 375
[2025-09-25 18:50:56] MFN=375 key=304DB75F1960002100159844 910^h=[304DB75F1960002100159844,331601E,226825P]
[2025-09-26 03:37:54] SEARCH DB=IBIS EXPR="H=304DB75F1960002100159843"
[2025-09-26 03:37:54] TRY DB=IBIS EXPR="H=304DB75F1960002100159843" -> NULL
[2025-09-26 03:37:54] SEARCH DB=IBIS EXPR="IN=304DB75F1960002100159843"
[2025-09-26 03:37:54] TRY DB=IBIS EXPR="IN=304DB75F1960002100159843" -> MFN 376
[2025-09-26 03:37:54] MFN=376 key=304DB75F1960002100159843 910^h=[304DB75F1960002100159843]
[2025-09-26 03:37:54] TAKE: already issued (a=9) MFN=376
[2025-09-26 03:39:21] SEARCH DB=IBIS EXPR="H=304DB75F1960002100159844"
[2025-09-26 03:39:21] TRY DB=IBIS EXPR="H=304DB75F1960002100159844" -> NULL
[2025-09-26 03:39:21] SEARCH DB=IBIS EXPR="IN=304DB75F1960002100159844"
[2025-09-26 03:39:21] TRY DB=IBIS EXPR="IN=304DB75F1960002100159844" -> MFN 375
[2025-09-26 03:39:21] MFN=375 key=304DB75F1960002100159844 910^h=[304DB75F1960002100159844,331601E,226825P]
[2025-09-26 05:37:27] TAKE: EX=IRBIS: не удалось подключиться. Host=127.0.0.1, Port=6666, User=MASTER, Db=IBIS. Error: Network Error. Response=
[2025-09-26 05:37:54] TAKE: EX=IRBIS: не удалось подключиться. Host=127.0.0.1, Port=6666, User=MASTER, Db=IBIS. Error: Input string was not in a correct format.
[2025-09-26 05:38:05] SEARCH DB=IBIS EXPR="H=304DB75F1960002100159843"
[2025-09-26 05:38:06] TRY DB=IBIS EXPR="H=304DB75F1960002100159843" -> NULL
[2025-09-26 05:38:06] SEARCH FAIL EXPR="IN=304DB75F1960002100159843" ERR=IRBIS: нет подключения. Host=127.0.0.1, Port=6666, User=MASTER, Db=IBIS. Error: Busy
[2025-09-26 05:38:06] SEARCH FAIL EXPR="H=304DB75F1960002100159843" ERR=IRBIS: нет подключения. Host=127.0.0.1, Port=6666, User=MASTER, Db=IBIS. Error: Busy
[2025-09-26 05:38:06] SEARCH FAIL EXPR="HI=304DB75F1960002100159843" ERR=IRBIS: нет подключения. Host=127.0.0.1, Port=6666, User=MASTER, Db=IBIS. Error: Busy
[2025-09-26 05:38:06] SEARCH FAIL EXPR="HIN=304DB75F1960002100159843" ERR=IRBIS: нет подключения. Host=127.0.0.1, Port=6666, User=MASTER, Db=IBIS. Error: Busy
[2025-09-26 05:38:06] SEARCH FAIL EXPR="RF=304DB75F1960002100159843" ERR=IRBIS: нет подключения. Host=127.0.0.1, Port=6666, User=MASTER, Db=IBIS. Error: Busy
[2025-09-26 05:38:06] SEARCH FAIL EXPR="RFID=304DB75F1960002100159843" ERR=IRBIS: нет подключения. Host=127.0.0.1, Port=6666, User=MASTER, Db=IBIS. Error: Busy
[2025-09-26 05:38:06] NOT FOUND in DB=IBIS for RFID=304DB75F1960002100159843
[2025-09-26 05:38:06] TAKE: rec=null for tag=304DB75F1960002100159843
[2025-09-26 06:37:56] SEARCH DB=IBIS EXPR="H=304DB75F1960002100159845"
[2025-09-26 06:37:56] TRY DB=IBIS EXPR="H=304DB75F1960002100159845" -> NULL
[2025-09-26 06:37:56] SEARCH DB=IBIS EXPR="IN=304DB75F1960002100159845"
[2025-09-26 06:37:56] TRY DB=IBIS EXPR="IN=304DB75F1960002100159845" -> NULL
[2025-09-26 06:37:56] SEARCH DB=IBIS EXPR="H=304DB75F1960002100159845"
[2025-09-26 06:37:56] TRY DB=IBIS EXPR="H=304DB75F1960002100159845" -> NULL
[2025-09-26 06:37:56] SEARCH DB=IBIS EXPR="HI=304DB75F1960002100159845"
[2025-09-26 06:37:56] TRY DB=IBIS EXPR="HI=304DB75F1960002100159845" -> NULL
[2025-09-26 06:37:56] SEARCH DB=IBIS EXPR="HIN=304DB75F1960002100159845"
[2025-09-26 06:37:56] TRY DB=IBIS EXPR="HIN=304DB75F1960002100159845" -> NULL
[2025-09-26 06:37:56] SEARCH DB=IBIS EXPR="RF=304DB75F1960002100159845"
[2025-09-26 06:37:56] TRY DB=IBIS EXPR="RF=304DB75F1960002100159845" -> NULL
[2025-09-26 06:37:56] SEARCH DB=IBIS EXPR="RFID=304DB75F1960002100159845"
[2025-09-26 06:37:56] TRY DB=IBIS EXPR="RFID=304DB75F1960002100159845" -> NULL
[2025-09-26 06:37:56] NOT FOUND in DB=IBIS for RFID=304DB75F1960002100159845
[2025-09-26 06:37:56] TAKE: rec=null for tag=304DB75F1960002100159845
[2025-09-26 06:38:23] SEARCH DB=IBIS EXPR="H=304DB75F1960002100159844"
[2025-09-26 06:38:23] TRY DB=IBIS EXPR="H=304DB75F1960002100159844" -> NULL
[2025-09-26 06:38:23] SEARCH DB=IBIS EXPR="IN=304DB75F1960002100159844"
[2025-09-26 06:38:23] TRY DB=IBIS EXPR="IN=304DB75F1960002100159844" -> MFN 375
[2025-09-26 06:38:23] TAKE: [MFN 375] Оцифровка как метод обеспечения сохранности? Шифр: Д8-99/50403 Инвентарные №: 99-739, 99-739а, 99-739б, 99-739в, 99-739г, 99-739д
[2025-09-26 06:38:23] MFN=375 key=304DB75F1960002100159844 910^h=[304DB75F1960002100159844,331601E,226825P]
[2025-09-26 06:39:03] SEARCH DB=IBIS EXPR="H=304DB75F1960002100159845"
[2025-09-26 06:39:03] TRY DB=IBIS EXPR="H=304DB75F1960002100159845" -> NULL
[2025-09-26 06:39:03] SEARCH DB=IBIS EXPR="IN=304DB75F1960002100159845"
[2025-09-26 06:39:03] TRY DB=IBIS EXPR="IN=304DB75F1960002100159845" -> NULL
[2025-09-26 06:39:03] SEARCH DB=IBIS EXPR="H=304DB75F1960002100159845"
[2025-09-26 06:39:03] TRY DB=IBIS EXPR="H=304DB75F1960002100159845" -> NULL
[2025-09-26 06:39:03] SEARCH DB=IBIS EXPR="HI=304DB75F1960002100159845"
[2025-09-26 06:39:03] TRY DB=IBIS EXPR="HI=304DB75F1960002100159845" -> NULL
[2025-09-26 06:39:03] SEARCH DB=IBIS EXPR="HIN=304DB75F1960002100159845"
[2025-09-26 06:39:03] TRY DB=IBIS EXPR="HIN=304DB75F1960002100159845" -> NULL
[2025-09-26 06:39:03] SEARCH DB=IBIS EXPR="RF=304DB75F1960002100159845"
[2025-09-26 06:39:03] TRY DB=IBIS EXPR="RF=304DB75F1960002100159845" -> NULL
[2025-09-26 06:39:03] SEARCH DB=IBIS EXPR="RFID=304DB75F1960002100159845"
[2025-09-26 06:39:03] TRY DB=IBIS EXPR="RFID=304DB75F1960002100159845" -> NULL
[2025-09-26 06:39:03] NOT FOUND in DB=IBIS for RFID=304DB75F1960002100159845
[2025-09-26 06:39:03] TAKE: rec=null for tag=304DB75F1960002100159845
[2025-09-26 06:39:33] SEARCH DB=IBIS EXPR="H=304DB75F1960002100159843"
[2025-09-26 06:39:33] TRY DB=IBIS EXPR="H=304DB75F1960002100159843" -> NULL
[2025-09-26 06:39:33] SEARCH DB=IBIS EXPR="IN=304DB75F1960002100159843"
[2025-09-26 06:39:33] TRY DB=IBIS EXPR="IN=304DB75F1960002100159843" -> MFN 376
[2025-09-26 06:39:33] TAKE: [MFN 376] Оцифровка как метод обеспечения сохранности? Шифр: b48401b0d942042161412a254342f514 Инвентарные №: d6e32a53c793ea2792c234a27b5469d6
[2025-09-26 06:39:33] MFN=376 key=304DB75F1960002100159843 910^h=[304DB75F1960002100159843]
[2025-09-26 06:39:33] TAKE: already issued (a=9) MFN=376
[2025-09-26 06:39:54] SEARCH DB=IBIS EXPR="H=304DB75F1960002100159847"
[2025-09-26 06:39:54] TRY DB=IBIS EXPR="H=304DB75F1960002100159847" -> NULL
[2025-09-26 06:39:54] SEARCH DB=IBIS EXPR="IN=304DB75F1960002100159847"
[2025-09-26 06:39:54] TRY DB=IBIS EXPR="IN=304DB75F1960002100159847" -> MFN 377
[2025-09-26 06:39:54] TAKE: [MFN 377] Сиялы сыр Шифр: 84(Каз)/Ш27-937190 Инвентарные №: 679541, 679542, ф7-11, ф7-13
[2025-09-26 06:39:54] MFN=377 key=304DB75F1960002100159847 910^h=[304DB75F1960002100159847]
[2025-09-26 06:39:54] TAKE: already issued (a=E) MFN=377
[2025-09-26 06:40:21] SEARCH DB=IBIS EXPR="H=304DB75F1960002100159845"
[2025-09-26 06:40:21] TRY DB=IBIS EXPR="H=304DB75F1960002100159845" -> NULL
[2025-09-26 06:40:21] SEARCH DB=IBIS EXPR="IN=304DB75F1960002100159845"
[2025-09-26 06:40:21] TRY DB=IBIS EXPR="IN=304DB75F1960002100159845" -> NULL
[2025-09-26 06:40:21] SEARCH DB=IBIS EXPR="H=304DB75F1960002100159845"
[2025-09-26 06:40:21] TRY DB=IBIS EXPR="H=304DB75F1960002100159845" -> NULL
[2025-09-26 06:40:21] SEARCH DB=IBIS EXPR="HI=304DB75F1960002100159845"
[2025-09-26 06:40:21] TRY DB=IBIS EXPR="HI=304DB75F1960002100159845" -> NULL
[2025-09-26 06:40:21] SEARCH DB=IBIS EXPR="HIN=304DB75F1960002100159845"
[2025-09-26 06:40:21] TRY DB=IBIS EXPR="HIN=304DB75F1960002100159845" -> NULL
[2025-09-26 06:40:21] SEARCH DB=IBIS EXPR="RF=304DB75F1960002100159845"
[2025-09-26 06:40:21] TRY DB=IBIS EXPR="RF=304DB75F1960002100159845" -> NULL
[2025-09-26 06:40:21] SEARCH DB=IBIS EXPR="RFID=304DB75F1960002100159845"
[2025-09-26 06:40:21] TRY DB=IBIS EXPR="RFID=304DB75F1960002100159845" -> NULL
[2025-09-26 06:40:21] NOT FOUND in DB=IBIS for RFID=304DB75F1960002100159845
[2025-09-26 06:40:21] TAKE: rec=null for tag=304DB75F1960002100159845
[2025-09-26 06:40:48] SEARCH DB=IBIS EXPR="H=304DB75F1960002100159844"
[2025-09-26 06:40:48] TRY DB=IBIS EXPR="H=304DB75F1960002100159844" -> NULL
[2025-09-26 06:40:48] SEARCH DB=IBIS EXPR="IN=304DB75F1960002100159844"
[2025-09-26 06:40:48] TRY DB=IBIS EXPR="IN=304DB75F1960002100159844" -> MFN 375
[2025-09-26 06:40:48] TAKE: [MFN 375] Оцифровка как метод обеспечения сохранности? Шифр: Д8-99/50403 Инвентарные №: 99-739, 99-739а, 99-739б, 99-739в, 99-739г, 99-739д
[2025-09-26 06:40:48] MFN=375 key=304DB75F1960002100159844 910^h=[304DB75F1960002100159844,331601E,226825P]
[2025-09-26 08:01:28] SEARCH DB=IBIS EXPR="H=304DB75F1960002100159847"
[2025-09-26 08:01:28] TRY DB=IBIS EXPR="H=304DB75F1960002100159847" -> NULL
[2025-09-26 08:01:28] SEARCH DB=IBIS EXPR="IN=304DB75F1960002100159847"
[2025-09-26 08:01:28] TRY DB=IBIS EXPR="IN=304DB75F1960002100159847" -> MFN 377
[2025-09-26 08:01:28] TAKE: [MFN 377] Сиялы сыр Шифр: 84(Каз)/Ш27-937190 Инвентарные №: 679541, 679542, ф7-11, ф7-13
[2025-09-26 08:01:28] MFN=377 key=304DB75F1960002100159847 910^h=[304DB75F1960002100159847]
[2025-09-26 08:01:28] TAKE: already issued (a=E) MFN=377
[2025-09-26 08:01:39] SEARCH DB=IBIS EXPR="H=304DB75F1960002100159844"
[2025-09-26 08:01:39] TRY DB=IBIS EXPR="H=304DB75F1960002100159844" -> NULL
[2025-09-26 08:01:39] SEARCH DB=IBIS EXPR="IN=304DB75F1960002100159844"
[2025-09-26 08:01:39] TRY DB=IBIS EXPR="IN=304DB75F1960002100159844" -> MFN 375
[2025-09-26 08:01:39] TAKE: [MFN 375] Оцифровка как метод обеспечения сохранности? Шифр: Д8-99/50403 Инвентарные №: 99-739, 99-739а, 99-739б, 99-739в, 99-739г, 99-739д
[2025-09-26 08:01:39] MFN=375 key=304DB75F1960002100159844 910^h=[304DB75F1960002100159844,331601E,226825P]
[2025-09-26 09:47:21] SEARCH DB=IBIS EXPR="H=304DB75F1960002100159840"
[2025-09-26 09:47:21] TRY DB=IBIS EXPR="H=304DB75F1960002100159840" -> NULL
[2025-09-26 09:47:21] SEARCH DB=IBIS EXPR="IN=304DB75F1960002100159840"
[2025-09-26 09:47:21] TRY DB=IBIS EXPR="IN=304DB75F1960002100159840" -> NULL
[2025-09-26 09:47:21] SEARCH DB=IBIS EXPR="H=304DB75F1960002100159840"
[2025-09-26 09:47:21] TRY DB=IBIS EXPR="H=304DB75F1960002100159840" -> NULL
[2025-09-26 09:47:21] SEARCH DB=IBIS EXPR="HI=304DB75F1960002100159840"
[2025-09-26 09:47:21] TRY DB=IBIS EXPR="HI=304DB75F1960002100159840" -> NULL
[2025-09-26 09:47:21] SEARCH DB=IBIS EXPR="HIN=304DB75F1960002100159840"
[2025-09-26 09:47:21] TRY DB=IBIS EXPR="HIN=304DB75F1960002100159840" -> NULL
[2025-09-26 09:47:21] SEARCH DB=IBIS EXPR="RF=304DB75F1960002100159840"
[2025-09-26 09:47:21] TRY DB=IBIS EXPR="RF=304DB75F1960002100159840" -> NULL
[2025-09-26 09:47:21] SEARCH DB=IBIS EXPR="RFID=304DB75F1960002100159840"
[2025-09-26 09:47:21] TRY DB=IBIS EXPR="RFID=304DB75F1960002100159840" -> NULL
[2025-09-26 09:47:21] NOT FOUND in DB=IBIS for RFID=304DB75F1960002100159840
[2025-09-26 09:47:21] TAKE: rec=null for tag=304DB75F1960002100159840
[2025-09-26 09:49:15] SEARCH DB=IBIS EXPR="H=304DB75F1960002100159840"
[2025-09-26 09:49:15] TRY DB=IBIS EXPR="H=304DB75F1960002100159840" -> NULL
[2025-09-26 09:49:15] SEARCH DB=IBIS EXPR="IN=304DB75F1960002100159840"
[2025-09-26 09:49:16] TRY DB=IBIS EXPR="IN=304DB75F1960002100159840" -> NULL
[2025-09-26 09:49:16] SEARCH DB=IBIS EXPR="H=304DB75F1960002100159840"
[2025-09-26 09:49:16] TRY DB=IBIS EXPR="H=304DB75F1960002100159840" -> NULL
[2025-09-26 09:49:16] SEARCH DB=IBIS EXPR="HI=304DB75F1960002100159840"
[2025-09-26 09:49:16] TRY DB=IBIS EXPR="HI=304DB75F1960002100159840" -> NULL
[2025-09-26 09:49:16] SEARCH DB=IBIS EXPR="HIN=304DB75F1960002100159840"
[2025-09-26 09:49:16] TRY DB=IBIS EXPR="HIN=304DB75F1960002100159840" -> NULL
[2025-09-26 09:49:16] SEARCH DB=IBIS EXPR="RF=304DB75F1960002100159840"
[2025-09-26 09:49:16] TRY DB=IBIS EXPR="RF=304DB75F1960002100159840" -> NULL
[2025-09-26 09:49:16] SEARCH DB=IBIS EXPR="RFID=304DB75F1960002100159840"
[2025-09-26 09:49:16] TRY DB=IBIS EXPR="RFID=304DB75F1960002100159840" -> NULL
[2025-09-26 09:49:16] NOT FOUND in DB=IBIS for RFID=304DB75F1960002100159840
[2025-09-26 09:49:16] TAKE: rec=null for tag=304DB75F1960002100159840
[2025-09-26 09:49:33] SEARCH DB=IBIS EXPR="H=304DB75F1960002100159840"
[2025-09-26 09:49:33] TRY DB=IBIS EXPR="H=304DB75F1960002100159840" -> NULL
[2025-09-26 09:49:33] SEARCH DB=IBIS EXPR="IN=304DB75F1960002100159840"
[2025-09-26 09:49:33] TRY DB=IBIS EXPR="IN=304DB75F1960002100159840" -> NULL
[2025-09-26 09:49:33] SEARCH DB=IBIS EXPR="H=304DB75F1960002100159840"
[2025-09-26 09:49:33] TRY DB=IBIS EXPR="H=304DB75F1960002100159840" -> NULL
[2025-09-26 09:49:33] SEARCH DB=IBIS EXPR="HI=304DB75F1960002100159840"
[2025-09-26 09:49:33] TRY DB=IBIS EXPR="HI=304DB75F1960002100159840" -> NULL
[2025-09-26 09:49:33] SEARCH DB=IBIS EXPR="HIN=304DB75F1960002100159840"
[2025-09-26 09:49:33] TRY DB=IBIS EXPR="HIN=304DB75F1960002100159840" -> NULL
[2025-09-26 09:49:33] SEARCH DB=IBIS EXPR="RF=304DB75F1960002100159840"
[2025-09-26 09:49:33] TRY DB=IBIS EXPR="RF=304DB75F1960002100159840" -> NULL
[2025-09-26 09:49:33] SEARCH DB=IBIS EXPR="RFID=304DB75F1960002100159840"
[2025-09-26 09:49:33] TRY DB=IBIS EXPR="RFID=304DB75F1960002100159840" -> NULL
[2025-09-26 09:49:33] NOT FOUND in DB=IBIS for RFID=304DB75F1960002100159840
[2025-09-26 09:49:33] TAKE: rec=null for tag=304DB75F1960002100159840
[2025-09-26 09:52:17] SEARCH DB=IBIS EXPR="H=304DB75F1960002100159840"
[2025-09-26 09:52:17] TRY DB=IBIS EXPR="H=304DB75F1960002100159840" -> NULL
[2025-09-26 09:52:17] SEARCH DB=IBIS EXPR="IN=304DB75F1960002100159840"
[2025-09-26 09:52:17] TRY DB=IBIS EXPR="IN=304DB75F1960002100159840" -> NULL
[2025-09-26 09:52:17] SEARCH DB=IBIS EXPR="H=304DB75F1960002100159840"
[2025-09-26 09:52:17] TRY DB=IBIS EXPR="H=304DB75F1960002100159840" -> NULL
[2025-09-26 09:52:17] SEARCH DB=IBIS EXPR="HI=304DB75F1960002100159840"
[2025-09-26 09:52:18] TRY DB=IBIS EXPR="HI=304DB75F1960002100159840" -> NULL
[2025-09-26 09:52:18] SEARCH DB=IBIS EXPR="HIN=304DB75F1960002100159840"
[2025-09-26 09:52:18] TRY DB=IBIS EXPR="HIN=304DB75F1960002100159840" -> NULL
[2025-09-26 09:52:18] SEARCH DB=IBIS EXPR="RF=304DB75F1960002100159840"
[2025-09-26 09:52:18] TRY DB=IBIS EXPR="RF=304DB75F1960002100159840" -> NULL
[2025-09-26 09:52:18] SEARCH DB=IBIS EXPR="RFID=304DB75F1960002100159840"
[2025-09-26 09:52:18] TRY DB=IBIS EXPR="RFID=304DB75F1960002100159840" -> NULL
[2025-09-26 09:52:18] NOT FOUND in DB=IBIS for RFID=304DB75F1960002100159840
[2025-09-26 09:52:18] TAKE: rec=null for tag=304DB75F1960002100159840
[2025-09-26 09:52:35] SEARCH DB=IBIS EXPR="H=304DB75F1960002100159840"
[2025-09-26 09:52:35] TRY DB=IBIS EXPR="H=304DB75F1960002100159840" -> NULL
[2025-09-26 09:52:35] SEARCH DB=IBIS EXPR="IN=304DB75F1960002100159840"
[2025-09-26 09:52:36] TRY DB=IBIS EXPR="IN=304DB75F1960002100159840" -> NULL
[2025-09-26 09:52:36] SEARCH DB=IBIS EXPR="H=304DB75F1960002100159840"
[2025-09-26 09:52:36] TRY DB=IBIS EXPR="H=304DB75F1960002100159840" -> NULL
[2025-09-26 09:52:36] SEARCH DB=IBIS EXPR="HI=304DB75F1960002100159840"
[2025-09-26 09:52:36] TRY DB=IBIS EXPR="HI=304DB75F1960002100159840" -> NULL
[2025-09-26 09:52:36] SEARCH DB=IBIS EXPR="HIN=304DB75F1960002100159840"
[2025-09-26 09:52:36] TRY DB=IBIS EXPR="HIN=304DB75F1960002100159840" -> NULL
[2025-09-26 09:52:36] SEARCH DB=IBIS EXPR="RF=304DB75F1960002100159840"
[2025-09-26 09:52:36] TRY DB=IBIS EXPR="RF=304DB75F1960002100159840" -> NULL
[2025-09-26 09:52:36] SEARCH DB=IBIS EXPR="RFID=304DB75F1960002100159840"
[2025-09-26 09:52:36] TRY DB=IBIS EXPR="RFID=304DB75F1960002100159840" -> NULL
[2025-09-26 09:52:36] NOT FOUND in DB=IBIS for RFID=304DB75F1960002100159840
[2025-09-26 09:52:36] TAKE: rec=null for tag=304DB75F1960002100159840
[2025-09-26 09:52:56] SEARCH DB=IBIS EXPR="H=304DB75F1960002100159840"
[2025-09-26 09:52:56] TRY DB=IBIS EXPR="H=304DB75F1960002100159840" -> NULL
[2025-09-26 09:52:56] SEARCH DB=IBIS EXPR="IN=304DB75F1960002100159840"
[2025-09-26 09:52:56] TRY DB=IBIS EXPR="IN=304DB75F1960002100159840" -> NULL
[2025-09-26 09:52:56] SEARCH DB=IBIS EXPR="H=304DB75F1960002100159840"
[2025-09-26 09:52:57] TRY DB=IBIS EXPR="H=304DB75F1960002100159840" -> NULL
[2025-09-26 09:52:57] SEARCH DB=IBIS EXPR="HI=304DB75F1960002100159840"
[2025-09-26 09:52:57] TRY DB=IBIS EXPR="HI=304DB75F1960002100159840" -> NULL
[2025-09-26 09:52:57] SEARCH DB=IBIS EXPR="HIN=304DB75F1960002100159840"
[2025-09-26 09:52:57] TRY DB=IBIS EXPR="HIN=304DB75F1960002100159840" -> NULL
[2025-09-26 09:52:57] SEARCH DB=IBIS EXPR="RF=304DB75F1960002100159840"
[2025-09-26 09:52:57] TRY DB=IBIS EXPR="RF=304DB75F1960002100159840" -> NULL
[2025-09-26 09:52:57] SEARCH DB=IBIS EXPR="RFID=304DB75F1960002100159840"
[2025-09-26 09:52:57] TRY DB=IBIS EXPR="RFID=304DB75F1960002100159840" -> NULL
[2025-09-26 09:52:57] NOT FOUND in DB=IBIS for RFID=304DB75F1960002100159840
[2025-09-26 09:52:57] RETURN: rec=null for tag=304DB75F1960002100159840
[2025-09-26 09:53:52] SEARCH DB=IBIS EXPR="H=304DB75F196000210015983E"
[2025-09-26 09:53:52] TRY DB=IBIS EXPR="H=304DB75F196000210015983E" -> NULL
[2025-09-26 09:53:52] SEARCH DB=IBIS EXPR="IN=304DB75F196000210015983E"
[2025-09-26 09:53:52] TRY DB=IBIS EXPR="IN=304DB75F196000210015983E" -> NULL
[2025-09-26 09:53:52] SEARCH DB=IBIS EXPR="H=304DB75F196000210015983E"
[2025-09-26 09:53:52] TRY DB=IBIS EXPR="H=304DB75F196000210015983E" -> NULL
[2025-09-26 09:53:52] SEARCH DB=IBIS EXPR="HI=304DB75F196000210015983E"
[2025-09-26 09:53:52] TRY DB=IBIS EXPR="HI=304DB75F196000210015983E" -> NULL
[2025-09-26 09:53:52] SEARCH DB=IBIS EXPR="HIN=304DB75F196000210015983E"
[2025-09-26 09:53:53] TRY DB=IBIS EXPR="HIN=304DB75F196000210015983E" -> NULL
[2025-09-26 09:53:53] SEARCH DB=IBIS EXPR="RF=304DB75F196000210015983E"
[2025-09-26 09:53:53] TRY DB=IBIS EXPR="RF=304DB75F196000210015983E" -> NULL
[2025-09-26 09:53:53] SEARCH DB=IBIS EXPR="RFID=304DB75F196000210015983E"
[2025-09-26 09:53:53] TRY DB=IBIS EXPR="RFID=304DB75F196000210015983E" -> NULL
[2025-09-26 09:53:53] NOT FOUND in DB=IBIS for RFID=304DB75F196000210015983E
[2025-09-26 09:53:53] TAKE: rec=null for tag=304DB75F196000210015983E
[2025-09-26 09:54:50] SEARCH DB=IBIS EXPR="H=304DB75F196000210015983E"
[2025-09-26 09:54:50] SEARCH FAIL EXPR="H=304DB75F196000210015983E" ERR=Not connected
[2025-09-26 09:54:50] SEARCH FAIL EXPR="IN=304DB75F196000210015983E" ERR=IRBIS: нет подключения. Host=127.0.0.1, Port=6666, User=MASTER, Db=IBIS. Error: Busy
[2025-09-26 09:54:50] SEARCH FAIL EXPR="H=304DB75F196000210015983E" ERR=IRBIS: нет подключения. Host=127.0.0.1, Port=6666, User=MASTER, Db=IBIS. Error: Busy
[2025-09-26 09:54:50] SEARCH FAIL EXPR="HI=304DB75F196000210015983E" ERR=IRBIS: нет подключения. Host=127.0.0.1, Port=6666, User=MASTER, Db=IBIS. Error: Busy
[2025-09-26 09:54:50] SEARCH FAIL EXPR="HIN=304DB75F196000210015983E" ERR=IRBIS: нет подключения. Host=127.0.0.1, Port=6666, User=MASTER, Db=IBIS. Error: Busy
[2025-09-26 09:54:50] SEARCH FAIL EXPR="RF=304DB75F196000210015983E" ERR=IRBIS: нет подключения. Host=127.0.0.1, Port=6666, User=MASTER, Db=IBIS. Error: Busy
[2025-09-26 09:54:50] SEARCH FAIL EXPR="RFID=304DB75F196000210015983E" ERR=IRBIS: нет подключения. Host=127.0.0.1, Port=6666, User=MASTER, Db=IBIS. Error: Busy
[2025-09-26 09:54:50] NOT FOUND in DB=IBIS for RFID=304DB75F196000210015983E
[2025-09-26 09:54:50] TAKE: rec=null for tag=304DB75F196000210015983E
[2025-09-26 09:55:03] SEARCH DB=IBIS EXPR="H=304DB75F196000210015983E"
[2025-09-26 09:55:03] TRY DB=IBIS EXPR="H=304DB75F196000210015983E" -> NULL
[2025-09-26 09:55:03] SEARCH DB=IBIS EXPR="IN=304DB75F196000210015983E"
[2025-09-26 09:55:03] TRY DB=IBIS EXPR="IN=304DB75F196000210015983E" -> NULL
[2025-09-26 09:55:03] SEARCH FAIL EXPR="H=304DB75F196000210015983E" ERR=IRBIS: нет подключения. Host=127.0.0.1, Port=6666, User=MASTER, Db=IBIS. Error: Busy
[2025-09-26 09:55:03] SEARCH FAIL EXPR="HI=304DB75F196000210015983E" ERR=IRBIS: нет подключения. Host=127.0.0.1, Port=6666, User=MASTER, Db=IBIS. Error: Busy
[2025-09-26 09:55:03] SEARCH FAIL EXPR="HIN=304DB75F196000210015983E" ERR=IRBIS: нет подключения. Host=127.0.0.1, Port=6666, User=MASTER, Db=IBIS. Error: Busy
[2025-09-26 09:55:03] SEARCH FAIL EXPR="RF=304DB75F196000210015983E" ERR=IRBIS: нет подключения. Host=127.0.0.1, Port=6666, User=MASTER, Db=IBIS. Error: Busy
[2025-09-26 09:55:03] SEARCH FAIL EXPR="RFID=304DB75F196000210015983E" ERR=IRBIS: нет подключения. Host=127.0.0.1, Port=6666, User=MASTER, Db=IBIS. Error: Busy
[2025-09-26 09:55:03] NOT FOUND in DB=IBIS for RFID=304DB75F196000210015983E
[2025-09-26 09:55:03] RETURN: rec=null for tag=304DB75F196000210015983E
[2025-09-26 10:35:35] SEARCH DB=IBIS EXPR="H=304DB75F196000210015983E"
[2025-09-26 10:35:35] TRY DB=IBIS EXPR="H=304DB75F196000210015983E" -> NULL
[2025-09-26 10:35:35] SEARCH DB=IBIS EXPR="IN=304DB75F196000210015983E"
[2025-09-26 10:35:36] TRY DB=IBIS EXPR="IN=304DB75F196000210015983E" -> MFN 5
[2025-09-26 10:35:36] RETURN: [MFN 5] Программирование под Android. Для профессионалов Шифр: -346958 Инвентарные №: 798017, U123798017, 410007-3
[2025-09-26 10:35:36] MFN=5 key=304DB75F196000210015983E 910^h=[304DB75F196000210015983E]
[2025-09-26 10:35:57] SEARCH DB=IBIS EXPR="H=304DB75F196000210015983E"
[2025-09-26 10:35:57] TRY DB=IBIS EXPR="H=304DB75F196000210015983E" -> NULL
[2025-09-26 10:35:57] SEARCH DB=IBIS EXPR="IN=304DB75F196000210015983E"
[2025-09-26 10:35:57] TRY DB=IBIS EXPR="IN=304DB75F196000210015983E" -> MFN 5
[2025-09-26 10:35:57] TAKE: [MFN 5] Программирование под Android. Для профессионалов Шифр: -346958 Инвентарные №: 798017, U123798017, 410007-3
[2025-09-26 10:35:57] MFN=5 key=304DB75F196000210015983E 910^h=[304DB75F196000210015983E]
[2025-09-26 10:35:57] TAKE: already issued (a=C) MFN=5
[2025-09-26 10:36:21] SEARCH DB=IBIS EXPR="H=304DB75F196000210015983E"
[2025-09-26 10:36:21] TRY DB=IBIS EXPR="H=304DB75F196000210015983E" -> NULL
[2025-09-26 10:36:21] SEARCH DB=IBIS EXPR="IN=304DB75F196000210015983E"
[2025-09-26 10:36:21] TRY DB=IBIS EXPR="IN=304DB75F196000210015983E" -> MFN 5
[2025-09-26 10:36:22] TAKE: [MFN 5] Программирование под Android. Для профессионалов Шифр: -346958 Инвентарные №: 798017, U123798017, 410007-3
[2025-09-26 10:36:22] MFN=5 key=304DB75F196000210015983E 910^h=[304DB75F196000210015983E]
[2025-09-26 10:36:22] TAKE: already issued (a=C) MFN=5
[2025-09-26 10:38:37] SEARCH DB=IBIS EXPR="H=304DB75F196000210015983E"
[2025-09-26 10:38:37] TRY DB=IBIS EXPR="H=304DB75F196000210015983E" -> NULL
[2025-09-26 10:38:37] SEARCH DB=IBIS EXPR="IN=304DB75F196000210015983E"
[2025-09-26 10:38:37] TRY DB=IBIS EXPR="IN=304DB75F196000210015983E" -> MFN 375
[2025-09-26 10:38:37] RETURN: [MFN 375] Оцифровка как метод обеспечения сохранности? Шифр: Д8-99/50403 Инвентарные №: 99-739, 99-739а, 99-739б, 99-739в, 99-739г, 99-739д
[2025-09-26 10:38:37] MFN=375 key=304DB75F196000210015983E 910^h=[304DB75F196000210015983E,331601E,226825P]
[2025-09-26 10:38:59] SEARCH DB=IBIS EXPR="H=304DB75F196000210015983E"
[2025-09-26 10:38:59] TRY DB=IBIS EXPR="H=304DB75F196000210015983E" -> NULL
[2025-09-26 10:38:59] SEARCH DB=IBIS EXPR="IN=304DB75F196000210015983E"
[2025-09-26 10:38:59] TRY DB=IBIS EXPR="IN=304DB75F196000210015983E" -> MFN 375
[2025-09-26 10:39:00] TAKE: [MFN 375] Оцифровка как метод обеспечения сохранности? Шифр: Д8-99/50403 Инвентарные №: 99-739, 99-739а, 99-739б, 99-739в, 99-739г, 99-739д
[2025-09-26 10:39:00] MFN=375 key=304DB75F196000210015983E 910^h=[304DB75F196000210015983E,331601E,226825P]
[2025-09-26 10:49:34] SEARCH DB=RDR EXPR="RI=04239092F17380"
[2025-09-26 10:49:49] SEARCH DB=RDR EXPR="RI=04239092F17380"
[2025-09-26 14:30:58] CARD TRY DB=RDR PAT="RI={0}" UID=04239092F17380
[2025-09-26 14:30:58] SEARCH DB=RDR EXPR="RI=04239092F17380" -> found=1
[2025-09-26 14:30:58] CARD OK: MFN=3 via PAT="RI={0}" UID=04239092F17380
[2025-09-26 14:31:02] SEARCH DB=IBIS EXPR="H=304DB75F196000210015983E" -> found=0
[2025-09-26 14:31:02] TRY DB=IBIS EXPR="H=304DB75F196000210015983E" -> NULL
[2025-09-26 14:31:02] SEARCH DB=IBIS EXPR="IN=304DB75F196000210015983E" -> found=1
[2025-09-26 14:31:02] TRY DB=IBIS EXPR="IN=304DB75F196000210015983E" -> MFN 375
[2025-09-26 14:31:02] TAKE: [MFN 375] Оцифровка как метод обеспечения сохранности? Шифр: Д8-99/50403 Инвентарные №: 99-739, 99-739а, 99-739б, 99-739в, 99-739г, 99-739д
[2025-09-26 14:31:02] MFN=375 key=304DB75F196000210015983E 910^h=[304DB75F196000210015983E,331601E,226825P]
[2025-09-26 14:31:02] AppendRdr40 MFN=3 RFID=304DB75F196000210015983E ok=True
[2025-09-26 14:31:02] Update910 FAIL: subfields a/h missing
[2025-09-26 14:31:02] TAKE: Update910 to '1' FAILED MFN=375
[2025-09-26 14:31:34] CARD TRY DB=RDR PAT="RI={0}" UID=04239092F17380
[2025-09-26 14:31:34] SEARCH DB=RDR EXPR="RI=04239092F17380" -> found=1
[2025-09-26 14:31:34] CARD OK: MFN=3 via PAT="RI={0}" UID=04239092F17380
[2025-09-26 14:31:41] SEARCH DB=IBIS EXPR="H=304DB75F196000210015983E" -> found=0
[2025-09-26 14:31:41] TRY DB=IBIS EXPR="H=304DB75F196000210015983E" -> NULL
[2025-09-26 14:31:41] SEARCH DB=IBIS EXPR="IN=304DB75F196000210015983E" -> found=1
[2025-09-26 14:31:41] TRY DB=IBIS EXPR="IN=304DB75F196000210015983E" -> MFN 375
[2025-09-26 14:31:42] TAKE: [MFN 375] Оцифровка как метод обеспечения сохранности? Шифр: Д8-99/50403 Инвентарные №: 99-739, 99-739а, 99-739б, 99-739в, 99-739г, 99-739д
[2025-09-26 14:31:42] MFN=375 key=304DB75F196000210015983E 910^h=[304DB75F196000210015983E,331601E,226825P]
[2025-09-26 14:31:42] AppendRdr40 MFN=3 RFID=304DB75F196000210015983E ok=True
[2025-09-26 14:31:42] Update910 FAIL: subfields a/h missing
[2025-09-26 14:31:42] TAKE: Update910 to '1' FAILED MFN=375
[2025-09-26 14:37:12] CARD TRY DB=RDR PAT="RI={0}" UID=04239092F17380
[2025-09-26 14:37:12] CARD TRY DB=RDR PAT="RI={0}" UID=04239092F17380
[2025-09-26 14:37:12] CARD TRY DB=RDR PAT="RI={0}" UID=04239092F17380
[2025-09-26 14:37:12] SEARCH DB=RDR EXPR="RI=04239092F17380" -> found=1
[2025-09-26 14:37:12] CARD OK: MFN=3 via PAT="RI={0}" UID=04239092F17380
[2025-09-26 14:37:12] CARD TRY DB=RDR PAT="RI={0}" UID=04239092F17380
[2025-09-26 14:37:13] SEARCH DB=RDR EXPR="RI=04239092F17380" -> found=1
[2025-09-26 14:37:13] CARD OK: MFN=3 via PAT="RI={0}" UID=04239092F17380
[2025-09-26 14:37:18] SEARCH DB=IBIS EXPR="H=304DB75F196000210015983E" -> found=0
[2025-09-26 14:37:18] TRY DB=IBIS EXPR="H=304DB75F196000210015983E" -> NULL
[2025-09-26 14:37:18] SEARCH DB=IBIS EXPR="IN=304DB75F196000210015983E" -> found=1
[2025-09-26 14:37:18] TRY DB=IBIS EXPR="IN=304DB75F196000210015983E" -> MFN 375
[2025-09-26 14:37:19] RETURN: [MFN 375] Оцифровка как метод обеспечения сохранности? Шифр: Д8-99/50403 Инвентарные №: 99-739, 99-739а, 99-739б, 99-739в, 99-739г, 99-739д
[2025-09-26 14:37:19] MFN=375 key=304DB75F196000210015983E 910^h=[304DB75F196000210015983E,331601E,226825P]
[2025-09-26 14:37:19] SEARCH DB=RDR EXPR="H=304DB75F196000210015983E" -> found=1
[2025-09-26 14:37:19] CompleteRdr40 RFID=304DB75F196000210015983E ok=True
[2025-09-26 14:37:19] Update910 FAIL: subfields a/h missing
[2025-09-26 14:37:19] RETURN: Update910 to '0' FAILED MFN=375
[2025-09-26 14:39:15] CARD TRY DB=RDR PAT="RI={0}" UID=04239092F17380
[2025-09-26 14:39:16] SEARCH DB=RDR EXPR="RI=04239092F17380" -> found=1
[2025-09-26 14:39:16] CARD OK: MFN=3 via PAT="RI={0}" UID=04239092F17380
[2025-09-26 14:39:20] SEARCH DB=IBIS EXPR="H=304DB75F196000210015983E" -> found=0
[2025-09-26 14:39:20] TRY DB=IBIS EXPR="H=304DB75F196000210015983E" -> NULL
[2025-09-26 14:39:21] SEARCH DB=IBIS EXPR="IN=304DB75F196000210015983E" -> found=1
[2025-09-26 14:39:21] TRY DB=IBIS EXPR="IN=304DB75F196000210015983E" -> MFN 375
[2025-09-26 14:39:21] RETURN: [MFN 375] Оцифровка как метод обеспечения сохранности? Шифр: Д8-99/50403 Инвентарные №: 99-739, 99-739а, 99-739б, 99-739в, 99-739г, 99-739д
[2025-09-26 14:39:21] MFN=375 key=304DB75F196000210015983E 910^h=[304DB75F196000210015983E,331601E,226825P]
[2025-09-26 14:39:22] SEARCH DB=RDR EXPR="H=304DB75F196000210015983E" -> found=1
[2025-09-26 14:39:22] CompleteRdr40 RFID=304DB75F196000210015983E ok=True
[2025-09-26 14:39:22] Update910 FAIL: subfields a/h missing
[2025-09-26 14:39:22] RETURN: Update910 to '0' FAILED MFN=375
[2025-09-26 14:53:04] CARD TRY DB=RDR PAT="RI={0}" UID=04239092F17380
[2025-09-26 14:53:05] SEARCH DB=RDR EXPR="RI=04239092F17380" -> found=1
[2025-09-26 14:53:05] CARD OK: MFN=3 via PAT="RI={0}" UID=04239092F17380
