[2025-10-03 08:42:17] [RRU-DLL] Started on COM5 @ 57600 (adr=0x00)
[2025-10-03 08:42:24] [RRU-DLL] Started on COM5 @ 57600 (adr=0x00)
[2025-10-03 08:56:45] [RRU-DLL] Started on COM5 @ 57600 (adr=0x00)
[2025-10-03 09:10:56] [RRU-DLL] Started on COM5 @ 57600 (adr=0x00)
[2025-10-03 09:13:53] [RRU-DLL] Started on COM5 @ 57600 (adr=0x00)
[2025-10-03 09:15:31] [RRU-DLL] Started on COM5 @ 57600 (adr=0x00)
[2025-10-03 09:23:17] [RRU-DLL] Started on COM5 @ 57600 (adr=0x00)
[2025-10-03 09:25:24] [RRU-DLL] Started on COM5 @ 57600 (adr=0x00)
[2025-10-03 09:28:56] [RRU-DLL] Started on COM5 @ 57600 (adr=0x00)
[2025-10-03 09:29:15] [RRU-DLL] Started on COM5 @ 57600 (adr=0x00)
[2025-10-03 09:30:28] [RRU-DLL] Started on COM5 @ 57600 (adr=0x00)
[2025-10-03 09:32:13] [RRU-DLL] Started on COM5 @ 57600 (adr=0x00)
[2025-10-03 09:32:32] [RRU-DLL] Started on COM5 @ 57600 (adr=0x00)
[2025-10-03 09:51:16] [RRU-DLL] Started on COM5 @ 57600 (adr=0x00)
[2025-10-03 10:33:03] [RRU-DLL] Started on COM5 @ 57600 (adr=0x00)
[2025-10-03 10:41:41] [RRU-DLL] Started on COM5 @ 57600 (adr=0x00)
[2025-10-03 11:00:56] [RRU-DLL] Started on COM5 @ 57600 (adr=0x00)
[2025-10-03 11:01:34] [RRU-DLL] Started on COM5 @ 57600 (adr=0x00)
[2025-10-03 13:51:55] [RRU-DLL] Started on COM5 @ 57600 (adr=0x00)
[2025-10-03 13:53:16] [RRU EPC] 304DB75F1960002100159845
[2025-10-03 13:53:17] [RRU EPC] 304DB75F1960002100159845
[2025-10-03 13:53:17] [RRU EPC] 304DB75F1960002100159845
[2025-10-03 13:53:56] [RRU EPC] 304DB75F1960002100159844
[2025-10-03 13:53:56] [RRU EPC] 304DB75F1960002100159844
[2025-10-03 13:53:56] [RRU EPC] 304DB75F1960002100159844
[2025-10-03 13:53:56] [RRU EPC] 304DB75F1960002100159844
[2025-10-03 14:53:35] RRU INIT EX: System.InvalidOperationException: RRU9816: OpenComPort failed (ret=48)
   at LibraryTerminal.Rru9816Reader.Start()
   at LibraryTerminal.MainForm.MainForm_Load(Object sender, EventArgs e)
[2025-10-03 14:54:04] RRU INIT EX: System.InvalidOperationException: RRU9816: OpenComPort failed (ret=48)
   at LibraryTerminal.Rru9816Reader.Start()
   at LibraryTerminal.MainForm.MainForm_Load(Object sender, EventArgs e)
[2025-10-03 14:54:34] [RRU-DLL] Started on COM5 @ 57600 (adr=0x00)
[2025-10-03 14:54:43] [RRU EPC] 304DB75F19600021F0147389
[2025-10-03 14:54:44] [RRU EPC] 304DB75F19600021F0147389
[2025-10-03 14:54:44] [RRU EPC] 304DB75F19600021F0147389
[2025-10-03 14:54:44] [RRU EPC] 304DB75F19600021F0147389
[2025-10-03 14:54:44] [RRU EPC] 304DB75F19600021F0147389
[2025-10-03 14:54:44] [RRU EPC] 304DB75F19600021F0147389
[2025-10-03 14:59:10] [RRU-DLL] Started on COM5 @ 57600 (adr=0x00)
[2025-10-03 14:59:50] [RRU-DLL] Started on COM5 @ 57600 (adr=0x00)
[2025-10-03 18:15:26] [RRU-DLL] Started on COM5 @ 57600 (adr=0x00)
[2025-10-03 18:16:22] [RRU EPC] 304DB75F1960002100159843
[2025-10-03 18:16:23] [RRU EPC] 304DB75F1960002100159843
[2025-10-03 18:16:23] [RRU EPC] 304DB75F1960002100159843
[2025-10-03 18:16:48] [RRU EPC] 304DB75F1960002100159845
[2025-10-03 18:16:49] [RRU EPC] 304DB75F1960002100159845
[2025-10-03 18:16:49] [RRU EPC] 304DB75F1960002100159845
[2025-10-03 18:16:49] [RRU EPC] 304DB75F1960002100159845
[2025-10-03 18:16:49] [RRU EPC] 304DB75F1960002100159845
[2025-10-03 18:16:49] [RRU EPC] 304DB75F1960002100159845
[2025-10-03 18:16:49] [RRU EPC] 304DB75F1960002100159845
[2025-10-03 18:16:49] [RRU EPC] 304DB75F1960002100159845
[2025-10-03 18:16:49] [RRU EPC] 304DB75F1960002100159845
[2025-10-04 10:14:30] [RRU-DLL] Started on COM5 @ 57600 (adr=0x00)
[2025-10-04 10:15:03] [RRU EPC] 304DB75F1960002100159844
[2025-10-04 10:15:03] [RRU EPC] 304DB75F1960002100159844
[2025-10-04 10:15:03] [RRU EPC] 304DB75F1960002100159844
[2025-10-04 10:15:03] [RRU EPC] 304DB75F1960002100159844
[2025-10-04 10:15:04] [RRU EPC] 304DB75F1960002100159844
[2025-10-04 10:15:04] [RRU EPC] 304DB75F1960002100159844
[2025-10-04 10:15:04] [RRU EPC] 304DB75F1960002100159844
[2025-10-04 10:17:46] [RRU EPC] 304DB75F1960002100159844
[2025-10-04 10:17:46] [RRU EPC] 304DB75F1960002100159844
[2025-10-04 10:17:46] [RRU EPC] 304DB75F1960002100159844
[2025-10-04 10:17:46] [RRU EPC] 304DB75F1960002100159844
[2025-10-04 10:17:46] [RRU EPC] 304DB75F1960002100159844
[2025-10-04 10:17:46] [RRU EPC] 304DB75F1960002100159844
[2025-10-04 10:17:46] [RRU EPC] 304DB75F1960002100159844
[2025-10-04 10:17:47] [RRU EPC] 304DB75F1960002100159844
[2025-10-04 10:17:47] [RRU EPC] 304DB75F1960002100159844
[2025-10-04 21:20:18] [RRU-DLL] Started on COM5 @ 57600 (adr=0x00)
[2025-10-04 21:21:30] [RRU-DLL] Started on COM5 @ 57600 (adr=0x00)
[2025-10-04 21:21:49] [RRU EPC] 304DB75F1960002100159844
[2025-10-04 21:21:49] [RRU EPC] 304DB75F1960002100159844
[2025-10-04 21:21:49] [RRU EPC] 304DB75F1960002100159844
[2025-10-04 22:48:33] [RRU-DLL] Started on COM5 @ 57600 (adr=0x00)
[2025-10-04 22:49:00] [RRU EPC] 304DB75F1960002100159843
[2025-10-04 22:49:00] [RRU EPC] 304DB75F1960002100159843
[2025-10-04 22:49:00] [RRU EPC] 304DB75F1960002100159843
[2025-10-04 22:49:29] [RRU EPC] 304DB75F1960002100159844
[2025-10-04 22:49:29] [RRU EPC] 304DB75F1960002100159844
[2025-10-05 12:41:53] [RRU-DLL] Started on COM5 @ 57600 (adr=0x00)
[2025-10-05 12:54:25] [RRU-DLL] Started on COM5 @ 57600 (adr=0x00)
[2025-10-05 12:56:00] [RRU-DLL] Started on COM5 @ 57600 (adr=0x00)
[2025-10-05 12:56:54] [RRU-DLL] Started on COM5 @ 57600 (adr=0x00)
[2025-10-05 12:57:58] [RRU-DLL] Started on COM5 @ 57600 (adr=0x00)
[2025-10-05 12:58:04] [RRU EPC] 304DB75F19600021F0147389
[2025-10-05 12:58:04] [RRU EPC] 304DB75F19600021F0147389
[2025-10-05 12:58:04] [RRU EPC] 304DB75F19600021F0147389
[2025-10-05 12:58:04] [RRU EPC] 304DB75F19600021F0147389
[2025-10-05 12:58:04] [RRU EPC] 304DB75F19600021F0147389
[2025-10-05 12:58:04] [RRU EPC] 304DB75F19600021F0147389
[2025-10-05 12:58:05] [RRU EPC] 304DB75F19600021F0147389
[2025-10-05 12:59:01] [RRU-DLL] Started on COM5 @ 57600 (adr=0x00)
[2025-10-05 12:59:44] [RRU-DLL] Started on COM5 @ 57600 (adr=0x00)
[2025-10-05 13:01:43] [RRU-DLL] Started on COM5 @ 57600 (adr=0x00)
[2025-10-05 13:06:09] [RRU-DLL] Started on COM5 @ 57600 (adr=0x00)
[2025-10-05 13:08:06] [RRU-DLL] Started on COM5 @ 57600 (adr=0x00)
[2025-10-05 13:09:58] [RRU-DLL] Started on COM5 @ 57600 (adr=0x00)
[2025-10-05 13:11:03] [RRU-DLL] Started on COM5 @ 57600 (adr=0x00)
[2025-10-05 16:06:42] [RRU-DLL] Started on COM5 @ 57600 (adr=0x00)
[2025-10-05 19:20:06] [RRU-DLL] Started on COM5 @ 57600 (adr=0x00)
[2025-10-06 11:27:49] [RRU-DLL] Started on COM5 @ 57600 (adr=0x00)
[2025-10-06 15:08:26] [RRU-DLL] Started on COM5 @ 57600 (adr=0x00)
[2025-10-06 15:12:36] [RRU-DLL] Started on COM5 @ 57600 (adr=0x00)
[2025-10-06 15:19:09] [RRU-DLL] Started on COM5 @ 57600 (adr=0x00)
[2025-10-07 19:17:43] [RRU-DLL] Started on COM5 @ 57600 (adr=0x00)
[2025-10-07 19:22:43] [RRU-DLL] Started on COM5 @ 57600 (adr=0x00)
[2025-10-07 19:25:18] [RRU-DLL] Started on COM5 @ 57600 (adr=0x00)
[2025-10-07 19:27:37] [RRU-DLL] Started on COM5 @ 57600 (adr=0x00)
[2025-10-07 19:29:40] [RRU-DLL] Started on COM5 @ 57600 (adr=0x00)
[2025-10-07 19:30:03] [RRU-DLL] Started on COM5 @ 57600 (adr=0x00)
[2025-10-07 19:51:05] [RRU-DLL] Started on COM5 @ 57600 (adr=0x00)
[2025-10-07 19:52:16] [RRU-DLL] Started on COM5 @ 57600 (adr=0x00)
[2025-10-07 19:54:37] [RRU-DLL] Started on COM5 @ 57600 (adr=0x00)
[2025-10-07 19:57:49] [RRU-DLL] Started on COM5 @ 57600 (adr=0x00)
[2025-10-07 20:27:33] [RRU-DLL] Started on COM5 @ 57600 (adr=0x00)
[2025-10-07 22:59:00] RRU INIT EX: System.InvalidOperationException: RRU9816: OpenComPort failed (ret=48)
   at LibraryTerminal.Rru9816Reader.Start()
   at LibraryTerminal.MainForm.MainForm_Load(Object sender, EventArgs e)
[2025-10-08 09:57:57] [RRU-DLL] Started on COM5 @ 57600 (adr=0x00)
[2025-10-08 09:59:37] [RRU EPC] 304DB75F1960002100159845
[2025-10-08 09:59:37] [RRU EPC] 304DB75F1960002100159845
[2025-10-08 09:59:37] [RRU EPC] 304DB75F1960002100159845
[2025-10-08 10:08:04] [RRU-DLL] Started on COM5 @ 57600 (adr=0x00)
[2025-10-08 10:10:58] [RRU-DLL] Started on COM5 @ 57600 (adr=0x00)
[2025-10-08 15:29:26] [RRU-DLL] Started on COM5 @ 57600 (adr=0x00)
[2025-10-08 15:33:07] [RRU EPC] 304DB75F1960002100159843
[2025-10-08 15:33:07] [RRU EPC] 304DB75F1960002100159843
[2025-10-08 15:33:07] [RRU EPC] 304DB75F1960002100159843
[2025-10-08 15:33:17] [RRU EPC] 304DB75F1960002100159847
[2025-10-08 15:33:17] [RRU EPC] 304DB75F1960002100159847
[2025-10-08 15:33:17] [RRU EPC] 304DB75F1960002100159847
[2025-10-08 15:33:17] [RRU EPC] 304DB75F1960002100159847
[2025-10-08 15:33:22] [RRU EPC] 304DB75F1960002100159847
[2025-10-08 15:33:22] [RRU EPC] 304DB75F1960002100159847
[2025-10-08 15:33:23] [RRU EPC] 304DB75F1960002100159847
[2025-10-08 15:33:23] [RRU EPC] 304DB75F1960002100159847
[2025-10-08 15:33:23] [RRU EPC] 304DB75F1960002100159847
[2025-10-08 15:34:10] [RRU EPC] 304DB75F1960002100159847
[2025-10-08 15:34:10] [RRU EPC] 304DB75F1960002100159847
[2025-10-08 15:34:10] [RRU EPC] 304DB75F1960002100159847
[2025-10-08 15:34:10] [RRU EPC] 304DB75F1960002100159847
[2025-10-08 15:34:10] [RRU EPC] 304DB75F1960002100159847
[2025-10-08 23:36:24] [RRU-DLL] Started on COM5 @ 57600 (adr=0x00)
[2025-10-08 23:36:30] [RRU EPC] 304DB75F19600021F0147389
[2025-10-08 23:36:30] [RRU EPC] 304DB75F19600021F0147389
[2025-10-09 08:00:36] [RRU-DLL] Started on COM5 @ 57600 (adr=0x00)
[2025-10-09 10:02:27] [RRU-DLL] Started on COM5 @ 57600 (adr=0x00)
[2025-10-09 10:06:22] [RRU-DLL] Started on COM5 @ 57600 (adr=0x00)
[2025-10-09 10:21:07] [RRU-DLL] Started on COM5 @ 57600 (adr=0x00)
[2025-10-09 10:21:07] UHFReader09: started (baudIdx=3, poll=100ms)
[2025-10-09 10:21:07] [RRU EPC] 304DB75F1960002100159843
[2025-10-09 10:21:07] [RRU EPC] 304DB75F1960002100159845
[2025-10-09 10:22:04] [RRU-DLL] Started on COM5 @ 57600 (adr=0x00)
[2025-10-09 10:22:04] UHFReader09: started (baudIdx=3, poll=100ms)
[2025-10-09 10:22:04] [RRU EPC] 304DB75F1960002100159845
[2025-10-09 10:22:04] [RRU EPC] 304DB75F1960002100159843
[2025-10-09 10:22:04] [RRU EPC] 304DB75F1960002100159845
[2025-10-09 10:22:04] [RRU EPC] 304DB75F1960002100159843
[2025-10-09 10:22:04] [RRU EPC] 304DB75F1960002100159845
[2025-10-09 10:22:04] [RRU EPC] 304DB75F1960002100159843
[2025-10-09 10:22:05] [RRU EPC] 304DB75F1960002100159843
[2025-10-09 10:22:05] [RRU EPC] 304DB75F1960002100159845
[2025-10-09 10:22:05] [RRU EPC] 304DB75F1960002100159845
[2025-10-09 10:22:05] [RRU EPC] 304DB75F1960002100159845
[2025-10-09 10:22:05] [RRU EPC] 304DB75F1960002100159845
[2025-10-09 10:22:06] [RRU EPC] 304DB75F1960002100159845
[2025-10-09 10:22:06] [RRU EPC] 304DB75F1960002100159845
[2025-10-09 10:22:07] [RRU EPC] 304DB75F1960002100159845
[2025-10-09 10:22:07] [RRU EPC] 304DB75F1960002100159845
[2025-10-09 10:22:07] [RRU EPC] 304DB75F1960002100159845
[2025-10-09 10:22:07] [RRU EPC] 304DB75F1960002100159847
[2025-10-09 10:22:07] [RRU EPC] 304DB75F1960002100159845
[2025-10-09 10:22:08] [RRU EPC] 304DB75F1960002100159845
[2025-10-09 10:22:08] [RRU EPC] 304DB75F1960002100159845
[2025-10-09 10:22:08] [RRU EPC] 304DB75F1960002100159845
[2025-10-09 10:22:08] [RRU EPC] 304DB75F1960002100159843
[2025-10-09 10:22:08] [RRU EPC] 304DB75F1960002100159845
[2025-10-09 10:22:08] [RRU EPC] 304DB75F1960002100159845
[2025-10-09 10:22:08] [RRU EPC] 304DB75F1960002100159845
[2025-10-09 10:22:09] [RRU EPC] 304DB75F1960002100159845
[2025-10-09 10:22:09] [RRU EPC] 304DB75F1960002100159845
[2025-10-09 10:22:09] [RRU EPC] 304DB75F1960002100159845
[2025-10-09 10:22:09] [RRU EPC] 304DB75F1960002100159845
[2025-10-09 10:22:09] [RRU EPC] 304DB75F1960002100159845
[2025-10-09 10:22:09] [RRU EPC] 304DB75F1960002100159845
[2025-10-09 10:22:10] [RRU EPC] 304DB75F1960002100159845
[2025-10-09 10:22:10] [RRU EPC] 304DB75F1960002100159845
[2025-10-09 10:22:10] [RRU EPC] 304DB75F1960002100159845
[2025-10-09 10:22:10] [RRU EPC] 304DB75F1960002100159845
[2025-10-09 10:22:11] [RRU EPC] 304DB75F1960002100159845
[2025-10-09 10:22:11] [RRU EPC] 304DB75F1960002100159845
[2025-10-09 10:22:11] [RRU EPC] 304DB75F1960002100159845
[2025-10-09 10:22:11] [RRU EPC] 304DB75F1960002100159845
[2025-10-09 10:22:11] [RRU EPC] 304DB75F1960002100159845
[2025-10-09 10:22:12] [RRU EPC] 304DB75F1960002100159845
[2025-10-09 10:22:12] [RRU EPC] 304DB75F1960002100159845
[2025-10-09 10:22:12] [RRU EPC] 304DB75F1960002100159845
[2025-10-09 10:22:12] [RRU EPC] 304DB75F1960002100159845
[2025-10-09 10:22:13] [RRU EPC] 304DB75F1960002100159845
[2025-10-09 10:22:14] [RRU EPC] 304DB75F19600021F0147389
[2025-10-09 10:22:14] [RRU EPC] 304DB75F19600021F0147389
[2025-10-09 10:22:15] [RRU EPC] 304DB75F19600021F0147389
[2025-10-09 10:22:15] [RRU EPC] 304DB75F19600021F0147389
[2025-10-09 10:22:15] [RRU EPC] 304DB75F19600021F0147389
[2025-10-09 10:22:15] [RRU EPC] 304DB75F19600021F0147389
[2025-10-09 10:22:15] [RRU EPC] 304DB75F19600021F0147389
[2025-10-09 10:22:16] [RRU EPC] 304DB75F19600021F0147389
[2025-10-09 10:22:16] [RRU EPC] 304DB75F19600021F0147389
[2025-10-09 10:22:16] [RRU EPC] 304DB75F19600021F0147389
[2025-10-09 10:22:16] [RRU EPC] 304DB75F19600021F0147389
[2025-10-09 10:22:17] [RRU EPC] 304DB75F19600021F0147389
[2025-10-09 10:22:17] [RRU EPC] 304DB75F19600021F0147389
[2025-10-09 10:22:17] [RRU EPC] 304DB75F19600021F0147389
[2025-10-09 10:22:17] [RRU EPC] 304DB75F19600021F0147389
[2025-10-09 10:22:18] [RRU EPC] 304DB75F19600021F0147389
[2025-10-09 10:22:18] [RRU EPC] 304DB75F19600021F0147389
[2025-10-09 10:22:18] [RRU EPC] 304DB75F19600021F0147389
[2025-10-09 10:22:18] [RRU EPC] 304DB75F19600021F0147389
[2025-10-09 10:22:18] [RRU EPC] 304DB75F19600021F0147389
[2025-10-09 10:22:19] [RRU EPC] 304DB75F19600021F0147389
[2025-10-09 10:22:19] [RRU EPC] 304DB75F19600021F0147389
[2025-10-09 10:22:19] [RRU EPC] 304DB75F19600021F0147389
[2025-10-09 10:22:20] [RRU EPC] 304DB75F19600021F0147389
[2025-10-09 10:22:20] [RRU EPC] 304DB75F19600021F0147389
[2025-10-09 10:22:20] [RRU EPC] 304DB75F19600021F0147389
[2025-10-09 10:22:20] [RRU EPC] 304DB75F19600021F0147389
[2025-10-09 10:22:20] [RRU EPC] 304DB75F19600021F0147389
[2025-10-09 10:22:21] [RRU EPC] 304DB75F19600021F0147389
[2025-10-09 10:22:21] [RRU EPC] 304DB75F19600021F0147389
[2025-10-09 10:22:22] [RRU EPC] 304DB75F19600021F0147389
[2025-10-09 10:22:22] [RRU EPC] 304DB75F19600021F0147389
[2025-10-09 10:22:22] [RRU EPC] 304DB75F19600021F0147389
[2025-10-09 10:22:22] [RRU EPC] 304DB75F19600021F0147389
[2025-10-09 10:22:22] [RRU EPC] 304DB75F19600021F0147389
[2025-10-09 10:22:22] [RRU EPC] 304DB75F19600021F0147389
[2025-10-09 10:22:23] [RRU EPC] 304DB75F19600021F0147389
[2025-10-09 10:22:23] [RRU EPC] 304DB75F19600021F0147389
[2025-10-09 10:22:23] [RRU EPC] 304DB75F19600021F0147389
[2025-10-09 10:22:23] [RRU EPC] 304DB75F19600021F0147389
[2025-10-09 10:22:23] [RRU EPC] 304DB75F19600021F0147389
[2025-10-09 10:22:23] [RRU EPC] 304DB75F19600021F0147389
[2025-10-09 10:22:24] [RRU EPC] 304DB75F19600021F0147389
[2025-10-09 10:22:24] [RRU EPC] 304DB75F19600021F0147389
[2025-10-09 10:22:24] [RRU EPC] 304DB75F19600021F0147389
[2025-10-09 10:22:24] [RRU EPC] 304DB75F19600021F0147389
[2025-10-09 10:22:24] [RRU EPC] 304DB75F19600021F0147389
[2025-10-09 10:22:25] [RRU EPC] 304DB75F19600021F0147389
[2025-10-09 10:22:25] [RRU EPC] 304DB75F19600021F0147389
[2025-10-09 10:22:25] [RRU EPC] 304DB75F19600021F0147389
[2025-10-09 10:22:25] [RRU EPC] 304DB75F19600021F0147389
[2025-10-09 10:22:26] [RRU EPC] 304DB75F19600021F0147389
[2025-10-09 10:22:26] [RRU EPC] 304DB75F19600021F0147389
[2025-10-09 10:22:27] [RRU EPC] 304DB75F19600021F0147389
[2025-10-09 10:22:27] [RRU EPC] 304DB75F19600021F0147389
[2025-10-09 10:22:27] [RRU EPC] 304DB75F19600021F0147389
[2025-10-09 10:22:28] [RRU EPC] 304DB75F19600021F0147389
[2025-10-09 10:22:28] [RRU EPC] 304DB75F19600021F0147389
[2025-10-09 10:22:28] [RRU EPC] 304DB75F19600021F0147389
[2025-10-09 10:22:28] [RRU EPC] 304DB75F19600021F0147389
[2025-10-09 10:22:28] [RRU EPC] 304DB75F19600021F0147389
[2025-10-09 10:22:29] [RRU EPC] 304DB75F19600021F0147389
[2025-10-09 10:22:29] [RRU EPC] 304DB75F19600021F0147389
[2025-10-09 10:23:31] [RRU EPC] 304DB75F19600021F0147389
[2025-10-09 10:23:31] [RRU EPC] 304DB75F19600021F0147389
[2025-10-09 10:23:32] [RRU EPC] 304DB75F19600021F0147389
[2025-10-09 10:23:32] [RRU EPC] 304DB75F19600021F0147389
[2025-10-09 10:23:32] [RRU EPC] 304DB75F19600021F0147389
[2025-10-09 10:23:32] [RRU EPC] 304DB75F19600021F0147389
[2025-10-09 12:39:15] [RRU-DLL] Started on COM5 @ 57600 (adr=0x00)
[2025-10-09 12:39:15] UHFReader09: started (baudIdx=3, poll=100ms)
[2025-10-09 12:39:18] [RRU EPC] 304DB75F19600021F0147389
[2025-10-09 12:39:18] [RRU EPC] 304DB75F19600021F0147389
[2025-10-09 12:39:18] [RRU EPC] 304DB75F19600021F0147389
[2025-10-09 12:39:18] [RRU EPC] 304DB75F19600021F0147389
[2025-10-09 12:39:18] [RRU EPC] 304DB75F19600021F0147389
[2025-10-09 12:39:19] [RRU EPC] 304DB75F19600021F0147389
[2025-10-09 12:39:19] [RRU EPC] 304DB75F19600021F0147389
[2025-10-09 12:39:19] [RRU EPC] 304DB75F19600021F0147389
[2025-10-09 12:39:19] [RRU EPC] 304DB75F19600021F0147389
[2025-10-09 12:39:19] [RRU EPC] 304DB75F19600021F0147389
[2025-10-09 12:39:20] [RRU EPC] 304DB75F19600021F0147389
[2025-10-09 12:39:20] [RRU EPC] 304DB75F19600021F0147389
[2025-10-09 12:39:20] [RRU EPC] 304DB75F19600021F0147389
[2025-10-09 12:39:24] [RRU EPC] 304DB75F1960002100159845
[2025-10-09 12:39:24] [RRU EPC] 304DB75F1960002100159845
[2025-10-09 12:39:25] [RRU EPC] 304DB75F1960002100159845
[2025-10-09 12:39:25] [RRU EPC] 304DB75F1960002100159845
[2025-10-09 12:39:25] [RRU EPC] 304DB75F1960002100159845
[2025-10-09 12:39:25] [RRU EPC] 304DB75F1960002100159845
[2025-10-09 12:39:25] [RRU EPC] 304DB75F1960002100159845
[2025-10-09 12:39:25] [RRU EPC] 304DB75F1960002100159845
[2025-10-09 12:39:26] [RRU EPC] 304DB75F1960002100159845
[2025-10-09 12:39:26] [RRU EPC] 304DB75F1960002100159845
[2025-10-09 12:39:26] [RRU EPC] 304DB75F1960002100159845
[2025-10-09 12:39:26] [RRU EPC] 304DB75F1960002100159845
[2025-10-09 12:39:27] [RRU EPC] 304DB75F1960002100159845
[2025-10-09 12:39:27] [RRU EPC] 304DB75F1960002100159845
[2025-10-09 12:39:28] [RRU EPC] 304DB75F1960002100159845
[2025-10-09 12:39:28] [RRU EPC] 304DB75F1960002100159845
[2025-10-09 12:39:33] [RRU EPC] 304DB75F1960002100159844
[2025-10-09 12:39:35] [RRU EPC] 304DB75F1960002100159844
[2025-10-09 12:39:35] [RRU EPC] 304DB75F1960002100159844
