[2025-09-23 05:43:39] TRY OpenComPort: COM5 @ 115200 (code=4), ADR=0xFF
[2025-09-23 05:43:41] OpenComPort -> ret=48, frmIdx=-1
[2025-09-23 05:43:41] TRY OpenComPort: COM5 @ 115200 (code=4), ADR=0x00
[2025-09-23 05:43:44] OpenComPort -> ret=48, frmIdx=-1
[2025-09-23 05:43:44] TRY OpenComPort: COM5 @ 115200 (code=5), ADR=0xFF
[2025-09-23 05:43:46] OpenComPort -> ret=48, frmIdx=-1
[2025-09-23 05:43:46] TRY OpenComPort: COM5 @ 115200 (code=5), ADR=0x00
[2025-09-23 05:43:48] OpenComPort -> ret=48, frmIdx=-1
[2025-09-23 05:43:49] TRY OpenComPort: COM5 @ 57600 (code=3), ADR=0xFF
[2025-09-23 05:43:51] OpenComPort -> ret=48, frmIdx=-1
[2025-09-23 05:43:51] TRY OpenComPort: COM5 @ 57600 (code=3), ADR=0x00
[2025-09-23 05:54:17] TRY OpenComPort: COM5 @ 115200 (code=4), ADR=0x00
[2025-09-23 05:54:19] OpenComPort -> ret=48, frmIdx=-1
[2025-09-23 05:54:20] TRY OpenComPort: COM5 @ 115200 (code=4), ADR=0xFF
[2025-09-23 05:54:22] OpenComPort -> ret=48, frmIdx=-1
[2025-09-23 05:54:22] TRY OpenComPort: COM5 @ 115200 (code=5), ADR=0x00
[2025-09-23 05:54:24] OpenComPort -> ret=48, frmIdx=-1
[2025-09-23 05:54:24] TRY OpenComPort: COM5 @ 115200 (code=5), ADR=0xFF
[2025-09-23 05:54:27] OpenComPort -> ret=48, frmIdx=-1
[2025-09-23 05:54:27] TRY OpenComPort: COM5 @ 57600 (code=3), ADR=0x00
[2025-09-23 05:54:29] OpenComPort -> ret=48, frmIdx=-1
[2025-09-23 05:54:29] TRY OpenComPort: COM5 @ 57600 (code=3), ADR=0xFF
[2025-09-23 05:54:32] OpenComPort -> ret=48, frmIdx=-1
[2025-09-23 05:54:32] TRY OpenComPort: COM5 @ 38400 (code=2), ADR=0x00
[2025-09-23 05:54:34] OpenComPort -> ret=48, frmIdx=-1
[2025-09-23 05:54:34] TRY OpenComPort: COM5 @ 38400 (code=2), ADR=0xFF
[2025-09-23 05:54:37] OpenComPort -> ret=48, frmIdx=-1
[2025-09-23 05:54:37] TRY OpenComPort: COM5 @ 19200 (code=1), ADR=0x00
[2025-09-23 05:54:39] OpenComPort -> ret=48, frmIdx=-1
[2025-09-23 05:54:39] TRY OpenComPort: COM5 @ 19200 (code=1), ADR=0xFF
[2025-09-23 05:54:41] OpenComPort -> ret=48, frmIdx=-1
[2025-09-23 05:54:42] TRY OpenComPort: COM5 @ 9600 (code=0), ADR=0x00
[2025-09-23 05:54:44] OpenComPort -> ret=48, frmIdx=-1
[2025-09-23 05:54:44] TRY OpenComPort: COM5 @ 9600 (code=0), ADR=0xFF
[2025-09-23 05:54:46] OpenComPort -> ret=48, frmIdx=-1
[2025-09-23 05:54:46] TRY AutoOpenComPort: ? @ 115200 (code=4), ADR=0x00
[2025-09-23 05:54:49] AutoOpenComPort -> ret=48, frmIdx=-1, autoPort=-1
[2025-09-23 05:54:49] TRY AutoOpenComPort: ? @ 115200 (code=4), ADR=0xFF
[2025-09-23 05:54:51] AutoOpenComPort -> ret=48, frmIdx=-1, autoPort=-1
[2025-09-23 05:54:51] TRY AutoOpenComPort: ? @ 115200 (code=5), ADR=0x00
[2025-09-23 05:54:53] AutoOpenComPort -> ret=48, frmIdx=-1, autoPort=-1
[2025-09-23 05:54:53] TRY AutoOpenComPort: ? @ 115200 (code=5), ADR=0xFF
[2025-09-23 05:54:55] AutoOpenComPort -> ret=48, frmIdx=-1, autoPort=-1
[2025-09-23 05:54:56] TRY AutoOpenComPort: ? @ 57600 (code=3), ADR=0x00
[2025-09-23 05:54:58] AutoOpenComPort -> ret=48, frmIdx=-1, autoPort=-1
[2025-09-23 05:54:58] TRY AutoOpenComPort: ? @ 57600 (code=3), ADR=0xFF
[2025-09-23 05:55:00] AutoOpenComPort -> ret=48, frmIdx=-1, autoPort=-1
[2025-09-23 05:55:00] TRY AutoOpenComPort: ? @ 38400 (code=2), ADR=0x00
[2025-09-23 05:55:02] AutoOpenComPort -> ret=48, frmIdx=-1, autoPort=-1
[2025-09-23 05:55:02] TRY AutoOpenComPort: ? @ 38400 (code=2), ADR=0xFF
[2025-09-23 05:55:04] AutoOpenComPort -> ret=48, frmIdx=-1, autoPort=-1
[2025-09-23 05:55:05] TRY AutoOpenComPort: ? @ 19200 (code=1), ADR=0x00
[2025-09-23 05:55:07] AutoOpenComPort -> ret=48, frmIdx=-1, autoPort=-1
[2025-09-23 05:55:07] TRY AutoOpenComPort: ? @ 19200 (code=1), ADR=0xFF
[2025-09-23 05:55:09] AutoOpenComPort -> ret=48, frmIdx=-1, autoPort=-1
[2025-09-23 05:55:09] TRY AutoOpenComPort: ? @ 9600 (code=0), ADR=0x00
[2025-09-23 05:55:11] AutoOpenComPort -> ret=48, frmIdx=-1, autoPort=-1
[2025-09-23 05:55:11] TRY AutoOpenComPort: ? @ 9600 (code=0), ADR=0xFF
[2025-09-23 05:55:13] AutoOpenComPort -> ret=48, frmIdx=-1, autoPort=-1
[2025-09-23 06:15:43] TRY OpenComPort: COM5 @ 115200 (code=4), ADR=0x00
[2025-09-23 06:15:45] OpenComPort -> ret=48, frmIdx=-1
[2025-09-23 06:15:45] TRY OpenComPort: COM5 @ 115200 (code=4), ADR=0xFF
[2025-09-23 06:15:48] OpenComPort -> ret=48, frmIdx=-1
[2025-09-23 06:15:48] TRY OpenComPort: COM5 @ 115200 (code=5), ADR=0x00
[2025-09-23 06:15:50] OpenComPort -> ret=48, frmIdx=-1
[2025-09-23 06:15:50] TRY OpenComPort: COM5 @ 115200 (code=5), ADR=0xFF
[2025-09-23 06:15:53] OpenComPort -> ret=48, frmIdx=-1
[2025-09-23 06:15:53] TRY OpenComPort: COM5 @ 57600 (code=3), ADR=0x00
[2025-09-23 06:15:55] OpenComPort -> ret=48, frmIdx=-1
[2025-09-23 06:15:55] TRY OpenComPort: COM5 @ 57600 (code=3), ADR=0xFF
[2025-09-23 06:15:58] OpenComPort -> ret=48, frmIdx=-1
[2025-09-23 06:15:58] TRY OpenComPort: COM5 @ 38400 (code=2), ADR=0x00
[2025-09-23 06:16:00] OpenComPort -> ret=48, frmIdx=-1
[2025-09-23 06:16:00] TRY OpenComPort: COM5 @ 38400 (code=2), ADR=0xFF
[2025-09-23 06:16:02] OpenComPort -> ret=48, frmIdx=-1
[2025-09-23 06:16:03] TRY OpenComPort: COM5 @ 19200 (code=1), ADR=0x00
[2025-09-23 06:16:05] OpenComPort -> ret=48, frmIdx=-1
[2025-09-23 06:16:05] TRY OpenComPort: COM5 @ 19200 (code=1), ADR=0xFF
[2025-09-23 06:16:07] OpenComPort -> ret=48, frmIdx=-1
[2025-09-23 06:16:07] TRY OpenComPort: COM5 @ 9600 (code=0), ADR=0x00
[2025-09-23 06:16:10] OpenComPort -> ret=48, frmIdx=-1
[2025-09-23 06:16:10] TRY OpenComPort: COM5 @ 9600 (code=0), ADR=0xFF
[2025-09-23 06:16:12] OpenComPort -> ret=48, frmIdx=-1
[2025-09-23 06:16:12] TRY AutoOpenComPort: ? @ 115200 (code=4), ADR=0x00
[2025-09-23 06:16:14] AutoOpenComPort -> ret=48, frmIdx=-1, autoPort=-1
[2025-09-23 06:16:15] TRY AutoOpenComPort: ? @ 115200 (code=4), ADR=0xFF
[2025-09-23 06:16:17] AutoOpenComPort -> ret=48, frmIdx=-1, autoPort=-1
[2025-09-23 06:16:17] TRY AutoOpenComPort: ? @ 115200 (code=5), ADR=0x00
[2025-09-23 06:16:19] AutoOpenComPort -> ret=48, frmIdx=-1, autoPort=-1
[2025-09-23 06:16:19] TRY AutoOpenComPort: ? @ 115200 (code=5), ADR=0xFF
[2025-09-23 06:16:21] AutoOpenComPort -> ret=48, frmIdx=-1, autoPort=-1
[2025-09-23 06:16:21] TRY AutoOpenComPort: ? @ 57600 (code=3), ADR=0x00
[2025-09-23 06:16:24] AutoOpenComPort -> ret=48, frmIdx=-1, autoPort=-1
[2025-09-23 06:16:24] TRY AutoOpenComPort: ? @ 57600 (code=3), ADR=0xFF
[2025-09-23 06:16:26] AutoOpenComPort -> ret=48, frmIdx=-1, autoPort=-1
[2025-09-23 06:16:26] TRY AutoOpenComPort: ? @ 38400 (code=2), ADR=0x00
[2025-09-23 06:16:28] AutoOpenComPort -> ret=48, frmIdx=-1, autoPort=-1
[2025-09-23 06:16:28] TRY AutoOpenComPort: ? @ 38400 (code=2), ADR=0xFF
[2025-09-23 06:16:30] AutoOpenComPort -> ret=48, frmIdx=-1, autoPort=-1
[2025-09-23 06:16:30] TRY AutoOpenComPort: ? @ 19200 (code=1), ADR=0x00
[2025-09-23 06:16:33] AutoOpenComPort -> ret=48, frmIdx=-1, autoPort=-1
[2025-09-23 06:16:33] TRY AutoOpenComPort: ? @ 19200 (code=1), ADR=0xFF
[2025-09-23 06:16:35] AutoOpenComPort -> ret=48, frmIdx=-1, autoPort=-1
[2025-09-23 06:16:35] TRY AutoOpenComPort: ? @ 9600 (code=0), ADR=0x00
[2025-09-23 06:16:37] AutoOpenComPort -> ret=48, frmIdx=-1, autoPort=-1
[2025-09-23 06:16:37] TRY AutoOpenComPort: ? @ 9600 (code=0), ADR=0xFF
[2025-09-23 06:16:39] AutoOpenComPort -> ret=48, frmIdx=-1, autoPort=-1
[2025-09-23 06:17:39] EXACT Open: COM5 @ 115200 (code=4), ADR=0x00
[2025-09-23 06:17:42] EXACT -> ret=48, frmIdx=-1
[2025-09-23 06:17:42] EXACT Open: COM5 @ 115200 (code=4), ADR=0xFF
[2025-09-23 06:17:44] EXACT -> ret=48, frmIdx=-1
[2025-09-23 06:17:44] TRY OpenComPort: COM5 @ 115200 (code=4), ADR=0x00
[2025-09-23 06:17:46] OpenComPort -> ret=48, frmIdx=-1
[2025-09-23 06:17:47] TRY OpenComPort: COM5 @ 115200 (code=4), ADR=0xFF
[2025-09-23 06:17:49] OpenComPort -> ret=48, frmIdx=-1
[2025-09-23 06:17:49] TRY OpenComPort: COM5 @ 115200 (code=5), ADR=0x00
[2025-09-23 06:17:51] OpenComPort -> ret=48, frmIdx=-1
[2025-09-23 06:17:51] TRY OpenComPort: COM5 @ 115200 (code=5), ADR=0xFF
[2025-09-23 06:17:54] OpenComPort -> ret=48, frmIdx=-1
[2025-09-23 06:17:54] TRY OpenComPort: COM5 @ 57600 (code=3), ADR=0x00
[2025-09-23 06:17:56] OpenComPort -> ret=48, frmIdx=-1
[2025-09-23 06:17:56] TRY OpenComPort: COM5 @ 57600 (code=3), ADR=0xFF
[2025-09-23 06:17:59] OpenComPort -> ret=48, frmIdx=-1
[2025-09-23 06:17:59] TRY OpenComPort: COM5 @ 38400 (code=2), ADR=0x00
[2025-09-23 06:18:01] OpenComPort -> ret=48, frmIdx=-1
[2025-09-23 06:18:01] TRY OpenComPort: COM5 @ 38400 (code=2), ADR=0xFF
[2025-09-23 06:18:03] OpenComPort -> ret=48, frmIdx=-1
[2025-09-23 06:18:04] TRY OpenComPort: COM5 @ 19200 (code=1), ADR=0x00
[2025-09-23 06:18:06] OpenComPort -> ret=48, frmIdx=-1
[2025-09-23 06:18:06] TRY OpenComPort: COM5 @ 19200 (code=1), ADR=0xFF
[2025-09-23 06:18:08] OpenComPort -> ret=48, frmIdx=-1
[2025-09-23 06:18:09] TRY OpenComPort: COM5 @ 9600 (code=0), ADR=0x00
[2025-09-23 06:18:11] OpenComPort -> ret=48, frmIdx=-1
[2025-09-23 06:18:11] TRY OpenComPort: COM5 @ 9600 (code=0), ADR=0xFF
[2025-09-23 06:18:13] OpenComPort -> ret=48, frmIdx=-1
[2025-09-23 06:18:13] TRY AutoOpenComPort: ? @ 115200 (code=4), ADR=0x00
[2025-09-23 06:18:16] AutoOpenComPort -> ret=48, frmIdx=-1, autoPort=-1
[2025-09-23 06:18:16] TRY AutoOpenComPort: ? @ 115200 (code=4), ADR=0xFF
[2025-09-23 06:18:18] AutoOpenComPort -> ret=48, frmIdx=-1, autoPort=-1
[2025-09-23 06:18:18] TRY AutoOpenComPort: ? @ 115200 (code=5), ADR=0x00
[2025-09-23 06:18:20] AutoOpenComPort -> ret=48, frmIdx=-1, autoPort=-1
[2025-09-23 06:18:20] TRY AutoOpenComPort: ? @ 115200 (code=5), ADR=0xFF
[2025-09-23 06:18:22] AutoOpenComPort -> ret=48, frmIdx=-1, autoPort=-1
[2025-09-23 06:18:22] TRY AutoOpenComPort: ? @ 57600 (code=3), ADR=0x00
[2025-09-23 06:18:25] AutoOpenComPort -> ret=48, frmIdx=-1, autoPort=-1
[2025-09-23 06:18:25] TRY AutoOpenComPort: ? @ 57600 (code=3), ADR=0xFF
[2025-09-23 06:18:27] AutoOpenComPort -> ret=48, frmIdx=-1, autoPort=-1
[2025-09-23 06:18:27] TRY AutoOpenComPort: ? @ 38400 (code=2), ADR=0x00
[2025-09-23 06:18:29] AutoOpenComPort -> ret=48, frmIdx=-1, autoPort=-1
[2025-09-23 06:18:29] TRY AutoOpenComPort: ? @ 38400 (code=2), ADR=0xFF
[2025-09-23 06:18:31] AutoOpenComPort -> ret=48, frmIdx=-1, autoPort=-1
[2025-09-23 06:18:31] TRY AutoOpenComPort: ? @ 19200 (code=1), ADR=0x00
[2025-09-23 06:18:34] AutoOpenComPort -> ret=48, frmIdx=-1, autoPort=-1
[2025-09-23 06:18:34] TRY AutoOpenComPort: ? @ 19200 (code=1), ADR=0xFF
[2025-09-23 06:18:36] AutoOpenComPort -> ret=48, frmIdx=-1, autoPort=-1
[2025-09-23 06:18:36] TRY AutoOpenComPort: ? @ 9600 (code=0), ADR=0x00
[2025-09-23 06:18:38] AutoOpenComPort -> ret=48, frmIdx=-1, autoPort=-1
[2025-09-23 06:18:38] TRY AutoOpenComPort: ? @ 9600 (code=0), ADR=0xFF
[2025-09-23 06:18:40] AutoOpenComPort -> ret=48, frmIdx=-1, autoPort=-1
[2025-09-23 06:24:49] EXACT Open: COM5 @ 115200 (code=4), ADR=0x00
[2025-09-23 06:24:52] EXACT -> ret=48, frmIdx=-1
[2025-09-23 06:24:52] EXACT Open: COM5 @ 115200 (code=4), ADR=0xFF
[2025-09-23 06:24:54] EXACT -> ret=48, frmIdx=-1
[2025-09-23 06:24:54] TRY OpenComPort: COM5 @ 115200 (code=4), ADR=0x00
[2025-09-23 06:24:57] OpenComPort -> ret=48, frmIdx=-1
[2025-09-23 06:24:57] TRY OpenComPort: COM5 @ 115200 (code=4), ADR=0xFF
[2025-09-23 06:24:59] OpenComPort -> ret=48, frmIdx=-1
[2025-09-23 06:24:59] TRY OpenComPort: COM5 @ 115200 (code=5), ADR=0x00
[2025-09-23 06:25:01] OpenComPort -> ret=48, frmIdx=-1
[2025-09-23 06:25:02] TRY OpenComPort: COM5 @ 115200 (code=5), ADR=0xFF
[2025-09-23 06:25:04] OpenComPort -> ret=48, frmIdx=-1
[2025-09-23 06:25:04] TRY OpenComPort: COM5 @ 57600 (code=3), ADR=0x00
[2025-09-23 06:25:06] OpenComPort -> ret=48, frmIdx=-1
[2025-09-23 06:25:06] TRY OpenComPort: COM5 @ 57600 (code=3), ADR=0xFF
[2025-09-23 06:25:09] OpenComPort -> ret=48, frmIdx=-1
[2025-09-23 06:25:09] TRY OpenComPort: COM5 @ 38400 (code=2), ADR=0x00
[2025-09-23 06:25:11] OpenComPort -> ret=48, frmIdx=-1
[2025-09-23 06:25:11] TRY OpenComPort: COM5 @ 38400 (code=2), ADR=0xFF
[2025-09-23 06:25:14] OpenComPort -> ret=48, frmIdx=-1
[2025-09-23 06:25:14] TRY OpenComPort: COM5 @ 19200 (code=1), ADR=0x00
[2025-09-23 06:25:16] OpenComPort -> ret=48, frmIdx=-1
[2025-09-23 06:25:16] TRY OpenComPort: COM5 @ 19200 (code=1), ADR=0xFF
[2025-09-23 06:25:35] EXACT Open: COM5 @ 57600 (code=3), ADR=0x00
[2025-09-23 06:25:37] EXACT -> ret=48, frmIdx=-1
[2025-09-23 06:25:37] EXACT Open: COM5 @ 57600 (code=3), ADR=0xFF
[2025-09-23 06:25:40] EXACT -> ret=48, frmIdx=-1
[2025-09-23 06:25:40] TRY OpenComPort: COM5 @ 57600 (code=3), ADR=0x00
[2025-09-23 06:25:42] OpenComPort -> ret=48, frmIdx=-1
[2025-09-23 06:25:42] TRY OpenComPort: COM5 @ 57600 (code=3), ADR=0xFF
[2025-09-23 06:25:45] OpenComPort -> ret=48, frmIdx=-1
[2025-09-23 06:25:45] TRY OpenComPort: COM5 @ 115200 (code=4), ADR=0x00
[2025-09-23 06:25:47] OpenComPort -> ret=48, frmIdx=-1
[2025-09-23 06:25:47] TRY OpenComPort: COM5 @ 115200 (code=4), ADR=0xFF
[2025-09-23 06:25:49] OpenComPort -> ret=48, frmIdx=-1
[2025-09-23 06:25:50] TRY OpenComPort: COM5 @ 115200 (code=5), ADR=0x00
[2025-09-23 06:25:52] OpenComPort -> ret=48, frmIdx=-1
[2025-09-23 06:25:52] TRY OpenComPort: COM5 @ 115200 (code=5), ADR=0xFF
[2025-09-23 06:25:54] OpenComPort -> ret=48, frmIdx=-1
[2025-09-23 06:25:54] TRY OpenComPort: COM5 @ 38400 (code=2), ADR=0x00
[2025-09-23 06:25:57] OpenComPort -> ret=48, frmIdx=-1
[2025-09-23 06:25:57] TRY OpenComPort: COM5 @ 38400 (code=2), ADR=0xFF
[2025-09-23 06:25:59] OpenComPort -> ret=48, frmIdx=-1
[2025-09-23 06:25:59] TRY OpenComPort: COM5 @ 19200 (code=1), ADR=0x00
[2025-09-23 06:26:02] OpenComPort -> ret=48, frmIdx=-1
[2025-09-23 06:26:02] TRY OpenComPort: COM5 @ 19200 (code=1), ADR=0xFF
[2025-09-23 06:26:04] OpenComPort -> ret=48, frmIdx=-1
[2025-09-23 06:26:04] TRY OpenComPort: COM5 @ 9600 (code=0), ADR=0x00
[2025-09-23 06:26:07] OpenComPort -> ret=48, frmIdx=-1
[2025-09-23 06:26:07] TRY OpenComPort: COM5 @ 9600 (code=0), ADR=0xFF
[2025-09-23 06:26:09] OpenComPort -> ret=48, frmIdx=-1
[2025-09-23 06:26:09] TRY AutoOpenComPort: ? @ 57600 (code=3), ADR=0x00
[2025-09-23 06:26:11] AutoOpenComPort -> ret=48, frmIdx=-1, autoPort=-1
[2025-09-23 06:26:11] TRY AutoOpenComPort: ? @ 57600 (code=3), ADR=0xFF
[2025-09-23 06:26:14] AutoOpenComPort -> ret=48, frmIdx=-1, autoPort=-1
[2025-09-23 06:26:14] TRY AutoOpenComPort: ? @ 115200 (code=4), ADR=0x00
[2025-09-23 06:26:16] AutoOpenComPort -> ret=48, frmIdx=-1, autoPort=-1
[2025-09-23 06:26:16] TRY AutoOpenComPort: ? @ 115200 (code=4), ADR=0xFF
[2025-09-23 06:26:18] AutoOpenComPort -> ret=48, frmIdx=-1, autoPort=-1
[2025-09-23 06:26:18] TRY AutoOpenComPort: ? @ 115200 (code=5), ADR=0x00
[2025-09-23 06:26:20] AutoOpenComPort -> ret=48, frmIdx=-1, autoPort=-1
[2025-09-23 06:26:20] TRY AutoOpenComPort: ? @ 115200 (code=5), ADR=0xFF
[2025-09-23 06:26:23] AutoOpenComPort -> ret=48, frmIdx=-1, autoPort=-1
[2025-09-23 06:26:23] TRY AutoOpenComPort: ? @ 38400 (code=2), ADR=0x00
[2025-09-23 06:26:25] AutoOpenComPort -> ret=48, frmIdx=-1, autoPort=-1
[2025-09-23 06:26:25] TRY AutoOpenComPort: ? @ 38400 (code=2), ADR=0xFF
[2025-09-23 06:26:27] AutoOpenComPort -> ret=48, frmIdx=-1, autoPort=-1
[2025-09-23 06:26:27] TRY AutoOpenComPort: ? @ 19200 (code=1), ADR=0x00
[2025-09-23 06:26:29] AutoOpenComPort -> ret=48, frmIdx=-1, autoPort=-1
[2025-09-23 06:26:29] TRY AutoOpenComPort: ? @ 19200 (code=1), ADR=0xFF
[2025-09-23 06:26:32] AutoOpenComPort -> ret=48, frmIdx=-1, autoPort=-1
[2025-09-23 06:26:32] TRY AutoOpenComPort: ? @ 9600 (code=0), ADR=0x00
[2025-09-23 06:26:34] AutoOpenComPort -> ret=48, frmIdx=-1, autoPort=-1
[2025-09-23 06:26:34] TRY AutoOpenComPort: ? @ 9600 (code=0), ADR=0xFF
[2025-09-23 06:26:36] AutoOpenComPort -> ret=48, frmIdx=-1, autoPort=-1
[2025-09-25 09:55:54] EXACT Open: COM5 @ 115200 (code=4), ADR=0x00
[2025-09-25 09:55:56] EXACT -> ret=48, frmIdx=-1
[2025-09-25 09:55:56] EXACT Open: COM5 @ 115200 (code=4), ADR=0xFF
[2025-09-25 09:55:59] EXACT -> ret=48, frmIdx=-1
[2025-09-25 09:55:59] TRY OpenComPort: COM5 @ 115200 (code=4), ADR=0x00
[2025-09-25 09:56:02] OpenComPort -> ret=48, frmIdx=-1
[2025-09-25 09:56:03] TRY OpenComPort: COM5 @ 115200 (code=4), ADR=0xFF
[2025-09-25 09:56:05] OpenComPort -> ret=48, frmIdx=-1
[2025-09-25 09:56:05] TRY OpenComPort: COM5 @ 115200 (code=5), ADR=0x00
[2025-09-25 09:56:07] OpenComPort -> ret=48, frmIdx=-1
[2025-09-25 09:56:08] TRY OpenComPort: COM5 @ 115200 (code=5), ADR=0xFF
[2025-09-25 09:56:10] OpenComPort -> ret=48, frmIdx=-1
[2025-09-25 09:56:10] TRY OpenComPort: COM5 @ 57600 (code=3), ADR=0x00
[2025-09-25 09:56:12] OpenComPort -> ret=48, frmIdx=-1
[2025-09-25 09:56:12] TRY OpenComPort: COM5 @ 57600 (code=3), ADR=0xFF
[2025-09-25 09:56:15] OpenComPort -> ret=48, frmIdx=-1
[2025-09-25 09:56:15] TRY OpenComPort: COM5 @ 38400 (code=2), ADR=0x00
[2025-09-25 09:56:17] OpenComPort -> ret=48, frmIdx=-1
[2025-09-25 09:56:17] TRY OpenComPort: COM5 @ 38400 (code=2), ADR=0xFF
[2025-09-25 09:57:35] EXACT Open: COM5 @ 115200 (code=4), ADR=0x00
[2025-09-25 09:57:38] EXACT -> ret=48, frmIdx=-1
[2025-09-25 09:57:38] EXACT Open: COM5 @ 115200 (code=4), ADR=0xFF
[2025-09-25 09:57:40] EXACT -> ret=48, frmIdx=-1
[2025-09-25 09:57:40] TRY OpenComPort: COM5 @ 115200 (code=4), ADR=0x00
[2025-09-25 09:57:43] OpenComPort -> ret=48, frmIdx=-1
[2025-09-25 09:57:43] TRY OpenComPort: COM5 @ 115200 (code=4), ADR=0xFF
[2025-09-25 09:57:45] OpenComPort -> ret=48, frmIdx=-1
[2025-09-25 09:57:45] TRY OpenComPort: COM5 @ 115200 (code=5), ADR=0x00
[2025-09-25 09:57:47] OpenComPort -> ret=48, frmIdx=-1
[2025-09-25 09:57:48] TRY OpenComPort: COM5 @ 115200 (code=5), ADR=0xFF
[2025-09-25 09:57:50] OpenComPort -> ret=48, frmIdx=-1
[2025-09-25 09:57:50] TRY OpenComPort: COM5 @ 57600 (code=3), ADR=0x00
[2025-09-25 09:57:52] OpenComPort -> ret=48, frmIdx=-1
[2025-09-25 09:57:52] TRY OpenComPort: COM5 @ 57600 (code=3), ADR=0xFF
[2025-09-25 09:57:55] OpenComPort -> ret=48, frmIdx=-1
[2025-09-25 09:57:55] TRY OpenComPort: COM5 @ 38400 (code=2), ADR=0x00
[2025-09-25 09:57:57] OpenComPort -> ret=48, frmIdx=-1
[2025-09-25 09:57:57] TRY OpenComPort: COM5 @ 38400 (code=2), ADR=0xFF
[2025-09-25 09:58:00] OpenComPort -> ret=48, frmIdx=-1
[2025-09-25 09:58:00] TRY OpenComPort: COM5 @ 19200 (code=1), ADR=0x00
[2025-09-25 09:58:02] OpenComPort -> ret=48, frmIdx=-1
[2025-09-25 09:58:02] TRY OpenComPort: COM5 @ 19200 (code=1), ADR=0xFF
[2025-09-25 09:59:03] EXACT Open: COM5 @ 115200 (code=4), ADR=0x00
[2025-09-25 09:59:06] EXACT -> ret=48, frmIdx=-1
[2025-09-25 09:59:06] EXACT Open: COM5 @ 115200 (code=4), ADR=0xFF
[2025-09-25 09:59:08] EXACT -> ret=48, frmIdx=-1
[2025-09-25 09:59:08] TRY OpenComPort: COM5 @ 115200 (code=4), ADR=0x00
[2025-09-25 09:59:10] OpenComPort -> ret=48, frmIdx=-1
[2025-09-25 09:59:11] TRY OpenComPort: COM5 @ 115200 (code=4), ADR=0xFF
[2025-09-25 09:59:13] OpenComPort -> ret=48, frmIdx=-1
[2025-09-25 09:59:13] TRY OpenComPort: COM5 @ 115200 (code=5), ADR=0x00
[2025-09-25 09:59:15] OpenComPort -> ret=48, frmIdx=-1
[2025-09-25 09:59:16] TRY OpenComPort: COM5 @ 115200 (code=5), ADR=0xFF
[2025-09-25 09:59:18] OpenComPort -> ret=48, frmIdx=-1
[2025-09-25 09:59:18] TRY OpenComPort: COM5 @ 57600 (code=3), ADR=0x00
[2025-09-25 09:59:20] OpenComPort -> ret=48, frmIdx=-1
[2025-09-25 09:59:20] TRY OpenComPort: COM5 @ 57600 (code=3), ADR=0xFF
[2025-09-25 09:59:23] OpenComPort -> ret=48, frmIdx=-1
[2025-09-25 09:59:23] TRY OpenComPort: COM5 @ 38400 (code=2), ADR=0x00
[2025-09-25 09:59:25] OpenComPort -> ret=48, frmIdx=-1
[2025-09-25 09:59:25] TRY OpenComPort: COM5 @ 38400 (code=2), ADR=0xFF
[2025-09-25 09:59:28] OpenComPort -> ret=48, frmIdx=-1
[2025-09-25 09:59:28] TRY OpenComPort: COM5 @ 19200 (code=1), ADR=0x00
[2025-09-25 09:59:30] OpenComPort -> ret=48, frmIdx=-1
[2025-09-25 09:59:30] TRY OpenComPort: COM5 @ 19200 (code=1), ADR=0xFF
[2025-09-25 09:59:33] OpenComPort -> ret=48, frmIdx=-1
[2025-09-25 09:59:33] TRY OpenComPort: COM5 @ 9600 (code=0), ADR=0x00
[2025-09-25 09:59:35] OpenComPort -> ret=48, frmIdx=-1
[2025-09-25 09:59:35] TRY OpenComPort: COM5 @ 9600 (code=0), ADR=0xFF
[2025-09-25 09:59:37] OpenComPort -> ret=48, frmIdx=-1
[2025-09-25 09:59:38] TRY AutoOpenComPort: ? @ 115200 (code=4), ADR=0x00
[2025-09-25 09:59:40] AutoOpenComPort -> ret=48, frmIdx=-1, autoPort=-1
[2025-09-25 09:59:40] TRY AutoOpenComPort: ? @ 115200 (code=4), ADR=0xFF
[2025-09-25 09:59:42] AutoOpenComPort -> ret=48, frmIdx=-1, autoPort=-1
[2025-09-25 09:59:42] TRY AutoOpenComPort: ? @ 115200 (code=5), ADR=0x00
[2025-09-25 09:59:44] AutoOpenComPort -> ret=48, frmIdx=-1, autoPort=-1
[2025-09-25 09:59:44] TRY AutoOpenComPort: ? @ 115200 (code=5), ADR=0xFF
[2025-09-25 09:59:46] AutoOpenComPort -> ret=48, frmIdx=-1, autoPort=-1
[2025-09-25 09:59:47] TRY AutoOpenComPort: ? @ 57600 (code=3), ADR=0x00
[2025-09-25 09:59:49] AutoOpenComPort -> ret=48, frmIdx=-1, autoPort=-1
[2025-09-25 09:59:49] TRY AutoOpenComPort: ? @ 57600 (code=3), ADR=0xFF
[2025-09-25 09:59:51] AutoOpenComPort -> ret=48, frmIdx=-1, autoPort=-1
[2025-09-25 09:59:51] TRY AutoOpenComPort: ? @ 38400 (code=2), ADR=0x00
[2025-09-25 09:59:53] AutoOpenComPort -> ret=48, frmIdx=-1, autoPort=-1
[2025-09-25 09:59:53] TRY AutoOpenComPort: ? @ 38400 (code=2), ADR=0xFF
[2025-09-25 09:59:55] AutoOpenComPort -> ret=48, frmIdx=-1, autoPort=-1
[2025-09-25 09:59:56] TRY AutoOpenComPort: ? @ 19200 (code=1), ADR=0x00
[2025-09-25 09:59:58] AutoOpenComPort -> ret=48, frmIdx=-1, autoPort=-1
[2025-09-25 09:59:58] TRY AutoOpenComPort: ? @ 19200 (code=1), ADR=0xFF
[2025-09-25 10:00:00] AutoOpenComPort -> ret=48, frmIdx=-1, autoPort=-1
[2025-09-25 10:00:00] TRY AutoOpenComPort: ? @ 9600 (code=0), ADR=0x00
[2025-09-25 10:00:02] AutoOpenComPort -> ret=48, frmIdx=-1, autoPort=-1
[2025-09-25 10:00:02] TRY AutoOpenComPort: ? @ 9600 (code=0), ADR=0xFF
[2025-09-25 10:00:04] AutoOpenComPort -> ret=48, frmIdx=-1, autoPort=-1
[2025-09-25 10:01:28] EXACT Open: COM5 @ 115200 (code=4), ADR=0x00
[2025-09-25 10:01:30] EXACT -> ret=48, frmIdx=-1
[2025-09-25 10:01:30] EXACT Open: COM5 @ 115200 (code=4), ADR=0xFF
[2025-09-25 10:01:33] EXACT -> ret=48, frmIdx=-1
[2025-09-25 10:01:33] TRY OpenComPort: COM5 @ 115200 (code=4), ADR=0x00
[2025-09-25 10:01:35] OpenComPort -> ret=48, frmIdx=-1
[2025-09-25 10:01:35] TRY OpenComPort: COM5 @ 115200 (code=4), ADR=0xFF
[2025-09-25 10:01:37] OpenComPort -> ret=48, frmIdx=-1
[2025-09-25 10:01:38] TRY OpenComPort: COM5 @ 115200 (code=5), ADR=0x00
[2025-09-25 10:01:40] OpenComPort -> ret=48, frmIdx=-1
[2025-09-25 10:01:40] TRY OpenComPort: COM5 @ 115200 (code=5), ADR=0xFF
[2025-09-25 10:01:42] OpenComPort -> ret=48, frmIdx=-1
[2025-09-25 10:01:42] TRY OpenComPort: COM5 @ 57600 (code=3), ADR=0x00
[2025-09-25 10:01:45] OpenComPort -> ret=48, frmIdx=-1
[2025-09-25 10:01:45] TRY OpenComPort: COM5 @ 57600 (code=3), ADR=0xFF
[2025-09-25 10:01:47] OpenComPort -> ret=48, frmIdx=-1
[2025-09-25 10:01:47] TRY OpenComPort: COM5 @ 38400 (code=2), ADR=0x00
[2025-09-25 10:01:50] OpenComPort -> ret=48, frmIdx=-1
[2025-09-25 10:01:50] TRY OpenComPort: COM5 @ 38400 (code=2), ADR=0xFF
[2025-09-25 10:01:52] OpenComPort -> ret=48, frmIdx=-1
[2025-09-25 10:01:52] TRY OpenComPort: COM5 @ 19200 (code=1), ADR=0x00
[2025-09-25 10:01:54] OpenComPort -> ret=48, frmIdx=-1
[2025-09-25 10:01:55] TRY OpenComPort: COM5 @ 19200 (code=1), ADR=0xFF
[2025-09-25 10:01:57] OpenComPort -> ret=48, frmIdx=-1
[2025-09-25 10:01:57] TRY OpenComPort: COM5 @ 9600 (code=0), ADR=0x00
[2025-09-25 10:01:59] OpenComPort -> ret=48, frmIdx=-1
[2025-09-25 10:02:00] TRY OpenComPort: COM5 @ 9600 (code=0), ADR=0xFF
[2025-09-25 10:02:02] OpenComPort -> ret=48, frmIdx=-1
[2025-09-25 10:02:02] TRY AutoOpenComPort: ? @ 115200 (code=4), ADR=0x00
[2025-09-25 10:02:04] AutoOpenComPort -> ret=48, frmIdx=-1, autoPort=-1
[2025-09-25 10:02:04] TRY AutoOpenComPort: ? @ 115200 (code=4), ADR=0xFF
[2025-09-25 10:02:06] AutoOpenComPort -> ret=48, frmIdx=-1, autoPort=-1
[2025-09-25 10:02:06] TRY AutoOpenComPort: ? @ 115200 (code=5), ADR=0x00
[2025-09-25 10:02:09] AutoOpenComPort -> ret=48, frmIdx=-1, autoPort=-1
[2025-09-25 10:02:09] TRY AutoOpenComPort: ? @ 115200 (code=5), ADR=0xFF
[2025-09-25 10:02:11] AutoOpenComPort -> ret=48, frmIdx=-1, autoPort=-1
[2025-09-25 10:02:11] TRY AutoOpenComPort: ? @ 57600 (code=3), ADR=0x00
[2025-09-25 10:02:13] AutoOpenComPort -> ret=48, frmIdx=-1, autoPort=-1
[2025-09-25 10:02:13] TRY AutoOpenComPort: ? @ 57600 (code=3), ADR=0xFF
[2025-09-25 10:02:15] AutoOpenComPort -> ret=48, frmIdx=-1, autoPort=-1
[2025-09-25 10:02:15] TRY AutoOpenComPort: ? @ 38400 (code=2), ADR=0x00
[2025-09-25 10:02:18] AutoOpenComPort -> ret=48, frmIdx=-1, autoPort=-1
[2025-09-25 10:02:18] TRY AutoOpenComPort: ? @ 38400 (code=2), ADR=0xFF
[2025-09-25 10:02:20] AutoOpenComPort -> ret=48, frmIdx=-1, autoPort=-1
[2025-09-25 10:02:20] TRY AutoOpenComPort: ? @ 19200 (code=1), ADR=0x00
[2025-09-25 10:02:22] AutoOpenComPort -> ret=48, frmIdx=-1, autoPort=-1
[2025-09-25 10:02:22] TRY AutoOpenComPort: ? @ 19200 (code=1), ADR=0xFF
[2025-09-25 10:02:24] AutoOpenComPort -> ret=48, frmIdx=-1, autoPort=-1
[2025-09-25 10:02:24] TRY AutoOpenComPort: ? @ 9600 (code=0), ADR=0x00
[2025-09-25 10:02:27] AutoOpenComPort -> ret=48, frmIdx=-1, autoPort=-1
[2025-09-25 10:02:27] TRY AutoOpenComPort: ? @ 9600 (code=0), ADR=0xFF
[2025-09-25 10:02:29] AutoOpenComPort -> ret=48, frmIdx=-1, autoPort=-1
[2025-09-25 11:35:33] EXACT Open: COM5 @ 115200 (code=4), ADR=0x00
[2025-09-25 11:35:36] EXACT -> ret=48, frmIdx=-1
[2025-09-25 11:35:36] EXACT Open: COM5 @ 115200 (code=4), ADR=0xFF
[2025-09-25 11:35:38] EXACT -> ret=48, frmIdx=-1
[2025-09-25 11:35:38] TRY OpenComPort: COM5 @ 115200 (code=4), ADR=0x00
[2025-09-25 11:35:41] OpenComPort -> ret=48, frmIdx=-1
[2025-09-25 11:35:41] TRY OpenComPort: COM5 @ 115200 (code=4), ADR=0xFF
[2025-09-25 11:35:43] OpenComPort -> ret=48, frmIdx=-1
[2025-09-25 11:35:43] TRY OpenComPort: COM5 @ 115200 (code=5), ADR=0x00
[2025-09-25 11:35:45] OpenComPort -> ret=48, frmIdx=-1
[2025-09-25 11:35:46] TRY OpenComPort: COM5 @ 115200 (code=5), ADR=0xFF
[2025-09-25 11:35:48] OpenComPort -> ret=48, frmIdx=-1
[2025-09-25 11:35:48] TRY OpenComPort: COM5 @ 57600 (code=3), ADR=0x00
[2025-09-25 11:35:50] OpenComPort -> ret=48, frmIdx=-1
[2025-09-25 11:35:50] TRY OpenComPort: COM5 @ 57600 (code=3), ADR=0xFF
[2025-09-25 11:35:53] OpenComPort -> ret=48, frmIdx=-1
[2025-09-25 11:35:53] TRY OpenComPort: COM5 @ 38400 (code=2), ADR=0x00
[2025-09-25 11:35:55] OpenComPort -> ret=48, frmIdx=-1
[2025-09-25 11:35:55] TRY OpenComPort: COM5 @ 38400 (code=2), ADR=0xFF
[2025-09-25 11:35:58] OpenComPort -> ret=48, frmIdx=-1
[2025-09-25 11:35:58] TRY OpenComPort: COM5 @ 19200 (code=1), ADR=0x00
[2025-09-25 11:36:00] OpenComPort -> ret=48, frmIdx=-1
[2025-09-25 11:36:00] TRY OpenComPort: COM5 @ 19200 (code=1), ADR=0xFF
[2025-09-25 11:36:03] OpenComPort -> ret=48, frmIdx=-1
[2025-09-25 11:36:03] TRY OpenComPort: COM5 @ 9600 (code=0), ADR=0x00
[2025-09-25 11:36:05] OpenComPort -> ret=48, frmIdx=-1
[2025-09-25 11:36:05] TRY OpenComPort: COM5 @ 9600 (code=0), ADR=0xFF
[2025-09-25 11:36:07] OpenComPort -> ret=48, frmIdx=-1
[2025-09-25 11:36:08] TRY AutoOpenComPort: ? @ 115200 (code=4), ADR=0x00
[2025-09-25 11:36:10] AutoOpenComPort -> ret=48, frmIdx=-1, autoPort=-1
[2025-09-25 11:36:10] TRY AutoOpenComPort: ? @ 115200 (code=4), ADR=0xFF
[2025-09-25 11:36:12] AutoOpenComPort -> ret=48, frmIdx=-1, autoPort=-1
[2025-09-25 11:36:12] TRY AutoOpenComPort: ? @ 115200 (code=5), ADR=0x00
[2025-09-25 11:36:14] AutoOpenComPort -> ret=48, frmIdx=-1, autoPort=-1
[2025-09-25 11:36:14] TRY AutoOpenComPort: ? @ 115200 (code=5), ADR=0xFF
[2025-09-25 12:03:41] EXACT Open: COM5 @ 115200 (code=4), ADR=0x00
[2025-09-25 12:03:44] EXACT -> ret=48, frmIdx=-1
[2025-09-25 12:03:44] EXACT Open: COM5 @ 115200 (code=4), ADR=0xFF
[2025-09-25 12:03:46] EXACT -> ret=48, frmIdx=-1
[2025-09-25 12:03:46] TRY OpenComPort: COM5 @ 115200 (code=4), ADR=0x00
[2025-09-25 12:03:49] OpenComPort -> ret=48, frmIdx=-1
[2025-09-25 12:03:49] TRY OpenComPort: COM5 @ 115200 (code=4), ADR=0xFF
[2025-09-25 12:03:51] OpenComPort -> ret=48, frmIdx=-1
[2025-09-25 12:03:51] TRY OpenComPort: COM5 @ 115200 (code=5), ADR=0x00
[2025-09-25 12:03:53] OpenComPort -> ret=48, frmIdx=-1
[2025-09-25 12:03:54] TRY OpenComPort: COM5 @ 115200 (code=5), ADR=0xFF
[2025-09-25 12:03:56] OpenComPort -> ret=48, frmIdx=-1
[2025-09-25 12:03:56] TRY OpenComPort: COM5 @ 57600 (code=3), ADR=0x00
[2025-09-25 12:03:58] OpenComPort -> ret=48, frmIdx=-1
[2025-09-25 12:03:58] TRY OpenComPort: COM5 @ 57600 (code=3), ADR=0xFF
[2025-09-25 12:04:01] OpenComPort -> ret=48, frmIdx=-1
[2025-09-25 12:04:01] TRY OpenComPort: COM5 @ 38400 (code=2), ADR=0x00
[2025-09-25 12:04:03] OpenComPort -> ret=48, frmIdx=-1
[2025-09-25 12:04:03] TRY OpenComPort: COM5 @ 38400 (code=2), ADR=0xFF
[2025-09-25 12:04:06] OpenComPort -> ret=48, frmIdx=-1
[2025-09-25 12:04:06] TRY OpenComPort: COM5 @ 19200 (code=1), ADR=0x00
[2025-09-25 12:04:08] OpenComPort -> ret=48, frmIdx=-1
[2025-09-25 12:04:08] TRY OpenComPort: COM5 @ 19200 (code=1), ADR=0xFF
[2025-09-25 12:04:11] OpenComPort -> ret=48, frmIdx=-1
[2025-09-25 12:04:11] TRY OpenComPort: COM5 @ 9600 (code=0), ADR=0x00
[2025-09-25 12:04:13] OpenComPort -> ret=48, frmIdx=-1
[2025-09-25 12:04:13] TRY OpenComPort: COM5 @ 9600 (code=0), ADR=0xFF
[2025-09-25 12:04:15] OpenComPort -> ret=48, frmIdx=-1
[2025-09-25 12:04:16] TRY AutoOpenComPort: ? @ 115200 (code=4), ADR=0x00
[2025-09-25 12:04:18] AutoOpenComPort -> ret=48, frmIdx=-1, autoPort=-1
[2025-09-25 12:04:18] TRY AutoOpenComPort: ? @ 115200 (code=4), ADR=0xFF
[2025-09-25 12:04:20] AutoOpenComPort -> ret=48, frmIdx=-1, autoPort=-1
[2025-09-25 12:04:20] TRY AutoOpenComPort: ? @ 115200 (code=5), ADR=0x00
[2025-09-25 12:04:22] AutoOpenComPort -> ret=48, frmIdx=-1, autoPort=-1
[2025-09-25 12:04:22] TRY AutoOpenComPort: ? @ 115200 (code=5), ADR=0xFF
[2025-09-25 12:04:24] AutoOpenComPort -> ret=48, frmIdx=-1, autoPort=-1
[2025-09-25 12:04:25] TRY AutoOpenComPort: ? @ 57600 (code=3), ADR=0x00
[2025-09-25 12:04:27] AutoOpenComPort -> ret=48, frmIdx=-1, autoPort=-1
[2025-09-25 12:04:27] TRY AutoOpenComPort: ? @ 57600 (code=3), ADR=0xFF
[2025-09-25 12:04:29] AutoOpenComPort -> ret=48, frmIdx=-1, autoPort=-1
[2025-09-25 12:04:29] TRY AutoOpenComPort: ? @ 38400 (code=2), ADR=0x00
[2025-09-25 12:04:31] AutoOpenComPort -> ret=48, frmIdx=-1, autoPort=-1
[2025-09-25 12:04:31] TRY AutoOpenComPort: ? @ 38400 (code=2), ADR=0xFF
[2025-09-25 12:04:33] AutoOpenComPort -> ret=48, frmIdx=-1, autoPort=-1
[2025-09-25 12:04:33] TRY AutoOpenComPort: ? @ 19200 (code=1), ADR=0x00
[2025-09-25 12:04:36] AutoOpenComPort -> ret=48, frmIdx=-1, autoPort=-1
[2025-09-25 12:04:36] TRY AutoOpenComPort: ? @ 19200 (code=1), ADR=0xFF
[2025-09-25 12:04:38] AutoOpenComPort -> ret=48, frmIdx=-1, autoPort=-1
[2025-09-25 12:04:38] TRY AutoOpenComPort: ? @ 9600 (code=0), ADR=0x00
[2025-09-25 12:04:40] AutoOpenComPort -> ret=48, frmIdx=-1, autoPort=-1
[2025-09-25 12:04:40] TRY AutoOpenComPort: ? @ 9600 (code=0), ADR=0xFF
[2025-09-25 12:04:42] AutoOpenComPort -> ret=48, frmIdx=-1, autoPort=-1
[2025-09-25 12:06:28] EXACT Open: COM5 @ 115200 (code=4), ADR=0x00
[2025-09-25 12:06:31] EXACT -> ret=48, frmIdx=-1
[2025-09-25 12:06:31] EXACT Open: COM5 @ 115200 (code=4), ADR=0xFF
[2025-09-25 12:06:33] EXACT -> ret=48, frmIdx=-1
[2025-09-25 12:06:33] TRY OpenComPort: COM5 @ 115200 (code=4), ADR=0x00
[2025-09-25 12:06:35] OpenComPort -> ret=48, frmIdx=-1
[2025-09-25 12:06:35] TRY OpenComPort: COM5 @ 115200 (code=4), ADR=0xFF
[2025-09-25 12:06:38] OpenComPort -> ret=48, frmIdx=-1
[2025-09-25 12:06:38] TRY OpenComPort: COM5 @ 115200 (code=5), ADR=0x00
[2025-09-25 12:06:40] OpenComPort -> ret=48, frmIdx=-1
[2025-09-25 12:06:40] TRY OpenComPort: COM5 @ 115200 (code=5), ADR=0xFF
[2025-09-25 12:06:42] OpenComPort -> ret=48, frmIdx=-1
[2025-09-25 12:06:43] TRY OpenComPort: COM5 @ 57600 (code=3), ADR=0x00
[2025-09-25 12:06:45] OpenComPort -> ret=48, frmIdx=-1
[2025-09-25 12:06:45] TRY OpenComPort: COM5 @ 57600 (code=3), ADR=0xFF
[2025-09-25 12:06:47] OpenComPort -> ret=48, frmIdx=-1
[2025-09-25 12:06:47] TRY OpenComPort: COM5 @ 38400 (code=2), ADR=0x00
[2025-09-25 12:06:50] OpenComPort -> ret=48, frmIdx=-1
[2025-09-25 12:06:50] TRY OpenComPort: COM5 @ 38400 (code=2), ADR=0xFF
[2025-09-25 12:06:52] OpenComPort -> ret=48, frmIdx=-1
[2025-09-25 12:06:52] TRY OpenComPort: COM5 @ 19200 (code=1), ADR=0x00
[2025-09-25 12:06:55] OpenComPort -> ret=48, frmIdx=-1
[2025-09-25 12:06:55] TRY OpenComPort: COM5 @ 19200 (code=1), ADR=0xFF
[2025-09-25 12:06:57] OpenComPort -> ret=48, frmIdx=-1
[2025-09-25 12:06:57] TRY OpenComPort: COM5 @ 9600 (code=0), ADR=0x00
[2025-09-25 12:07:00] OpenComPort -> ret=48, frmIdx=-1
[2025-09-25 12:07:00] TRY OpenComPort: COM5 @ 9600 (code=0), ADR=0xFF
[2025-09-25 12:07:02] OpenComPort -> ret=48, frmIdx=-1
[2025-09-25 12:07:02] TRY AutoOpenComPort: ? @ 115200 (code=4), ADR=0x00
[2025-09-25 12:07:04] AutoOpenComPort -> ret=48, frmIdx=-1, autoPort=-1
[2025-09-25 12:07:04] TRY AutoOpenComPort: ? @ 115200 (code=4), ADR=0xFF
[2025-09-25 12:07:07] AutoOpenComPort -> ret=48, frmIdx=-1, autoPort=-1
[2025-09-25 12:07:07] TRY AutoOpenComPort: ? @ 115200 (code=5), ADR=0x00
[2025-09-25 12:07:09] AutoOpenComPort -> ret=48, frmIdx=-1, autoPort=-1
[2025-09-25 12:07:09] TRY AutoOpenComPort: ? @ 115200 (code=5), ADR=0xFF
[2025-09-25 12:07:11] AutoOpenComPort -> ret=48, frmIdx=-1, autoPort=-1
[2025-09-25 12:07:11] TRY AutoOpenComPort: ? @ 57600 (code=3), ADR=0x00
[2025-09-25 12:07:13] AutoOpenComPort -> ret=48, frmIdx=-1, autoPort=-1
[2025-09-25 12:07:13] TRY AutoOpenComPort: ? @ 57600 (code=3), ADR=0xFF
[2025-09-25 12:07:15] AutoOpenComPort -> ret=48, frmIdx=-1, autoPort=-1
[2025-09-25 12:07:16] TRY AutoOpenComPort: ? @ 38400 (code=2), ADR=0x00
[2025-09-25 12:07:18] AutoOpenComPort -> ret=48, frmIdx=-1, autoPort=-1
[2025-09-25 12:07:18] TRY AutoOpenComPort: ? @ 38400 (code=2), ADR=0xFF
[2025-09-25 12:07:20] AutoOpenComPort -> ret=48, frmIdx=-1, autoPort=-1
[2025-09-25 12:07:20] TRY AutoOpenComPort: ? @ 19200 (code=1), ADR=0x00
[2025-09-25 12:07:22] AutoOpenComPort -> ret=48, frmIdx=-1, autoPort=-1
[2025-09-25 12:07:22] TRY AutoOpenComPort: ? @ 19200 (code=1), ADR=0xFF
[2025-09-25 12:07:24] AutoOpenComPort -> ret=48, frmIdx=-1, autoPort=-1
[2025-09-25 12:07:25] TRY AutoOpenComPort: ? @ 9600 (code=0), ADR=0x00
[2025-09-25 12:07:27] AutoOpenComPort -> ret=48, frmIdx=-1, autoPort=-1
[2025-09-25 12:07:27] TRY AutoOpenComPort: ? @ 9600 (code=0), ADR=0xFF
[2025-09-25 12:07:29] AutoOpenComPort -> ret=48, frmIdx=-1, autoPort=-1
[2025-09-25 12:11:29] EXACT Open: COM5 @ 115200 (code=4), ADR=0x00
[2025-09-25 12:11:31] EXACT -> ret=48, frmIdx=-1
[2025-09-25 12:11:31] EXACT Open: COM5 @ 115200 (code=4), ADR=0xFF
[2025-09-25 12:11:34] EXACT -> ret=48, frmIdx=-1
[2025-09-25 12:11:34] TRY OpenComPort: COM5 @ 115200 (code=4), ADR=0x00
[2025-09-25 12:11:36] OpenComPort -> ret=48, frmIdx=-1
[2025-09-25 12:11:36] TRY OpenComPort: COM5 @ 115200 (code=4), ADR=0xFF
[2025-09-25 12:11:39] OpenComPort -> ret=48, frmIdx=-1
[2025-09-25 12:11:39] TRY OpenComPort: COM5 @ 115200 (code=5), ADR=0x00
[2025-09-25 12:11:41] OpenComPort -> ret=48, frmIdx=-1
[2025-09-25 12:11:41] TRY OpenComPort: COM5 @ 115200 (code=5), ADR=0xFF
[2025-09-25 12:11:43] OpenComPort -> ret=48, frmIdx=-1
[2025-09-25 12:11:44] TRY OpenComPort: COM5 @ 57600 (code=3), ADR=0x00
[2025-09-25 12:11:46] OpenComPort -> ret=48, frmIdx=-1
[2025-09-25 12:11:46] TRY OpenComPort: COM5 @ 57600 (code=3), ADR=0xFF
[2025-09-25 12:11:48] OpenComPort -> ret=48, frmIdx=-1
[2025-09-25 12:11:48] TRY OpenComPort: COM5 @ 38400 (code=2), ADR=0x00
[2025-09-25 12:11:51] OpenComPort -> ret=48, frmIdx=-1
[2025-09-25 12:11:51] TRY OpenComPort: COM5 @ 38400 (code=2), ADR=0xFF
[2025-09-25 12:11:53] OpenComPort -> ret=48, frmIdx=-1
[2025-09-25 12:11:53] TRY OpenComPort: COM5 @ 19200 (code=1), ADR=0x00
[2025-09-25 12:11:56] OpenComPort -> ret=48, frmIdx=-1
[2025-09-25 12:11:56] TRY OpenComPort: COM5 @ 19200 (code=1), ADR=0xFF
[2025-09-25 12:11:58] OpenComPort -> ret=48, frmIdx=-1
[2025-09-25 12:11:58] TRY OpenComPort: COM5 @ 9600 (code=0), ADR=0x00
[2025-09-25 12:12:01] OpenComPort -> ret=48, frmIdx=-1
[2025-09-25 12:12:01] TRY OpenComPort: COM5 @ 9600 (code=0), ADR=0xFF
[2025-09-25 12:12:03] OpenComPort -> ret=48, frmIdx=-1
[2025-09-25 12:12:03] TRY AutoOpenComPort: ? @ 115200 (code=4), ADR=0x00
[2025-09-25 12:12:05] AutoOpenComPort -> ret=48, frmIdx=-1, autoPort=-1
[2025-09-25 12:12:05] TRY AutoOpenComPort: ? @ 115200 (code=4), ADR=0xFF
[2025-09-25 12:12:07] AutoOpenComPort -> ret=48, frmIdx=-1, autoPort=-1
[2025-09-25 12:12:08] TRY AutoOpenComPort: ? @ 115200 (code=5), ADR=0x00
[2025-09-25 12:12:10] AutoOpenComPort -> ret=48, frmIdx=-1, autoPort=-1
[2025-09-25 12:12:10] TRY AutoOpenComPort: ? @ 115200 (code=5), ADR=0xFF
[2025-09-25 12:12:12] AutoOpenComPort -> ret=48, frmIdx=-1, autoPort=-1
[2025-09-25 12:12:12] TRY AutoOpenComPort: ? @ 57600 (code=3), ADR=0x00
[2025-09-25 12:12:14] AutoOpenComPort -> ret=48, frmIdx=-1, autoPort=-1
[2025-09-25 12:12:14] TRY AutoOpenComPort: ? @ 57600 (code=3), ADR=0xFF
[2025-09-25 12:12:16] AutoOpenComPort -> ret=48, frmIdx=-1, autoPort=-1
[2025-09-25 12:12:17] TRY AutoOpenComPort: ? @ 38400 (code=2), ADR=0x00
[2025-09-25 12:12:19] AutoOpenComPort -> ret=48, frmIdx=-1, autoPort=-1
[2025-09-25 12:12:19] TRY AutoOpenComPort: ? @ 38400 (code=2), ADR=0xFF
[2025-09-25 12:12:21] AutoOpenComPort -> ret=48, frmIdx=-1, autoPort=-1
[2025-09-25 12:12:21] TRY AutoOpenComPort: ? @ 19200 (code=1), ADR=0x00
[2025-09-25 12:12:23] AutoOpenComPort -> ret=48, frmIdx=-1, autoPort=-1
[2025-09-25 12:12:23] TRY AutoOpenComPort: ? @ 19200 (code=1), ADR=0xFF
[2025-09-25 12:12:25] AutoOpenComPort -> ret=48, frmIdx=-1, autoPort=-1
[2025-09-25 12:12:25] TRY AutoOpenComPort: ? @ 9600 (code=0), ADR=0x00
[2025-09-25 12:12:28] AutoOpenComPort -> ret=48, frmIdx=-1, autoPort=-1
[2025-09-25 12:12:28] TRY AutoOpenComPort: ? @ 9600 (code=0), ADR=0xFF
[2025-09-25 12:12:30] AutoOpenComPort -> ret=48, frmIdx=-1, autoPort=-1
[2025-09-25 12:18:50] EXACT Open: COM5 @ 115200 (code=4), ADR=0x00
[2025-09-25 12:18:53] EXACT -> ret=48, frmIdx=-1
[2025-09-25 12:18:53] EXACT Open: COM5 @ 115200 (code=4), ADR=0xFF
[2025-09-25 12:18:55] EXACT -> ret=48, frmIdx=-1
[2025-09-25 12:18:55] TRY OpenComPort: COM5 @ 115200 (code=4), ADR=0x00
[2025-09-25 12:18:57] OpenComPort -> ret=48, frmIdx=-1
[2025-09-25 12:18:57] TRY OpenComPort: COM5 @ 115200 (code=4), ADR=0xFF
[2025-09-25 12:19:00] OpenComPort -> ret=48, frmIdx=-1
[2025-09-25 12:19:00] TRY OpenComPort: COM5 @ 115200 (code=5), ADR=0x00
[2025-09-25 12:19:02] OpenComPort -> ret=48, frmIdx=-1
[2025-09-25 12:19:02] TRY OpenComPort: COM5 @ 115200 (code=5), ADR=0xFF
[2025-09-25 12:19:05] OpenComPort -> ret=48, frmIdx=-1
[2025-09-25 12:19:05] TRY OpenComPort: COM5 @ 57600 (code=3), ADR=0x00
[2025-09-25 12:19:07] OpenComPort -> ret=48, frmIdx=-1
[2025-09-25 12:19:07] TRY OpenComPort: COM5 @ 57600 (code=3), ADR=0xFF
[2025-09-25 12:19:09] OpenComPort -> ret=48, frmIdx=-1
[2025-09-25 12:19:10] TRY OpenComPort: COM5 @ 38400 (code=2), ADR=0x00
[2025-09-25 12:19:12] OpenComPort -> ret=48, frmIdx=-1
[2025-09-25 12:19:12] TRY OpenComPort: COM5 @ 38400 (code=2), ADR=0xFF
[2025-09-25 12:19:14] OpenComPort -> ret=48, frmIdx=-1
[2025-09-25 12:19:14] TRY OpenComPort: COM5 @ 19200 (code=1), ADR=0x00
[2025-09-25 12:19:17] OpenComPort -> ret=48, frmIdx=-1
[2025-09-25 12:19:17] TRY OpenComPort: COM5 @ 19200 (code=1), ADR=0xFF
[2025-09-25 12:19:19] OpenComPort -> ret=48, frmIdx=-1
[2025-09-25 12:19:19] TRY OpenComPort: COM5 @ 9600 (code=0), ADR=0x00
[2025-09-25 12:19:22] OpenComPort -> ret=48, frmIdx=-1
[2025-09-25 12:19:22] TRY OpenComPort: COM5 @ 9600 (code=0), ADR=0xFF
[2025-09-25 12:19:24] OpenComPort -> ret=48, frmIdx=-1
[2025-09-25 12:19:24] TRY AutoOpenComPort: ? @ 115200 (code=4), ADR=0x00
[2025-09-25 12:19:26] AutoOpenComPort -> ret=48, frmIdx=-1, autoPort=-1
[2025-09-25 12:19:26] TRY AutoOpenComPort: ? @ 115200 (code=4), ADR=0xFF
[2025-09-25 12:19:29] AutoOpenComPort -> ret=48, frmIdx=-1, autoPort=-1
[2025-09-25 12:19:29] TRY AutoOpenComPort: ? @ 115200 (code=5), ADR=0x00
[2025-09-25 12:19:31] AutoOpenComPort -> ret=48, frmIdx=-1, autoPort=-1
[2025-09-25 12:19:31] TRY AutoOpenComPort: ? @ 115200 (code=5), ADR=0xFF
[2025-09-25 12:19:33] AutoOpenComPort -> ret=48, frmIdx=-1, autoPort=-1
[2025-09-25 12:19:33] TRY AutoOpenComPort: ? @ 57600 (code=3), ADR=0x00
[2025-09-25 12:19:35] AutoOpenComPort -> ret=48, frmIdx=-1, autoPort=-1
[2025-09-25 12:19:35] TRY AutoOpenComPort: ? @ 57600 (code=3), ADR=0xFF
[2025-09-25 12:19:38] AutoOpenComPort -> ret=48, frmIdx=-1, autoPort=-1
[2025-09-25 12:19:38] TRY AutoOpenComPort: ? @ 38400 (code=2), ADR=0x00
[2025-09-25 12:19:40] AutoOpenComPort -> ret=48, frmIdx=-1, autoPort=-1
[2025-09-25 12:19:40] TRY AutoOpenComPort: ? @ 38400 (code=2), ADR=0xFF
[2025-09-25 12:19:42] AutoOpenComPort -> ret=48, frmIdx=-1, autoPort=-1
[2025-09-25 12:19:42] TRY AutoOpenComPort: ? @ 19200 (code=1), ADR=0x00
[2025-09-25 12:19:44] AutoOpenComPort -> ret=48, frmIdx=-1, autoPort=-1
[2025-09-25 12:19:44] TRY AutoOpenComPort: ? @ 19200 (code=1), ADR=0xFF
[2025-09-25 12:19:47] AutoOpenComPort -> ret=48, frmIdx=-1, autoPort=-1
[2025-09-25 12:19:47] TRY AutoOpenComPort: ? @ 9600 (code=0), ADR=0x00
[2025-09-25 12:19:49] AutoOpenComPort -> ret=48, frmIdx=-1, autoPort=-1
[2025-09-25 12:19:49] TRY AutoOpenComPort: ? @ 9600 (code=0), ADR=0xFF
[2025-09-25 12:19:51] AutoOpenComPort -> ret=48, frmIdx=-1, autoPort=-1
[2025-09-25 12:22:29] EXACT Open: COM5 @ 115200 (code=4), ADR=0x00
[2025-09-25 12:22:31] EXACT -> ret=48, frmIdx=-1
[2025-09-25 12:22:31] EXACT Open: COM5 @ 115200 (code=4), ADR=0xFF
[2025-09-25 12:22:33] EXACT -> ret=48, frmIdx=-1
[2025-09-25 12:22:33] TRY OpenComPort: COM5 @ 115200 (code=4), ADR=0x00
[2025-09-25 12:22:36] OpenComPort -> ret=48, frmIdx=-1
[2025-09-25 12:22:36] TRY OpenComPort: COM5 @ 115200 (code=4), ADR=0xFF
[2025-09-25 12:22:38] OpenComPort -> ret=48, frmIdx=-1
[2025-09-25 12:22:38] TRY OpenComPort: COM5 @ 115200 (code=5), ADR=0x00
[2025-09-25 12:22:41] OpenComPort -> ret=48, frmIdx=-1
[2025-09-25 12:22:41] TRY OpenComPort: COM5 @ 115200 (code=5), ADR=0xFF
[2025-09-25 12:22:43] OpenComPort -> ret=48, frmIdx=-1
[2025-09-25 12:22:43] TRY OpenComPort: COM5 @ 57600 (code=3), ADR=0x00
[2025-09-25 12:22:46] OpenComPort -> ret=48, frmIdx=-1
[2025-09-25 12:22:46] TRY OpenComPort: COM5 @ 57600 (code=3), ADR=0xFF
[2025-09-25 12:22:48] OpenComPort -> ret=48, frmIdx=-1
[2025-09-25 12:22:48] TRY OpenComPort: COM5 @ 38400 (code=2), ADR=0x00
[2025-09-25 12:22:50] OpenComPort -> ret=48, frmIdx=-1
[2025-09-25 12:22:51] TRY OpenComPort: COM5 @ 38400 (code=2), ADR=0xFF
[2025-09-25 12:22:53] OpenComPort -> ret=48, frmIdx=-1
[2025-09-25 12:22:53] TRY OpenComPort: COM5 @ 19200 (code=1), ADR=0x00
[2025-09-25 12:22:55] OpenComPort -> ret=48, frmIdx=-1
[2025-09-25 12:22:55] TRY OpenComPort: COM5 @ 19200 (code=1), ADR=0xFF
[2025-09-25 12:22:58] OpenComPort -> ret=48, frmIdx=-1
[2025-09-25 12:22:58] TRY OpenComPort: COM5 @ 9600 (code=0), ADR=0x00
[2025-09-25 12:23:00] OpenComPort -> ret=48, frmIdx=-1
[2025-09-25 12:23:00] TRY OpenComPort: COM5 @ 9600 (code=0), ADR=0xFF
[2025-09-25 12:23:03] OpenComPort -> ret=48, frmIdx=-1
[2025-09-25 12:23:03] TRY AutoOpenComPort: ? @ 115200 (code=4), ADR=0x00
[2025-09-25 12:23:05] AutoOpenComPort -> ret=48, frmIdx=-1, autoPort=-1
[2025-09-25 12:23:05] TRY AutoOpenComPort: ? @ 115200 (code=4), ADR=0xFF
[2025-09-25 12:23:07] AutoOpenComPort -> ret=48, frmIdx=-1, autoPort=-1
[2025-09-25 12:23:07] TRY AutoOpenComPort: ? @ 115200 (code=5), ADR=0x00
[2025-09-25 12:23:09] AutoOpenComPort -> ret=48, frmIdx=-1, autoPort=-1
[2025-09-25 12:23:09] TRY AutoOpenComPort: ? @ 115200 (code=5), ADR=0xFF
[2025-09-25 12:23:12] AutoOpenComPort -> ret=48, frmIdx=-1, autoPort=-1
[2025-09-25 12:23:12] TRY AutoOpenComPort: ? @ 57600 (code=3), ADR=0x00
[2025-09-25 12:23:14] AutoOpenComPort -> ret=48, frmIdx=-1, autoPort=-1
[2025-09-25 12:23:14] TRY AutoOpenComPort: ? @ 57600 (code=3), ADR=0xFF
[2025-09-25 12:23:16] AutoOpenComPort -> ret=48, frmIdx=-1, autoPort=-1
[2025-09-25 12:23:16] TRY AutoOpenComPort: ? @ 38400 (code=2), ADR=0x00
[2025-09-25 12:23:18] AutoOpenComPort -> ret=48, frmIdx=-1, autoPort=-1
[2025-09-25 12:23:18] TRY AutoOpenComPort: ? @ 38400 (code=2), ADR=0xFF
[2025-09-25 12:23:21] AutoOpenComPort -> ret=48, frmIdx=-1, autoPort=-1
[2025-09-25 12:23:21] TRY AutoOpenComPort: ? @ 19200 (code=1), ADR=0x00
[2025-09-25 12:23:23] AutoOpenComPort -> ret=48, frmIdx=-1, autoPort=-1
[2025-09-25 12:23:23] TRY AutoOpenComPort: ? @ 19200 (code=1), ADR=0xFF
[2025-09-25 12:23:25] AutoOpenComPort -> ret=48, frmIdx=-1, autoPort=-1
[2025-09-25 12:23:25] TRY AutoOpenComPort: ? @ 9600 (code=0), ADR=0x00
[2025-09-25 12:23:27] AutoOpenComPort -> ret=48, frmIdx=-1, autoPort=-1
[2025-09-25 12:23:27] TRY AutoOpenComPort: ? @ 9600 (code=0), ADR=0xFF
[2025-09-25 12:23:30] AutoOpenComPort -> ret=48, frmIdx=-1, autoPort=-1
[2025-09-25 12:25:00] EXACT Open: COM5 @ 9600 (code=0), ADR=0x00
[2025-09-25 12:25:02] EXACT -> ret=48, frmIdx=-1
[2025-09-25 12:25:02] EXACT Open: COM5 @ 9600 (code=0), ADR=0xFF
[2025-09-25 12:25:05] EXACT -> ret=48, frmIdx=-1
[2025-09-25 12:25:05] TRY OpenComPort: COM5 @ 9600 (code=0), ADR=0x00
[2025-09-25 12:25:07] OpenComPort -> ret=48, frmIdx=-1
[2025-09-25 12:25:07] TRY OpenComPort: COM5 @ 9600 (code=0), ADR=0xFF
[2025-09-25 12:25:10] OpenComPort -> ret=48, frmIdx=-1
[2025-09-25 12:25:10] TRY OpenComPort: COM5 @ 115200 (code=4), ADR=0x00
[2025-09-25 12:25:12] OpenComPort -> ret=48, frmIdx=-1
[2025-09-25 12:25:12] TRY OpenComPort: COM5 @ 115200 (code=4), ADR=0xFF
[2025-09-25 12:25:14] OpenComPort -> ret=48, frmIdx=-1
[2025-09-25 12:25:15] TRY OpenComPort: COM5 @ 115200 (code=5), ADR=0x00
[2025-09-25 12:25:17] OpenComPort -> ret=48, frmIdx=-1
[2025-09-25 12:25:17] TRY OpenComPort: COM5 @ 115200 (code=5), ADR=0xFF
[2025-09-25 12:25:19] OpenComPort -> ret=48, frmIdx=-1
[2025-09-25 12:25:19] TRY OpenComPort: COM5 @ 57600 (code=3), ADR=0x00
[2025-09-25 12:25:22] OpenComPort -> ret=48, frmIdx=-1
[2025-09-25 12:25:22] TRY OpenComPort: COM5 @ 57600 (code=3), ADR=0xFF
[2025-09-25 12:25:24] OpenComPort -> ret=48, frmIdx=-1
[2025-09-25 12:25:24] TRY OpenComPort: COM5 @ 38400 (code=2), ADR=0x00
[2025-09-25 12:25:27] OpenComPort -> ret=48, frmIdx=-1
[2025-09-25 12:25:27] TRY OpenComPort: COM5 @ 38400 (code=2), ADR=0xFF
[2025-09-25 12:25:29] OpenComPort -> ret=48, frmIdx=-1
[2025-09-25 12:25:29] TRY OpenComPort: COM5 @ 19200 (code=1), ADR=0x00
[2025-09-25 12:25:32] OpenComPort -> ret=48, frmIdx=-1
[2025-09-25 12:25:32] TRY OpenComPort: COM5 @ 19200 (code=1), ADR=0xFF
[2025-09-25 12:25:34] OpenComPort -> ret=48, frmIdx=-1
[2025-09-25 12:25:34] TRY AutoOpenComPort: ? @ 9600 (code=0), ADR=0x00
[2025-09-25 12:25:36] AutoOpenComPort -> ret=48, frmIdx=-1, autoPort=-1
[2025-09-25 12:25:36] TRY AutoOpenComPort: ? @ 9600 (code=0), ADR=0xFF
[2025-09-25 12:25:38] AutoOpenComPort -> ret=48, frmIdx=-1, autoPort=-1
[2025-09-25 12:25:39] TRY AutoOpenComPort: ? @ 115200 (code=4), ADR=0x00
[2025-09-25 12:25:41] AutoOpenComPort -> ret=48, frmIdx=-1, autoPort=-1
[2025-09-25 12:25:41] TRY AutoOpenComPort: ? @ 115200 (code=4), ADR=0xFF
[2025-09-25 12:25:43] AutoOpenComPort -> ret=48, frmIdx=-1, autoPort=-1
[2025-09-25 12:25:43] TRY AutoOpenComPort: ? @ 115200 (code=5), ADR=0x00
[2025-09-25 12:25:45] AutoOpenComPort -> ret=48, frmIdx=-1, autoPort=-1
[2025-09-25 12:25:45] TRY AutoOpenComPort: ? @ 115200 (code=5), ADR=0xFF
[2025-09-25 12:25:47] AutoOpenComPort -> ret=48, frmIdx=-1, autoPort=-1
[2025-09-25 12:25:48] TRY AutoOpenComPort: ? @ 57600 (code=3), ADR=0x00
[2025-09-25 12:25:50] AutoOpenComPort -> ret=48, frmIdx=-1, autoPort=-1
[2025-09-25 12:25:50] TRY AutoOpenComPort: ? @ 57600 (code=3), ADR=0xFF
[2025-09-25 12:25:52] AutoOpenComPort -> ret=48, frmIdx=-1, autoPort=-1
[2025-09-25 12:25:52] TRY AutoOpenComPort: ? @ 38400 (code=2), ADR=0x00
[2025-09-25 12:25:54] AutoOpenComPort -> ret=48, frmIdx=-1, autoPort=-1
[2025-09-25 12:25:54] TRY AutoOpenComPort: ? @ 38400 (code=2), ADR=0xFF
[2025-09-25 12:25:56] AutoOpenComPort -> ret=48, frmIdx=-1, autoPort=-1
[2025-09-25 12:25:57] TRY AutoOpenComPort: ? @ 19200 (code=1), ADR=0x00
[2025-09-25 12:25:59] AutoOpenComPort -> ret=48, frmIdx=-1, autoPort=-1
[2025-09-25 12:25:59] TRY AutoOpenComPort: ? @ 19200 (code=1), ADR=0xFF
[2025-09-25 12:26:01] AutoOpenComPort -> ret=48, frmIdx=-1, autoPort=-1
[2025-09-25 12:28:10] EXACT Open: COM5 @ 115200 (code=4), ADR=0x00
[2025-09-25 12:28:13] EXACT -> ret=48, frmIdx=-1
[2025-09-25 12:28:13] EXACT Open: COM5 @ 115200 (code=4), ADR=0xFF
[2025-09-25 12:28:15] EXACT -> ret=48, frmIdx=-1
[2025-09-25 12:28:15] TRY OpenComPort: COM5 @ 115200 (code=4), ADR=0x00
[2025-09-25 12:28:18] OpenComPort -> ret=48, frmIdx=-1
[2025-09-25 12:28:18] TRY OpenComPort: COM5 @ 115200 (code=4), ADR=0xFF
[2025-09-25 12:28:20] OpenComPort -> ret=48, frmIdx=-1
[2025-09-25 12:28:20] TRY OpenComPort: COM5 @ 115200 (code=5), ADR=0x00
[2025-09-25 12:28:22] OpenComPort -> ret=48, frmIdx=-1
[2025-09-25 12:28:23] TRY OpenComPort: COM5 @ 115200 (code=5), ADR=0xFF
[2025-09-25 12:28:25] OpenComPort -> ret=48, frmIdx=-1
[2025-09-25 12:28:25] TRY OpenComPort: COM5 @ 57600 (code=3), ADR=0x00
[2025-09-25 12:28:27] OpenComPort -> ret=48, frmIdx=-1
[2025-09-25 12:28:27] TRY OpenComPort: COM5 @ 57600 (code=3), ADR=0xFF
[2025-09-25 12:28:30] OpenComPort -> ret=48, frmIdx=-1
[2025-09-25 12:28:30] TRY OpenComPort: COM5 @ 38400 (code=2), ADR=0x00
[2025-09-25 12:28:32] OpenComPort -> ret=48, frmIdx=-1
[2025-09-25 12:28:32] TRY OpenComPort: COM5 @ 38400 (code=2), ADR=0xFF
[2025-09-25 12:28:35] OpenComPort -> ret=48, frmIdx=-1
[2025-09-25 12:28:35] TRY OpenComPort: COM5 @ 19200 (code=1), ADR=0x00
[2025-09-25 12:28:37] OpenComPort -> ret=48, frmIdx=-1
[2025-09-25 12:28:37] TRY OpenComPort: COM5 @ 19200 (code=1), ADR=0xFF
[2025-09-25 12:28:40] OpenComPort -> ret=48, frmIdx=-1
[2025-09-25 12:28:40] TRY OpenComPort: COM5 @ 9600 (code=0), ADR=0x00
[2025-09-25 12:28:42] OpenComPort -> ret=48, frmIdx=-1
[2025-09-25 12:28:42] TRY OpenComPort: COM5 @ 9600 (code=0), ADR=0xFF
[2025-09-25 12:28:44] OpenComPort -> ret=48, frmIdx=-1
[2025-09-25 12:28:45] TRY AutoOpenComPort: ? @ 115200 (code=4), ADR=0x00
[2025-09-25 12:28:47] AutoOpenComPort -> ret=48, frmIdx=-1, autoPort=-1
[2025-09-25 12:28:47] TRY AutoOpenComPort: ? @ 115200 (code=4), ADR=0xFF
[2025-09-25 12:28:49] AutoOpenComPort -> ret=48, frmIdx=-1, autoPort=-1
[2025-09-25 12:28:49] TRY AutoOpenComPort: ? @ 115200 (code=5), ADR=0x00
[2025-09-25 12:28:51] AutoOpenComPort -> ret=48, frmIdx=-1, autoPort=-1
[2025-09-25 12:28:51] TRY AutoOpenComPort: ? @ 115200 (code=5), ADR=0xFF
[2025-09-25 12:28:53] AutoOpenComPort -> ret=48, frmIdx=-1, autoPort=-1
[2025-09-25 12:28:54] TRY AutoOpenComPort: ? @ 57600 (code=3), ADR=0x00
[2025-09-25 12:28:56] AutoOpenComPort -> ret=48, frmIdx=-1, autoPort=-1
[2025-09-25 12:28:56] TRY AutoOpenComPort: ? @ 57600 (code=3), ADR=0xFF
[2025-09-25 12:28:58] AutoOpenComPort -> ret=48, frmIdx=-1, autoPort=-1
[2025-09-25 12:28:58] TRY AutoOpenComPort: ? @ 38400 (code=2), ADR=0x00
[2025-09-25 12:29:00] AutoOpenComPort -> ret=48, frmIdx=-1, autoPort=-1
[2025-09-25 12:29:00] TRY AutoOpenComPort: ? @ 38400 (code=2), ADR=0xFF
[2025-09-25 12:29:02] AutoOpenComPort -> ret=48, frmIdx=-1, autoPort=-1
[2025-09-25 12:29:03] TRY AutoOpenComPort: ? @ 19200 (code=1), ADR=0x00
[2025-09-25 12:29:05] AutoOpenComPort -> ret=48, frmIdx=-1, autoPort=-1
[2025-09-25 12:29:05] TRY AutoOpenComPort: ? @ 19200 (code=1), ADR=0xFF
[2025-09-25 12:29:07] AutoOpenComPort -> ret=48, frmIdx=-1, autoPort=-1
[2025-09-25 12:29:07] TRY AutoOpenComPort: ? @ 9600 (code=0), ADR=0x00
[2025-09-25 12:29:09] AutoOpenComPort -> ret=48, frmIdx=-1, autoPort=-1
[2025-09-25 12:29:09] TRY AutoOpenComPort: ? @ 9600 (code=0), ADR=0xFF
[2025-09-25 12:29:11] AutoOpenComPort -> ret=48, frmIdx=-1, autoPort=-1
[2025-09-25 12:31:44] EXACT Open: COM5 @ 115200 (code=4), ADR=0xFF
[2025-09-25 12:31:47] EXACT -> ret=48, frmIdx=-1
[2025-09-25 12:31:47] EXACT Open: COM5 @ 115200 (code=4), ADR=0x00
[2025-09-25 12:31:49] EXACT -> ret=48, frmIdx=-1
[2025-09-25 12:31:49] TRY OpenComPort: COM5 @ 115200 (code=4), ADR=0xFF
[2025-09-25 12:31:51] OpenComPort -> ret=48, frmIdx=-1
[2025-09-25 12:31:51] TRY OpenComPort: COM5 @ 115200 (code=4), ADR=0x00
[2025-09-25 12:31:54] OpenComPort -> ret=48, frmIdx=-1
[2025-09-25 12:31:54] TRY OpenComPort: COM5 @ 115200 (code=5), ADR=0xFF
[2025-09-25 12:31:56] OpenComPort -> ret=48, frmIdx=-1
[2025-09-25 12:31:56] TRY OpenComPort: COM5 @ 115200 (code=5), ADR=0x00
[2025-09-25 12:31:59] OpenComPort -> ret=48, frmIdx=-1
[2025-09-25 12:31:59] TRY OpenComPort: COM5 @ 57600 (code=3), ADR=0xFF
[2025-09-25 12:32:01] OpenComPort -> ret=48, frmIdx=-1
[2025-09-25 12:32:01] TRY OpenComPort: COM5 @ 57600 (code=3), ADR=0x00
[2025-09-25 12:32:04] OpenComPort -> ret=48, frmIdx=-1
[2025-09-25 12:32:04] TRY OpenComPort: COM5 @ 38400 (code=2), ADR=0xFF
[2025-09-25 12:32:06] OpenComPort -> ret=48, frmIdx=-1
[2025-09-25 12:32:06] TRY OpenComPort: COM5 @ 38400 (code=2), ADR=0x00
[2025-09-25 12:32:08] OpenComPort -> ret=48, frmIdx=-1
[2025-09-25 12:32:09] TRY OpenComPort: COM5 @ 19200 (code=1), ADR=0xFF
[2025-09-25 12:32:11] OpenComPort -> ret=48, frmIdx=-1
[2025-09-25 12:32:11] TRY OpenComPort: COM5 @ 19200 (code=1), ADR=0x00
[2025-09-25 12:32:13] OpenComPort -> ret=48, frmIdx=-1
[2025-09-25 12:32:13] TRY OpenComPort: COM5 @ 9600 (code=0), ADR=0xFF
[2025-09-25 12:32:16] OpenComPort -> ret=48, frmIdx=-1
[2025-09-25 12:32:16] TRY OpenComPort: COM5 @ 9600 (code=0), ADR=0x00
[2025-09-25 12:32:18] OpenComPort -> ret=48, frmIdx=-1
[2025-09-25 12:32:18] TRY AutoOpenComPort: ? @ 115200 (code=4), ADR=0xFF
[2025-09-25 12:32:21] AutoOpenComPort -> ret=48, frmIdx=-1, autoPort=-1
[2025-09-25 12:32:21] TRY AutoOpenComPort: ? @ 115200 (code=4), ADR=0x00
[2025-09-25 12:32:23] AutoOpenComPort -> ret=48, frmIdx=-1, autoPort=-1
[2025-09-25 12:32:23] TRY AutoOpenComPort: ? @ 115200 (code=5), ADR=0xFF
[2025-09-25 12:32:25] AutoOpenComPort -> ret=48, frmIdx=-1, autoPort=-1
[2025-09-25 12:32:25] TRY AutoOpenComPort: ? @ 115200 (code=5), ADR=0x00
[2025-09-25 12:32:27] AutoOpenComPort -> ret=48, frmIdx=-1, autoPort=-1
[2025-09-25 12:32:27] TRY AutoOpenComPort: ? @ 57600 (code=3), ADR=0xFF
[2025-09-25 12:32:30] AutoOpenComPort -> ret=48, frmIdx=-1, autoPort=-1
[2025-09-25 12:32:30] TRY AutoOpenComPort: ? @ 57600 (code=3), ADR=0x00
[2025-09-25 12:32:32] AutoOpenComPort -> ret=48, frmIdx=-1, autoPort=-1
[2025-09-25 12:32:32] TRY AutoOpenComPort: ? @ 38400 (code=2), ADR=0xFF
[2025-09-25 12:32:34] AutoOpenComPort -> ret=48, frmIdx=-1, autoPort=-1
[2025-09-25 12:32:34] TRY AutoOpenComPort: ? @ 38400 (code=2), ADR=0x00
[2025-09-25 12:32:36] AutoOpenComPort -> ret=48, frmIdx=-1, autoPort=-1
[2025-09-25 12:32:36] TRY AutoOpenComPort: ? @ 19200 (code=1), ADR=0xFF
[2025-09-25 12:32:38] AutoOpenComPort -> ret=48, frmIdx=-1, autoPort=-1
[2025-09-25 12:32:39] TRY AutoOpenComPort: ? @ 19200 (code=1), ADR=0x00
[2025-09-25 12:32:41] AutoOpenComPort -> ret=48, frmIdx=-1, autoPort=-1
[2025-09-25 12:32:41] TRY AutoOpenComPort: ? @ 9600 (code=0), ADR=0xFF
[2025-09-25 12:32:43] AutoOpenComPort -> ret=48, frmIdx=-1, autoPort=-1
[2025-09-25 12:32:43] TRY AutoOpenComPort: ? @ 9600 (code=0), ADR=0x00
[2025-09-25 12:32:45] AutoOpenComPort -> ret=48, frmIdx=-1, autoPort=-1
[2025-09-25 12:54:57] EXACT Open: COM5 @ 115200 (code=4), ADR=0xFF
[2025-09-25 12:54:59] EXACT -> ret=48, frmIdx=-1
[2025-09-25 12:54:59] EXACT Open: COM5 @ 115200 (code=4), ADR=0x00
[2025-09-25 12:55:01] EXACT -> ret=48, frmIdx=-1
[2025-09-25 12:55:01] TRY OpenComPort: COM5 @ 115200 (code=4), ADR=0xFF
[2025-09-25 12:55:04] OpenComPort -> ret=48, frmIdx=-1
[2025-09-25 12:55:04] TRY OpenComPort: COM5 @ 115200 (code=4), ADR=0x00
[2025-09-25 12:55:06] OpenComPort -> ret=48, frmIdx=-1
[2025-09-25 12:55:06] TRY OpenComPort: COM5 @ 115200 (code=5), ADR=0xFF
[2025-09-25 12:55:09] OpenComPort -> ret=48, frmIdx=-1
[2025-09-25 12:55:09] TRY OpenComPort: COM5 @ 115200 (code=5), ADR=0x00
[2025-09-25 12:55:11] OpenComPort -> ret=48, frmIdx=-1
[2025-09-25 12:55:11] TRY OpenComPort: COM5 @ 57600 (code=3), ADR=0xFF
[2025-09-25 12:55:14] OpenComPort -> ret=48, frmIdx=-1
[2025-09-25 12:55:14] TRY OpenComPort: COM5 @ 57600 (code=3), ADR=0x00
[2025-09-25 12:55:16] OpenComPort -> ret=48, frmIdx=-1
[2025-09-25 12:55:16] TRY OpenComPort: COM5 @ 38400 (code=2), ADR=0xFF
[2025-09-25 12:55:19] OpenComPort -> ret=48, frmIdx=-1
[2025-09-25 12:55:19] TRY OpenComPort: COM5 @ 38400 (code=2), ADR=0x00
[2025-09-25 12:55:21] OpenComPort -> ret=48, frmIdx=-1
[2025-09-25 12:55:21] TRY OpenComPort: COM5 @ 19200 (code=1), ADR=0xFF
[2025-09-25 12:55:23] OpenComPort -> ret=48, frmIdx=-1
[2025-09-25 12:55:24] TRY OpenComPort: COM5 @ 19200 (code=1), ADR=0x00
[2025-09-25 12:55:26] OpenComPort -> ret=48, frmIdx=-1
[2025-09-25 12:55:26] TRY OpenComPort: COM5 @ 9600 (code=0), ADR=0xFF
[2025-09-25 12:55:28] OpenComPort -> ret=48, frmIdx=-1
[2025-09-25 12:55:29] TRY OpenComPort: COM5 @ 9600 (code=0), ADR=0x00
[2025-09-25 12:55:31] OpenComPort -> ret=48, frmIdx=-1
[2025-09-25 12:55:31] TRY AutoOpenComPort: ? @ 115200 (code=4), ADR=0xFF
[2025-09-25 12:55:33] AutoOpenComPort -> ret=48, frmIdx=-1, autoPort=-1
[2025-09-25 12:55:33] TRY AutoOpenComPort: ? @ 115200 (code=4), ADR=0x00
[2025-09-25 12:55:35] AutoOpenComPort -> ret=48, frmIdx=-1, autoPort=-1
[2025-09-25 12:55:36] TRY AutoOpenComPort: ? @ 115200 (code=5), ADR=0xFF
[2025-09-25 12:55:38] AutoOpenComPort -> ret=48, frmIdx=-1, autoPort=-1
[2025-09-25 12:55:38] TRY AutoOpenComPort: ? @ 115200 (code=5), ADR=0x00
[2025-09-25 12:55:40] AutoOpenComPort -> ret=48, frmIdx=-1, autoPort=-1
[2025-09-25 12:55:40] TRY AutoOpenComPort: ? @ 57600 (code=3), ADR=0xFF
[2025-09-25 12:55:42] AutoOpenComPort -> ret=48, frmIdx=-1, autoPort=-1
[2025-09-25 12:55:42] TRY AutoOpenComPort: ? @ 57600 (code=3), ADR=0x00
[2025-09-25 12:55:44] AutoOpenComPort -> ret=48, frmIdx=-1, autoPort=-1
[2025-09-25 12:55:45] TRY AutoOpenComPort: ? @ 38400 (code=2), ADR=0xFF
[2025-09-25 12:55:47] AutoOpenComPort -> ret=48, frmIdx=-1, autoPort=-1
[2025-09-25 12:55:47] TRY AutoOpenComPort: ? @ 38400 (code=2), ADR=0x00
[2025-09-25 12:55:49] AutoOpenComPort -> ret=48, frmIdx=-1, autoPort=-1
[2025-09-25 12:55:49] TRY AutoOpenComPort: ? @ 19200 (code=1), ADR=0xFF
[2025-09-25 12:55:51] AutoOpenComPort -> ret=48, frmIdx=-1, autoPort=-1
[2025-09-25 12:55:51] TRY AutoOpenComPort: ? @ 19200 (code=1), ADR=0x00
[2025-09-25 12:55:53] AutoOpenComPort -> ret=48, frmIdx=-1, autoPort=-1
[2025-09-25 12:55:54] TRY AutoOpenComPort: ? @ 9600 (code=0), ADR=0xFF
[2025-09-25 12:55:56] AutoOpenComPort -> ret=48, frmIdx=-1, autoPort=-1
[2025-09-25 12:55:56] TRY AutoOpenComPort: ? @ 9600 (code=0), ADR=0x00
[2025-09-25 12:55:58] AutoOpenComPort -> ret=48, frmIdx=-1, autoPort=-1
[2025-09-25 13:02:26] EXACT Open: COM5 @ 57600 (code=3), ADR=0xFF
[2025-09-25 13:02:26] EXACT -> ret=48, frmIdx=-1
[2025-09-25 13:02:26] EXACT Open: COM5 @ 57600 (code=3), ADR=0x00
[2025-09-25 13:02:26] EXACT -> ret=48, frmIdx=-1
[2025-09-25 13:02:26] TRY OpenComPort: COM5 @ 57600 (code=3), ADR=0xFF
[2025-09-25 13:02:26] OpenComPort -> ret=48, frmIdx=-1
[2025-09-25 13:02:26] TRY OpenComPort: COM5 @ 57600 (code=3), ADR=0x00
[2025-09-25 13:02:26] OpenComPort -> ret=48, frmIdx=-1
[2025-09-25 13:02:26] TRY OpenComPort: COM5 @ 115200 (code=4), ADR=0xFF
[2025-09-25 13:02:26] OpenComPort -> ret=48, frmIdx=-1
[2025-09-25 13:02:26] TRY OpenComPort: COM5 @ 115200 (code=4), ADR=0x00
[2025-09-25 13:02:26] OpenComPort -> ret=48, frmIdx=-1
[2025-09-25 13:02:26] TRY OpenComPort: COM5 @ 115200 (code=5), ADR=0xFF
[2025-09-25 13:02:26] OpenComPort -> ret=48, frmIdx=-1
[2025-09-25 13:02:26] TRY OpenComPort: COM5 @ 115200 (code=5), ADR=0x00
[2025-09-25 13:02:26] OpenComPort -> ret=48, frmIdx=-1
[2025-09-25 13:02:27] TRY OpenComPort: COM5 @ 38400 (code=2), ADR=0xFF
[2025-09-25 13:02:27] OpenComPort -> ret=48, frmIdx=-1
[2025-09-25 13:02:27] TRY OpenComPort: COM5 @ 38400 (code=2), ADR=0x00
[2025-09-25 13:02:27] OpenComPort -> ret=48, frmIdx=-1
[2025-09-25 13:02:27] TRY OpenComPort: COM5 @ 19200 (code=1), ADR=0xFF
[2025-09-25 13:02:27] OpenComPort -> ret=48, frmIdx=-1
[2025-09-25 13:02:27] TRY OpenComPort: COM5 @ 19200 (code=1), ADR=0x00
[2025-09-25 13:02:27] OpenComPort -> ret=48, frmIdx=-1
[2025-09-25 13:02:27] TRY OpenComPort: COM5 @ 9600 (code=0), ADR=0xFF
[2025-09-25 13:02:27] OpenComPort -> ret=48, frmIdx=-1
[2025-09-25 13:02:27] TRY OpenComPort: COM5 @ 9600 (code=0), ADR=0x00
[2025-09-25 13:02:27] OpenComPort -> ret=48, frmIdx=-1
[2025-09-25 13:02:27] TRY AutoOpenComPort: ? @ 57600 (code=3), ADR=0xFF
[2025-09-25 13:02:27] AutoOpenComPort -> ret=48, frmIdx=-1, autoPort=-1
[2025-09-25 13:02:27] TRY AutoOpenComPort: ? @ 57600 (code=3), ADR=0x00
[2025-09-25 13:02:27] AutoOpenComPort -> ret=48, frmIdx=-1, autoPort=-1
[2025-09-25 13:02:28] TRY AutoOpenComPort: ? @ 115200 (code=4), ADR=0xFF
[2025-09-25 13:02:28] AutoOpenComPort -> ret=48, frmIdx=-1, autoPort=-1
[2025-09-25 13:02:28] TRY AutoOpenComPort: ? @ 115200 (code=4), ADR=0x00
[2025-09-25 13:02:28] AutoOpenComPort -> ret=48, frmIdx=-1, autoPort=-1
[2025-09-25 13:02:28] TRY AutoOpenComPort: ? @ 115200 (code=5), ADR=0xFF
[2025-09-25 13:02:28] AutoOpenComPort -> ret=48, frmIdx=-1, autoPort=-1
[2025-09-25 13:02:28] TRY AutoOpenComPort: ? @ 115200 (code=5), ADR=0x00
[2025-09-25 13:02:28] AutoOpenComPort -> ret=48, frmIdx=-1, autoPort=-1
[2025-09-25 13:02:28] TRY AutoOpenComPort: ? @ 38400 (code=2), ADR=0xFF
[2025-09-25 13:02:28] AutoOpenComPort -> ret=48, frmIdx=-1, autoPort=-1
[2025-09-25 13:02:28] TRY AutoOpenComPort: ? @ 38400 (code=2), ADR=0x00
[2025-09-25 13:02:28] AutoOpenComPort -> ret=48, frmIdx=-1, autoPort=-1
[2025-09-25 13:02:28] TRY AutoOpenComPort: ? @ 19200 (code=1), ADR=0xFF
[2025-09-25 13:02:28] AutoOpenComPort -> ret=48, frmIdx=-1, autoPort=-1
[2025-09-25 13:02:28] TRY AutoOpenComPort: ? @ 19200 (code=1), ADR=0x00
[2025-09-25 13:02:28] AutoOpenComPort -> ret=48, frmIdx=-1, autoPort=-1
[2025-09-25 13:02:29] TRY AutoOpenComPort: ? @ 9600 (code=0), ADR=0xFF
[2025-09-25 13:02:29] AutoOpenComPort -> ret=48, frmIdx=-1, autoPort=-1
[2025-09-25 13:02:29] TRY AutoOpenComPort: ? @ 9600 (code=0), ADR=0x00
[2025-09-25 13:02:29] AutoOpenComPort -> ret=48, frmIdx=-1, autoPort=-1
[2025-09-25 13:04:40] EXACT Open: COM5 @ 57600 (code=3), ADR=0xFF
[2025-09-25 13:04:40] EXACT -> ret=48, frmIdx=-1
[2025-09-25 13:04:40] EXACT Open: COM5 @ 57600 (code=3), ADR=0x00
[2025-09-25 13:04:40] EXACT -> ret=48, frmIdx=-1
[2025-09-25 13:04:40] TRY OpenComPort: COM5 @ 57600 (code=3), ADR=0xFF
[2025-09-25 13:04:40] OpenComPort -> ret=48, frmIdx=-1
[2025-09-25 13:04:40] TRY OpenComPort: COM5 @ 57600 (code=3), ADR=0x00
[2025-09-25 13:04:40] OpenComPort -> ret=48, frmIdx=-1
[2025-09-25 13:04:40] TRY OpenComPort: COM5 @ 115200 (code=4), ADR=0xFF
[2025-09-25 13:04:40] OpenComPort -> ret=48, frmIdx=-1
[2025-09-25 13:04:41] TRY OpenComPort: COM5 @ 115200 (code=4), ADR=0x00
[2025-09-25 13:04:41] OpenComPort -> ret=48, frmIdx=-1
[2025-09-25 13:04:41] TRY OpenComPort: COM5 @ 115200 (code=5), ADR=0xFF
[2025-09-25 13:04:41] OpenComPort -> ret=48, frmIdx=-1
[2025-09-25 13:04:41] TRY OpenComPort: COM5 @ 115200 (code=5), ADR=0x00
[2025-09-25 13:04:41] OpenComPort -> ret=48, frmIdx=-1
[2025-09-25 13:04:41] TRY OpenComPort: COM5 @ 38400 (code=2), ADR=0xFF
[2025-09-25 13:04:41] OpenComPort -> ret=48, frmIdx=-1
[2025-09-25 13:04:41] TRY OpenComPort: COM5 @ 38400 (code=2), ADR=0x00
[2025-09-25 13:04:41] OpenComPort -> ret=48, frmIdx=-1
[2025-09-25 13:04:41] TRY OpenComPort: COM5 @ 19200 (code=1), ADR=0xFF
[2025-09-25 13:04:41] OpenComPort -> ret=48, frmIdx=-1
[2025-09-25 13:04:41] TRY OpenComPort: COM5 @ 19200 (code=1), ADR=0x00
[2025-09-25 13:04:41] OpenComPort -> ret=48, frmIdx=-1
[2025-09-25 13:04:41] TRY OpenComPort: COM5 @ 9600 (code=0), ADR=0xFF
[2025-09-25 13:04:41] OpenComPort -> ret=48, frmIdx=-1
[2025-09-25 13:04:42] TRY OpenComPort: COM5 @ 9600 (code=0), ADR=0x00
[2025-09-25 13:04:42] OpenComPort -> ret=48, frmIdx=-1
[2025-09-25 13:04:42] TRY AutoOpenComPort: ? @ 57600 (code=3), ADR=0xFF
[2025-09-25 13:04:42] AutoOpenComPort -> ret=48, frmIdx=-1, autoPort=-1
[2025-09-25 13:04:42] TRY AutoOpenComPort: ? @ 57600 (code=3), ADR=0x00
[2025-09-25 13:04:42] AutoOpenComPort -> ret=48, frmIdx=-1, autoPort=-1
[2025-09-25 13:04:42] TRY AutoOpenComPort: ? @ 115200 (code=4), ADR=0xFF
[2025-09-25 13:04:42] AutoOpenComPort -> ret=48, frmIdx=-1, autoPort=-1
[2025-09-25 13:04:42] TRY AutoOpenComPort: ? @ 115200 (code=4), ADR=0x00
[2025-09-25 13:04:42] AutoOpenComPort -> ret=48, frmIdx=-1, autoPort=-1
[2025-09-25 13:04:42] TRY AutoOpenComPort: ? @ 115200 (code=5), ADR=0xFF
[2025-09-25 13:04:42] AutoOpenComPort -> ret=48, frmIdx=-1, autoPort=-1
[2025-09-25 13:04:42] TRY AutoOpenComPort: ? @ 115200 (code=5), ADR=0x00
[2025-09-25 13:04:42] AutoOpenComPort -> ret=48, frmIdx=-1, autoPort=-1
[2025-09-25 13:04:42] TRY AutoOpenComPort: ? @ 38400 (code=2), ADR=0xFF
[2025-09-25 13:04:42] AutoOpenComPort -> ret=48, frmIdx=-1, autoPort=-1
[2025-09-25 13:04:43] TRY AutoOpenComPort: ? @ 38400 (code=2), ADR=0x00
[2025-09-25 13:04:43] AutoOpenComPort -> ret=48, frmIdx=-1, autoPort=-1
[2025-09-25 13:04:43] TRY AutoOpenComPort: ? @ 19200 (code=1), ADR=0xFF
[2025-09-25 13:04:43] AutoOpenComPort -> ret=48, frmIdx=-1, autoPort=-1
[2025-09-25 13:04:43] TRY AutoOpenComPort: ? @ 19200 (code=1), ADR=0x00
[2025-09-25 13:04:43] AutoOpenComPort -> ret=48, frmIdx=-1, autoPort=-1
[2025-09-25 13:04:43] TRY AutoOpenComPort: ? @ 9600 (code=0), ADR=0xFF
[2025-09-25 13:04:43] AutoOpenComPort -> ret=48, frmIdx=-1, autoPort=-1
[2025-09-25 13:04:43] TRY AutoOpenComPort: ? @ 9600 (code=0), ADR=0x00
[2025-09-25 13:04:43] AutoOpenComPort -> ret=48, frmIdx=-1, autoPort=-1
[2025-09-25 13:08:08] EXACT Open: COM5 @ 57600 (code=3), ADR=0xFF
[2025-09-25 13:08:08] EXACT -> ret=48, frmIdx=-1
[2025-09-25 13:08:08] EXACT Open: COM5 @ 57600 (code=3), ADR=0x00
[2025-09-25 13:08:08] EXACT -> ret=48, frmIdx=-1
[2025-09-25 13:08:08] TRY OpenComPort: COM5 @ 57600 (code=3), ADR=0xFF
[2025-09-25 13:08:08] OpenComPort -> ret=48, frmIdx=-1
[2025-09-25 13:08:09] TRY OpenComPort: COM5 @ 57600 (code=3), ADR=0x00
[2025-09-25 13:08:09] OpenComPort -> ret=48, frmIdx=-1
[2025-09-25 13:08:09] TRY OpenComPort: COM5 @ 115200 (code=4), ADR=0xFF
[2025-09-25 13:08:09] OpenComPort -> ret=48, frmIdx=-1
[2025-09-25 13:08:09] TRY OpenComPort: COM5 @ 115200 (code=4), ADR=0x00
[2025-09-25 13:08:09] OpenComPort -> ret=48, frmIdx=-1
[2025-09-25 13:08:09] TRY OpenComPort: COM5 @ 115200 (code=5), ADR=0xFF
[2025-09-25 13:08:09] OpenComPort -> ret=48, frmIdx=-1
[2025-09-25 13:08:09] TRY OpenComPort: COM5 @ 115200 (code=5), ADR=0x00
[2025-09-25 13:08:09] OpenComPort -> ret=48, frmIdx=-1
[2025-09-25 13:08:09] TRY OpenComPort: COM5 @ 38400 (code=2), ADR=0xFF
[2025-09-25 13:08:09] OpenComPort -> ret=48, frmIdx=-1
[2025-09-25 13:08:09] TRY OpenComPort: COM5 @ 38400 (code=2), ADR=0x00
[2025-09-25 13:08:09] OpenComPort -> ret=48, frmIdx=-1
[2025-09-25 13:08:09] TRY OpenComPort: COM5 @ 19200 (code=1), ADR=0xFF
[2025-09-25 13:08:09] OpenComPort -> ret=48, frmIdx=-1
[2025-09-25 13:08:10] TRY OpenComPort: COM5 @ 19200 (code=1), ADR=0x00
[2025-09-25 13:08:10] OpenComPort -> ret=48, frmIdx=-1
[2025-09-25 13:08:10] TRY OpenComPort: COM5 @ 9600 (code=0), ADR=0xFF
[2025-09-25 13:08:10] OpenComPort -> ret=48, frmIdx=-1
[2025-09-25 13:08:10] TRY OpenComPort: COM5 @ 9600 (code=0), ADR=0x00
[2025-09-25 13:08:10] OpenComPort -> ret=48, frmIdx=-1
[2025-09-25 13:08:10] TRY AutoOpenComPort: ? @ 57600 (code=3), ADR=0xFF
[2025-09-25 13:08:10] AutoOpenComPort -> ret=48, frmIdx=-1, autoPort=-1
[2025-09-25 13:08:10] TRY AutoOpenComPort: ? @ 57600 (code=3), ADR=0x00
[2025-09-25 13:08:10] AutoOpenComPort -> ret=48, frmIdx=-1, autoPort=-1
[2025-09-25 13:08:10] TRY AutoOpenComPort: ? @ 115200 (code=4), ADR=0xFF
[2025-09-25 13:08:10] AutoOpenComPort -> ret=48, frmIdx=-1, autoPort=-1
[2025-09-25 13:08:10] TRY AutoOpenComPort: ? @ 115200 (code=4), ADR=0x00
[2025-09-25 13:08:10] AutoOpenComPort -> ret=48, frmIdx=-1, autoPort=-1
[2025-09-25 13:08:10] TRY AutoOpenComPort: ? @ 115200 (code=5), ADR=0xFF
[2025-09-25 13:08:10] AutoOpenComPort -> ret=48, frmIdx=-1, autoPort=-1
[2025-09-25 13:08:11] TRY AutoOpenComPort: ? @ 115200 (code=5), ADR=0x00
[2025-09-25 13:08:11] AutoOpenComPort -> ret=48, frmIdx=-1, autoPort=-1
[2025-09-25 13:08:11] TRY AutoOpenComPort: ? @ 38400 (code=2), ADR=0xFF
[2025-09-25 13:08:11] AutoOpenComPort -> ret=48, frmIdx=-1, autoPort=-1
[2025-09-25 13:08:11] TRY AutoOpenComPort: ? @ 38400 (code=2), ADR=0x00
[2025-09-25 13:08:11] AutoOpenComPort -> ret=48, frmIdx=-1, autoPort=-1
[2025-09-25 13:08:11] TRY AutoOpenComPort: ? @ 19200 (code=1), ADR=0xFF
[2025-09-25 13:08:11] AutoOpenComPort -> ret=48, frmIdx=-1, autoPort=-1
[2025-09-25 13:08:11] TRY AutoOpenComPort: ? @ 19200 (code=1), ADR=0x00
[2025-09-25 13:08:11] AutoOpenComPort -> ret=48, frmIdx=-1, autoPort=-1
[2025-09-25 13:08:11] TRY AutoOpenComPort: ? @ 9600 (code=0), ADR=0xFF
[2025-09-25 13:08:11] AutoOpenComPort -> ret=48, frmIdx=-1, autoPort=-1
[2025-09-25 13:08:11] TRY AutoOpenComPort: ? @ 9600 (code=0), ADR=0x00
[2025-09-25 13:08:11] AutoOpenComPort -> ret=48, frmIdx=-1, autoPort=-1
[2025-09-25 13:08:50] EXACT Open: COM5 @ 57600 (code=3), ADR=0xFF
[2025-09-25 13:08:50] EXACT -> ret=48, frmIdx=-1
[2025-09-25 13:08:50] EXACT Open: COM5 @ 57600 (code=3), ADR=0x00
[2025-09-25 13:08:50] EXACT -> ret=48, frmIdx=-1
[2025-09-25 13:08:50] TRY OpenComPort: COM5 @ 57600 (code=3), ADR=0xFF
[2025-09-25 13:08:50] OpenComPort -> ret=48, frmIdx=-1
[2025-09-25 13:08:50] TRY OpenComPort: COM5 @ 57600 (code=3), ADR=0x00
[2025-09-25 13:08:50] OpenComPort -> ret=48, frmIdx=-1
[2025-09-25 13:08:50] TRY OpenComPort: COM5 @ 115200 (code=4), ADR=0xFF
[2025-09-25 13:08:50] OpenComPort -> ret=48, frmIdx=-1
[2025-09-25 13:08:51] TRY OpenComPort: COM5 @ 115200 (code=4), ADR=0x00
[2025-09-25 13:08:51] OpenComPort -> ret=48, frmIdx=-1
[2025-09-25 13:08:51] TRY OpenComPort: COM5 @ 115200 (code=5), ADR=0xFF
[2025-09-25 13:08:51] OpenComPort -> ret=48, frmIdx=-1
[2025-09-25 13:08:51] TRY OpenComPort: COM5 @ 115200 (code=5), ADR=0x00
[2025-09-25 13:08:51] OpenComPort -> ret=48, frmIdx=-1
[2025-09-25 13:08:51] TRY OpenComPort: COM5 @ 38400 (code=2), ADR=0xFF
[2025-09-25 13:08:51] OpenComPort -> ret=48, frmIdx=-1
[2025-09-25 13:08:51] TRY OpenComPort: COM5 @ 38400 (code=2), ADR=0x00
[2025-09-25 13:08:51] OpenComPort -> ret=48, frmIdx=-1
[2025-09-25 13:08:51] TRY OpenComPort: COM5 @ 19200 (code=1), ADR=0xFF
[2025-09-25 13:08:51] OpenComPort -> ret=48, frmIdx=-1
[2025-09-25 13:08:51] TRY OpenComPort: COM5 @ 19200 (code=1), ADR=0x00
[2025-09-25 13:08:51] OpenComPort -> ret=48, frmIdx=-1
[2025-09-25 13:08:51] TRY OpenComPort: COM5 @ 9600 (code=0), ADR=0xFF
[2025-09-25 13:08:51] OpenComPort -> ret=48, frmIdx=-1
[2025-09-25 13:08:52] TRY OpenComPort: COM5 @ 9600 (code=0), ADR=0x00
[2025-09-25 13:08:52] OpenComPort -> ret=48, frmIdx=-1
[2025-09-25 13:08:52] TRY AutoOpenComPort: ? @ 57600 (code=3), ADR=0xFF
[2025-09-25 13:08:52] AutoOpenComPort -> ret=48, frmIdx=-1, autoPort=-1
[2025-09-25 13:08:52] TRY AutoOpenComPort: ? @ 57600 (code=3), ADR=0x00
[2025-09-25 13:08:52] AutoOpenComPort -> ret=48, frmIdx=-1, autoPort=-1
[2025-09-25 13:08:52] TRY AutoOpenComPort: ? @ 115200 (code=4), ADR=0xFF
[2025-09-25 13:08:52] AutoOpenComPort -> ret=48, frmIdx=-1, autoPort=-1
[2025-09-25 13:08:52] TRY AutoOpenComPort: ? @ 115200 (code=4), ADR=0x00
[2025-09-25 13:08:52] AutoOpenComPort -> ret=48, frmIdx=-1, autoPort=-1
[2025-09-25 13:08:52] TRY AutoOpenComPort: ? @ 115200 (code=5), ADR=0xFF
[2025-09-25 13:08:52] AutoOpenComPort -> ret=48, frmIdx=-1, autoPort=-1
[2025-09-25 13:08:52] TRY AutoOpenComPort: ? @ 115200 (code=5), ADR=0x00
[2025-09-25 13:08:52] AutoOpenComPort -> ret=48, frmIdx=-1, autoPort=-1
[2025-09-25 13:08:52] TRY AutoOpenComPort: ? @ 38400 (code=2), ADR=0xFF
[2025-09-25 13:08:52] AutoOpenComPort -> ret=48, frmIdx=-1, autoPort=-1
[2025-09-25 13:08:53] TRY AutoOpenComPort: ? @ 38400 (code=2), ADR=0x00
[2025-09-25 13:08:53] AutoOpenComPort -> ret=48, frmIdx=-1, autoPort=-1
[2025-09-25 13:08:53] TRY AutoOpenComPort: ? @ 19200 (code=1), ADR=0xFF
[2025-09-25 13:08:53] AutoOpenComPort -> ret=48, frmIdx=-1, autoPort=-1
[2025-09-25 13:08:53] TRY AutoOpenComPort: ? @ 19200 (code=1), ADR=0x00
[2025-09-25 13:08:53] AutoOpenComPort -> ret=48, frmIdx=-1, autoPort=-1
[2025-09-25 13:08:53] TRY AutoOpenComPort: ? @ 9600 (code=0), ADR=0xFF
[2025-09-25 13:08:53] AutoOpenComPort -> ret=48, frmIdx=-1, autoPort=-1
[2025-09-25 13:08:53] TRY AutoOpenComPort: ? @ 9600 (code=0), ADR=0x00
[2025-09-25 13:08:53] AutoOpenComPort -> ret=48, frmIdx=-1, autoPort=-1
[2025-09-25 13:09:04] EXACT Open: COM5 @ 57600 (code=3), ADR=0xFF
[2025-09-25 13:09:05] EXACT -> ret=0, frmIdx=5
[2025-09-25 13:09:05] SetWorkMode(active) -> ret=254
[2025-09-25 13:11:10] EXACT Open: COM5 @ 57600 (code=3), ADR=0xFF
[2025-09-25 13:11:11] EXACT -> ret=0, frmIdx=5
[2025-09-25 13:11:11] SetWorkMode(active) -> ret=254
[2025-09-25 13:11:21] EXACT Open: COM5 @ 57600 (code=3), ADR=0xFF
[2025-09-25 13:11:21] EXACT -> ret=0, frmIdx=5
[2025-09-25 13:11:21] SetWorkMode(active) -> ret=254
[2025-09-25 13:12:18] EXACT Open: COM5 @ 57600 (code=3), ADR=0xFF
[2025-09-25 13:12:19] EXACT -> ret=0, frmIdx=5
[2025-09-25 13:12:19] SetWorkMode(active) -> ret=254
