[2025-09-25 13:26:59] OpenComPort: COM5 @ 57600, ADR=0x00
[2025-09-25 13:27:00] OpenComPort -> ret=0, frmIdx=5
[2025-09-25 13:27:00] SetWorkMode(1=active) -> ret=254
[2025-09-25 13:27:00] SetWorkMode(0=command) -> ret=254
[2025-09-25 13:27:23] OpenComPort: COM5 @ 57600, ADR=0x00
[2025-09-25 13:27:24] OpenComPort -> ret=0, frmIdx=5
[2025-09-25 13:27:24] SetWorkMode(1=active) -> ret=254
[2025-09-25 13:27:24] SetWorkMode(0=command) -> ret=254
[2025-09-25 13:31:59] OpenComPort: COM5 @ 57600, ADR=0x00
[2025-09-25 13:31:59] OpenComPort -> ret=0, frmIdx=5
[2025-09-25 13:36:45] OpenComPort: COM5 @ 57600, ADR=0x00
[2025-09-25 13:36:46] OpenComPort -> ret=0, frmIdx=5
[2025-09-25 13:36:46] SetWorkMode(1=active) -> ret=254
[2025-09-25 13:36:46] SetWorkMode(0=command) -> ret=254
[2025-09-25 13:53:11] OpenComPort: COM5 @ 57600, ADR=0x00
[2025-09-25 13:53:11] OpenComPort -> ret=0, frmIdx=5
[2025-09-25 13:53:11] SetWorkMode(1=active) -> ret=254
[2025-09-25 13:53:11] SetWorkMode(0=command) -> ret=254
[2025-09-25 13:58:58] OpenComPort: COM5 @ 57600, ADR=0x00
[2025-09-25 13:58:58] OpenComPort -> ret=0, frmIdx=5
[2025-09-25 13:58:58] SetWorkMode(1=active) -> ret=254
[2025-09-25 13:58:58] SetWorkMode(0=command) -> ret=254
[2025-09-25 13:59:22] OpenComPort: COM5 @ 57600, ADR=0x00
[2025-09-25 13:59:23] OpenComPort -> ret=0, frmIdx=5
[2025-09-25 13:59:23] SetWorkMode(1=active) -> ret=254
[2025-09-25 13:59:23] SetWorkMode(0=command) -> ret=254
[2025-09-25 14:07:17] OpenComPort: COM5 @ 57600, ADR=0x00
[2025-09-25 14:07:17] OpenComPort -> ret=0, frmIdx=5
[2025-09-25 14:07:17] SetWorkMode(command) -> ret=254
[2025-09-25 14:08:12] OpenComPort: COM5 @ 57600, ADR=0x00
[2025-09-25 14:08:13] OpenComPort -> ret=0, frmIdx=5
[2025-09-25 14:08:13] SetWorkMode(command) -> ret=254
[2025-09-25 14:11:44] OpenComPort: COM5 @ 57600, ADR=0x00
[2025-09-25 14:11:44] OpenComPort -> ret=0, frmIdx=5, ADR(now)=0x00
[2025-09-25 14:11:45] SetWorkMode(command) -> ret=254 (ignored if !=0)
[2025-09-25 14:11:45] ClearTagBuffer -> ret=254
[2025-09-25 14:11:45] RRU ready: COM5 @ 57600 (mode: command, adr=0x00)
[2025-09-25 14:12:03] OpenComPort: COM5 @ 57600, ADR=0x00
[2025-09-25 14:12:04] OpenComPort -> ret=0, frmIdx=5, ADR(now)=0x00
[2025-09-25 14:12:04] SetWorkMode(command) -> ret=254 (ignored if !=0)
[2025-09-25 14:12:04] ClearTagBuffer -> ret=254
[2025-09-25 14:12:04] RRU ready: COM5 @ 57600 (mode: command, adr=0x00)
[2025-09-25 14:18:11] OpenComPort: COM5 @ 57600, ADR=0x00
[2025-09-25 14:18:11] OpenComPort -> ret=0, frmIdx=5, ADR(now)=0x00
[2025-09-25 14:18:11] SetWorkMode(command) -> ret=254 (ignored if !=0)
[2025-09-25 14:18:11] ClearTagBuffer -> ret=254
[2025-09-25 14:18:11] RRU ready: COM5 @ 57600 (mode: command, adr=0x00)
[2025-09-25 14:18:43] OpenComPort: COM5 @ 57600, ADR=0x00
[2025-09-25 14:18:44] OpenComPort -> ret=0, frmIdx=5, ADR(now)=0x00
[2025-09-25 14:18:44] RRU ready (command mode assumed): COM5 @ 57600, adr=0x00
[2025-09-25 14:23:14] OpenComPort: COM5 @ 57600, ADR=0x00
[2025-09-25 14:23:14] OpenComPort -> ret=0, frmIdx=5, ADR(now)=0x00
[2025-09-25 14:23:14] SetWorkMode(command) -> ret=254 (ignored if !=0)
[2025-09-25 14:23:14] ClearTagBuffer -> ret=254 (ignored)
[2025-09-25 14:23:14] RRU ready (command-mode assumed): COM5 @ 57600, adr=0x00
[2025-09-25 14:34:17] OpenComPort: COM5 @ 57600, ADR=0x00
[2025-09-25 14:34:30] OpenComPort: COM5 @ 57600, ADR=0x00
[2025-09-25 14:36:35] OpenComPort: COM5 @ 57600, ADR=0x00
[2025-09-25 14:36:35] OpenComPort -> ret=0, frmIdx=5, ADR(now)=0x00
[2025-09-25 14:36:35] SetWorkMode(command) -> ret=254 (ignored if !=0)
[2025-09-25 14:36:35] RRU ready: COM5 @ 57600 (command-mode assumed, adr=0x00)
[2025-09-25 14:38:23] OpenComPort: COM5 @ 57600, ADR=0x00
[2025-09-25 14:38:23] OpenComPort -> ret=0, frmIdx=5, ADR(now)=0x00
[2025-09-25 14:38:23] RRU ready (command-mode): COM5 @ 57600, adr=0x00
[2025-09-25 14:39:17] OpenComPort: COM5 @ 57600, ADR=0x00
[2025-09-25 14:39:18] OpenComPort -> ret=0, frmIdx=5, ADR(now)=0x00
[2025-09-25 14:39:18] RRU ready (command-mode): COM5 @ 57600, adr=0x00
[2025-09-25 14:39:35] OpenComPort: COM5 @ 57600, ADR=0x00
[2025-09-25 14:39:35] OpenComPort -> ret=0, frmIdx=5, ADR(now)=0x00
[2025-09-25 14:39:35] RRU ready (command-mode): COM5 @ 57600, adr=0x00
[2025-09-25 14:41:24] OpenComPort: COM5 @ 57600, ADR=0x00
[2025-09-25 14:41:25] OpenComPort -> ret=0, frmIdx=5, ADR(now)=0x00
[2025-09-25 14:41:25] RRU ready (command-mode): COM5 @ 57600, adr=0x00
[2025-09-25 14:41:51] OpenComPort: COM5 @ 57600, ADR=0x00
[2025-09-25 14:41:51] OpenComPort -> ret=0, frmIdx=5, ADR(now)=0x00
[2025-09-25 14:41:51] RRU ready (command-mode): COM5 @ 57600, adr=0x00
[2025-09-25 14:44:25] OpenComPort: COM5 @ 57600, ADR=0x00
[2025-09-25 14:44:26] OpenComPort -> ret=0, frmIdx=5, ADR(now)=0x00
[2025-09-25 14:44:26] RRU ready (command-mode): COM5 @ 57600, adr=0x00
[2025-09-25 14:44:28] Inventory_G2: ret=55, epcLen=8192, cardNum=0, InAnt=0x01
[2025-09-25 14:44:30] Inventory_G2: ret=55, epcLen=8192, cardNum=0, InAnt=0x0F
[2025-09-25 14:44:33] Inventory_G2: ret=55, epcLen=8192, cardNum=0, InAnt=0x80
[2025-09-25 14:44:35] Inventory_G2: ret=55, epcLen=8192, cardNum=0, InAnt=0x01
[2025-09-25 14:44:37] Inventory_G2: ret=55, epcLen=8192, cardNum=0, InAnt=0x0F
[2025-09-25 14:44:40] Inventory_G2: ret=55, epcLen=8192, cardNum=0, InAnt=0x80
[2025-09-25 14:44:42] Inventory_G2: ret=55, epcLen=8192, cardNum=0, InAnt=0x01
[2025-09-25 14:44:44] Inventory_G2: ret=55, epcLen=8192, cardNum=0, InAnt=0x0F
[2025-09-25 14:44:47] Inventory_G2: ret=55, epcLen=8192, cardNum=0, InAnt=0x80
[2025-09-25 14:44:49] Inventory_G2: ret=55, epcLen=8192, cardNum=0, InAnt=0x01
[2025-09-25 14:44:51] Inventory_G2: ret=55, epcLen=8192, cardNum=0, InAnt=0x0F
[2025-09-25 14:44:54] Inventory_G2: ret=55, epcLen=8192, cardNum=0, InAnt=0x80
[2025-09-25 14:44:56] Inventory_G2: ret=55, epcLen=8192, cardNum=0, InAnt=0x01
[2025-09-25 14:44:58] Inventory_G2: ret=55, epcLen=8192, cardNum=0, InAnt=0x0F
[2025-09-25 14:45:01] Inventory_G2: ret=55, epcLen=8192, cardNum=0, InAnt=0x80
[2025-09-25 14:45:03] Inventory_G2: ret=55, epcLen=8192, cardNum=0, InAnt=0x01
[2025-09-25 14:45:05] Inventory_G2: ret=55, epcLen=8192, cardNum=0, InAnt=0x0F
[2025-09-25 14:45:08] Inventory_G2: ret=55, epcLen=8192, cardNum=0, InAnt=0x80
[2025-09-25 14:45:10] Inventory_G2: ret=55, epcLen=8192, cardNum=0, InAnt=0x01
[2025-09-25 14:45:12] Inventory_G2: ret=55, epcLen=8192, cardNum=0, InAnt=0x0F
[2025-09-25 14:45:15] Inventory_G2: ret=55, epcLen=8192, cardNum=0, InAnt=0x80
[2025-09-25 14:45:17] Inventory_G2: ret=55, epcLen=8192, cardNum=0, InAnt=0x01
[2025-09-25 18:50:37] OpenComPort: COM5 @ 57600, ADR=0x00
[2025-09-25 18:50:38] OpenComPort -> ret=0, frmIdx=5, ADR(now)=0x00
[2025-09-25 18:50:38] RRU ready (command-mode): COM5 @ 57600, adr=0x00
[2025-09-25 18:50:51] Inventory_G2: ret=1, Totallen=0, CardNum=0, InAnt=0x01
[2025-09-25 18:51:08] Inventory_G2: ret=1, Totallen=0, CardNum=0, InAnt=0x0F
[2025-09-26 03:37:27] OpenComPort: COM5 @ 57600, ADR=0x00
[2025-09-26 03:37:28] OpenComPort -> ret=0, frmIdx=5, ADR(now)=0x00
[2025-09-26 03:37:28] RRU ready (command-mode): COM5 @ 57600, adr=0x00
[2025-09-26 03:37:30] Inventory_G2: ret=1, Totallen=0, CardNum=0, InAnt=0x01
[2025-09-26 03:37:33] Inventory_G2: ret=1, Totallen=0, CardNum=0, InAnt=0x0F
[2025-09-26 03:37:36] Inventory_G2: ret=1, Totallen=0, CardNum=0, InAnt=0x80
[2025-09-26 03:37:38] Inventory_G2: ret=1, Totallen=0, CardNum=0, InAnt=0x01
[2025-09-26 03:37:41] Inventory_G2: ret=1, Totallen=0, CardNum=0, InAnt=0x0F
[2025-09-26 03:37:44] Inventory_G2: ret=1, Totallen=0, CardNum=0, InAnt=0x80
[2025-09-26 03:37:47] Inventory_G2: ret=1, Totallen=0, CardNum=0, InAnt=0x01
[2025-09-26 03:37:49] Inventory_G2: ret=1, Totallen=0, CardNum=0, InAnt=0x0F
[2025-09-26 03:37:52] Inventory_G2: ret=1, Totallen=0, CardNum=0, InAnt=0x80
[2025-09-26 03:38:07] Inventory_G2: ret=1, Totallen=0, CardNum=0, InAnt=0x01
[2025-09-26 03:38:09] Inventory_G2: ret=1, Totallen=0, CardNum=0, InAnt=0x0F
[2025-09-26 03:38:12] Inventory_G2: ret=1, Totallen=0, CardNum=0, InAnt=0x80
[2025-09-26 03:38:15] Inventory_G2: ret=1, Totallen=0, CardNum=0, InAnt=0x01
[2025-09-26 03:38:18] Inventory_G2: ret=1, Totallen=0, CardNum=0, InAnt=0x0F
[2025-09-26 03:38:20] Inventory_G2: ret=1, Totallen=0, CardNum=0, InAnt=0x80
[2025-09-26 03:38:23] Inventory_G2: ret=1, Totallen=0, CardNum=0, InAnt=0x01
[2025-09-26 03:38:26] Inventory_G2: ret=1, Totallen=0, CardNum=0, InAnt=0x0F
[2025-09-26 03:38:28] Inventory_G2: ret=1, Totallen=0, CardNum=0, InAnt=0x80
[2025-09-26 03:38:31] Inventory_G2: ret=1, Totallen=0, CardNum=0, InAnt=0x01
[2025-09-26 03:38:34] Inventory_G2: ret=1, Totallen=0, CardNum=0, InAnt=0x0F
[2025-09-26 03:38:37] Inventory_G2: ret=1, Totallen=0, CardNum=0, InAnt=0x80
[2025-09-26 03:38:39] Inventory_G2: ret=1, Totallen=0, CardNum=0, InAnt=0x01
[2025-09-26 03:38:42] Inventory_G2: ret=1, Totallen=0, CardNum=0, InAnt=0x0F
[2025-09-26 03:38:45] Inventory_G2: ret=1, Totallen=0, CardNum=0, InAnt=0x80
[2025-09-26 03:38:47] Inventory_G2: ret=1, Totallen=0, CardNum=0, InAnt=0x01
[2025-09-26 03:38:50] Inventory_G2: ret=1, Totallen=0, CardNum=0, InAnt=0x0F
[2025-09-26 03:38:53] Inventory_G2: ret=1, Totallen=0, CardNum=0, InAnt=0x80
[2025-09-26 03:38:55] Inventory_G2: ret=1, Totallen=0, CardNum=0, InAnt=0x01
[2025-09-26 03:38:58] Inventory_G2: ret=1, Totallen=0, CardNum=0, InAnt=0x0F
[2025-09-26 03:39:01] Inventory_G2: ret=1, Totallen=0, CardNum=0, InAnt=0x80
[2025-09-26 03:39:04] Inventory_G2: ret=1, Totallen=0, CardNum=0, InAnt=0x01
[2025-09-26 03:39:06] Inventory_G2: ret=1, Totallen=0, CardNum=0, InAnt=0x0F
[2025-09-26 03:39:09] Inventory_G2: ret=1, Totallen=0, CardNum=0, InAnt=0x80
[2025-09-26 03:39:12] Inventory_G2: ret=1, Totallen=0, CardNum=0, InAnt=0x01
[2025-09-26 03:39:14] Inventory_G2: ret=1, Totallen=0, CardNum=0, InAnt=0x0F
[2025-09-26 03:39:17] Inventory_G2: ret=1, Totallen=0, CardNum=0, InAnt=0x80
[2025-09-26 03:39:20] Inventory_G2: ret=1, Totallen=0, CardNum=0, InAnt=0x01
[2025-09-26 03:39:25] Inventory_G2: ret=1, Totallen=0, CardNum=0, InAnt=0x0F
[2025-09-26 03:39:59] OpenComPort: COM5 @ 57600, ADR=0x00
[2025-09-26 03:39:59] OpenComPort -> ret=0, frmIdx=5, ADR(now)=0x00
[2025-09-26 03:39:59] RRU ready (command-mode): COM5 @ 57600, adr=0x00
[2025-09-26 03:40:03] Inventory_G2: ret=1, Totallen=0, CardNum=0, InAnt=0x01
[2025-09-26 03:40:05] Inventory_G2: ret=1, Totallen=0, CardNum=0, InAnt=0x0F
[2025-09-26 03:40:08] Inventory_G2: ret=1, Totallen=0, CardNum=0, InAnt=0x80
[2025-09-26 03:40:11] Inventory_G2: ret=1, Totallen=0, CardNum=0, InAnt=0x01
[2025-09-26 03:40:14] Inventory_G2: ret=1, Totallen=0, CardNum=0, InAnt=0x0F
[2025-09-26 03:40:16] Inventory_G2: ret=1, Totallen=0, CardNum=0, InAnt=0x80
[2025-09-26 03:40:19] Inventory_G2: ret=1, Totallen=0, CardNum=0, InAnt=0x01
[2025-09-26 03:40:22] Inventory_G2: ret=1, Totallen=0, CardNum=0, InAnt=0x0F
[2025-09-26 03:40:24] Inventory_G2: ret=1, Totallen=0, CardNum=0, InAnt=0x80
[2025-09-26 05:29:31] OpenComPort: COM5 @ 57600, ADR=0x00
[2025-09-26 05:29:32] OpenComPort -> ret=0, frmIdx=5, ADR(now)=0x00
[2025-09-26 05:29:32] RRU ready (command-mode): COM5 @ 57600, adr=0x00
[2025-09-26 05:29:35] Inventory_G2: ret=1, Totallen=0, CardNum=0, InAnt=0x01
[2025-09-26 05:29:37] Inventory_G2: ret=1, Totallen=0, CardNum=0, InAnt=0x0F
[2025-09-26 05:29:40] Inventory_G2: ret=1, Totallen=0, CardNum=0, InAnt=0x80
[2025-09-26 05:29:43] Inventory_G2: ret=1, Totallen=0, CardNum=0, InAnt=0x01
[2025-09-26 05:29:45] Inventory_G2: ret=1, Totallen=0, CardNum=0, InAnt=0x0F
[2025-09-26 05:29:48] Inventory_G2: ret=1, Totallen=0, CardNum=0, InAnt=0x80
[2025-09-26 05:29:51] Inventory_G2: ret=1, Totallen=0, CardNum=0, InAnt=0x01
[2025-09-26 05:29:54] Inventory_G2: ret=1, Totallen=0, CardNum=0, InAnt=0x0F
[2025-09-26 05:29:56] Inventory_G2: ret=1, Totallen=0, CardNum=0, InAnt=0x80
[2025-09-26 05:29:59] Inventory_G2: ret=1, Totallen=0, CardNum=0, InAnt=0x01
[2025-09-26 05:30:02] Inventory_G2: ret=1, Totallen=0, CardNum=0, InAnt=0x0F
[2025-09-26 05:30:04] Inventory_G2: ret=1, Totallen=0, CardNum=0, InAnt=0x80
[2025-09-26 05:30:07] Inventory_G2: ret=1, Totallen=0, CardNum=0, InAnt=0x01
[2025-09-26 05:30:10] Inventory_G2: ret=1, Totallen=0, CardNum=0, InAnt=0x0F
[2025-09-26 05:30:13] Inventory_G2: ret=1, Totallen=0, CardNum=0, InAnt=0x80
[2025-09-26 05:30:15] Inventory_G2: ret=1, Totallen=0, CardNum=0, InAnt=0x01
[2025-09-26 05:30:18] Inventory_G2: ret=1, Totallen=0, CardNum=0, InAnt=0x0F
[2025-09-26 05:30:21] Inventory_G2: ret=1, Totallen=0, CardNum=0, InAnt=0x80
[2025-09-26 05:30:23] Inventory_G2: ret=1, Totallen=0, CardNum=0, InAnt=0x01
[2025-09-26 05:30:26] Inventory_G2: ret=1, Totallen=0, CardNum=0, InAnt=0x0F
[2025-09-26 05:30:29] Inventory_G2: ret=1, Totallen=0, CardNum=0, InAnt=0x80
[2025-09-26 05:30:32] Inventory_G2: ret=1, Totallen=0, CardNum=0, InAnt=0x01
[2025-09-26 05:30:34] Inventory_G2: ret=1, Totallen=0, CardNum=0, InAnt=0x0F
[2025-09-26 05:30:37] Inventory_G2: ret=1, Totallen=0, CardNum=0, InAnt=0x80
[2025-09-26 05:30:40] Inventory_G2: ret=1, Totallen=0, CardNum=0, InAnt=0x01
[2025-09-26 05:30:42] Inventory_G2: ret=1, Totallen=0, CardNum=0, InAnt=0x0F
[2025-09-26 05:30:45] Inventory_G2: ret=1, Totallen=0, CardNum=0, InAnt=0x80
[2025-09-26 05:30:48] Inventory_G2: ret=1, Totallen=0, CardNum=0, InAnt=0x01
[2025-09-26 05:30:51] Inventory_G2: ret=1, Totallen=0, CardNum=0, InAnt=0x0F
[2025-09-26 05:30:53] Inventory_G2: ret=1, Totallen=0, CardNum=0, InAnt=0x80
[2025-09-26 05:30:56] Inventory_G2: ret=1, Totallen=0, CardNum=0, InAnt=0x01
[2025-09-26 05:30:59] Inventory_G2: ret=1, Totallen=0, CardNum=0, InAnt=0x0F
[2025-09-26 05:31:01] Inventory_G2: ret=1, Totallen=0, CardNum=0, InAnt=0x80
[2025-09-26 05:31:04] Inventory_G2: ret=1, Totallen=0, CardNum=0, InAnt=0x01
[2025-09-26 05:31:07] Inventory_G2: ret=1, Totallen=0, CardNum=0, InAnt=0x0F
[2025-09-26 05:31:10] Inventory_G2: ret=1, Totallen=0, CardNum=0, InAnt=0x80
[2025-09-26 05:31:12] Inventory_G2: ret=1, Totallen=0, CardNum=0, InAnt=0x01
[2025-09-26 05:31:15] Inventory_G2: ret=1, Totallen=0, CardNum=0, InAnt=0x0F
[2025-09-26 05:31:18] Inventory_G2: ret=1, Totallen=0, CardNum=0, InAnt=0x80
[2025-09-26 05:31:20] Inventory_G2: ret=1, Totallen=0, CardNum=0, InAnt=0x01
[2025-09-26 05:31:23] Inventory_G2: ret=1, Totallen=0, CardNum=0, InAnt=0x0F
[2025-09-26 05:31:26] Inventory_G2: ret=1, Totallen=0, CardNum=0, InAnt=0x80
[2025-09-26 05:31:29] Inventory_G2: ret=1, Totallen=0, CardNum=0, InAnt=0x01
[2025-09-26 05:31:31] Inventory_G2: ret=1, Totallen=0, CardNum=0, InAnt=0x0F
[2025-09-26 05:31:34] Inventory_G2: ret=1, Totallen=0, CardNum=0, InAnt=0x80
[2025-09-26 05:31:37] Inventory_G2: ret=1, Totallen=0, CardNum=0, InAnt=0x01
[2025-09-26 05:31:39] Inventory_G2: ret=1, Totallen=0, CardNum=0, InAnt=0x0F
[2025-09-26 05:31:42] Inventory_G2: ret=1, Totallen=0, CardNum=0, InAnt=0x80
[2025-09-26 05:31:45] Inventory_G2: ret=1, Totallen=0, CardNum=0, InAnt=0x01
[2025-09-26 05:31:47] Inventory_G2: ret=1, Totallen=0, CardNum=0, InAnt=0x0F
[2025-09-26 05:31:50] Inventory_G2: ret=1, Totallen=0, CardNum=0, InAnt=0x80
[2025-09-26 05:31:53] Inventory_G2: ret=1, Totallen=0, CardNum=0, InAnt=0x01
[2025-09-26 05:31:56] Inventory_G2: ret=1, Totallen=0, CardNum=0, InAnt=0x0F
[2025-09-26 05:31:58] Inventory_G2: ret=1, Totallen=0, CardNum=0, InAnt=0x80
[2025-09-26 05:32:01] Inventory_G2: ret=1, Totallen=0, CardNum=0, InAnt=0x01
[2025-09-26 05:32:04] Inventory_G2: ret=1, Totallen=0, CardNum=0, InAnt=0x0F
[2025-09-26 05:32:06] Inventory_G2: ret=1, Totallen=0, CardNum=0, InAnt=0x80
[2025-09-26 05:32:09] Inventory_G2: ret=1, Totallen=0, CardNum=0, InAnt=0x01
[2025-09-26 05:32:12] Inventory_G2: ret=1, Totallen=0, CardNum=0, InAnt=0x0F
[2025-09-26 05:32:15] Inventory_G2: ret=1, Totallen=0, CardNum=0, InAnt=0x80
[2025-09-26 05:32:17] Inventory_G2: ret=1, Totallen=0, CardNum=0, InAnt=0x01
[2025-09-26 05:32:20] Inventory_G2: ret=1, Totallen=0, CardNum=0, InAnt=0x0F
[2025-09-26 05:32:23] Inventory_G2: ret=1, Totallen=0, CardNum=0, InAnt=0x80
[2025-09-26 05:32:25] Inventory_G2: ret=1, Totallen=0, CardNum=0, InAnt=0x01
[2025-09-26 05:32:28] Inventory_G2: ret=1, Totallen=0, CardNum=0, InAnt=0x0F
[2025-09-26 05:32:31] Inventory_G2: ret=1, Totallen=0, CardNum=0, InAnt=0x80
[2025-09-26 05:32:34] Inventory_G2: ret=1, Totallen=0, CardNum=0, InAnt=0x01
[2025-09-26 05:32:36] Inventory_G2: ret=1, Totallen=0, CardNum=0, InAnt=0x0F
[2025-09-26 05:32:39] Inventory_G2: ret=1, Totallen=0, CardNum=0, InAnt=0x80
[2025-09-26 05:32:42] Inventory_G2: ret=1, Totallen=0, CardNum=0, InAnt=0x01
[2025-09-26 05:32:44] Inventory_G2: ret=1, Totallen=0, CardNum=0, InAnt=0x0F
[2025-09-26 05:32:47] Inventory_G2: ret=1, Totallen=0, CardNum=0, InAnt=0x80
[2025-09-26 05:32:50] Inventory_G2: ret=1, Totallen=0, CardNum=0, InAnt=0x01
[2025-09-26 05:32:53] Inventory_G2: ret=1, Totallen=0, CardNum=0, InAnt=0x0F
[2025-09-26 05:32:55] Inventory_G2: ret=1, Totallen=0, CardNum=0, InAnt=0x80
[2025-09-26 05:32:58] Inventory_G2: ret=1, Totallen=0, CardNum=0, InAnt=0x01
[2025-09-26 05:33:01] Inventory_G2: ret=1, Totallen=0, CardNum=0, InAnt=0x0F
[2025-09-26 05:33:03] Inventory_G2: ret=1, Totallen=0, CardNum=0, InAnt=0x80
[2025-09-26 05:33:06] Inventory_G2: ret=1, Totallen=0, CardNum=0, InAnt=0x01
[2025-09-26 05:33:09] Inventory_G2: ret=1, Totallen=0, CardNum=0, InAnt=0x0F
[2025-09-26 05:33:12] Inventory_G2: ret=1, Totallen=0, CardNum=0, InAnt=0x80
[2025-09-26 05:33:14] Inventory_G2: ret=1, Totallen=0, CardNum=0, InAnt=0x01
[2025-09-26 05:33:17] Inventory_G2: ret=1, Totallen=0, CardNum=0, InAnt=0x0F
[2025-09-26 05:37:19] OpenComPort: COM5 @ 57600, ADR=0x00
[2025-09-26 05:37:20] OpenComPort -> ret=0, frmIdx=5, ADR(now)=0x00
[2025-09-26 05:37:20] RRU ready (command-mode): COM5 @ 57600, adr=0x00
[2025-09-26 05:37:23] Inventory_G2: ret=1, Totallen=0, CardNum=0, InAnt=0x01
[2025-09-26 05:37:51] OpenComPort: COM5 @ 57600, ADR=0x00
[2025-09-26 05:37:52] OpenComPort -> ret=0, frmIdx=5, ADR(now)=0x00
[2025-09-26 05:37:52] RRU ready (command-mode): COM5 @ 57600, adr=0x00
[2025-09-26 05:38:02] OpenComPort: COM5 @ 57600, ADR=0x00
[2025-09-26 05:38:02] OpenComPort -> ret=0, frmIdx=5, ADR(now)=0x00
[2025-09-26 05:38:02] RRU ready (command-mode): COM5 @ 57600, adr=0x00
[2025-09-26 05:38:05] Inventory_G2: ret=1, Totallen=0, CardNum=0, InAnt=0x01
[2025-09-26 05:38:23] OpenComPort: COM5 @ 57600, ADR=0x00
[2025-09-26 05:38:23] OpenComPort -> ret=0, frmIdx=5, ADR(now)=0x00
[2025-09-26 05:38:23] RRU ready (command-mode): COM5 @ 57600, adr=0x00
[2025-09-26 05:38:26] Inventory_G2: ret=1, Totallen=0, CardNum=0, InAnt=0x01
[2025-09-26 05:38:34] Inventory_G2: ret=1, Totallen=0, CardNum=0, InAnt=0x0F
[2025-09-26 05:38:38] OpenComPort: COM5 @ 57600, ADR=0x00
[2025-09-26 05:38:38] OpenComPort -> ret=0, frmIdx=5, ADR(now)=0x00
[2025-09-26 05:38:38] RRU ready (command-mode): COM5 @ 57600, adr=0x00
[2025-09-26 05:39:00] OpenComPort: COM5 @ 57600, ADR=0x00
[2025-09-26 05:39:00] OpenComPort -> ret=0, frmIdx=5, ADR(now)=0x00
[2025-09-26 05:39:00] RRU ready (command-mode): COM5 @ 57600, adr=0x00
[2025-09-26 05:39:03] Inventory_G2: ret=1, Totallen=0, CardNum=0, InAnt=0x01
[2025-09-26 05:39:10] Inventory_G2: ret=1, Totallen=0, CardNum=0, InAnt=0x0F
[2025-09-26 05:39:15] OpenComPort: COM5 @ 57600, ADR=0x00
[2025-09-26 05:39:15] OpenComPort -> ret=0, frmIdx=5, ADR(now)=0x00
[2025-09-26 05:39:15] RRU ready (command-mode): COM5 @ 57600, adr=0x00
[2025-09-26 05:39:18] Inventory_G2: ret=1, Totallen=0, CardNum=0, InAnt=0x01
[2025-09-26 05:39:26] Inventory_G2: ret=1, Totallen=0, CardNum=0, InAnt=0x0F
[2025-09-26 05:39:30] OpenComPort: COM5 @ 57600, ADR=0x00
[2025-09-26 05:39:31] OpenComPort -> ret=0, frmIdx=5, ADR(now)=0x00
[2025-09-26 05:39:31] RRU ready (command-mode): COM5 @ 57600, adr=0x00
[2025-09-26 05:39:43] Inventory_G2: ret=1, Totallen=0, CardNum=0, InAnt=0x01
[2025-09-26 05:39:45] Inventory_G2: ret=1, Totallen=0, CardNum=0, InAnt=0x0F
[2025-09-26 05:39:54] OpenComPort: COM5 @ 57600, ADR=0x00
[2025-09-26 05:39:54] OpenComPort -> ret=0, frmIdx=5, ADR(now)=0x00
[2025-09-26 05:39:54] RRU ready (command-mode): COM5 @ 57600, adr=0x00
[2025-09-26 05:40:18] Inventory_G2: ret=1, Totallen=0, CardNum=0, InAnt=0x01
[2025-09-26 05:40:24] Inventory_G2: ret=1, Totallen=0, CardNum=0, InAnt=0x0F
[2025-09-26 05:40:33] Inventory_G2: ret=1, Totallen=0, CardNum=0, InAnt=0x80
[2025-09-26 05:40:40] Inventory_G2: ret=1, Totallen=0, CardNum=0, InAnt=0x01
[2025-09-26 05:40:43] Inventory_G2: ret=1, Totallen=0, CardNum=0, InAnt=0x0F
[2025-09-26 05:48:53] OpenComPort: COM5 @ 57600, ADR=0x00
[2025-09-26 05:48:53] OpenComPort -> ret=0, frmIdx=5, ADR(now)=0x00
[2025-09-26 05:48:53] RRU ready (command-mode): COM5 @ 57600, adr=0x00
[2025-09-26 05:51:18] OpenComPort: COM5 @ 57600, ADR=0x00
[2025-09-26 05:51:19] OpenComPort -> ret=0, frmIdx=5, ADR(now)=0x00
[2025-09-26 05:51:19] RRU ready (command-mode): COM5 @ 57600, adr=0x00
[2025-09-26 06:37:48] OpenComPort: COM5 @ 57600, ADR=0x00
[2025-09-26 06:37:49] OpenComPort -> ret=0, frmIdx=5, ADR(now)=0x00
[2025-09-26 06:37:49] RRU ready (command-mode): COM5 @ 57600, adr=0x00
[2025-09-26 06:37:51] Inventory_G2: ret=1, Totallen=0, CardNum=0, InAnt=0x01
[2025-09-26 06:37:54] Inventory_G2: ret=1, Totallen=0, CardNum=0, InAnt=0x0F
[2025-09-26 06:37:59] Inventory_G2: ret=1, Totallen=0, CardNum=0, InAnt=0x80
[2025-09-26 06:38:02] Inventory_G2: ret=1, Totallen=0, CardNum=0, InAnt=0x01
[2025-09-26 06:38:05] Inventory_G2: ret=1, Totallen=0, CardNum=0, InAnt=0x0F
[2025-09-26 06:38:08] Inventory_G2: ret=1, Totallen=0, CardNum=0, InAnt=0x80
[2025-09-26 06:38:10] Inventory_G2: ret=1, Totallen=0, CardNum=0, InAnt=0x01
[2025-09-26 06:38:13] Inventory_G2: ret=1, Totallen=0, CardNum=0, InAnt=0x0F
[2025-09-26 06:38:18] Inventory_G2: ret=1, Totallen=0, CardNum=0, InAnt=0x80
[2025-09-26 06:38:21] Inventory_G2: ret=1, Totallen=0, CardNum=0, InAnt=0x01
[2025-09-26 06:38:30] Inventory_G2: ret=1, Totallen=0, CardNum=0, InAnt=0x0F
[2025-09-26 06:38:33] Inventory_G2: ret=1, Totallen=0, CardNum=0, InAnt=0x80
[2025-09-26 06:38:37] Inventory_G2: ret=1, Totallen=0, CardNum=0, InAnt=0x01
[2025-09-26 06:38:40] Inventory_G2: ret=1, Totallen=0, CardNum=0, InAnt=0x0F
[2025-09-26 06:38:43] Inventory_G2: ret=1, Totallen=0, CardNum=0, InAnt=0x80
[2025-09-26 06:38:45] Inventory_G2: ret=1, Totallen=0, CardNum=0, InAnt=0x01
[2025-09-26 06:38:48] Inventory_G2: ret=1, Totallen=0, CardNum=0, InAnt=0x0F
[2025-09-26 06:38:56] Inventory_G2: ret=1, Totallen=0, CardNum=0, InAnt=0x80
[2025-09-26 06:38:58] Inventory_G2: ret=1, Totallen=0, CardNum=0, InAnt=0x01
[2025-09-26 06:39:01] Inventory_G2: ret=1, Totallen=0, CardNum=0, InAnt=0x0F
[2025-09-26 06:39:06] Inventory_G2: ret=1, Totallen=0, CardNum=0, InAnt=0x80
[2025-09-26 06:39:09] Inventory_G2: ret=1, Totallen=0, CardNum=0, InAnt=0x01
[2025-09-26 06:39:12] Inventory_G2: ret=1, Totallen=0, CardNum=0, InAnt=0x0F
[2025-09-26 06:39:14] Inventory_G2: ret=1, Totallen=0, CardNum=0, InAnt=0x80
[2025-09-26 06:39:25] Inventory_G2: ret=1, Totallen=0, CardNum=0, InAnt=0x01
[2025-09-26 06:39:28] Inventory_G2: ret=1, Totallen=0, CardNum=0, InAnt=0x0F
[2025-09-26 06:39:31] Inventory_G2: ret=1, Totallen=0, CardNum=0, InAnt=0x80
[2025-09-26 06:39:36] Inventory_G2: ret=1, Totallen=0, CardNum=0, InAnt=0x01
[2025-09-26 06:39:39] Inventory_G2: ret=1, Totallen=0, CardNum=0, InAnt=0x0F
[2025-09-26 06:39:42] Inventory_G2: ret=1, Totallen=0, CardNum=0, InAnt=0x80
[2025-09-26 06:39:44] Inventory_G2: ret=1, Totallen=0, CardNum=0, InAnt=0x01
[2025-09-26 06:39:47] Inventory_G2: ret=1, Totallen=0, CardNum=0, InAnt=0x0F
[2025-09-26 06:39:50] Inventory_G2: ret=1, Totallen=0, CardNum=0, InAnt=0x80
[2025-09-26 06:39:59] Inventory_G2: ret=1, Totallen=0, CardNum=0, InAnt=0x01
[2025-09-26 06:40:04] Inventory_G2: ret=1, Totallen=0, CardNum=0, InAnt=0x0F
[2025-09-26 06:40:07] Inventory_G2: ret=1, Totallen=0, CardNum=0, InAnt=0x80
[2025-09-26 06:40:09] Inventory_G2: ret=1, Totallen=0, CardNum=0, InAnt=0x01
[2025-09-26 06:40:12] Inventory_G2: ret=1, Totallen=0, CardNum=0, InAnt=0x0F
[2025-09-26 06:40:15] Inventory_G2: ret=1, Totallen=0, CardNum=0, InAnt=0x80
[2025-09-26 06:40:18] Inventory_G2: ret=1, Totallen=0, CardNum=0, InAnt=0x01
[2025-09-26 06:40:20] Inventory_G2: ret=1, Totallen=0, CardNum=0, InAnt=0x0F
[2025-09-26 06:40:25] Inventory_G2: ret=1, Totallen=0, CardNum=0, InAnt=0x80
[2025-09-26 06:40:27] Inventory_G2: ret=1, Totallen=0, CardNum=0, InAnt=0x01
[2025-09-26 06:40:30] Inventory_G2: ret=1, Totallen=0, CardNum=0, InAnt=0x0F
[2025-09-26 06:40:35] Inventory_G2: ret=1, Totallen=0, CardNum=0, InAnt=0x80
[2025-09-26 06:40:37] Inventory_G2: ret=1, Totallen=0, CardNum=0, InAnt=0x01
[2025-09-26 06:40:40] Inventory_G2: ret=1, Totallen=0, CardNum=0, InAnt=0x0F
[2025-09-26 06:40:43] Inventory_G2: ret=1, Totallen=0, CardNum=0, InAnt=0x80
[2025-09-26 06:40:46] Inventory_G2: ret=1, Totallen=0, CardNum=0, InAnt=0x01
[2025-09-26 06:40:57] Inventory_G2: ret=1, Totallen=0, CardNum=0, InAnt=0x0F
[2025-09-26 06:41:00] Inventory_G2: ret=1, Totallen=0, CardNum=0, InAnt=0x80
[2025-09-26 06:41:02] Inventory_G2: ret=1, Totallen=0, CardNum=0, InAnt=0x01
[2025-09-26 06:41:05] Inventory_G2: ret=1, Totallen=0, CardNum=0, InAnt=0x0F
[2025-09-26 06:41:08] Inventory_G2: ret=1, Totallen=0, CardNum=0, InAnt=0x80
[2025-09-26 06:41:10] Inventory_G2: ret=1, Totallen=0, CardNum=0, InAnt=0x01
[2025-09-26 06:41:13] Inventory_G2: ret=1, Totallen=0, CardNum=0, InAnt=0x0F
[2025-09-26 06:41:16] Inventory_G2: ret=1, Totallen=0, CardNum=0, InAnt=0x80
[2025-09-26 06:41:19] Inventory_G2: ret=1, Totallen=0, CardNum=0, InAnt=0x01
[2025-09-26 06:41:21] Inventory_G2: ret=1, Totallen=0, CardNum=0, InAnt=0x0F
[2025-09-26 06:41:24] Inventory_G2: ret=1, Totallen=0, CardNum=0, InAnt=0x80
[2025-09-26 06:41:27] Inventory_G2: ret=1, Totallen=0, CardNum=0, InAnt=0x01
[2025-09-26 06:41:29] Inventory_G2: ret=1, Totallen=0, CardNum=0, InAnt=0x0F
[2025-09-26 06:41:32] Inventory_G2: ret=1, Totallen=0, CardNum=0, InAnt=0x80
[2025-09-26 06:41:35] Inventory_G2: ret=1, Totallen=0, CardNum=0, InAnt=0x01
[2025-09-26 06:41:38] Inventory_G2: ret=1, Totallen=0, CardNum=0, InAnt=0x0F
[2025-09-26 06:41:40] Inventory_G2: ret=1, Totallen=0, CardNum=0, InAnt=0x80
[2025-09-26 06:41:43] Inventory_G2: ret=1, Totallen=0, CardNum=0, InAnt=0x01
[2025-09-26 06:41:46] Inventory_G2: ret=1, Totallen=0, CardNum=0, InAnt=0x0F
[2025-09-26 06:41:48] Inventory_G2: ret=1, Totallen=0, CardNum=0, InAnt=0x80
[2025-09-26 06:41:51] Inventory_G2: ret=1, Totallen=0, CardNum=0, InAnt=0x01
[2025-09-26 06:41:54] Inventory_G2: ret=1, Totallen=0, CardNum=0, InAnt=0x0F
[2025-09-26 06:41:57] Inventory_G2: ret=1, Totallen=0, CardNum=0, InAnt=0x80
[2025-09-26 06:41:59] Inventory_G2: ret=1, Totallen=0, CardNum=0, InAnt=0x01
[2025-09-26 06:42:02] Inventory_G2: ret=1, Totallen=0, CardNum=0, InAnt=0x0F
[2025-09-26 06:42:05] Inventory_G2: ret=1, Totallen=0, CardNum=0, InAnt=0x80
[2025-09-26 06:42:07] Inventory_G2: ret=1, Totallen=0, CardNum=0, InAnt=0x01
[2025-09-26 06:42:10] Inventory_G2: ret=1, Totallen=0, CardNum=0, InAnt=0x0F
[2025-09-26 06:42:13] Inventory_G2: ret=1, Totallen=0, CardNum=0, InAnt=0x80
[2025-09-26 06:42:16] Inventory_G2: ret=1, Totallen=0, CardNum=0, InAnt=0x01
[2025-09-26 06:42:18] Inventory_G2: ret=1, Totallen=0, CardNum=0, InAnt=0x0F
[2025-09-26 06:42:21] Inventory_G2: ret=1, Totallen=0, CardNum=0, InAnt=0x80
[2025-09-26 06:42:24] Inventory_G2: ret=1, Totallen=0, CardNum=0, InAnt=0x01
[2025-09-26 06:42:27] Inventory_G2: ret=1, Totallen=0, CardNum=0, InAnt=0x0F
[2025-09-26 06:42:29] Inventory_G2: ret=1, Totallen=0, CardNum=0, InAnt=0x80
[2025-09-26 06:42:32] Inventory_G2: ret=1, Totallen=0, CardNum=0, InAnt=0x01
[2025-09-26 06:42:35] Inventory_G2: ret=1, Totallen=0, CardNum=0, InAnt=0x0F
[2025-09-26 06:42:37] Inventory_G2: ret=1, Totallen=0, CardNum=0, InAnt=0x80
[2025-09-26 06:42:40] Inventory_G2: ret=1, Totallen=0, CardNum=0, InAnt=0x01
[2025-09-26 06:42:43] Inventory_G2: ret=1, Totallen=0, CardNum=0, InAnt=0x0F
[2025-09-26 06:42:46] Inventory_G2: ret=1, Totallen=0, CardNum=0, InAnt=0x80
[2025-09-26 06:42:48] Inventory_G2: ret=1, Totallen=0, CardNum=0, InAnt=0x01
[2025-09-26 06:42:51] Inventory_G2: ret=1, Totallen=0, CardNum=0, InAnt=0x0F
[2025-09-26 06:42:54] Inventory_G2: ret=1, Totallen=0, CardNum=0, InAnt=0x80
[2025-09-26 06:42:56] Inventory_G2: ret=1, Totallen=0, CardNum=0, InAnt=0x01
[2025-09-26 06:42:59] Inventory_G2: ret=1, Totallen=0, CardNum=0, InAnt=0x0F
[2025-09-26 06:43:02] Inventory_G2: ret=1, Totallen=0, CardNum=0, InAnt=0x80
[2025-09-26 06:43:05] Inventory_G2: ret=1, Totallen=0, CardNum=0, InAnt=0x01
[2025-09-26 06:43:07] Inventory_G2: ret=1, Totallen=0, CardNum=0, InAnt=0x0F
[2025-09-26 06:43:10] Inventory_G2: ret=1, Totallen=0, CardNum=0, InAnt=0x80
[2025-09-26 06:43:13] Inventory_G2: ret=1, Totallen=0, CardNum=0, InAnt=0x01
[2025-09-26 06:43:16] Inventory_G2: ret=1, Totallen=0, CardNum=0, InAnt=0x0F
[2025-09-26 06:43:18] Inventory_G2: ret=1, Totallen=0, CardNum=0, InAnt=0x80
[2025-09-26 06:43:21] Inventory_G2: ret=1, Totallen=0, CardNum=0, InAnt=0x01
[2025-09-26 06:43:24] Inventory_G2: ret=1, Totallen=0, CardNum=0, InAnt=0x0F
[2025-09-26 06:43:26] Inventory_G2: ret=1, Totallen=0, CardNum=0, InAnt=0x80
[2025-09-26 06:43:29] Inventory_G2: ret=1, Totallen=0, CardNum=0, InAnt=0x01
[2025-09-26 06:43:32] Inventory_G2: ret=1, Totallen=0, CardNum=0, InAnt=0x0F
[2025-09-26 06:43:35] Inventory_G2: ret=1, Totallen=0, CardNum=0, InAnt=0x80
[2025-09-26 06:43:37] Inventory_G2: ret=1, Totallen=0, CardNum=0, InAnt=0x01
[2025-09-26 06:43:40] Inventory_G2: ret=1, Totallen=0, CardNum=0, InAnt=0x0F
[2025-09-26 06:43:43] Inventory_G2: ret=1, Totallen=0, CardNum=0, InAnt=0x80
[2025-09-26 06:43:46] Inventory_G2: ret=1, Totallen=0, CardNum=0, InAnt=0x01
[2025-09-26 06:43:48] Inventory_G2: ret=1, Totallen=0, CardNum=0, InAnt=0x0F
[2025-09-26 06:43:51] Inventory_G2: ret=1, Totallen=0, CardNum=0, InAnt=0x80
[2025-09-26 06:43:54] Inventory_G2: ret=1, Totallen=0, CardNum=0, InAnt=0x01
[2025-09-26 06:43:56] Inventory_G2: ret=1, Totallen=0, CardNum=0, InAnt=0x0F
[2025-09-26 06:43:59] Inventory_G2: ret=1, Totallen=0, CardNum=0, InAnt=0x80
[2025-09-26 06:44:02] Inventory_G2: ret=1, Totallen=0, CardNum=0, InAnt=0x01
[2025-09-26 06:44:05] Inventory_G2: ret=1, Totallen=0, CardNum=0, InAnt=0x0F
[2025-09-26 06:44:07] Inventory_G2: ret=1, Totallen=0, CardNum=0, InAnt=0x80
[2025-09-26 06:44:10] Inventory_G2: ret=1, Totallen=0, CardNum=0, InAnt=0x01
[2025-09-26 06:44:13] Inventory_G2: ret=1, Totallen=0, CardNum=0, InAnt=0x0F
[2025-09-26 06:44:15] Inventory_G2: ret=1, Totallen=0, CardNum=0, InAnt=0x80
[2025-09-26 06:44:18] Inventory_G2: ret=1, Totallen=0, CardNum=0, InAnt=0x01
[2025-09-26 06:44:21] Inventory_G2: ret=1, Totallen=0, CardNum=0, InAnt=0x0F
[2025-09-26 06:44:24] Inventory_G2: ret=1, Totallen=0, CardNum=0, InAnt=0x80
[2025-09-26 06:44:26] Inventory_G2: ret=1, Totallen=0, CardNum=0, InAnt=0x01
[2025-09-26 06:44:29] Inventory_G2: ret=1, Totallen=0, CardNum=0, InAnt=0x0F
[2025-09-26 06:44:32] Inventory_G2: ret=1, Totallen=0, CardNum=0, InAnt=0x80
[2025-09-26 06:44:34] Inventory_G2: ret=1, Totallen=0, CardNum=0, InAnt=0x01
[2025-09-26 06:44:37] Inventory_G2: ret=1, Totallen=0, CardNum=0, InAnt=0x0F
[2025-09-26 06:44:40] Inventory_G2: ret=1, Totallen=0, CardNum=0, InAnt=0x80
[2025-09-26 06:44:43] Inventory_G2: ret=1, Totallen=0, CardNum=0, InAnt=0x01
[2025-09-26 06:44:45] Inventory_G2: ret=1, Totallen=0, CardNum=0, InAnt=0x0F
[2025-09-26 06:44:48] Inventory_G2: ret=1, Totallen=0, CardNum=0, InAnt=0x80
[2025-09-26 06:44:51] Inventory_G2: ret=1, Totallen=0, CardNum=0, InAnt=0x01
[2025-09-26 06:44:53] Inventory_G2: ret=1, Totallen=0, CardNum=0, InAnt=0x0F
[2025-09-26 06:44:56] Inventory_G2: ret=1, Totallen=0, CardNum=0, InAnt=0x80
[2025-09-26 06:44:59] Inventory_G2: ret=1, Totallen=0, CardNum=0, InAnt=0x01
[2025-09-26 06:45:02] Inventory_G2: ret=1, Totallen=0, CardNum=0, InAnt=0x0F
[2025-09-26 06:45:04] Inventory_G2: ret=1, Totallen=0, CardNum=0, InAnt=0x80
[2025-09-26 06:45:07] Inventory_G2: ret=1, Totallen=0, CardNum=0, InAnt=0x01
[2025-09-26 06:45:10] Inventory_G2: ret=1, Totallen=0, CardNum=0, InAnt=0x0F
[2025-09-26 06:45:12] Inventory_G2: ret=1, Totallen=0, CardNum=0, InAnt=0x80
[2025-09-26 06:45:15] Inventory_G2: ret=1, Totallen=0, CardNum=0, InAnt=0x01
[2025-09-26 06:45:18] Inventory_G2: ret=1, Totallen=0, CardNum=0, InAnt=0x0F
[2025-09-26 06:45:21] Inventory_G2: ret=1, Totallen=0, CardNum=0, InAnt=0x80
[2025-09-26 06:45:23] Inventory_G2: ret=1, Totallen=0, CardNum=0, InAnt=0x01
[2025-09-26 06:45:26] Inventory_G2: ret=1, Totallen=0, CardNum=0, InAnt=0x0F
[2025-09-26 06:45:29] Inventory_G2: ret=1, Totallen=0, CardNum=0, InAnt=0x80
[2025-09-26 06:45:31] Inventory_G2: ret=1, Totallen=0, CardNum=0, InAnt=0x01
[2025-09-26 06:45:34] Inventory_G2: ret=1, Totallen=0, CardNum=0, InAnt=0x0F
[2025-09-26 06:45:37] Inventory_G2: ret=1, Totallen=0, CardNum=0, InAnt=0x80
[2025-09-26 06:45:40] Inventory_G2: ret=1, Totallen=0, CardNum=0, InAnt=0x01
[2025-09-26 06:45:42] Inventory_G2: ret=1, Totallen=0, CardNum=0, InAnt=0x0F
[2025-09-26 06:45:45] Inventory_G2: ret=1, Totallen=0, CardNum=0, InAnt=0x80
[2025-09-26 06:45:48] Inventory_G2: ret=1, Totallen=0, CardNum=0, InAnt=0x01
[2025-09-26 06:45:50] Inventory_G2: ret=1, Totallen=0, CardNum=0, InAnt=0x0F
[2025-09-26 06:45:53] Inventory_G2: ret=1, Totallen=0, CardNum=0, InAnt=0x80
[2025-09-26 06:45:56] Inventory_G2: ret=1, Totallen=0, CardNum=0, InAnt=0x01
[2025-09-26 06:45:59] Inventory_G2: ret=1, Totallen=0, CardNum=0, InAnt=0x0F
[2025-09-26 06:46:01] Inventory_G2: ret=1, Totallen=0, CardNum=0, InAnt=0x80
[2025-09-26 06:46:04] Inventory_G2: ret=1, Totallen=0, CardNum=0, InAnt=0x01
[2025-09-26 06:46:07] Inventory_G2: ret=1, Totallen=0, CardNum=0, InAnt=0x0F
[2025-09-26 06:46:10] Inventory_G2: ret=1, Totallen=0, CardNum=0, InAnt=0x80
[2025-09-26 06:46:12] Inventory_G2: ret=1, Totallen=0, CardNum=0, InAnt=0x01
[2025-09-26 06:46:15] Inventory_G2: ret=1, Totallen=0, CardNum=0, InAnt=0x0F
[2025-09-26 06:46:18] Inventory_G2: ret=1, Totallen=0, CardNum=0, InAnt=0x80
[2025-09-26 06:46:20] Inventory_G2: ret=1, Totallen=0, CardNum=0, InAnt=0x01
[2025-09-26 06:46:23] Inventory_G2: ret=1, Totallen=0, CardNum=0, InAnt=0x0F
[2025-09-26 06:46:26] Inventory_G2: ret=1, Totallen=0, CardNum=0, InAnt=0x80
[2025-09-26 06:46:29] Inventory_G2: ret=1, Totallen=0, CardNum=0, InAnt=0x01
[2025-09-26 06:46:31] Inventory_G2: ret=1, Totallen=0, CardNum=0, InAnt=0x0F
[2025-09-26 06:46:34] Inventory_G2: ret=1, Totallen=0, CardNum=0, InAnt=0x80
[2025-09-26 06:46:37] Inventory_G2: ret=1, Totallen=0, CardNum=0, InAnt=0x01
[2025-09-26 06:46:39] Inventory_G2: ret=1, Totallen=0, CardNum=0, InAnt=0x0F
[2025-09-26 06:46:42] Inventory_G2: ret=1, Totallen=0, CardNum=0, InAnt=0x80
[2025-09-26 06:46:45] Inventory_G2: ret=1, Totallen=0, CardNum=0, InAnt=0x01
[2025-09-26 06:46:48] Inventory_G2: ret=1, Totallen=0, CardNum=0, InAnt=0x0F
[2025-09-26 06:46:50] Inventory_G2: ret=1, Totallen=0, CardNum=0, InAnt=0x80
[2025-09-26 06:46:53] Inventory_G2: ret=1, Totallen=0, CardNum=0, InAnt=0x01
[2025-09-26 06:46:56] Inventory_G2: ret=1, Totallen=0, CardNum=0, InAnt=0x0F
[2025-09-26 06:46:59] Inventory_G2: ret=1, Totallen=0, CardNum=0, InAnt=0x80
[2025-09-26 06:47:01] Inventory_G2: ret=1, Totallen=0, CardNum=0, InAnt=0x01
[2025-09-26 06:47:04] Inventory_G2: ret=1, Totallen=0, CardNum=0, InAnt=0x0F
[2025-09-26 06:47:07] Inventory_G2: ret=1, Totallen=0, CardNum=0, InAnt=0x80
[2025-09-26 06:47:09] Inventory_G2: ret=1, Totallen=0, CardNum=0, InAnt=0x01
[2025-09-26 06:47:12] Inventory_G2: ret=1, Totallen=0, CardNum=0, InAnt=0x0F
[2025-09-26 06:47:15] Inventory_G2: ret=1, Totallen=0, CardNum=0, InAnt=0x80
[2025-09-26 06:47:18] Inventory_G2: ret=1, Totallen=0, CardNum=0, InAnt=0x01
[2025-09-26 06:47:20] Inventory_G2: ret=1, Totallen=0, CardNum=0, InAnt=0x0F
[2025-09-26 06:47:23] Inventory_G2: ret=1, Totallen=0, CardNum=0, InAnt=0x80
[2025-09-26 06:47:26] Inventory_G2: ret=1, Totallen=0, CardNum=0, InAnt=0x01
[2025-09-26 06:47:28] Inventory_G2: ret=1, Totallen=0, CardNum=0, InAnt=0x0F
[2025-09-26 06:47:31] Inventory_G2: ret=1, Totallen=0, CardNum=0, InAnt=0x80
[2025-09-26 06:47:34] Inventory_G2: ret=1, Totallen=0, CardNum=0, InAnt=0x01
[2025-09-26 06:47:37] Inventory_G2: ret=1, Totallen=0, CardNum=0, InAnt=0x0F
[2025-09-26 06:47:39] Inventory_G2: ret=1, Totallen=0, CardNum=0, InAnt=0x80
[2025-09-26 06:47:42] Inventory_G2: ret=1, Totallen=0, CardNum=0, InAnt=0x01
[2025-09-26 06:47:45] Inventory_G2: ret=1, Totallen=0, CardNum=0, InAnt=0x0F
[2025-09-26 06:47:47] Inventory_G2: ret=1, Totallen=0, CardNum=0, InAnt=0x80
[2025-09-26 06:47:50] Inventory_G2: ret=1, Totallen=0, CardNum=0, InAnt=0x01
[2025-09-26 06:47:53] Inventory_G2: ret=1, Totallen=0, CardNum=0, InAnt=0x0F
[2025-09-26 06:47:56] Inventory_G2: ret=1, Totallen=0, CardNum=0, InAnt=0x80
[2025-09-26 06:47:58] Inventory_G2: ret=1, Totallen=0, CardNum=0, InAnt=0x01
[2025-09-26 06:48:01] Inventory_G2: ret=1, Totallen=0, CardNum=0, InAnt=0x0F
[2025-09-26 06:48:04] Inventory_G2: ret=1, Totallen=0, CardNum=0, InAnt=0x80
[2025-09-26 06:48:07] Inventory_G2: ret=1, Totallen=0, CardNum=0, InAnt=0x01
[2025-09-26 06:48:09] Inventory_G2: ret=1, Totallen=0, CardNum=0, InAnt=0x0F
[2025-09-26 06:48:12] Inventory_G2: ret=1, Totallen=0, CardNum=0, InAnt=0x80
[2025-09-26 06:48:15] Inventory_G2: ret=1, Totallen=0, CardNum=0, InAnt=0x01
[2025-09-26 06:48:17] Inventory_G2: ret=1, Totallen=0, CardNum=0, InAnt=0x0F
[2025-09-26 06:48:20] Inventory_G2: ret=1, Totallen=0, CardNum=0, InAnt=0x80
[2025-09-26 06:48:23] Inventory_G2: ret=1, Totallen=0, CardNum=0, InAnt=0x01
[2025-09-26 06:48:26] Inventory_G2: ret=1, Totallen=0, CardNum=0, InAnt=0x0F
[2025-09-26 06:48:28] Inventory_G2: ret=1, Totallen=0, CardNum=0, InAnt=0x80
[2025-09-26 06:48:31] Inventory_G2: ret=1, Totallen=0, CardNum=0, InAnt=0x01
[2025-09-26 06:48:34] Inventory_G2: ret=1, Totallen=0, CardNum=0, InAnt=0x0F
[2025-09-26 06:48:36] Inventory_G2: ret=1, Totallen=0, CardNum=0, InAnt=0x80
[2025-09-26 06:48:39] Inventory_G2: ret=1, Totallen=0, CardNum=0, InAnt=0x01
[2025-09-26 06:48:42] Inventory_G2: ret=1, Totallen=0, CardNum=0, InAnt=0x0F
[2025-09-26 06:48:45] Inventory_G2: ret=1, Totallen=0, CardNum=0, InAnt=0x80
[2025-09-26 06:48:47] Inventory_G2: ret=1, Totallen=0, CardNum=0, InAnt=0x01
[2025-09-26 06:48:50] Inventory_G2: ret=1, Totallen=0, CardNum=0, InAnt=0x0F
[2025-09-26 06:48:53] Inventory_G2: ret=1, Totallen=0, CardNum=0, InAnt=0x80
[2025-09-26 06:48:55] Inventory_G2: ret=1, Totallen=0, CardNum=0, InAnt=0x01
[2025-09-26 06:48:58] Inventory_G2: ret=1, Totallen=0, CardNum=0, InAnt=0x0F
[2025-09-26 06:49:01] Inventory_G2: ret=1, Totallen=0, CardNum=0, InAnt=0x80
[2025-09-26 06:49:04] Inventory_G2: ret=1, Totallen=0, CardNum=0, InAnt=0x01
[2025-09-26 06:49:06] Inventory_G2: ret=1, Totallen=0, CardNum=0, InAnt=0x0F
[2025-09-26 06:49:09] Inventory_G2: ret=1, Totallen=0, CardNum=0, InAnt=0x80
[2025-09-26 06:49:12] Inventory_G2: ret=1, Totallen=0, CardNum=0, InAnt=0x01
[2025-09-26 06:49:15] Inventory_G2: ret=1, Totallen=0, CardNum=0, InAnt=0x0F
[2025-09-26 06:49:17] Inventory_G2: ret=1, Totallen=0, CardNum=0, InAnt=0x80
[2025-09-26 06:49:20] Inventory_G2: ret=1, Totallen=0, CardNum=0, InAnt=0x01
[2025-09-26 06:49:23] Inventory_G2: ret=1, Totallen=0, CardNum=0, InAnt=0x0F
[2025-09-26 06:49:25] Inventory_G2: ret=1, Totallen=0, CardNum=0, InAnt=0x80
[2025-09-26 06:49:28] Inventory_G2: ret=1, Totallen=0, CardNum=0, InAnt=0x01
[2025-09-26 06:49:31] Inventory_G2: ret=1, Totallen=0, CardNum=0, InAnt=0x0F
[2025-09-26 06:49:34] Inventory_G2: ret=1, Totallen=0, CardNum=0, InAnt=0x80
[2025-09-26 06:49:36] Inventory_G2: ret=1, Totallen=0, CardNum=0, InAnt=0x01
[2025-09-26 06:49:39] Inventory_G2: ret=1, Totallen=0, CardNum=0, InAnt=0x0F
[2025-09-26 06:49:42] Inventory_G2: ret=1, Totallen=0, CardNum=0, InAnt=0x80
[2025-09-26 06:49:44] Inventory_G2: ret=1, Totallen=0, CardNum=0, InAnt=0x01
[2025-09-26 06:49:47] Inventory_G2: ret=1, Totallen=0, CardNum=0, InAnt=0x0F
[2025-09-26 06:49:50] Inventory_G2: ret=1, Totallen=0, CardNum=0, InAnt=0x80
[2025-09-26 06:49:53] Inventory_G2: ret=1, Totallen=0, CardNum=0, InAnt=0x01
[2025-09-26 06:49:55] Inventory_G2: ret=1, Totallen=0, CardNum=0, InAnt=0x0F
[2025-09-26 06:49:58] Inventory_G2: ret=1, Totallen=0, CardNum=0, InAnt=0x80
[2025-09-26 06:50:01] Inventory_G2: ret=1, Totallen=0, CardNum=0, InAnt=0x01
[2025-09-26 06:50:03] Inventory_G2: ret=1, Totallen=0, CardNum=0, InAnt=0x0F
[2025-09-26 06:50:06] Inventory_G2: ret=1, Totallen=0, CardNum=0, InAnt=0x80
[2025-09-26 06:50:09] Inventory_G2: ret=1, Totallen=0, CardNum=0, InAnt=0x01
[2025-09-26 06:50:12] Inventory_G2: ret=1, Totallen=0, CardNum=0, InAnt=0x0F
[2025-09-26 06:50:14] Inventory_G2: ret=1, Totallen=0, CardNum=0, InAnt=0x80
[2025-09-26 06:50:17] Inventory_G2: ret=1, Totallen=0, CardNum=0, InAnt=0x01
[2025-09-26 06:50:20] Inventory_G2: ret=1, Totallen=0, CardNum=0, InAnt=0x0F
[2025-09-26 06:50:22] Inventory_G2: ret=1, Totallen=0, CardNum=0, InAnt=0x80
[2025-09-26 06:50:25] Inventory_G2: ret=1, Totallen=0, CardNum=0, InAnt=0x01
[2025-09-26 06:50:28] Inventory_G2: ret=1, Totallen=0, CardNum=0, InAnt=0x0F
[2025-09-26 06:50:31] Inventory_G2: ret=1, Totallen=0, CardNum=0, InAnt=0x80
[2025-09-26 06:50:33] Inventory_G2: ret=1, Totallen=0, CardNum=0, InAnt=0x01
[2025-09-26 06:50:36] Inventory_G2: ret=1, Totallen=0, CardNum=0, InAnt=0x0F
[2025-09-26 06:50:39] Inventory_G2: ret=1, Totallen=0, CardNum=0, InAnt=0x80
[2025-09-26 06:50:41] Inventory_G2: ret=1, Totallen=0, CardNum=0, InAnt=0x01
[2025-09-26 06:50:44] Inventory_G2: ret=1, Totallen=0, CardNum=0, InAnt=0x0F
[2025-09-26 06:50:47] Inventory_G2: ret=1, Totallen=0, CardNum=0, InAnt=0x80
[2025-09-26 06:50:50] Inventory_G2: ret=1, Totallen=0, CardNum=0, InAnt=0x01
[2025-09-26 06:50:52] Inventory_G2: ret=1, Totallen=0, CardNum=0, InAnt=0x0F
[2025-09-26 06:50:55] Inventory_G2: ret=1, Totallen=0, CardNum=0, InAnt=0x80
[2025-09-26 06:50:58] Inventory_G2: ret=1, Totallen=0, CardNum=0, InAnt=0x01
[2025-09-26 06:51:00] Inventory_G2: ret=1, Totallen=0, CardNum=0, InAnt=0x0F
[2025-09-26 06:51:03] Inventory_G2: ret=1, Totallen=0, CardNum=0, InAnt=0x80
[2025-09-26 06:51:06] Inventory_G2: ret=1, Totallen=0, CardNum=0, InAnt=0x01
[2025-09-26 06:51:09] Inventory_G2: ret=1, Totallen=0, CardNum=0, InAnt=0x0F
[2025-09-26 06:51:11] Inventory_G2: ret=1, Totallen=0, CardNum=0, InAnt=0x80
[2025-09-26 06:51:14] Inventory_G2: ret=1, Totallen=0, CardNum=0, InAnt=0x01
[2025-09-26 06:51:17] Inventory_G2: ret=1, Totallen=0, CardNum=0, InAnt=0x0F
[2025-09-26 06:51:19] Inventory_G2: ret=1, Totallen=0, CardNum=0, InAnt=0x80
[2025-09-26 06:51:22] Inventory_G2: ret=1, Totallen=0, CardNum=0, InAnt=0x01
[2025-09-26 06:51:25] Inventory_G2: ret=1, Totallen=0, CardNum=0, InAnt=0x0F
[2025-09-26 06:51:28] Inventory_G2: ret=1, Totallen=0, CardNum=0, InAnt=0x80
[2025-09-26 06:51:30] Inventory_G2: ret=1, Totallen=0, CardNum=0, InAnt=0x01
[2025-09-26 06:51:33] Inventory_G2: ret=1, Totallen=0, CardNum=0, InAnt=0x0F
[2025-09-26 06:51:36] Inventory_G2: ret=1, Totallen=0, CardNum=0, InAnt=0x80
[2025-09-26 06:51:38] Inventory_G2: ret=1, Totallen=0, CardNum=0, InAnt=0x01
[2025-09-26 06:51:41] Inventory_G2: ret=1, Totallen=0, CardNum=0, InAnt=0x0F
[2025-09-26 06:51:44] Inventory_G2: ret=1, Totallen=0, CardNum=0, InAnt=0x80
[2025-09-26 06:51:47] Inventory_G2: ret=1, Totallen=0, CardNum=0, InAnt=0x01
[2025-09-26 06:51:49] Inventory_G2: ret=1, Totallen=0, CardNum=0, InAnt=0x0F
[2025-09-26 06:51:52] Inventory_G2: ret=1, Totallen=0, CardNum=0, InAnt=0x80
[2025-09-26 06:51:55] Inventory_G2: ret=1, Totallen=0, CardNum=0, InAnt=0x01
[2025-09-26 06:51:57] Inventory_G2: ret=1, Totallen=0, CardNum=0, InAnt=0x0F
[2025-09-26 06:52:00] Inventory_G2: ret=1, Totallen=0, CardNum=0, InAnt=0x80
[2025-09-26 06:52:03] Inventory_G2: ret=1, Totallen=0, CardNum=0, InAnt=0x01
[2025-09-26 06:52:06] Inventory_G2: ret=1, Totallen=0, CardNum=0, InAnt=0x0F
[2025-09-26 06:52:08] Inventory_G2: ret=1, Totallen=0, CardNum=0, InAnt=0x80
[2025-09-26 06:52:11] Inventory_G2: ret=1, Totallen=0, CardNum=0, InAnt=0x01
[2025-09-26 06:52:14] Inventory_G2: ret=1, Totallen=0, CardNum=0, InAnt=0x0F
[2025-09-26 06:52:16] Inventory_G2: ret=1, Totallen=0, CardNum=0, InAnt=0x80
[2025-09-26 06:52:19] Inventory_G2: ret=1, Totallen=0, CardNum=0, InAnt=0x01
[2025-09-26 06:52:22] Inventory_G2: ret=1, Totallen=0, CardNum=0, InAnt=0x0F
[2025-09-26 06:52:25] Inventory_G2: ret=1, Totallen=0, CardNum=0, InAnt=0x80
[2025-09-26 06:52:27] Inventory_G2: ret=1, Totallen=0, CardNum=0, InAnt=0x01
[2025-09-26 06:52:30] Inventory_G2: ret=1, Totallen=0, CardNum=0, InAnt=0x0F
[2025-09-26 06:52:33] Inventory_G2: ret=1, Totallen=0, CardNum=0, InAnt=0x80
[2025-09-26 06:52:35] Inventory_G2: ret=1, Totallen=0, CardNum=0, InAnt=0x01
[2025-09-26 06:52:38] Inventory_G2: ret=1, Totallen=0, CardNum=0, InAnt=0x0F
[2025-09-26 06:52:41] Inventory_G2: ret=1, Totallen=0, CardNum=0, InAnt=0x80
[2025-09-26 06:52:44] Inventory_G2: ret=1, Totallen=0, CardNum=0, InAnt=0x01
[2025-09-26 06:52:46] Inventory_G2: ret=1, Totallen=0, CardNum=0, InAnt=0x0F
[2025-09-26 06:52:49] Inventory_G2: ret=1, Totallen=0, CardNum=0, InAnt=0x80
[2025-09-26 06:52:52] Inventory_G2: ret=1, Totallen=0, CardNum=0, InAnt=0x01
[2025-09-26 06:52:55] Inventory_G2: ret=1, Totallen=0, CardNum=0, InAnt=0x0F
[2025-09-26 06:52:57] Inventory_G2: ret=1, Totallen=0, CardNum=0, InAnt=0x80
[2025-09-26 06:53:00] Inventory_G2: ret=1, Totallen=0, CardNum=0, InAnt=0x01
[2025-09-26 06:53:03] Inventory_G2: ret=1, Totallen=0, CardNum=0, InAnt=0x0F
[2025-09-26 06:53:05] Inventory_G2: ret=1, Totallen=0, CardNum=0, InAnt=0x80
[2025-09-26 06:53:08] Inventory_G2: ret=1, Totallen=0, CardNum=0, InAnt=0x01
[2025-09-26 06:53:11] Inventory_G2: ret=1, Totallen=0, CardNum=0, InAnt=0x0F
[2025-09-26 06:53:14] Inventory_G2: ret=1, Totallen=0, CardNum=0, InAnt=0x80
[2025-09-26 06:53:16] Inventory_G2: ret=1, Totallen=0, CardNum=0, InAnt=0x01
[2025-09-26 06:53:19] Inventory_G2: ret=1, Totallen=0, CardNum=0, InAnt=0x0F
[2025-09-26 06:53:22] Inventory_G2: ret=1, Totallen=0, CardNum=0, InAnt=0x80
[2025-09-26 06:53:24] Inventory_G2: ret=1, Totallen=0, CardNum=0, InAnt=0x01
[2025-09-26 06:53:27] Inventory_G2: ret=1, Totallen=0, CardNum=0, InAnt=0x0F
[2025-09-26 06:53:30] Inventory_G2: ret=1, Totallen=0, CardNum=0, InAnt=0x80
[2025-09-26 06:53:33] Inventory_G2: ret=1, Totallen=0, CardNum=0, InAnt=0x01
[2025-09-26 06:53:35] Inventory_G2: ret=1, Totallen=0, CardNum=0, InAnt=0x0F
[2025-09-26 06:53:38] Inventory_G2: ret=1, Totallen=0, CardNum=0, InAnt=0x80
[2025-09-26 06:53:41] Inventory_G2: ret=1, Totallen=0, CardNum=0, InAnt=0x01
[2025-09-26 06:53:44] Inventory_G2: ret=1, Totallen=0, CardNum=0, InAnt=0x0F
[2025-09-26 06:53:46] Inventory_G2: ret=1, Totallen=0, CardNum=0, InAnt=0x80
[2025-09-26 06:53:49] Inventory_G2: ret=1, Totallen=0, CardNum=0, InAnt=0x01
[2025-09-26 06:53:52] Inventory_G2: ret=1, Totallen=0, CardNum=0, InAnt=0x0F
[2025-09-26 06:53:54] Inventory_G2: ret=1, Totallen=0, CardNum=0, InAnt=0x80
[2025-09-26 06:53:57] Inventory_G2: ret=1, Totallen=0, CardNum=0, InAnt=0x01
[2025-09-26 06:54:00] Inventory_G2: ret=1, Totallen=0, CardNum=0, InAnt=0x0F
[2025-09-26 06:54:03] Inventory_G2: ret=1, Totallen=0, CardNum=0, InAnt=0x80
[2025-09-26 06:54:05] Inventory_G2: ret=1, Totallen=0, CardNum=0, InAnt=0x01
[2025-09-26 06:54:08] Inventory_G2: ret=1, Totallen=0, CardNum=0, InAnt=0x0F
[2025-09-26 06:54:11] Inventory_G2: ret=1, Totallen=0, CardNum=0, InAnt=0x80
[2025-09-26 06:54:13] Inventory_G2: ret=1, Totallen=0, CardNum=0, InAnt=0x01
[2025-09-26 06:54:16] Inventory_G2: ret=1, Totallen=0, CardNum=0, InAnt=0x0F
[2025-09-26 06:54:19] Inventory_G2: ret=1, Totallen=0, CardNum=0, InAnt=0x80
[2025-09-26 06:54:22] Inventory_G2: ret=1, Totallen=0, CardNum=0, InAnt=0x01
[2025-09-26 06:54:24] Inventory_G2: ret=1, Totallen=0, CardNum=0, InAnt=0x0F
[2025-09-26 06:54:27] Inventory_G2: ret=1, Totallen=0, CardNum=0, InAnt=0x80
[2025-09-26 06:54:30] Inventory_G2: ret=1, Totallen=0, CardNum=0, InAnt=0x01
[2025-09-26 06:54:32] Inventory_G2: ret=1, Totallen=0, CardNum=0, InAnt=0x0F
[2025-09-26 06:54:35] Inventory_G2: ret=1, Totallen=0, CardNum=0, InAnt=0x80
[2025-09-26 06:54:38] Inventory_G2: ret=1, Totallen=0, CardNum=0, InAnt=0x01
[2025-09-26 06:54:41] Inventory_G2: ret=1, Totallen=0, CardNum=0, InAnt=0x0F
[2025-09-26 06:54:43] Inventory_G2: ret=1, Totallen=0, CardNum=0, InAnt=0x80
[2025-09-26 06:54:46] Inventory_G2: ret=1, Totallen=0, CardNum=0, InAnt=0x01
[2025-09-26 06:54:49] Inventory_G2: ret=1, Totallen=0, CardNum=0, InAnt=0x0F
[2025-09-26 06:54:51] Inventory_G2: ret=1, Totallen=0, CardNum=0, InAnt=0x80
[2025-09-26 06:54:54] Inventory_G2: ret=1, Totallen=0, CardNum=0, InAnt=0x01
[2025-09-26 06:54:57] Inventory_G2: ret=1, Totallen=0, CardNum=0, InAnt=0x0F
[2025-09-26 06:55:00] Inventory_G2: ret=1, Totallen=0, CardNum=0, InAnt=0x80
[2025-09-26 06:55:02] Inventory_G2: ret=1, Totallen=0, CardNum=0, InAnt=0x01
[2025-09-26 06:55:05] Inventory_G2: ret=1, Totallen=0, CardNum=0, InAnt=0x0F
[2025-09-26 06:55:08] Inventory_G2: ret=1, Totallen=0, CardNum=0, InAnt=0x80
[2025-09-26 06:55:10] Inventory_G2: ret=1, Totallen=0, CardNum=0, InAnt=0x01
[2025-09-26 06:55:13] Inventory_G2: ret=1, Totallen=0, CardNum=0, InAnt=0x0F
[2025-09-26 06:55:16] Inventory_G2: ret=1, Totallen=0, CardNum=0, InAnt=0x80
[2025-09-26 06:55:19] Inventory_G2: ret=1, Totallen=0, CardNum=0, InAnt=0x01
[2025-09-26 06:55:21] Inventory_G2: ret=1, Totallen=0, CardNum=0, InAnt=0x0F
[2025-09-26 06:55:24] Inventory_G2: ret=1, Totallen=0, CardNum=0, InAnt=0x80
[2025-09-26 06:55:27] Inventory_G2: ret=1, Totallen=0, CardNum=0, InAnt=0x01
[2025-09-26 06:55:29] Inventory_G2: ret=1, Totallen=0, CardNum=0, InAnt=0x0F
[2025-09-26 06:55:37] Inventory_G2: ret=1, Totallen=0, CardNum=0, InAnt=0x80
[2025-09-26 06:55:40] Inventory_G2: ret=1, Totallen=0, CardNum=0, InAnt=0x01
[2025-09-26 06:55:43] Inventory_G2: ret=1, Totallen=0, CardNum=0, InAnt=0x0F
[2025-09-26 06:55:45] Inventory_G2: ret=1, Totallen=0, CardNum=0, InAnt=0x80
[2025-09-26 06:55:48] Inventory_G2: ret=1, Totallen=0, CardNum=0, InAnt=0x01
[2025-09-26 06:55:51] Inventory_G2: ret=1, Totallen=0, CardNum=0, InAnt=0x0F
[2025-09-26 06:55:54] Inventory_G2: ret=1, Totallen=0, CardNum=0, InAnt=0x80
[2025-09-26 06:55:56] Inventory_G2: ret=1, Totallen=0, CardNum=0, InAnt=0x01
[2025-09-26 06:55:59] Inventory_G2: ret=1, Totallen=0, CardNum=0, InAnt=0x0F
[2025-09-26 06:56:02] Inventory_G2: ret=1, Totallen=0, CardNum=0, InAnt=0x80
[2025-09-26 06:56:04] Inventory_G2: ret=1, Totallen=0, CardNum=0, InAnt=0x01
[2025-09-26 06:56:07] Inventory_G2: ret=1, Totallen=0, CardNum=0, InAnt=0x0F
[2025-09-26 06:56:10] Inventory_G2: ret=1, Totallen=0, CardNum=0, InAnt=0x80
[2025-09-26 06:56:13] Inventory_G2: ret=1, Totallen=0, CardNum=0, InAnt=0x01
[2025-09-26 06:56:15] Inventory_G2: ret=1, Totallen=0, CardNum=0, InAnt=0x0F
[2025-09-26 06:56:18] Inventory_G2: ret=1, Totallen=0, CardNum=0, InAnt=0x80
[2025-09-26 06:56:21] Inventory_G2: ret=1, Totallen=0, CardNum=0, InAnt=0x01
[2025-09-26 06:56:24] Inventory_G2: ret=1, Totallen=0, CardNum=0, InAnt=0x0F
[2025-09-26 06:56:26] Inventory_G2: ret=1, Totallen=0, CardNum=0, InAnt=0x80
[2025-09-26 06:56:29] Inventory_G2: ret=1, Totallen=0, CardNum=0, InAnt=0x01
[2025-09-26 06:56:32] Inventory_G2: ret=1, Totallen=0, CardNum=0, InAnt=0x0F
[2025-09-26 06:56:34] Inventory_G2: ret=1, Totallen=0, CardNum=0, InAnt=0x80
[2025-09-26 06:56:37] Inventory_G2: ret=1, Totallen=0, CardNum=0, InAnt=0x01
[2025-09-26 06:56:40] Inventory_G2: ret=1, Totallen=0, CardNum=0, InAnt=0x0F
[2025-09-26 06:56:43] Inventory_G2: ret=1, Totallen=0, CardNum=0, InAnt=0x80
[2025-09-26 06:56:45] Inventory_G2: ret=1, Totallen=0, CardNum=0, InAnt=0x01
[2025-09-26 06:56:48] Inventory_G2: ret=1, Totallen=0, CardNum=0, InAnt=0x0F
[2025-09-26 06:56:51] Inventory_G2: ret=1, Totallen=0, CardNum=0, InAnt=0x80
[2025-09-26 06:56:53] Inventory_G2: ret=1, Totallen=0, CardNum=0, InAnt=0x01
[2025-09-26 06:56:56] Inventory_G2: ret=1, Totallen=0, CardNum=0, InAnt=0x0F
[2025-09-26 06:56:59] Inventory_G2: ret=1, Totallen=0, CardNum=0, InAnt=0x80
[2025-09-26 06:57:02] Inventory_G2: ret=1, Totallen=0, CardNum=0, InAnt=0x01
[2025-09-26 06:57:04] Inventory_G2: ret=1, Totallen=0, CardNum=0, InAnt=0x0F
[2025-09-26 06:57:07] Inventory_G2: ret=1, Totallen=0, CardNum=0, InAnt=0x80
[2025-09-26 06:57:10] Inventory_G2: ret=1, Totallen=0, CardNum=0, InAnt=0x01
[2025-09-26 06:57:12] Inventory_G2: ret=1, Totallen=0, CardNum=0, InAnt=0x0F
[2025-09-26 06:57:15] Inventory_G2: ret=1, Totallen=0, CardNum=0, InAnt=0x80
[2025-09-26 06:57:18] Inventory_G2: ret=1, Totallen=0, CardNum=0, InAnt=0x01
[2025-09-26 06:57:21] Inventory_G2: ret=1, Totallen=0, CardNum=0, InAnt=0x0F
[2025-09-26 06:57:23] Inventory_G2: ret=1, Totallen=0, CardNum=0, InAnt=0x80
[2025-09-26 06:57:26] Inventory_G2: ret=1, Totallen=0, CardNum=0, InAnt=0x01
[2025-09-26 06:57:29] Inventory_G2: ret=1, Totallen=0, CardNum=0, InAnt=0x0F
[2025-09-26 06:57:31] Inventory_G2: ret=1, Totallen=0, CardNum=0, InAnt=0x80
[2025-09-26 06:57:34] Inventory_G2: ret=1, Totallen=0, CardNum=0, InAnt=0x01
[2025-09-26 06:57:37] Inventory_G2: ret=1, Totallen=0, CardNum=0, InAnt=0x0F
[2025-09-26 06:57:40] Inventory_G2: ret=1, Totallen=0, CardNum=0, InAnt=0x80
[2025-09-26 06:57:42] Inventory_G2: ret=1, Totallen=0, CardNum=0, InAnt=0x01
[2025-09-26 06:57:45] Inventory_G2: ret=1, Totallen=0, CardNum=0, InAnt=0x0F
[2025-09-26 06:57:48] Inventory_G2: ret=1, Totallen=0, CardNum=0, InAnt=0x80
[2025-09-26 06:57:50] Inventory_G2: ret=1, Totallen=0, CardNum=0, InAnt=0x01
[2025-09-26 06:57:53] Inventory_G2: ret=1, Totallen=0, CardNum=0, InAnt=0x0F
[2025-09-26 06:57:56] Inventory_G2: ret=1, Totallen=0, CardNum=0, InAnt=0x80
[2025-09-26 06:57:59] Inventory_G2: ret=1, Totallen=0, CardNum=0, InAnt=0x01
[2025-09-26 06:58:01] Inventory_G2: ret=1, Totallen=0, CardNum=0, InAnt=0x0F
[2025-09-26 06:58:04] Inventory_G2: ret=1, Totallen=0, CardNum=0, InAnt=0x80
[2025-09-26 06:58:07] Inventory_G2: ret=1, Totallen=0, CardNum=0, InAnt=0x01
[2025-09-26 06:58:09] Inventory_G2: ret=1, Totallen=0, CardNum=0, InAnt=0x0F
[2025-09-26 06:58:12] Inventory_G2: ret=1, Totallen=0, CardNum=0, InAnt=0x80
[2025-09-26 06:58:15] Inventory_G2: ret=1, Totallen=0, CardNum=0, InAnt=0x01
[2025-09-26 06:58:18] Inventory_G2: ret=1, Totallen=0, CardNum=0, InAnt=0x0F
[2025-09-26 06:58:20] Inventory_G2: ret=1, Totallen=0, CardNum=0, InAnt=0x80
[2025-09-26 06:58:23] Inventory_G2: ret=1, Totallen=0, CardNum=0, InAnt=0x01
[2025-09-26 06:58:26] Inventory_G2: ret=1, Totallen=0, CardNum=0, InAnt=0x0F
[2025-09-26 06:58:28] Inventory_G2: ret=1, Totallen=0, CardNum=0, InAnt=0x80
[2025-09-26 06:58:31] Inventory_G2: ret=1, Totallen=0, CardNum=0, InAnt=0x01
[2025-09-26 06:58:34] Inventory_G2: ret=1, Totallen=0, CardNum=0, InAnt=0x0F
[2025-09-26 06:58:37] Inventory_G2: ret=1, Totallen=0, CardNum=0, InAnt=0x80
[2025-09-26 06:58:39] Inventory_G2: ret=1, Totallen=0, CardNum=0, InAnt=0x01
[2025-09-26 06:58:42] Inventory_G2: ret=1, Totallen=0, CardNum=0, InAnt=0x0F
[2025-09-26 06:58:45] Inventory_G2: ret=1, Totallen=0, CardNum=0, InAnt=0x80
[2025-09-26 06:58:47] Inventory_G2: ret=1, Totallen=0, CardNum=0, InAnt=0x01
[2025-09-26 06:58:50] Inventory_G2: ret=1, Totallen=0, CardNum=0, InAnt=0x0F
[2025-09-26 06:58:53] Inventory_G2: ret=1, Totallen=0, CardNum=0, InAnt=0x80
[2025-09-26 06:58:56] Inventory_G2: ret=1, Totallen=0, CardNum=0, InAnt=0x01
[2025-09-26 06:58:58] Inventory_G2: ret=1, Totallen=0, CardNum=0, InAnt=0x0F
[2025-09-26 06:59:01] Inventory_G2: ret=1, Totallen=0, CardNum=0, InAnt=0x80
[2025-09-26 06:59:04] Inventory_G2: ret=1, Totallen=0, CardNum=0, InAnt=0x01
[2025-09-26 06:59:07] Inventory_G2: ret=1, Totallen=0, CardNum=0, InAnt=0x0F
[2025-09-26 06:59:09] Inventory_G2: ret=1, Totallen=0, CardNum=0, InAnt=0x80
[2025-09-26 06:59:12] Inventory_G2: ret=1, Totallen=0, CardNum=0, InAnt=0x01
[2025-09-26 06:59:15] Inventory_G2: ret=1, Totallen=0, CardNum=0, InAnt=0x0F
[2025-09-26 06:59:17] Inventory_G2: ret=1, Totallen=0, CardNum=0, InAnt=0x80
[2025-09-26 06:59:20] Inventory_G2: ret=1, Totallen=0, CardNum=0, InAnt=0x01
[2025-09-26 06:59:23] Inventory_G2: ret=1, Totallen=0, CardNum=0, InAnt=0x0F
[2025-09-26 06:59:25] Inventory_G2: ret=1, Totallen=0, CardNum=0, InAnt=0x80
[2025-09-26 06:59:28] Inventory_G2: ret=1, Totallen=0, CardNum=0, InAnt=0x01
[2025-09-26 06:59:31] Inventory_G2: ret=1, Totallen=0, CardNum=0, InAnt=0x0F
[2025-09-26 06:59:34] Inventory_G2: ret=1, Totallen=0, CardNum=0, InAnt=0x80
[2025-09-26 06:59:36] Inventory_G2: ret=1, Totallen=0, CardNum=0, InAnt=0x01
[2025-09-26 06:59:39] Inventory_G2: ret=1, Totallen=0, CardNum=0, InAnt=0x0F
[2025-09-26 06:59:42] Inventory_G2: ret=1, Totallen=0, CardNum=0, InAnt=0x80
[2025-09-26 06:59:44] Inventory_G2: ret=1, Totallen=0, CardNum=0, InAnt=0x01
[2025-09-26 06:59:47] Inventory_G2: ret=1, Totallen=0, CardNum=0, InAnt=0x0F
[2025-09-26 06:59:50] Inventory_G2: ret=1, Totallen=0, CardNum=0, InAnt=0x80
[2025-09-26 06:59:53] Inventory_G2: ret=1, Totallen=0, CardNum=0, InAnt=0x01
[2025-09-26 06:59:55] Inventory_G2: ret=1, Totallen=0, CardNum=0, InAnt=0x0F
[2025-09-26 06:59:58] Inventory_G2: ret=1, Totallen=0, CardNum=0, InAnt=0x80
[2025-09-26 07:00:01] Inventory_G2: ret=1, Totallen=0, CardNum=0, InAnt=0x01
[2025-09-26 07:00:03] Inventory_G2: ret=1, Totallen=0, CardNum=0, InAnt=0x0F
[2025-09-26 07:00:06] Inventory_G2: ret=1, Totallen=0, CardNum=0, InAnt=0x80
[2025-09-26 07:00:09] Inventory_G2: ret=1, Totallen=0, CardNum=0, InAnt=0x01
[2025-09-26 07:00:12] Inventory_G2: ret=1, Totallen=0, CardNum=0, InAnt=0x0F
[2025-09-26 07:00:14] Inventory_G2: ret=1, Totallen=0, CardNum=0, InAnt=0x80
[2025-09-26 07:00:17] Inventory_G2: ret=1, Totallen=0, CardNum=0, InAnt=0x01
[2025-09-26 07:00:20] Inventory_G2: ret=1, Totallen=0, CardNum=0, InAnt=0x0F
[2025-09-26 07:00:23] Inventory_G2: ret=1, Totallen=0, CardNum=0, InAnt=0x80
[2025-09-26 07:00:25] Inventory_G2: ret=1, Totallen=0, CardNum=0, InAnt=0x01
[2025-09-26 07:00:28] Inventory_G2: ret=1, Totallen=0, CardNum=0, InAnt=0x0F
[2025-09-26 07:00:31] Inventory_G2: ret=1, Totallen=0, CardNum=0, InAnt=0x80
[2025-09-26 07:00:33] Inventory_G2: ret=1, Totallen=0, CardNum=0, InAnt=0x01
[2025-09-26 07:00:36] Inventory_G2: ret=1, Totallen=0, CardNum=0, InAnt=0x0F
[2025-09-26 07:00:39] Inventory_G2: ret=1, Totallen=0, CardNum=0, InAnt=0x80
[2025-09-26 07:00:41] Inventory_G2: ret=1, Totallen=0, CardNum=0, InAnt=0x01
[2025-09-26 07:00:44] Inventory_G2: ret=1, Totallen=0, CardNum=0, InAnt=0x0F
[2025-09-26 07:00:47] Inventory_G2: ret=1, Totallen=0, CardNum=0, InAnt=0x80
[2025-09-26 07:00:50] Inventory_G2: ret=1, Totallen=0, CardNum=0, InAnt=0x01
[2025-09-26 07:00:52] Inventory_G2: ret=1, Totallen=0, CardNum=0, InAnt=0x0F
[2025-09-26 07:00:55] Inventory_G2: ret=1, Totallen=0, CardNum=0, InAnt=0x80
[2025-09-26 07:00:58] Inventory_G2: ret=1, Totallen=0, CardNum=0, InAnt=0x01
[2025-09-26 07:01:00] Inventory_G2: ret=1, Totallen=0, CardNum=0, InAnt=0x0F
[2025-09-26 07:01:03] Inventory_G2: ret=1, Totallen=0, CardNum=0, InAnt=0x80
[2025-09-26 07:01:06] Inventory_G2: ret=1, Totallen=0, CardNum=0, InAnt=0x01
[2025-09-26 07:01:09] Inventory_G2: ret=1, Totallen=0, CardNum=0, InAnt=0x0F
[2025-09-26 07:01:11] Inventory_G2: ret=1, Totallen=0, CardNum=0, InAnt=0x80
[2025-09-26 07:01:14] Inventory_G2: ret=1, Totallen=0, CardNum=0, InAnt=0x01
[2025-09-26 07:01:17] Inventory_G2: ret=1, Totallen=0, CardNum=0, InAnt=0x0F
[2025-09-26 07:01:19] Inventory_G2: ret=1, Totallen=0, CardNum=0, InAnt=0x80
[2025-09-26 07:01:22] Inventory_G2: ret=1, Totallen=0, CardNum=0, InAnt=0x01
[2025-09-26 07:01:25] Inventory_G2: ret=1, Totallen=0, CardNum=0, InAnt=0x0F
[2025-09-26 07:01:28] Inventory_G2: ret=1, Totallen=0, CardNum=0, InAnt=0x80
[2025-09-26 07:01:30] Inventory_G2: ret=1, Totallen=0, CardNum=0, InAnt=0x01
[2025-09-26 07:01:33] Inventory_G2: ret=1, Totallen=0, CardNum=0, InAnt=0x0F
[2025-09-26 07:01:36] Inventory_G2: ret=1, Totallen=0, CardNum=0, InAnt=0x80
[2025-09-26 07:01:38] Inventory_G2: ret=1, Totallen=0, CardNum=0, InAnt=0x01
[2025-09-26 07:01:41] Inventory_G2: ret=1, Totallen=0, CardNum=0, InAnt=0x0F
[2025-09-26 07:01:44] Inventory_G2: ret=1, Totallen=0, CardNum=0, InAnt=0x80
[2025-09-26 07:01:46] Inventory_G2: ret=1, Totallen=0, CardNum=0, InAnt=0x01
[2025-09-26 07:01:49] Inventory_G2: ret=1, Totallen=0, CardNum=0, InAnt=0x0F
[2025-09-26 07:01:52] Inventory_G2: ret=1, Totallen=0, CardNum=0, InAnt=0x80
[2025-09-26 07:01:55] Inventory_G2: ret=1, Totallen=0, CardNum=0, InAnt=0x01
[2025-09-26 07:01:57] Inventory_G2: ret=1, Totallen=0, CardNum=0, InAnt=0x0F
[2025-09-26 07:02:00] Inventory_G2: ret=1, Totallen=0, CardNum=0, InAnt=0x80
[2025-09-26 07:02:03] Inventory_G2: ret=1, Totallen=0, CardNum=0, InAnt=0x01
[2025-09-26 07:02:05] Inventory_G2: ret=1, Totallen=0, CardNum=0, InAnt=0x0F
[2025-09-26 07:02:08] Inventory_G2: ret=1, Totallen=0, CardNum=0, InAnt=0x80
[2025-09-26 07:02:11] Inventory_G2: ret=1, Totallen=0, CardNum=0, InAnt=0x01
[2025-09-26 07:02:14] Inventory_G2: ret=1, Totallen=0, CardNum=0, InAnt=0x0F
[2025-09-26 07:02:16] Inventory_G2: ret=1, Totallen=0, CardNum=0, InAnt=0x80
[2025-09-26 07:02:19] Inventory_G2: ret=1, Totallen=0, CardNum=0, InAnt=0x01
[2025-09-26 07:02:22] Inventory_G2: ret=1, Totallen=0, CardNum=0, InAnt=0x0F
[2025-09-26 07:02:24] Inventory_G2: ret=1, Totallen=0, CardNum=0, InAnt=0x80
[2025-09-26 07:02:27] Inventory_G2: ret=1, Totallen=0, CardNum=0, InAnt=0x01
[2025-09-26 07:02:30] Inventory_G2: ret=1, Totallen=0, CardNum=0, InAnt=0x0F
[2025-09-26 07:02:33] Inventory_G2: ret=1, Totallen=0, CardNum=0, InAnt=0x80
[2025-09-26 07:02:35] Inventory_G2: ret=1, Totallen=0, CardNum=0, InAnt=0x01
[2025-09-26 07:02:38] Inventory_G2: ret=1, Totallen=0, CardNum=0, InAnt=0x0F
[2025-09-26 07:02:41] Inventory_G2: ret=1, Totallen=0, CardNum=0, InAnt=0x80
[2025-09-26 07:02:43] Inventory_G2: ret=1, Totallen=0, CardNum=0, InAnt=0x01
[2025-09-26 07:02:46] Inventory_G2: ret=1, Totallen=0, CardNum=0, InAnt=0x0F
[2025-09-26 07:02:49] Inventory_G2: ret=1, Totallen=0, CardNum=0, InAnt=0x80
[2025-09-26 07:02:52] Inventory_G2: ret=1, Totallen=0, CardNum=0, InAnt=0x01
[2025-09-26 07:02:54] Inventory_G2: ret=1, Totallen=0, CardNum=0, InAnt=0x0F
[2025-09-26 07:02:57] Inventory_G2: ret=1, Totallen=0, CardNum=0, InAnt=0x80
[2025-09-26 07:03:00] Inventory_G2: ret=1, Totallen=0, CardNum=0, InAnt=0x01
[2025-09-26 07:03:03] Inventory_G2: ret=1, Totallen=0, CardNum=0, InAnt=0x0F
[2025-09-26 07:03:05] Inventory_G2: ret=1, Totallen=0, CardNum=0, InAnt=0x80
[2025-09-26 07:03:08] Inventory_G2: ret=1, Totallen=0, CardNum=0, InAnt=0x01
[2025-09-26 07:03:11] Inventory_G2: ret=1, Totallen=0, CardNum=0, InAnt=0x0F
[2025-09-26 07:03:13] Inventory_G2: ret=1, Totallen=0, CardNum=0, InAnt=0x80
[2025-09-26 07:03:16] Inventory_G2: ret=1, Totallen=0, CardNum=0, InAnt=0x01
[2025-09-26 07:03:19] Inventory_G2: ret=1, Totallen=0, CardNum=0, InAnt=0x0F
[2025-09-26 07:03:22] Inventory_G2: ret=1, Totallen=0, CardNum=0, InAnt=0x80
[2025-09-26 07:03:24] Inventory_G2: ret=1, Totallen=0, CardNum=0, InAnt=0x01
[2025-09-26 07:03:27] Inventory_G2: ret=1, Totallen=0, CardNum=0, InAnt=0x0F
[2025-09-26 07:03:30] Inventory_G2: ret=1, Totallen=0, CardNum=0, InAnt=0x80
[2025-09-26 07:03:32] Inventory_G2: ret=1, Totallen=0, CardNum=0, InAnt=0x01
[2025-09-26 07:03:35] Inventory_G2: ret=1, Totallen=0, CardNum=0, InAnt=0x0F
[2025-09-26 07:03:38] Inventory_G2: ret=1, Totallen=0, CardNum=0, InAnt=0x80
[2025-09-26 07:03:41] Inventory_G2: ret=1, Totallen=0, CardNum=0, InAnt=0x01
[2025-09-26 07:03:43] Inventory_G2: ret=1, Totallen=0, CardNum=0, InAnt=0x0F
[2025-09-26 07:03:46] Inventory_G2: ret=1, Totallen=0, CardNum=0, InAnt=0x80
[2025-09-26 07:03:49] Inventory_G2: ret=1, Totallen=0, CardNum=0, InAnt=0x01
[2025-09-26 07:03:51] Inventory_G2: ret=1, Totallen=0, CardNum=0, InAnt=0x0F
[2025-09-26 07:03:54] Inventory_G2: ret=1, Totallen=0, CardNum=0, InAnt=0x80
[2025-09-26 07:03:57] Inventory_G2: ret=1, Totallen=0, CardNum=0, InAnt=0x01
[2025-09-26 07:04:00] Inventory_G2: ret=1, Totallen=0, CardNum=0, InAnt=0x0F
[2025-09-26 07:04:02] Inventory_G2: ret=1, Totallen=0, CardNum=0, InAnt=0x80
[2025-09-26 07:04:05] Inventory_G2: ret=1, Totallen=0, CardNum=0, InAnt=0x01
[2025-09-26 07:04:08] Inventory_G2: ret=1, Totallen=0, CardNum=0, InAnt=0x0F
[2025-09-26 07:04:10] Inventory_G2: ret=1, Totallen=0, CardNum=0, InAnt=0x80
[2025-09-26 07:04:13] Inventory_G2: ret=1, Totallen=0, CardNum=0, InAnt=0x01
[2025-09-26 07:04:16] Inventory_G2: ret=1, Totallen=0, CardNum=0, InAnt=0x0F
[2025-09-26 07:04:19] Inventory_G2: ret=1, Totallen=0, CardNum=0, InAnt=0x80
[2025-09-26 07:04:21] Inventory_G2: ret=1, Totallen=0, CardNum=0, InAnt=0x01
[2025-09-26 07:04:24] Inventory_G2: ret=1, Totallen=0, CardNum=0, InAnt=0x0F
[2025-09-26 07:04:27] Inventory_G2: ret=1, Totallen=0, CardNum=0, InAnt=0x80
[2025-09-26 07:04:29] Inventory_G2: ret=1, Totallen=0, CardNum=0, InAnt=0x01
[2025-09-26 07:04:32] Inventory_G2: ret=1, Totallen=0, CardNum=0, InAnt=0x0F
[2025-09-26 07:04:35] Inventory_G2: ret=1, Totallen=0, CardNum=0, InAnt=0x80
[2025-09-26 07:04:38] Inventory_G2: ret=1, Totallen=0, CardNum=0, InAnt=0x01
[2025-09-26 07:04:40] Inventory_G2: ret=1, Totallen=0, CardNum=0, InAnt=0x0F
[2025-09-26 07:04:43] Inventory_G2: ret=1, Totallen=0, CardNum=0, InAnt=0x80
[2025-09-26 07:04:46] Inventory_G2: ret=1, Totallen=0, CardNum=0, InAnt=0x01
[2025-09-26 07:04:48] Inventory_G2: ret=1, Totallen=0, CardNum=0, InAnt=0x0F
[2025-09-26 07:04:51] Inventory_G2: ret=1, Totallen=0, CardNum=0, InAnt=0x80
[2025-09-26 07:04:54] Inventory_G2: ret=1, Totallen=0, CardNum=0, InAnt=0x01
[2025-09-26 07:04:57] Inventory_G2: ret=1, Totallen=0, CardNum=0, InAnt=0x0F
[2025-09-26 07:04:59] Inventory_G2: ret=1, Totallen=0, CardNum=0, InAnt=0x80
[2025-09-26 07:05:02] Inventory_G2: ret=1, Totallen=0, CardNum=0, InAnt=0x01
[2025-09-26 07:05:05] Inventory_G2: ret=1, Totallen=0, CardNum=0, InAnt=0x0F
[2025-09-26 07:05:07] Inventory_G2: ret=1, Totallen=0, CardNum=0, InAnt=0x80
[2025-09-26 07:05:10] Inventory_G2: ret=1, Totallen=0, CardNum=0, InAnt=0x01
[2025-09-26 07:05:13] Inventory_G2: ret=1, Totallen=0, CardNum=0, InAnt=0x0F
[2025-09-26 07:05:16] Inventory_G2: ret=1, Totallen=0, CardNum=0, InAnt=0x80
[2025-09-26 07:05:18] Inventory_G2: ret=1, Totallen=0, CardNum=0, InAnt=0x01
[2025-09-26 07:05:21] Inventory_G2: ret=1, Totallen=0, CardNum=0, InAnt=0x0F
[2025-09-26 07:05:24] Inventory_G2: ret=1, Totallen=0, CardNum=0, InAnt=0x80
[2025-09-26 07:05:26] Inventory_G2: ret=1, Totallen=0, CardNum=0, InAnt=0x01
[2025-09-26 07:05:29] Inventory_G2: ret=1, Totallen=0, CardNum=0, InAnt=0x0F
[2025-09-26 07:05:32] Inventory_G2: ret=1, Totallen=0, CardNum=0, InAnt=0x80
[2025-09-26 07:05:35] Inventory_G2: ret=1, Totallen=0, CardNum=0, InAnt=0x01
[2025-09-26 07:05:37] Inventory_G2: ret=1, Totallen=0, CardNum=0, InAnt=0x0F
[2025-09-26 07:05:40] Inventory_G2: ret=1, Totallen=0, CardNum=0, InAnt=0x80
[2025-09-26 07:05:43] Inventory_G2: ret=1, Totallen=0, CardNum=0, InAnt=0x01
[2025-09-26 07:05:46] Inventory_G2: ret=1, Totallen=0, CardNum=0, InAnt=0x0F
[2025-09-26 07:05:48] Inventory_G2: ret=1, Totallen=0, CardNum=0, InAnt=0x80
[2025-09-26 07:05:51] Inventory_G2: ret=1, Totallen=0, CardNum=0, InAnt=0x01
[2025-09-26 07:05:54] Inventory_G2: ret=1, Totallen=0, CardNum=0, InAnt=0x0F
[2025-09-26 07:05:56] Inventory_G2: ret=1, Totallen=0, CardNum=0, InAnt=0x80
[2025-09-26 07:05:59] Inventory_G2: ret=1, Totallen=0, CardNum=0, InAnt=0x01
[2025-09-26 07:06:02] Inventory_G2: ret=1, Totallen=0, CardNum=0, InAnt=0x0F
[2025-09-26 07:06:05] Inventory_G2: ret=1, Totallen=0, CardNum=0, InAnt=0x80
[2025-09-26 07:06:07] Inventory_G2: ret=1, Totallen=0, CardNum=0, InAnt=0x01
[2025-09-26 07:06:10] Inventory_G2: ret=1, Totallen=0, CardNum=0, InAnt=0x0F
[2025-09-26 07:06:13] Inventory_G2: ret=1, Totallen=0, CardNum=0, InAnt=0x80
[2025-09-26 07:06:15] Inventory_G2: ret=1, Totallen=0, CardNum=0, InAnt=0x01
[2025-09-26 07:06:18] Inventory_G2: ret=1, Totallen=0, CardNum=0, InAnt=0x0F
[2025-09-26 07:06:21] Inventory_G2: ret=1, Totallen=0, CardNum=0, InAnt=0x80
[2025-09-26 07:06:24] Inventory_G2: ret=1, Totallen=0, CardNum=0, InAnt=0x01
[2025-09-26 07:06:26] Inventory_G2: ret=1, Totallen=0, CardNum=0, InAnt=0x0F
[2025-09-26 07:06:29] Inventory_G2: ret=1, Totallen=0, CardNum=0, InAnt=0x80
[2025-09-26 07:06:32] Inventory_G2: ret=1, Totallen=0, CardNum=0, InAnt=0x01
[2025-09-26 07:06:34] Inventory_G2: ret=1, Totallen=0, CardNum=0, InAnt=0x0F
[2025-09-26 07:06:37] Inventory_G2: ret=1, Totallen=0, CardNum=0, InAnt=0x80
[2025-09-26 07:06:40] Inventory_G2: ret=1, Totallen=0, CardNum=0, InAnt=0x01
[2025-09-26 07:06:43] Inventory_G2: ret=1, Totallen=0, CardNum=0, InAnt=0x0F
[2025-09-26 07:06:45] Inventory_G2: ret=1, Totallen=0, CardNum=0, InAnt=0x80
[2025-09-26 07:06:48] Inventory_G2: ret=1, Totallen=0, CardNum=0, InAnt=0x01
[2025-09-26 07:06:51] Inventory_G2: ret=1, Totallen=0, CardNum=0, InAnt=0x0F
[2025-09-26 07:06:54] Inventory_G2: ret=1, Totallen=0, CardNum=0, InAnt=0x80
[2025-09-26 07:06:56] Inventory_G2: ret=1, Totallen=0, CardNum=0, InAnt=0x01
[2025-09-26 07:06:59] Inventory_G2: ret=1, Totallen=0, CardNum=0, InAnt=0x0F
[2025-09-26 07:07:02] Inventory_G2: ret=1, Totallen=0, CardNum=0, InAnt=0x80
[2025-09-26 07:07:04] Inventory_G2: ret=1, Totallen=0, CardNum=0, InAnt=0x01
[2025-09-26 07:07:07] Inventory_G2: ret=1, Totallen=0, CardNum=0, InAnt=0x0F
[2025-09-26 07:07:10] Inventory_G2: ret=1, Totallen=0, CardNum=0, InAnt=0x80
[2025-09-26 07:07:12] Inventory_G2: ret=1, Totallen=0, CardNum=0, InAnt=0x01
[2025-09-26 07:07:15] Inventory_G2: ret=1, Totallen=0, CardNum=0, InAnt=0x0F
[2025-09-26 07:07:18] Inventory_G2: ret=1, Totallen=0, CardNum=0, InAnt=0x80
[2025-09-26 07:07:21] Inventory_G2: ret=1, Totallen=0, CardNum=0, InAnt=0x01
[2025-09-26 07:07:23] Inventory_G2: ret=1, Totallen=0, CardNum=0, InAnt=0x0F
[2025-09-26 07:07:26] Inventory_G2: ret=1, Totallen=0, CardNum=0, InAnt=0x80
[2025-09-26 07:07:29] Inventory_G2: ret=1, Totallen=0, CardNum=0, InAnt=0x01
[2025-09-26 07:07:32] Inventory_G2: ret=1, Totallen=0, CardNum=0, InAnt=0x0F
[2025-09-26 07:07:34] Inventory_G2: ret=1, Totallen=0, CardNum=0, InAnt=0x80
[2025-09-26 07:07:37] Inventory_G2: ret=1, Totallen=0, CardNum=0, InAnt=0x01
[2025-09-26 07:07:40] Inventory_G2: ret=1, Totallen=0, CardNum=0, InAnt=0x0F
[2025-09-26 07:07:42] Inventory_G2: ret=1, Totallen=0, CardNum=0, InAnt=0x80
[2025-09-26 07:07:45] Inventory_G2: ret=1, Totallen=0, CardNum=0, InAnt=0x01
[2025-09-26 07:07:48] Inventory_G2: ret=1, Totallen=0, CardNum=0, InAnt=0x0F
[2025-09-26 07:07:51] Inventory_G2: ret=1, Totallen=0, CardNum=0, InAnt=0x80
[2025-09-26 07:07:53] Inventory_G2: ret=1, Totallen=0, CardNum=0, InAnt=0x01
[2025-09-26 07:07:56] Inventory_G2: ret=1, Totallen=0, CardNum=0, InAnt=0x0F
[2025-09-26 07:07:59] Inventory_G2: ret=1, Totallen=0, CardNum=0, InAnt=0x80
[2025-09-26 07:08:01] Inventory_G2: ret=1, Totallen=0, CardNum=0, InAnt=0x01
[2025-09-26 07:08:04] Inventory_G2: ret=1, Totallen=0, CardNum=0, InAnt=0x0F
[2025-09-26 07:08:07] Inventory_G2: ret=1, Totallen=0, CardNum=0, InAnt=0x80
[2025-09-26 07:08:10] Inventory_G2: ret=1, Totallen=0, CardNum=0, InAnt=0x01
[2025-09-26 07:08:12] Inventory_G2: ret=1, Totallen=0, CardNum=0, InAnt=0x0F
[2025-09-26 07:08:15] Inventory_G2: ret=1, Totallen=0, CardNum=0, InAnt=0x80
[2025-09-26 07:08:18] Inventory_G2: ret=1, Totallen=0, CardNum=0, InAnt=0x01
[2025-09-26 07:08:20] Inventory_G2: ret=1, Totallen=0, CardNum=0, InAnt=0x0F
[2025-09-26 07:08:23] Inventory_G2: ret=1, Totallen=0, CardNum=0, InAnt=0x80
[2025-09-26 07:08:26] Inventory_G2: ret=1, Totallen=0, CardNum=0, InAnt=0x01
[2025-09-26 07:08:29] Inventory_G2: ret=1, Totallen=0, CardNum=0, InAnt=0x0F
[2025-09-26 07:08:31] Inventory_G2: ret=1, Totallen=0, CardNum=0, InAnt=0x80
[2025-09-26 07:08:34] Inventory_G2: ret=1, Totallen=0, CardNum=0, InAnt=0x01
[2025-09-26 07:08:37] Inventory_G2: ret=1, Totallen=0, CardNum=0, InAnt=0x0F
[2025-09-26 07:08:39] Inventory_G2: ret=1, Totallen=0, CardNum=0, InAnt=0x80
[2025-09-26 07:08:42] Inventory_G2: ret=1, Totallen=0, CardNum=0, InAnt=0x01
[2025-09-26 08:01:23] OpenComPort: COM5 @ 57600, ADR=0x00
[2025-09-26 08:01:23] OpenComPort -> ret=0, frmIdx=5, ADR(now)=0x00
[2025-09-26 08:01:23] RRU ready (command-mode): COM5 @ 57600, adr=0x00
[2025-09-26 08:01:26] Inventory_G2: ret=1, Totallen=0, CardNum=0, InAnt=0x01
[2025-09-26 08:01:31] Inventory_G2: ret=1, Totallen=0, CardNum=0, InAnt=0x0F
[2025-09-26 08:01:37] OpenComPort: COM5 @ 57600, ADR=0x00
[2025-09-26 08:01:37] OpenComPort -> ret=0, frmIdx=5, ADR(now)=0x00
[2025-09-26 08:01:37] RRU ready (command-mode): COM5 @ 57600, adr=0x00
